MtrrSetMemoryAttribute() WB:00000000FF800000-0000000000800000
  Status = Success
MTRR Settings
=============
MTRR Default Type: 0000000000000C00
Fixed MTRR[00]   : 0000000000000000
Fixed MTRR[01]   : 0000000000000000
Fixed MTRR[02]   : 0000000000000000
Fixed MTRR[03]   : 0000000000000000
Fixed MTRR[04]   : 0000000000000000
Fixed MTRR[05]   : 0000000000000000
Fixed MTRR[06]   : 0000000000000000
Fixed MTRR[07]   : 0000000000000000
Fixed MTRR[08]   : 0000000000000000
Fixed MTRR[09]   : 0000000000000000
Fixed MTRR[10]   : 0000000000000000
Variable MTRR[00]: Base=00000000FF800006 Mask=00000000FF800800
Variable MTRR[01]: Base=0000000000000000 Mask=0000000000000000
Variable MTRR[02]: Base=0000000000000000 Mask=0000000000000000
Variable MTRR[03]: Base=0000000000000000 Mask=0000000000000000
Variable MTRR[04]: Base=0000000000000000 Mask=0000000000000000
Variable MTRR[05]: Base=0000000000000000 Mask=0000000000000000
Variable MTRR[06]: Base=0000000000000000 Mask=0000000000000000
Variable MTRR[07]: Base=0000000000000000 Mask=0000000000000000

MTRR Ranges
====================================
UC:0000000000000000-00000000000FFFFF
UC:0000000000100000-00000000FF7FFFFF
WB:00000000FF800000-00000000FFFFFFFF

MtrrSetMemoryAttribute() WB:0000000080000000-0000000000080000
  Status = Success
MTRR Settings
=============
MTRR Default Type: 0000000000000C00
Fixed MTRR[00]   : 0000000000000000
Fixed MTRR[01]   : 0000000000000000
Fixed MTRR[02]   : 0000000000000000
Fixed MTRR[03]   : 0000000000000000
Fixed MTRR[04]   : 0000000000000000
Fixed MTRR[05]   : 0000000000000000
Fixed MTRR[06]   : 0000000000000000
Fixed MTRR[07]   : 0000000000000000
Fixed MTRR[08]   : 0000000000000000
Fixed MTRR[09]   : 0000000000000000
Fixed MTRR[10]   : 0000000000000000
Variable MTRR[00]: Base=00000000FF800006 Mask=00000000FF800800
Variable MTRR[01]: Base=0000000080000006 Mask=00000000FFF80800
Variable MTRR[02]: Base=0000000000000000 Mask=0000000000000000
Variable MTRR[03]: Base=0000000000000000 Mask=0000000000000000
Variable MTRR[04]: Base=0000000000000000 Mask=0000000000000000
Variable MTRR[05]: Base=0000000000000000 Mask=0000000000000000
Variable MTRR[06]: Base=0000000000000000 Mask=0000000000000000
Variable MTRR[07]: Base=0000000000000000 Mask=0000000000000000

MTRR Ranges
====================================
UC:0000000000000000-00000000000FFFFF
UC:0000000000100000-000000007FFFFFFF
WB:0000000080000000-000000008007FFFF
UC:0000000080080000-00000000FF7FFFFF
WB:00000000FF800000-00000000FFFFFFFF

Register PPI Notify: DCD0BE23-9586-40F4-B643-06522CED4EDE
Install PPI: 8C8CE578-8A3D-4F1C-9935-896185C32DD3
Install PPI: 5473C07A-3DCB-4DCA-BD6F-1E9689E7349A
The 0th FV start address is 0x000FFF10000, size is 0x000F0000, handle is 0x0
Register PPI Notify: 49EDB1C1-BF21-4761-BB12-EB0031AABB39
Register PPI Notify: EA7CA24B-DED5-4DAD-A389-BF827E8F9B38
Install PPI: B9E0ABFE-5979-4914-977F-6DEE78C278A6
Install PPI: CEAB683C-EC56-4A2D-A906-4053FA4E9C16
Install PPI: 6F8C2B35-FEF4-448D-8256-E11B19D61077
Evaluate PEI DEPEX for FFS(9B3ADA4F-AE56-4C24-8DEA-F03B7558AE50)
  RESULT = TRUE (Apriori)
Loading PEIM at 0x000FFF20480 EntryPoint=0x000FFF20570 PcdPeim.efi
Install PPI: 06E81C58-4AD7-44BC-8390-F10265F72480
Install PPI: 01F34D25-4DE2-23AD-3FF3-36353FF323F1
Install PPI: 4D8B155B-C059-4C8F-8926-06FD4331DB8A
Install PPI: A60C6B59-E459-425D-9C69-0BCC9CB27D81
Evaluate PEI DEPEX for FFS(55961E20-B0D9-4553-9948-E3ECF0BE0889)
  RESULT = TRUE (Apriori)
Loading PEIM at 0x000FFF2590C EntryPoint=0x000FFF259FC PlatformConfigPei.efi
Evaluate PEI DEPEX for FFS(4F1F379F-2A62-48BB-AC34-D3F135C6E2B7)
  RESULT = TRUE (Apriori)
Loading PEIM at 0x000FFF6477C EntryPoint=0x000FFF6486C PcatSingleSegmentPciCfg2Pei.efi
Install PPI: 057A449A-1FDC-4C06-BFC9-F53F6A99BB92
Evaluate PEI DEPEX for FFS(A3610442-E69F-4DF3-82CA-2360C4031A23)
  RESULT = TRUE (Apriori)
Loading PEIM at 0x000FFF28C2C EntryPoint=0x000FFF28D1C ReportStatusCodeRouterPei.efi
Install PPI: 0065D394-9951-4144-82A3-0AFC8579C251
Install PPI: 229832D3-7A30-4B36-B827-F40CB7D45436
Evaluate PEI DEPEX for FFS(9D225237-FA01-464C-A949-BAABC02D31D0)
  RESULT = TRUE (Apriori)
Loading PEIM at 0x000FFF2BDEC EntryPoint=0x000FFF2BEDC StatusCodeHandlerPei.efi
PROGRESS CODE: V03020003 I0
Evaluate PEI DEPEX for FFS(AAC33064-9ED0-4B89-A5AD-3EA767960B22)
  PUSH GUID(01F34D25-4DE2-23AD-3FF3-36353FF323F1) = TRUE
  END
  RESULT = TRUE
Loading PEIM at 0x000FFF2F514 EntryPoint=0x000FFF2F604 FaultTolerantWritePei.efi
PROGRESS CODE: V03020002 I0
Install PPI: 1D3E9CB8-43AF-490B-830A-3516AA532047
PROGRESS CODE: V03020003 I0
Evaluate PEI DEPEX for FFS(34C8C28F-B61C-45A2-8F2E-89E46BECC63B)
  PUSH GUID(1D3E9CB8-43AF-490B-830A-3516AA532047) = TRUE
  PUSH GUID(01F34D25-4DE2-23AD-3FF3-36353FF323F1) = TRUE
  AND
  END
  RESULT = TRUE
Loading PEIM at 0x000FFF32ACC EntryPoint=0x000FFF32BBC PeiVariable.efi
PROGRESS CODE: V03020002 I0
Install PPI: 2AB86EF5-ECB5-4134-B556-3854CA1FE1B4
PROGRESS CODE: V03020003 I0
Evaluate PEI DEPEX for FFS(EDADEB9D-DDBA-48BD-9D22-C1C169C8C5C6)
  PUSH GUID(F894643D-C449-42D1-8EA8-85BDD8C65BDE) = FALSE
  PUSH GUID(01F34D25-4DE2-23AD-3FF3-36353FF323F1) = TRUE
  AND
  END
  RESULT = FALSE
Evaluate PEI DEPEX for FFS(C779F6D8-7113-4AA1-9648-EB1633C7D53B)
  PUSH GUID(2AB86EF5-ECB5-4134-B556-3854CA1FE1B4) = TRUE
  PUSH GUID(01F34D25-4DE2-23AD-3FF3-36353FF323F1) = TRUE
  AND
  END
  RESULT = TRUE
Loading PEIM at 0x000FFF408CC EntryPoint=0x000FFF409BC CapsulePei.efi
PROGRESS CODE: V03020002 I0
Install PPI: 3ACF33EE-D892-40F4-A2FC-3854D2E1323D
PROGRESS CODE: V03020003 I0
Evaluate PEI DEPEX for FFS(D2C69B26-82E1-4A1B-AD35-ED0261B9F347)
  PUSH GUID(01F34D25-4DE2-23AD-3FF3-36353FF323F1) = TRUE
  END
  RESULT = TRUE
Loading PEIM at 0x000FFF47A5C EntryPoint=0x000FFF47B4C MemoryInitPei.efi
PROGRESS CODE: V03020002 I0
Install PPI: 21FF1FEE-D33A-4FCE-A65E-955EA3C41F40
PROGRESS CODE: V03020003 I0
Evaluate PEI DEPEX for FFS(B4E0CDFC-30CD-4B29-A445-B0AA95A532E4)
  PUSH GUID(F894643D-C449-42D1-8EA8-85BDD8C65BDE) = FALSE
  PUSH GUID(01F34D25-4DE2-23AD-3FF3-36353FF323F1) = TRUE
  AND
  END
  RESULT = FALSE
Evaluate PEI DEPEX for FFS(60EC7720-512B-4490-9FD1-A336769AE01F)
  PUSH GUID(01F34D25-4DE2-23AD-3FF3-36353FF323F1) = TRUE
  END
  RESULT = TRUE
Loading PEIM at 0x000FFF52D9C EntryPoint=0x000FFF52E8C SmmControlPei.efi
PROGRESS CODE: V03020002 I0
Install PPI: 61C68702-4D7E-4F43-8DEF-A74305CE74C5
PROGRESS CODE: V03020003 I0
Evaluate PEI DEPEX for FFS(9618C0DC-50A4-496C-994F-7241F282ED01)
  PUSH GUID(2AB86EF5-ECB5-4134-B556-3854CA1FE1B4) = TRUE
  PUSH GUID(21FF1FEE-D33A-4FCE-A65E-955EA3C41F40) = TRUE
  PUSH GUID(01F34D25-4DE2-23AD-3FF3-36353FF323F1) = TRUE
  AND
  AND
  END
  RESULT = TRUE
Loading PEIM at 0x000FFF55958 EntryPoint=0x000FFF55A48 PlatformEarlyInitPei.efi
PROGRESS CODE: V03020002 I0
Register PPI Notify: 49EDB1C1-BF21-4761-BB12-EB0031AABB39
EarlyPlatformInit for PlatType=0x08

************************************************************
****  Quark EDKII Stage 1 Boot Image 0                ****
****  Quark EDKII Stage 2 Image 0xFFD00000:0x001E0000 ****
****  Quark EDKII Payload Image 0xFFC00000:0x00100000 ****
************************************************************

Early Platform Thermal Sensor Init
WARNING: Ioh MAC [B:0, D:20, F:6] NO HW ADDR CONFIGURED!!!
WARNING: Ioh MAC [B:0, D:20, F:7] NO HW ADDR CONFIGURED!!!
IsFirstBoot = 1 , EnableFastBoot= 1. 
Boot with Full cfg
Install PPI: 7408D748-FC8C-4EE6-9288-C4BEC092A410
MRC Entry
MRC McFuseStat 0x00000429
MRC Fuse : fus_dun_ecc_dis.
MRC dram_width 0
MRC rank_enables 1
MRC ddr_speed 0
MRC flags: SCRAMBLE_EN
MRC density=1 tCL=6 tRAS=37500 tWTR=10000 tRRD=10000 tFAW=40000
InstallEfiMemory.
Found 0xA0000 bytes at 0x0.
Found 0x60000 bytes at 0xA0000.
Found 0xFCF0000 bytes at 0x100000.
Found 0x200000 bytes at 0xFE00000.
Found 0x10000 bytes at 0xFDF0000.
PeiInstallPeiMemory MemoryBegin 0xCCB0000, MemoryLength 0x2FE0000
RmuMain Base Address : 0xFDF0000
Found Microcode ADDR:SIZE 0xFFF1E334:0x2000
SaveConfig.
IIO IoApicBase  = FEC00000 IoApicLimit=FEC00FFF
IIO RcbaAddress = FED1C000
MemoryInit Complete.
Early PCIe controller initialization
Platform Erratas After MRC
EarlyPlatformConfigGpioExpanders ()
Register PPI Notify: F894643D-C449-42D1-8EA8-85BDD8C65BDE
PROGRESS CODE: V03020003 I0
Temp Stack : BaseAddress=0x8007C000 Length=0x4000
Temp Heap  : BaseAddress=0x80078000 Length=0x4000
Total temporary memory:    32768 bytes.
  temporary memory stack ever used: 16384 bytes.
  temporary memory heap used:       4296 bytes.
Old Stack size 16384, New stack size 131072
Stack Hob: BaseAddress=0xCCB0000 Length=0x20000
Heap Offset = 0x733A8000 Stack Offset = 0x733B0000
Loading PEIM at 0x0000FC7F150 EntryPoint=0x0000FC7F240 PeiCore.efi
Reinstall PPI: 8C8CE578-8A3D-4F1C-9935-896185C32DD3
Reinstall PPI: 5473C07A-3DCB-4DCA-BD6F-1E9689E7349A
Reinstall PPI: B9E0ABFE-5979-4914-977F-6DEE78C278A6

ASSERT_EFI_ERROR (Status = Device Error)
ASSERT [SecCore] /home/jshi19/edk2/UefiCpuPkg/SecCore/SecBist.c(267): !EFI_ERROR (Status)
