PrintPeiCoreEntryPointParam in PlatformInit
FspHobList - 0x0
StartOfRange - 0xFEF00000
EndOfRange - 0xFEF5FF00
FSP Wrapper BootFirmwareVolumeBase - 0xFFF50000
FSP Wrapper BootFirmwareVolumeSize - 0xB0000
FSP Wrapper TemporaryRamBase       - 0xFEF00000
FSP Wrapper TemporaryRamSize       - 0x5FF00
FSP Wrapper PeiTemporaryRamBase    - 0xFEF00000
FSP Wrapper PeiTemporaryRamSize    - 0x2FF80
FSP Wrapper StackBase              - 0xFEF2FF80
FSP Wrapper StackSize              - 0x2FF80
SecStartupPhase2() Stack Base: 0xFEF2FF80, Stack Size: 0x2FF80
Register PPI Notify: DCD0BE23-9586-40F4-B643-06522CED4EDE
Install PPI: 8C8CE578-8A3D-4F1C-9935-896185C32DD3
Install PPI: 5473C07A-3DCB-4DCA-BD6F-1E9689E7349A
The 0th FV start address is 0x000FFF50000, size is 0x000B0000, handle is 0xFFF50000
Register PPI Notify: 49EDB1C1-BF21-4761-BB12-EB0031AABB39
Register PPI Notify: EA7CA24B-DED5-4DAD-A389-BF827E8F9B38
Install PPI: B9E0ABFE-5979-4914-977F-6DEE78C278A6
Register PPI Notify: 0ECC666B-4662-47F9-9DD5-D096FF7DA49E
Install PPI: CEAB683C-EC56-4A2D-A906-4053FA4E9C16
Install PPI: 6F8C2B35-FEF4-448D-8256-E11B19D61077
Install PPI: 2F3962B2-57C5-44EC-9EFC-A69FD302032B
Install PPI: 0ECC666B-4662-47F9-9DD5-D096FF7DA49E
Notify: PPI Guid: 0ECC666B-4662-47F9-9DD5-D096FF7DA49E, Peim notify entry point: FFFFA4AB
SecGetPerformance
FPDT: SEC Performance Hob ResetEnd = 10246471
DiscoverPeimsAndOrderWithApriori(): Found 0xD PEI FFS files in the 0th FV
Loading PEIM 9B3ADA4F-AE56-4C24-8DEA-F03B7558AE50
Loading PEIM at 0x000FFF5E540 EntryPoint=0x000FFF5EF48 PcdPeim.efi
Install PPI: 06E81C58-4AD7-44BC-8390-F10265F72480
Install PPI: 01F34D25-4DE2-23AD-3FF3-36353FF323F1
Install PPI: 4D8B155B-C059-4C8F-8926-06FD4331DB8A
Install PPI: A60C6B59-E459-425D-9C69-0BCC9CB27D81
Register PPI Notify: 605EA650-C65C-42E1-BA80-91A52AB618C6
Loading PEIM A3610442-E69F-4DF3-82CA-2360C4031A23
Loading PEIM at 0x000FFF622C0 EntryPoint=0x000FFF62FAD ReportStatusCodeRouterPei.efi
Install PPI: 0065D394-9951-4144-82A3-0AFC8579C251
Install PPI: 229832D3-7A30-4B36-B827-F40CB7D45436
Loading PEIM 9D225237-FA01-464C-A949-BAABC02D31D0
Loading PEIM at 0x000FFF63A40 EntryPoint=0x000FFF63C80 StatusCodeHandlerPei.efi
PROGRESS CODE: V03020003 I0
Loading PEIM AE265864-CF5D-41A8-913D-71C155E76442
Loading PEIM at 0x000FFF67340 EntryPoint=0x000FFF67F74 CpuIoPei.efi
PROGRESS CODE: V03020002 I0
Install PPI: E6AF1F7B-FC3F-46DA-A828-A3B457A44282
PROGRESS CODE: V03020003 I0
Loading PEIM 4F1F379F-2A62-48BB-AC34-D3F135C6E2B7
Loading PEIM at 0x000FFF691C0 EntryPoint=0x000FFF69CD2 PcatSingleSegmentPciCfg2Pei.efi
PROGRESS CODE: V03020002 I0
Install PPI: 057A449A-1FDC-4C06-BFC9-F53F6A99BB92
PROGRESS CODE: V03020003 I0
Loading PEIM AAC33064-9ED0-4B89-A5AD-3EA767960B22
Loading PEIM at 0x000FFF6D340 EntryPoint=0x000FFF6DECF FaultTolerantWritePei.efi
PROGRESS CODE: V03020002 I0
Install PPI: 1D3E9CB8-43AF-490B-830A-3516AA532047
PROGRESS CODE: V03020003 I0
Loading PEIM 3FECFD95-7CB2-4A6E-8FAC-DEFD9947E35E
Loading PEIM at 0x000FFF76140 EntryPoint=0x000FFF76B47 ReportFvPei.efi
PROGRESS CODE: V03020002 I0
TestPointLibSetTable
Install FlashFvFspT - 0xFFF20000, 0x10000
Install PPI: EA7CA24B-DED5-4DAD-A389-BF827E8F9B38
Notify: PPI Guid: EA7CA24B-DED5-4DAD-A389-BF827E8F9B38, Peim notify entry point: FFF5748F
The 1th FV start address is 0x000FFF20000, size is 0x00010000, handle is 0xFFF20000
Install FlashFvSecurity - 0xFFF30000, 0x20000
Install PPI: EA7CA24B-DED5-4DAD-A389-BF827E8F9B38
Notify: PPI Guid: EA7CA24B-DED5-4DAD-A389-BF827E8F9B38, Peim notify entry point: FFF5748F
The 2th FV start address is 0x000FFF30000, size is 0x00020000, handle is 0xFFF30000
Register PPI Notify: F894643D-C449-42D1-8EA8-85BDD8C65BDE
PROGRESS CODE: V03020003 I0
Loading PEIM 6141E486-7543-4F1A-A579-FF532ED78E75
Loading PEIM at 0x000FFF87BC0 EntryPoint=0x000FFF883F3 ResetSystemPei.efi
PROGRESS CODE: V03020002 I0
Install PPI: 6CC45765-CCE4-42FD-BC56-011AAAC6C9A8
Install PPI: 8C9F4DE3-7B90-47EF-9308-287CECD66DE8
Install PPI: E09F355D-DAE8-4910-B14A-92780FDCF7CB
Install PPI: 75CF14AE-3441-49DC-AA10-BB35A7BA8BAB
PROGRESS CODE: V03020003 I0
DiscoverPeimsAndOrderWithApriori(): Found 0x0 PEI FFS files in the 1th FV
DiscoverPeimsAndOrderWithApriori(): Found 0x0 PEI FFS files in the 2th FV
Loading PEIM 34C8C28F-B61C-45A2-8F2E-89E46BECC63B
Loading PEIM at 0x000FFF6ADC0 EntryPoint=0x000FFF6B9D1 PeiVariable.efi
PROGRESS CODE: V03020002 I0
Install PPI: 2AB86EF5-ECB5-4134-B556-3854CA1FE1B4
PROGRESS CODE: V03020003 I0
Loading PEIM EEEE611D-F78F-4FB9-B868-55907F169280
Loading PEIM at 0x000FFF7D2C0 EntryPoint=0x000FFF7F44B PlatformInitPreMem.efi
PROGRESS CODE: V03020002 I0
TestPointLibSetTable
Aip (0x2, Minimum Platform TestPoint (PEI)) is found
Install PPI: 1792429D-9D94-4E08-A099-73A286AEB435
 In TglUMultiBoardDetect 
TigerLakeU Board Detection Callback
PcdPei - SkuId 0x1 is to be set.
PcdPei - SkuId is found in SkuId table.
PcdPei - Set current SKU Id to 0x1.
SKU_ID: 0x1
Install PPI: 191DCFCF-E16E-43BB-9BC3-6EEE6FAB3A27
TestPointLibSetFeaturesVerified - Index:0x0 Mask:0x01
======== TestPointDebugInitDone - Enter
!!! DebugInitialized !!!
TestPointLibSetFeaturesVerified - Index:0x0 Mask:0x02
======== TestPointDebugInitDone - Exit
Install PPI: 7408D748-FC8C-4EE6-9288-C4BEC092A410
TigerlakeURvpInitPreMem Start!
Register PPI Notify: 2AB86EF5-ECB5-4134-B556-3854CA1FE1B4
Notify: PPI Guid: 2AB86EF5-ECB5-4134-B556-3854CA1FE1B4, Peim notify entry point: FFF7D500
PlatformInitPreMemCallBack Start...
Pre-mem Gpio Config
ConfigureGpio() Start
CreateGpioCheckConflictHob Start 
CreateGpioCheckConflictHob End 
CreateGpioCheckConflictHob Start 
CreateGpioCheckConflictHob End 
ConfigureGpio() End
GpioGroupTierInitHook Start
GpioGroupTierInitHook End
BoardInitPreMem Done
Install PPI: EF398D58-9DFD-4103-BF94-78C6F4FE712F
PlatformInitPreMemCallBack End...
Register PPI Notify: F894643D-C449-42D1-8EA8-85BDD8C65BDE
TigerlakeURvpInitPreMem End!
Install PPI: BAE23646-BD60-4F8B-B3F9-F391EE7EE6C8
Register PPI Notify: F894643D-C449-42D1-8EA8-85BDD8C65BDE
PROGRESS CODE: V03020003 I0
Loading PEIM 4A4CA1C6-871C-45BB-8801-6910A7AA5807
Loading PEIM at 0x000FFF867C0 EntryPoint=0x000FFF87118 BiosInfo.efi
PROGRESS CODE: V03020002 I0
Install PPI: 09D0D15C-E9F0-4DFC-9E0B-39331FCA6685
PROGRESS CODE: V03020003 I0
Loading PEIM 86D70125-BAA3-4296-A62F-602BEBBB9081
Loading PEIM at 0x000FFF6EC40 EntryPoint=0x000FFF6FFD5 DxeIpl.efi
PROGRESS CODE: V03020002 I0
PROGRESS CODE: V03020003 I0
Loading PEIM 9FAAD0FF-0E0C-4885-A738-BAB4E4FA1E66
Loading PEIM at 0x000FFF78E40 EntryPoint=0x000FFF79080 FspmWrapperPeim.efi
PROGRESS CODE: V03020002 I0
FspmWrapperPeimEntryPoint
Register PPI Notify: 57A13B87-133D-4BF3-BFF1-1BCAC7176CF1
PeiFspMemoryInit enter
FspmHeaderPtr - 0xFFD10094
UpdateFspmUpdData enter
FspmUpd - 0xFEF01C70
UpdatePcieClockInfo ClkIndex 0 ClkUsage 40, Supported 1
UpdatePcieClockInfo ClkIndex 1 ClkUsage 2, Supported 1
UpdatePcieClockInfo ClkIndex 2 ClkUsage 3, Supported 1
UpdatePcieClockInfo ClkIndex 3 ClkUsage 8, Supported 1
UpdatePcieClockInfo ClkIndex 4 ClkUsage 70, Supported 1
UpdatePcieClockInfo ClkIndex 5 ClkUsage 7, Supported 1
UpdatePcieClockInfo ClkIndex 6 ClkUsage 4, Supported 1
UpdatePcieClockInfo ClkIndex 7 ClkUsage 80, Supported 1
UpdatePcieClockInfo ClkIndex 8 ClkUsage 80, Supported 1
UpdatePcieClockInfo ClkIndex 9 ClkUsage 80, Supported 1
UpdatePcieClockInfo ClkIndex A ClkUsage 80, Supported 1
UpdatePcieClockInfo ClkIndex B ClkUsage 80, Supported 1
UpdatePcieClockInfo ClkIndex C ClkUsage 80, Supported 1
UpdatePcieClockInfo ClkIndex D ClkUsage 80, Supported 1
UpdatePcieClockInfo ClkIndex E ClkUsage 80, Supported 1
UpdatePcieClockInfo ClkIndex F ClkUsage 80, Supported 1
UpdatePeiPchPolicyPreMem
FSP Update SiCpuPolicy Pre-Mem Start
BIOS Guard PCD and Policy are disabled
FSP Update SecurityPolicy Pre-Mem End
PeiFspMePolicyInitPreMem

Updating SA Policy in Pre Mem
Install PPI: 85270BEF-6984-4375-A6EA-B5AA906EDD4A
Silicon PEI Policy Initialization Done in Pre-Memory
  NvsBufferPtr        - 0x0
  StackBase           - 0xFEF17F00
  StackSize           - 0x28000
  BootLoaderTolumSize - 0x0
  BootMode            - 0x0
  HobListPtr          - 0xFEF5F7E8
PrintPeiCoreEntryPointParam in PlatformInit
FspHobList - 0x0
StartOfRange - 0xFEF00000
EndOfRange - 0xFEF5FF00
FSP Wrapper BootFirmwareVolumeBase - 0xFFF50000
FSP Wrapper BootFirmwareVolumeSize - 0xB0000
FSP Wrapper TemporaryRamBase       - 0xFEF00000
FSP Wrapper TemporaryRamSize       - 0x5FF00
FSP Wrapper PeiTemporaryRamBase    - 0xFEF00000
FSP Wrapper PeiTemporaryRamSize    - 0x2FF80
FSP Wrapper StackBase              - 0xFEF2FF80
FSP Wrapper StackSize              - 0x2FF80
SecStartupPhase2() Stack Base: 0xFEF2FF80, Stack Size: 0x2FF80
Register PPI Notify: DCD0BE23-9586-40F4-B643-06522CED4EDE
Install PPI: 8C8CE578-8A3D-4F1C-9935-896185C32DD3
Install PPI: 5473C07A-3DCB-4DCA-BD6F-1E9689E7349A
The 0th FV start address is 0x000FFF50000, size is 0x000B0000, handle is 0xFFF50000
Register PPI Notify: 49EDB1C1-BF21-4761-BB12-EB0031AABB39
Register PPI Notify: EA7CA24B-DED5-4DAD-A389-BF827E8F9B38
Install PPI: B9E0ABFE-5979-4914-977F-6DEE78C278A6
Register PPI Notify: 0ECC666B-4662-47F9-9DD5-D096FF7DA49E
Install PPI: CEAB683C-EC56-4A2D-A906-4053FA4E9C16
Install PPI: 6F8C2B35-FEF4-448D-8256-E11B19D61077
Install PPI: 2F3962B2-57C5-44EC-9EFC-A69FD302032B
Install PPI: 0ECC666B-4662-47F9-9DD5-D096FF7DA49E
Notify: PPI Guid: 0ECC666B-4662-47F9-9DD5-D096FF7DA49E, Peim notify entry point: FFFFA4AB
SecGetPerformance
FPDT: SEC Performance Hob ResetEnd = 1209421786
DiscoverPeimsAndOrderWithApriori(): Found 0xD PEI FFS files in the 0th FV
Loading PEIM 9B3ADA4F-AE56-4C24-8DEA-F03B7558AE50
Loading PEIM at 0x000FFF5E540 EntryPoint=0x000FFF5EF48 PcdPeim.efi
Install PPI: 06E81C58-4AD7-44BC-8390-F10265F72480
Install PPI: 01F34D25-4DE2-23AD-3FF3-36353FF323F1
Install PPI: 4D8B155B-C059-4C8F-8926-06FD4331DB8A
Install PPI: A60C6B59-E459-425D-9C69-0BCC9CB27D81
Register PPI Notify: 605EA650-C65C-42E1-BA80-91A52AB618C6
Loading PEIM A3610442-E69F-4DF3-82CA-2360C4031A23
Loading PEIM at 0x000FFF622C0 EntryPoint=0x000FFF62FAD ReportStatusCodeRouterPei.efi
Install PPI: 0065D394-9951-4144-82A3-0AFC8579C251
Install PPI: 229832D3-7A30-4B36-B827-F40CB7D45436
Loading PEIM 9D225237-FA01-464C-A949-BAABC02D31D0
Loading PEIM at 0x000FFF63A40 EntryPoint=0x000FFF63C80 StatusCodeHandlerPei.efi
PROGRESS CODE: V03020003 I0
Loading PEIM AE265864-CF5D-41A8-913D-71C155E76442
Loading PEIM at 0x000FFF67340 EntryPoint=0x000FFF67F74 CpuIoPei.efi
PROGRESS CODE: V03020002 I0
Install PPI: E6AF1F7B-FC3F-46DA-A828-A3B457A44282
PROGRESS CODE: V03020003 I0
Loading PEIM 4F1F379F-2A62-48BB-AC34-D3F135C6E2B7
Loading PEIM at 0x000FFF691C0 EntryPoint=0x000FFF69CD2 PcatSingleSegmentPciCfg2Pei.efi
PROGRESS CODE: V03020002 I0
Install PPI: 057A449A-1FDC-4C06-BFC9-F53F6A99BB92
PROGRESS CODE: V03020003 I0
Loading PEIM AAC33064-9ED0-4B89-A5AD-3EA767960B22
Loading PEIM at 0x000FFF6D340 EntryPoint=0x000FFF6DECF FaultTolerantWritePei.efi
PROGRESS CODE: V03020002 I0
Install PPI: 1D3E9CB8-43AF-490B-830A-3516AA532047
PROGRESS CODE: V03020003 I0
Loading PEIM 3FECFD95-7CB2-4A6E-8FAC-DEFD9947E35E
Loading PEIM at 0x000FFF76140 EntryPoint=0x000FFF76B47 ReportFvPei.efi
PROGRESS CODE: V03020002 I0
TestPointLibSetTable
Install FlashFvFspT - 0xFFF20000, 0x10000
Install PPI: EA7CA24B-DED5-4DAD-A389-BF827E8F9B38
Notify: PPI Guid: EA7CA24B-DED5-4DAD-A389-BF827E8F9B38, Peim notify entry point: FFF5748F
The 1th FV start address is 0x000FFF20000, size is 0x00010000, handle is 0xFFF20000
Install FlashFvSecurity - 0xFFF30000, 0x20000
Install PPI: EA7CA24B-DED5-4DAD-A389-BF827E8F9B38
Notify: PPI Guid: EA7CA24B-DED5-4DAD-A389-BF827E8F9B38, Peim notify entry point: FFF5748F
The 2th FV start address is 0x000FFF30000, size is 0x00020000, handle is 0xFFF30000
Register PPI Notify: F894643D-C449-42D1-8EA8-85BDD8C65BDE
PROGRESS CODE: V03020003 I0
Loading PEIM 6141E486-7543-4F1A-A579-FF532ED78E75
Loading PEIM at 0x000FFF87BC0 EntryPoint=0x000FFF883F3 ResetSystemPei.efi
PROGRESS CODE: V03020002 I0
Install PPI: 6CC45765-CCE4-42FD-BC56-011AAAC6C9A8
Install PPI: 8C9F4DE3-7B90-47EF-9308-287CECD66DE8
Install PPI: E09F355D-DAE8-4910-B14A-92780FDCF7CB
Install PPI: 75CF14AE-3441-49DC-AA10-BB35A7BA8BAB
PROGRESS CODE: V03020003 I0
DiscoverPeimsAndOrderWithApriori(): Found 0x0 PEI FFS files in the 1th FV
DiscoverPeimsAndOrderWithApriori(): Found 0x0 PEI FFS files in the 2th FV
Loading PEIM 34C8C28F-B61C-45A2-8F2E-89E46BECC63B
Loading PEIM at 0x000FFF6ADC0 EntryPoint=0x000FFF6B9D1 PeiVariable.efi
PROGRESS CODE: V03020002 I0
Install PPI: 2AB86EF5-ECB5-4134-B556-3854CA1FE1B4
PROGRESS CODE: V03020003 I0
Loading PEIM EEEE611D-F78F-4FB9-B868-55907F169280
Loading PEIM at 0x000FFF7D2C0 EntryPoint=0x000FFF7F44B PlatformInitPreMem.efi
PROGRESS CODE: V03020002 I0
TestPointLibSetTable
Aip (0x2, Minimum Platform TestPoint (PEI)) is found
Install PPI: 1792429D-9D94-4E08-A099-73A286AEB435
 In TglUMultiBoardDetect 
TigerLakeU Board Detection Callback
PcdPei - SkuId 0x1 is to be set.
PcdPei - SkuId is found in SkuId table.
PcdPei - Set current SKU Id to 0x1.
SKU_ID: 0x1
Install PPI: 191DCFCF-E16E-43BB-9BC3-6EEE6FAB3A27
TestPointLibSetFeaturesVerified - Index:0x0 Mask:0x01
======== TestPointDebugInitDone - Enter
!!! DebugInitialized !!!
TestPointLibSetFeaturesVerified - Index:0x0 Mask:0x02
======== TestPointDebugInitDone - Exit
Install PPI: 7408D748-FC8C-4EE6-9288-C4BEC092A410
TigerlakeURvpInitPreMem Start!
Register PPI Notify: 2AB86EF5-ECB5-4134-B556-3854CA1FE1B4
Notify: PPI Guid: 2AB86EF5-ECB5-4134-B556-3854CA1FE1B4, Peim notify entry point: FFF7D500
PlatformInitPreMemCallBack Start...
Pre-mem Gpio Config
ConfigureGpio() Start
CreateGpioCheckConflictHob Start 
CreateGpioCheckConflictHob End 
CreateGpioCheckConflictHob Start 
CreateGpioCheckConflictHob End 
ConfigureGpio() End
GpioGroupTierInitHook Start
GpioGroupTierInitHook End
BoardInitPreMem Done
Install PPI: EF398D58-9DFD-4103-BF94-78C6F4FE712F
PlatformInitPreMemCallBack End...
Register PPI Notify: F894643D-C449-42D1-8EA8-85BDD8C65BDE
TigerlakeURvpInitPreMem End!
Install PPI: BAE23646-BD60-4F8B-B3F9-F391EE7EE6C8
Register PPI Notify: F894643D-C449-42D1-8EA8-85BDD8C65BDE
PROGRESS CODE: V03020003 I0
Loading PEIM 4A4CA1C6-871C-45BB-8801-6910A7AA5807
Loading PEIM at 0x000FFF867C0 EntryPoint=0x000FFF87118 BiosInfo.efi
PROGRESS CODE: V03020002 I0
Install PPI: 09D0D15C-E9F0-4DFC-9E0B-39331FCA6685
PROGRESS CODE: V03020003 I0
Loading PEIM 86D70125-BAA3-4296-A62F-602BEBBB9081
Loading PEIM at 0x000FFF6EC40 EntryPoint=0x000FFF6FFD5 DxeIpl.efi
PROGRESS CODE: V03020002 I0
PROGRESS CODE: V03020003 I0
Loading PEIM 9FAAD0FF-0E0C-4885-A738-BAB4E4FA1E66
Loading PEIM at 0x000FFF78E40 EntryPoint=0x000FFF79080 FspmWrapperPeim.efi
PROGRESS CODE: V03020002 I0
FspmWrapperPeimEntryPoint
Register PPI Notify: 57A13B87-133D-4BF3-BFF1-1BCAC7176CF1
PeiFspMemoryInit enter
FspmHeaderPtr - 0xFFD10094
UpdateFspmUpdData enter
FspmUpd - 0xFEF01C70
UpdatePcieClockInfo ClkIndex 0 ClkUsage 40, Supported 1
UpdatePcieClockInfo ClkIndex 1 ClkUsage 2, Supported 1
UpdatePcieClockInfo ClkIndex 2 ClkUsage 3, Supported 1
UpdatePcieClockInfo ClkIndex 3 ClkUsage 8, Supported 1
UpdatePcieClockInfo ClkIndex 4 ClkUsage 70, Supported 1
UpdatePcieClockInfo ClkIndex 5 ClkUsage 7, Supported 1
UpdatePcieClockInfo ClkIndex 6 ClkUsage 4, Supported 1
UpdatePcieClockInfo ClkIndex 7 ClkUsage 80, Supported 1
UpdatePcieClockInfo ClkIndex 8 ClkUsage 80, Supported 1
UpdatePcieClockInfo ClkIndex 9 ClkUsage 80, Supported 1
UpdatePcieClockInfo ClkIndex A ClkUsage 80, Supported 1
UpdatePcieClockInfo ClkIndex B ClkUsage 80, Supported 1
UpdatePcieClockInfo ClkIndex C ClkUsage 80, Supported 1
UpdatePcieClockInfo ClkIndex D ClkUsage 80, Supported 1
UpdatePcieClockInfo ClkIndex E ClkUsage 80, Supported 1
UpdatePcieClockInfo ClkIndex F ClkUsage 80, Supported 1
UpdatePeiPchPolicyPreMem
FSP Update SiCpuPolicy Pre-Mem Start
BIOS Guard PCD and Policy are disabled
FSP Update SecurityPolicy Pre-Mem End
PeiFspMePolicyInitPreMem

Updating SA Policy in Pre Mem
Install PPI: 85270BEF-6984-4375-A6EA-B5AA906EDD4A
Silicon PEI Policy Initialization Done in Pre-Memory
  NvsBufferPtr        - 0x0
  StackBase           - 0xFEF17F00
  StackSize           - 0x28000
  BootLoaderTolumSize - 0x0
  BootMode            - 0x0
  HobListPtr          - 0xFEF5F7E8
PrintPeiCoreEntryPointParam in PlatformInit
FspHobList - 0x0
StartOfRange - 0xFEF00000
EndOfRange - 0xFEF5FF00
FSP Wrapper BootFirmwareVolumeBase - 0xFFF50000
FSP Wrapper BootFirmwareVolumeSize - 0xB0000
FSP Wrapper TemporaryRamBase       - 0xFEF00000
FSP Wrapper TemporaryRamSize       - 0x5FF00
FSP Wrapper PeiTemporaryRamBase    - 0xFEF00000
FSP Wrapper PeiTemporaryRamSize    - 0x2FF80
FSP Wrapper StackBase              - 0xFEF2FF80
FSP Wrapper StackSize              - 0x2FF80
SecStartupPhase2() Stack Base: 0xFEF2FF80, Stack Size: 0x2FF80
Register PPI Notify: DCD0BE23-9586-40F4-B643-06522CED4EDE
Install PPI: 8C8CE578-8A3D-4F1C-9935-896185C32DD3
Install PPI: 5473C07A-3DCB-4DCA-BD6F-1E9689E7349A
The 0th FV start address is 0x000FFF50000, size is 0x000B0000, handle is 0xFFF50000
Register PPI Notify: 49EDB1C1-BF21-4761-BB12-EB0031AABB39
Register PPI Notify: EA7CA24B-DED5-4DAD-A389-BF827E8F9B38
Install PPI: B9E0ABFE-5979-4914-977F-6DEE78C278A6
Register PPI Notify: 0ECC666B-4662-47F9-9DD5-D096FF7DA49E
Install PPI: CEAB683C-EC56-4A2D-A906-4053FA4E9C16
Install PPI: 6F8C2B35-FEF4-448D-8256-E11B19D61077
Install PPI: 2F3962B2-57C5-44EC-9EFC-A69FD302032B
Install PPI: 0ECC666B-4662-47F9-9DD5-D096FF7DA49E
Notify: PPI Guid: 0ECC666B-4662-47F9-9DD5-D096FF7DA49E, Peim notify entry point: FFFFA4AB
SecGetPerformance
FPDT: SEC Performance Hob ResetEnd = 2343855976
DiscoverPeimsAndOrderWithApriori(): Found 0xD PEI FFS files in the 0th FV
Loading PEIM 9B3ADA4F-AE56-4C24-8DEA-F03B7558AE50
Loading PEIM at 0x000FFF5E540 EntryPoint=0x000FFF5EF48 PcdPeim.efi
Install PPI: 06E81C58-4AD7-44BC-8390-F10265F72480
Install PPI: 01F34D25-4DE2-23AD-3FF3-36353FF323F1
Install PPI: 4D8B155B-C059-4C8F-8926-06FD4331DB8A
Install PPI: A60C6B59-E459-425D-9C69-0BCC9CB27D81
Register PPI Notify: 605EA650-C65C-42E1-BA80-91A52AB618C6
Loading PEIM A3610442-E69F-4DF3-82CA-2360C4031A23
Loading PEIM at 0x000FFF622C0 EntryPoint=0x000FFF62FAD ReportStatusCodeRouterPei.efi
Install PPI: 0065D394-9951-4144-82A3-0AFC8579C251
Install PPI: 229832D3-7A30-4B36-B827-F40CB7D45436
Loading PEIM 9D225237-FA01-464C-A949-BAABC02D31D0
Loading PEIM at 0x000FFF63A40 EntryPoint=0x000FFF63C80 StatusCodeHandlerPei.efi
PROGRESS CODE: V03020003 I0
Loading PEIM AE265864-CF5D-41A8-913D-71C155E76442
Loading PEIM at 0x000FFF67340 EntryPoint=0x000FFF67F74 CpuIoPei.efi
PROGRESS CODE: V03020002 I0
Install PPI: E6AF1F7B-FC3F-46DA-A828-A3B457A44282
PROGRESS CODE: V03020003 I0
Loading PEIM 4F1F379F-2A62-48BB-AC34-D3F135C6E2B7
Loading PEIM at 0x000FFF691C0 EntryPoint=0x000FFF69CD2 PcatSingleSegmentPciCfg2Pei.efi
PROGRESS CODE: V03020002 I0
Install PPI: 057A449A-1FDC-4C06-BFC9-F53F6A99BB92
PROGRESS CODE: V03020003 I0
Loading PEIM AAC33064-9ED0-4B89-A5AD-3EA767960B22
Loading PEIM at 0x000FFF6D340 EntryPoint=0x000FFF6DECF FaultTolerantWritePei.efi
PROGRESS CODE: V03020002 I0
Install PPI: 1D3E9CB8-43AF-490B-830A-3516AA532047
PROGRESS CODE: V03020003 I0
Loading PEIM 3FECFD95-7CB2-4A6E-8FAC-DEFD9947E35E
Loading PEIM at 0x000FFF76140 EntryPoint=0x000FFF76B47 ReportFvPei.efi
PROGRESS CODE: V03020002 I0
TestPointLibSetTable
Install FlashFvFspT - 0xFFF20000, 0x10000
Install PPI: EA7CA24B-DED5-4DAD-A389-BF827E8F9B38
Notify: PPI Guid: EA7CA24B-DED5-4DAD-A389-BF827E8F9B38, Peim notify entry point: FFF5748F
The 1th FV start address is 0x000FFF20000, size is 0x00010000, handle is 0xFFF20000
Install FlashFvSecurity - 0xFFF30000, 0x20000
Install PPI: EA7CA24B-DED5-4DAD-A389-BF827E8F9B38
Notify: PPI Guid: EA7CA24B-DED5-4DAD-A389-BF827E8F9B38, Peim notify entry point: FFF5748F
The 2th FV start address is 0x000FFF30000, size is 0x00020000, handle is 0xFFF30000
Register PPI Notify: F894643D-C449-42D1-8EA8-85BDD8C65BDE
PROGRESS CODE: V03020003 I0
Loading PEIM 6141E486-7543-4F1A-A579-FF532ED78E75
Loading PEIM at 0x000FFF87BC0 EntryPoint=0x000FFF883F3 ResetSystemPei.efi
PROGRESS CODE: V03020002 I0
Install PPI: 6CC45765-CCE4-42FD-BC56-011AAAC6C9A8
Install PPI: 8C9F4DE3-7B90-47EF-9308-287CECD66DE8
Install PPI: E09F355D-DAE8-4910-B14A-92780FDCF7CB
Install PPI: 75CF14AE-3441-49DC-AA10-BB35A7BA8BAB
PROGRESS CODE: V03020003 I0
DiscoverPeimsAndOrderWithApriori(): Found 0x0 PEI FFS files in the 1th FV
DiscoverPeimsAndOrderWithApriori(): Found 0x0 PEI FFS files in the 2th FV
Loading PEIM 34C8C28F-B61C-45A2-8F2E-89E46BECC63B
Loading PEIM at 0x000FFF6ADC0 EntryPoint=0x000FFF6B9D1 PeiVariable.efi
PROGRESS CODE: V03020002 I0
Install PPI: 2AB86EF5-ECB5-4134-B556-3854CA1FE1B4
PROGRESS CODE: V03020003 I0
Loading PEIM EEEE611D-F78F-4FB9-B868-55907F169280
Loading PEIM at 0x000FFF7D2C0 EntryPoint=0x000FFF7F44B PlatformInitPreMem.efi
PROGRESS CODE: V03020002 I0
TestPointLibSetTable
Aip (0x2, Minimum Platform TestPoint (PEI)) is found
Install PPI: 1792429D-9D94-4E08-A099-73A286AEB435
 In TglUMultiBoardDetect 
TigerLakeU Board Detection Callback
PcdPei - SkuId 0x1 is to be set.
PcdPei - SkuId is found in SkuId table.
PcdPei - Set current SKU Id to 0x1.
SKU_ID: 0x1
Install PPI: 191DCFCF-E16E-43BB-9BC3-6EEE6FAB3A27
TestPointLibSetFeaturesVerified - Index:0x0 Mask:0x01
======== TestPointDebugInitDone - Enter
!!! DebugInitialized !!!
TestPointLibSetFeaturesVerified - Index:0x0 Mask:0x02
======== TestPointDebugInitDone - Exit
Install PPI: 7408D748-FC8C-4EE6-9288-C4BEC092A410
TigerlakeURvpInitPreMem Start!
Register PPI Notify: 2AB86EF5-ECB5-4134-B556-3854CA1FE1B4
Notify: PPI Guid: 2AB86EF5-ECB5-4134-B556-3854CA1FE1B4, Peim notify entry point: FFF7D500
PlatformInitPreMemCallBack Start...
Pre-mem Gpio Config
ConfigureGpio() Start
CreateGpioCheckConflictHob Start 
CreateGpioCheckConflictHob End 
CreateGpioCheckConflictHob Start 
CreateGpioCheckConflictHob End 
ConfigureGpio() End
GpioGroupTierInitHook Start
GpioGroupTierInitHook End
BoardInitPreMem Done
Install PPI: EF398D58-9DFD-4103-BF94-78C6F4FE712F
PlatformInitPreMemCallBack End...
Register PPI Notify: F894643D-C449-42D1-8EA8-85BDD8C65BDE
TigerlakeURvpInitPreMem End!
Install PPI: BAE23646-BD60-4F8B-B3F9-F391EE7EE6C8
Register PPI Notify: F894643D-C449-42D1-8EA8-85BDD8C65BDE
PROGRESS CODE: V03020003 I0
Loading PEIM 4A4CA1C6-871C-45BB-8801-6910A7AA5807
Loading PEIM at 0x000FFF867C0 EntryPoint=0x000FFF87118 BiosInfo.efi
PROGRESS CODE: V03020002 I0
Install PPI: 09D0D15C-E9F0-4DFC-9E0B-39331FCA6685
PROGRESS CODE: V03020003 I0
Loading PEIM 86D70125-BAA3-4296-A62F-602BEBBB9081
Loading PEIM at 0x000FFF6EC40 EntryPoint=0x000FFF6FFD5 DxeIpl.efi
PROGRESS CODE: V03020002 I0
PROGRESS CODE: V03020003 I0
Loading PEIM 9FAAD0FF-0E0C-4885-A738-BAB4E4FA1E66
Loading PEIM at 0x000FFF78E40 EntryPoint=0x000FFF79080 FspmWrapperPeim.efi
PROGRESS CODE: V03020002 I0
FspmWrapperPeimEntryPoint
Register PPI Notify: 57A13B87-133D-4BF3-BFF1-1BCAC7176CF1
PeiFspMemoryInit enter
FspmHeaderPtr - 0xFFD10094
UpdateFspmUpdData enter
FspmUpd - 0xFEF01C70
UpdatePcieClockInfo ClkIndex 0 ClkUsage 40, Supported 1
UpdatePcieClockInfo ClkIndex 1 ClkUsage 2, Supported 1
UpdatePcieClockInfo ClkIndex 2 ClkUsage 3, Supported 1
UpdatePcieClockInfo ClkIndex 3 ClkUsage 8, Supported 1
UpdatePcieClockInfo ClkIndex 4 ClkUsage 70, Supported 1
UpdatePcieClockInfo ClkIndex 5 ClkUsage 7, Supported 1
UpdatePcieClockInfo ClkIndex 6 ClkUsage 4, Supported 1
UpdatePcieClockInfo ClkIndex 7 ClkUsage 80, Supported 1
UpdatePcieClockInfo ClkIndex 8 ClkUsage 80, Supported 1
UpdatePcieClockInfo ClkIndex 9 ClkUsage 80, Supported 1
UpdatePcieClockInfo ClkIndex A ClkUsage 80, Supported 1
UpdatePcieClockInfo ClkIndex B ClkUsage 80, Supported 1
UpdatePcieClockInfo ClkIndex C ClkUsage 80, Supported 1
UpdatePcieClockInfo ClkIndex D ClkUsage 80, Supported 1
UpdatePcieClockInfo ClkIndex E ClkUsage 80, Supported 1
UpdatePcieClockInfo ClkIndex F ClkUsage 80, Supported 1
UpdatePeiPchPolicyPreMem
FSP Update SiCpuPolicy Pre-Mem Start
BIOS Guard PCD and Policy are disabled
FSP Update SecurityPolicy Pre-Mem End
PeiFspMePolicyInitPreMem

Updating SA Policy in Pre Mem
Install PPI: 85270BEF-6984-4375-A6EA-B5AA906EDD4A
Silicon PEI Policy Initialization Done in Pre-Memory
  NvsBufferPtr        - 0x0
  StackBase           - 0xFEF17F00
  StackSize           - 0x28000
  BootLoaderTolumSize - 0x0
  BootMode            - 0x0
  HobListPtr          - 0xFEF5F7E8
Total time spent executing FspMemoryInitApi: 0 millisecond
ERROR - Failed to execute FspMemoryInitApi(), Status = Unsupported
FspMemoryInit status: 0x80000003

ASSERT_EFI_ERROR (Status = Unsupported)

PEI_ASSERT!: [FspmWrapperPeim] /home/edk2/edk2/IntelFsp2WrapperPkg/FspmWrapperPeim/FspmWrapperPeim.c (115): !EFI_ERROR (Status)
