SecCoreStartupWithStack(0xFFFCC000, 0x820000)
Register PPI Notify: DCD0BE23-9586-40F4-B643-06522CED4EDE
Install PPI: 8C8CE578-8A3D-4F1C-9935-896185C32DD3
Install PPI: 5473C07A-3DCB-4DCA-BD6F-1E9689E7349A
The 0th FV start address is 0x00000820000, size is 0x000E0000, handle is 0x820000
Register PPI Notify: 49EDB1C1-BF21-4761-BB12-EB0031AABB39
Register PPI Notify: EA7CA24B-DED5-4DAD-A389-BF827E8F9B38
Install PPI: B9E0ABFE-5979-4914-977F-6DEE78C278A6
Install PPI: DBE23AA9-A345-4B97-85B6-B226F1617389
Install PPI: 138F9CF4-F0E7-4721-8F49-F5FFECF42D40
DiscoverPeimsAndOrderWithApriori(): Found 0x8 PEI FFS files in the 0th FV
Loading PEIM 9B3ADA4F-AE56-4C24-8DEA-F03B7558AE50
Loading PEIM at 0x0000082BB40 EntryPoint=0x0000082ED95 PcdPeim.efi
Install PPI: 06E81C58-4AD7-44BC-8390-F10265F72480
Install PPI: 01F34D25-4DE2-23AD-3FF3-36353FF323F1
Install PPI: 4D8B155B-C059-4C8F-8926-06FD4331DB8A
Install PPI: A60C6B59-E459-425D-9C69-0BCC9CB27D81
Register PPI Notify: 605EA650-C65C-42E1-BA80-91A52AB618C6
Loading PEIM A3610442-E69F-4DF3-82CA-2360C4031A23
Loading PEIM at 0x00000830A40 EntryPoint=0x00000831DCC ReportStatusCodeRouterPei.efi
Install PPI: 0065D394-9951-4144-82A3-0AFC8579C251
Install PPI: 229832D3-7A30-4B36-B827-F40CB7D45436
Loading PEIM 9D225237-FA01-464C-A949-BAABC02D31D0
Loading PEIM at 0x00000832AC0 EntryPoint=0x00000833D33 StatusCodeHandlerPei.efi
Loading PEIM 222C386D-5ABC-4FB4-B124-FBB82488ACF4
Loading PEIM at 0x00000834AC0 EntryPoint=0x0000083C729 PlatformPei.efi
Platform PEIM Loaded
CMOS:
00: 52 00 16 00 09 00 03 21 03 23 26 02 00 80 00 00
10: 00 00 00 00 06 80 02 FF FF 00 00 00 00 00 00 00
20: 00 00 00 00 00 00 00 00 00 00 00 00 00 00 00 00
30: FF FF 20 00 00 3F 00 20 30 00 00 00 00 12 00 00
40: 00 00 00 00 00 00 00 00 00 00 00 00 00 00 00 00
50: 00 00 00 00 00 00 00 00 00 00 00 00 00 00 00 01
60: 00 00 00 00 00 00 00 00 00 00 00 00 00 00 00 00
70: 00 00 00 00 00 00 00 00 00 00 00 00 00 00 00 00
QemuFwCfgProbe: Supported 1, DMA 0
Select Item: 0x19
Select Item: 0x2B
S3 support was detected on QEMU
Install PPI: 7408D748-FC8C-4EE6-9288-C4BEC092A410
Select Item: 0x19
Select Item: 0x19
Select Item: 0x25
Select Item: 0x19
Select Item: 0x19
PlatformAddressWidthFromCpuid: Signature: 'AuthenticAMD', PhysBits: 48, QemuQuirk: On, Valid: Yes
PlatformAddressWidthFromCpuid: limit PhysBits to 47 (avoid 5-level paging)
PlatformDynamicMmioWindow: using dynamic mmio window
PlatformDynamicMmioWindow:   Addr Space 0x800000000000 (131072 GB)
PlatformDynamicMmioWindow:   MMIO Space 0x100000000000 (16384 GB)
Select Item: 0x19
Select Item: 0x25
PlatformDynamicMmioWindow:   Pci64 Base 0x700000000000
PlatformDynamicMmioWindow:   Pci64 Size 0x100000000000
AddressWidthInitialization: Pci64Base=0x700000000000 Pci64Size=0x100000000000
Select Item: 0x5
PlatformMaxCpuCountInitialization: BootCpuCount=2 MaxCpuCount=2
Select Item: 0x19
Select Item: 0x25
PlatformGetLowMemoryCB: LowMemory=0x40000000
PublishPeiMemory: PhysMemAddressWidth=47 PeiMemoryCap=66564 KB
PeiInstallPeiMemory MemoryBegin 0x3BE6F000, MemoryLength 0x4101000
Select Item: 0x19
Select Item: 0x25
PlatformQemuInitializeRam called
Select Item: 0x19
Select Item: 0x25
Select Item: 0x19
Select Item: 0x25
PlatformAddHobCB: Reserved [0xFEFFC000, 0xFF000000)
PlatformAddHobCB: Reserved [0xFD00000000, 0x10000000000)
Reserved variable store memory: 0x3FF50000; size: 128kb
NvVarStore FV headers were invalid.
ASSERT /home/jlee/source-git/edk2/OvmfPkg/Library/PlatformInitLib/Platform.c(930): ((BOOLEAN)(0==1))
