/dts-v1/;
// magic:		0xd00dfeed
// totalsize:		0x4000 (16384)
// off_dt_struct:	0x40
// off_dt_strings:	0x31a4
// off_mem_rsvmap:	0x30
// version:		17
// last_comp_version:	16
// boot_cpuid_phys:	0x0
// size_dt_strings:	0xed
// size_dt_struct:	0x3164

/ {
    #size-cells = <0x00000002>;
    #address-cells = <0x00000002>;
    options {
        upl-custom {
            hoblistptr = <0x00000000 0x71cef0c0>;
        };
        upl-images@747EF010 {
            addr = <0x00000000 0x747ef010>;
        };
        upl-params {
            compatible = "upl";
            boot-mode = "default";
            addr-width = <0x0000002a>;
            pci-enum-done = [00 00];
        };
    };
    framebuffer@B0000000 {
        compatible = "simple-framebuffer";
        reg = <0x00000000 0xb0000000 0x00000000 0x00500000>;
        width = <0x00000500>;
        height = <0x00000400>;
        format = "a8r8g8b8";
        display = "&gma";
    };
    pci-rb1@E8000000 {
        compatible = "pci";
        bus-range = <0x008000df>;
        #address-cells = <0x00000003>;
        #size-cells = <0x00000002>;
        dma-ranges = <0xc1000000 0x00000000 0x00000000 0x00000000 0x00000000 0x00000000 0x00000001 0x00000000>;
        ranges = <0xc1000000 0x00000000 0xd0000000 0x00000000 0xd0000000 0x00000000 0x0e000000 0xc1800000 0x00000100 0x00000000 0x00000100 0x00000000 0x0000001f 0xe0000000 0x80800000 0x00000000 0x00002000 0x00000000 0x00002000 0x00000000 0x00006c00>;
    };
    pci-rb0@E0000000 {
        compatible = "pci";
        bus-range = <0x0000007f>;
        #address-cells = <0x00000003>;
        #size-cells = <0x00000002>;
        dma-ranges = <0xc1000000 0x00000000 0x00000000 0x00000000 0x00000000 0x00000000 0x00000001 0x00000000>;
        ranges = <0xc1000000 0x00000000 0x80000000 0x00000000 0x80000000 0x00000000 0x50000000 0xc1800000 0x00000120 0x00000000 0x00000120 0x00000000 0x000002e0 0x00000000 0x80800000 0x00000000 0x00009000 0x00000000 0x00009000 0x00000000 0x00007000>;
        gma@E0010000 {
            vendor-id = [80 86];
            device-id = [6e 23];
            revision-id = [00 00];
            subsystem-vendor-id = [80 86];
            subsystem-id = [72 70];
        };
    };
    serial@3F8 {
        compatible = "isa";
        reg-io-width = <0x00000001>;
        reg = <0x00000001 0x000003f8 0x00000008>;
        current-speed = <0x0001c200>;
    };
    reserved-memory {
        #size-cells = <0x00000002>;
        #address-cells = <0x00000002>;
        memory@742FA000 {
            reg = <0x00000000 0x742fa000 0x00000000 0x00004000>;
        };
        memory@742FE000 {
            reg = <0x00000000 0x742fe000 0x00000000 0x00001000>;
        };
        memory@742FF000 {
            reg = <0x00000000 0x742ff000 0x00000000 0x004f0000>;
        };
        memory@747EF000 {
            reg = <0x00000000 0x747ef000 0x00000000 0x004f1000>;
        };
        memory@74CE0000 {
            reg = <0x00000000 0x74ce0000 0x00000000 0x00010000>;
        };
        memory@74CF0000 {
            reg = <0x00000000 0x74cf0000 0x00000000 0x00003000>;
        };
        memory@74CF3000 {
            reg = <0x00000000 0x74cf3000 0x00000000 0x00001000>;
        };
        memory@74CF4000 {
            reg = <0x00000000 0x74cf4000 0x00000000 0x00001000>;
        };
        memory@74CF5000 {
            reg = <0x00000000 0x74cf5000 0x00000000 0x00004000>;
        };
        memory@74CF9000 {
            reg = <0x00000000 0x74cf9000 0x00000000 0x00001000>;
        };
        memory@74CFA000 {
            reg = <0x00000000 0x74cfa000 0x00000000 0x00046000>;
        };
        memory@74D40000 {
            reg = <0x00000000 0x74d40000 0x00000000 0x00004000>;
        };
        memory@74D44000 {
            reg = <0x00000000 0x74d44000 0x00000000 0x00004000>;
        };
        memory@74D48000 {
            reg = <0x00000000 0x74d48000 0x00000000 0x00004000>;
        };
        memory@74D4C000 {
            reg = <0x00000000 0x74d4c000 0x00000000 0x00004000>;
        };
        memory@74D50000 {
            reg = <0x00000000 0x74d50000 0x00000000 0x00004000>;
        };
        memory@74D54000 {
            reg = <0x00000000 0x74d54000 0x00000000 0x00004000>;
        };
        memory@74D58000 {
            reg = <0x00000000 0x74d58000 0x00000000 0x00005000>;
        };
        memory@74D5D000 {
            reg = <0x00000000 0x74d5d000 0x00000000 0x00005000>;
        };
        memory@74D62000 {
            reg = <0x00000000 0x74d62000 0x00000000 0x00004000>;
        };
        memory@74D66000 {
            reg = <0x00000000 0x74d66000 0x00000000 0x00001000>;
        };
        memory@74D67000 {
            reg = <0x00000000 0x74d67000 0x00000000 0x00001000>;
        };
        memory@74D68000 {
            reg = <0x00000000 0x74d68000 0x00000000 0x00001000>;
        };
        memory@74D69000 {
            reg = <0x00000000 0x74d69000 0x00000000 0x00001000>;
        };
        memory@74D6A000 {
            reg = <0x00000000 0x74d6a000 0x00000000 0x00001000>;
        };
        memory@74D6B000 {
            reg = <0x00000000 0x74d6b000 0x00000000 0x00001000>;
        };
        memory@74D6C000 {
            reg = <0x00000000 0x74d6c000 0x00000000 0x00001000>;
        };
        memory@74D6D000 {
            reg = <0x00000000 0x74d6d000 0x00000000 0x00001000>;
        };
        memory@74D6E000 {
            reg = <0x00000000 0x74d6e000 0x00000000 0x0000c000>;
        };
        memory@74D7A000 {
            reg = <0x00000000 0x74d7a000 0x00000000 0x0000c000>;
        };
        memory@74D86000 {
            reg = <0x00000000 0x74d86000 0x00000000 0x00004000>;
        };
        memory@74D8A000 {
            reg = <0x00000000 0x74d8a000 0x00000000 0x00001000>;
        };
        memory@74D8B000 {
            reg = <0x00000000 0x74d8b000 0x00000000 0x00001000>;
        };
        memory@74D8C000 {
            reg = <0x00000000 0x74d8c000 0x00000000 0x00001000>;
        };
        memory@74D8D000 {
            reg = <0x00000000 0x74d8d000 0x00000000 0x00001000>;
        };
        memory@74D8E000 {
            reg = <0x00000000 0x74d8e000 0x00000000 0x00001000>;
        };
        memory@74D8F000 {
            reg = <0x00000000 0x74d8f000 0x00000000 0x00001000>;
        };
        memory@74D90000 {
            reg = <0x00000000 0x74d90000 0x00000000 0x00001000>;
        };
        memory@74D91000 {
            reg = <0x00000000 0x74d91000 0x00000000 0x00001000>;
        };
        memory@74D92000 {
            reg = <0x00000000 0x74d92000 0x00000000 0x00001000>;
        };
        memory@74D93000 {
            reg = <0x00000000 0x74d93000 0x00000000 0x00001000>;
        };
        memory@74D94000 {
            reg = <0x00000000 0x74d94000 0x00000000 0x00001000>;
        };
        memory@74D95000 {
            reg = <0x00000000 0x74d95000 0x00000000 0x00001000>;
        };
        memory@74D96000 {
            reg = <0x00000000 0x74d96000 0x00000000 0x00001000>;
        };
        memory@74D97000 {
            reg = <0x00000000 0x74d97000 0x00000000 0x00001000>;
        };
        memory@74D98000 {
            reg = <0x00000000 0x74d98000 0x00000000 0x00001000>;
        };
        memory@74D99000 {
            reg = <0x00000000 0x74d99000 0x00000000 0x00001000>;
        };
        memory@74D9A000 {
            reg = <0x00000000 0x74d9a000 0x00000000 0x00001000>;
        };
        memory@74D9B000 {
            reg = <0x00000000 0x74d9b000 0x00000000 0x00001000>;
        };
        memory@74D9C000 {
            reg = <0x00000000 0x74d9c000 0x00000000 0x00101000>;
        };
        memory@74E9D000 {
            reg = <0x00000000 0x74e9d000 0x00000000 0x00001000>;
        };
        memory@74E9E000 {
            reg = <0x00000000 0x74e9e000 0x00000000 0x00001000>;
        };
        memory@74E9F000 {
            reg = <0x00000000 0x74e9f000 0x00000000 0x00001000>;
        };
        memory@74EA0000 {
            reg = <0x00000000 0x74ea0000 0x00000000 0x00001000>;
        };
        memory@74EA1000 {
            reg = <0x00000000 0x74ea1000 0x00000000 0x00001000>;
        };
        memory@74EA2000 {
            reg = <0x00000000 0x74ea2000 0x00000000 0x00001000>;
        };
        memory@74EA3000 {
            reg = <0x00000000 0x74ea3000 0x00000000 0x00001000>;
        };
        mmio@FEC00000 {
            reg = <0x00000000 0xfec00000 0x00000000 0x00001000>;
        };
        memory@74EA4000 {
            reg = <0x00000000 0x74ea4000 0x00000000 0x00001000>;
        };
        memory@74EA5000 {
            reg = <0x00000000 0x74ea5000 0x00000000 0x00001000>;
        };
        memory@74EA6000 {
            reg = <0x00000000 0x74ea6000 0x00000000 0x00001000>;
        };
        memory@74EA7000 {
            reg = <0x00000000 0x74ea7000 0x00000000 0x00001000>;
        };
        memory@74EA8000 {
            reg = <0x00000000 0x74ea8000 0x00000000 0x00001000>;
        };
        memory@74EA9000 {
            reg = <0x00000000 0x74ea9000 0x00000000 0x00001000>;
        };
        memory@74EAA000 {
            reg = <0x00000000 0x74eaa000 0x00000000 0x00001000>;
        };
        memory@74EAB000 {
            reg = <0x00000000 0x74eab000 0x00000000 0x00001000>;
        };
        memory@74EAC000 {
            reg = <0x00000000 0x74eac000 0x00000000 0x00001000>;
        };
        memory@74EAD000 {
            reg = <0x00000000 0x74ead000 0x00000000 0x00001000>;
        };
        memory@74EAE000 {
            reg = <0x00000000 0x74eae000 0x00000000 0x00001000>;
        };
        memory@74EAF000 {
            reg = <0x00000000 0x74eaf000 0x00000000 0x00001000>;
        };
        memory@74EB0000 {
            reg = <0x00000000 0x74eb0000 0x00000000 0x00001000>;
        };
        memory@74EB1000 {
            reg = <0x00000000 0x74eb1000 0x00000000 0x00001000>;
        };
        memory@74EB2000 {
            reg = <0x00000000 0x74eb2000 0x00000000 0x00001000>;
        };
        memory@74EB3000 {
            reg = <0x00000000 0x74eb3000 0x00000000 0x00001000>;
        };
        memory@74EB4000 {
            reg = <0x00000000 0x74eb4000 0x00000000 0x00001000>;
        };
        memory@74EB5000 {
            reg = <0x00000000 0x74eb5000 0x00000000 0x00001000>;
        };
        memory@74EB6000 {
            reg = <0x00000000 0x74eb6000 0x00000000 0x00001000>;
        };
        memory@74EB7000 {
            reg = <0x00000000 0x74eb7000 0x00000000 0x00001000>;
        };
        memory@74EB8000 {
            reg = <0x00000000 0x74eb8000 0x00000000 0x00001000>;
        };
        memory@74EB9000 {
            reg = <0x00000000 0x74eb9000 0x00000000 0x00001000>;
        };
        memory@74EBA000 {
            reg = <0x00000000 0x74eba000 0x00000000 0x00001000>;
        };
        memory@74EBB000 {
            reg = <0x00000000 0x74ebb000 0x00000000 0x00001000>;
        };
        memory@74EBC000 {
            reg = <0x00000000 0x74ebc000 0x00000000 0x00001000>;
        };
        memory@74EBD000 {
            reg = <0x00000000 0x74ebd000 0x00000000 0x00001000>;
        };
        memory@74EBE000 {
            reg = <0x00000000 0x74ebe000 0x00000000 0x00001000>;
        };
        memory@74EBF000 {
            reg = <0x00000000 0x74ebf000 0x00000000 0x00001000>;
        };
        memory@74EC0000 {
            reg = <0x00000000 0x74ec0000 0x00000000 0x00001000>;
        };
        memory@74EC1000 {
            reg = <0x00000000 0x74ec1000 0x00000000 0x00001000>;
        };
        memory@74EC2000 {
            reg = <0x00000000 0x74ec2000 0x00000000 0x00001000>;
        };
        memory@74EC3000 {
            reg = <0x00000000 0x74ec3000 0x00000000 0x00001000>;
        };
        memory@74EC4000 {
            reg = <0x00000000 0x74ec4000 0x00000000 0x00001000>;
        };
        memory@74EC5000 {
            reg = <0x00000000 0x74ec5000 0x00000000 0x00001000>;
        };
        memory@74EC6000 {
            reg = <0x00000000 0x74ec6000 0x00000000 0x00001000>;
        };
        memory@74EC7000 {
            reg = <0x00000000 0x74ec7000 0x00000000 0x00001000>;
        };
        memory@74EC8000 {
            reg = <0x00000000 0x74ec8000 0x00000000 0x00001000>;
        };
        memory@74EC9000 {
            reg = <0x00000000 0x74ec9000 0x00000000 0x00001000>;
        };
        memory@74ECA000 {
            reg = <0x00000000 0x74eca000 0x00000000 0x00001000>;
        };
        memory@74ECB000 {
            reg = <0x00000000 0x74ecb000 0x00000000 0x00001000>;
        };
        memory@74ECC000 {
            reg = <0x00000000 0x74ecc000 0x00000000 0x00001000>;
        };
        memory@74ECD000 {
            reg = <0x00000000 0x74ecd000 0x00000000 0x00001000>;
        };
        memory@74ECE000 {
            reg = <0x00000000 0x74ece000 0x00000000 0x00001000>;
        };
        memory@74ECF000 {
            reg = <0x00000000 0x74ecf000 0x00000000 0x00001000>;
        };
        memory@74ED0000 {
            reg = <0x00000000 0x74ed0000 0x00000000 0x00001000>;
        };
        memory@74ED1000 {
            reg = <0x00000000 0x74ed1000 0x00000000 0x00001000>;
        };
        memory@74ED2000 {
            reg = <0x00000000 0x74ed2000 0x00000000 0x00001000>;
        };
        memory@74ED3000 {
            reg = <0x00000000 0x74ed3000 0x00000000 0x00001000>;
        };
        memory@74ED4000 {
            reg = <0x00000000 0x74ed4000 0x00000000 0x00001000>;
        };
        memory@74ED5000 {
            reg = <0x00000000 0x74ed5000 0x00000000 0x00001000>;
        };
        memory@74ED6000 {
            reg = <0x00000000 0x74ed6000 0x00000000 0x00001000>;
        };
        memory@74ED7000 {
            reg = <0x00000000 0x74ed7000 0x00000000 0x00001000>;
        };
        memory@74ED8000 {
            reg = <0x00000000 0x74ed8000 0x00000000 0x00001000>;
        };
        memory@74ED9000 {
            reg = <0x00000000 0x74ed9000 0x00000000 0x0002a000>;
        };
        memory@74F03000 {
            reg = <0x00000000 0x74f03000 0x00000000 0x00001000>;
        };
        memory@74F07000 {
            reg = <0x00000000 0x74f07000 0x00000000 0x00003000>;
        };
        memory@74F0A000 {
            reg = <0x00000000 0x74f0a000 0x00000000 0x00043000>;
        };
        memory@74F4D000 {
            reg = <0x00000000 0x74f4d000 0x00000000 0x00004000>;
        };
        memory@74F51000 {
            reg = <0x00000000 0x74f51000 0x00000000 0x0008e000>;
        };
        memory@74FDF000 {
            reg = <0x00000000 0x74fdf000 0x00000000 0x0008f000>;
        };
        memory@7506E000 {
            reg = <0x00000000 0x7506e000 0x00000000 0x00004000>;
        };
        memory@75072000 {
            reg = <0x00000000 0x75072000 0x00000000 0x00004000>;
        };
        memory@75076000 {
            reg = <0x00000000 0x75076000 0x00000000 0x00002000>;
        };
        memory@75078000 {
            reg = <0x00000000 0x75078000 0x00000000 0x00001000>;
        };
        memory@75079000 {
            reg = <0x00000000 0x75079000 0x00000000 0x000eb000>;
        };
        memory@75164000 {
            reg = <0x00000000 0x75164000 0x00000000 0x00010000>;
        };
        memory@75174000 {
            reg = <0x00000000 0x75174000 0x00000000 0x00010000>;
        };
        memory@75184000 {
            reg = <0x00000000 0x75184000 0x00000000 0x00004000>;
        };
        memory@75188000 {
            reg = <0x00000000 0x75188000 0x00000000 0x00005000>;
        };
        memory@7518D000 {
            reg = <0x00000000 0x7518d000 0x00000000 0x00002000>;
        };
        memory@7518F000 {
            reg = <0x00000000 0x7518f000 0x00000000 0x00004000>;
        };
        memory@75193000 {
            reg = <0x00000000 0x75193000 0x00000000 0x00002000>;
        };
        memory@75195000 {
            reg = <0x00000000 0x75195000 0x00000000 0x00007000>;
        };
        memory@7519C000 {
            reg = <0x00000000 0x7519c000 0x00000000 0x00007000>;
        };
        memory@751A3000 {
            reg = <0x00000000 0x751a3000 0x00000000 0x00011000>;
        };
        memory@751B4000 {
            reg = <0x00000000 0x751b4000 0x00000000 0x00005000>;
        };
        memory@751B9000 {
            reg = <0x00000000 0x751b9000 0x00000000 0x00003000>;
        };
        memory@751BC000 {
            reg = <0x00000000 0x751bc000 0x00000000 0x00007000>;
        };
        memory@751C3000 {
            reg = <0x00000000 0x751c3000 0x00000000 0x00005000>;
        };
        memory@751C8000 {
            reg = <0x00000000 0x751c8000 0x00000000 0x00005000>;
        };
        memory@751CD000 {
            reg = <0x00000000 0x751cd000 0x00000000 0x00004000>;
        };
        memory@751D1000 {
            reg = <0x00000000 0x751d1000 0x00000000 0x00003000>;
        };
        memory@751D4000 {
            reg = <0x00000000 0x751d4000 0x00000000 0x00009000>;
        };
        memory@751DD000 {
            reg = <0x00000000 0x751dd000 0x00000000 0x00005000>;
        };
        memory@751E2000 {
            reg = <0x00000000 0x751e2000 0x00000000 0x00007000>;
        };
        memory@751E9000 {
            reg = <0x00000000 0x751e9000 0x00000000 0x00004000>;
        };
        memory@751ED000 {
            reg = <0x00000000 0x751ed000 0x00000000 0x00004000>;
        };
        memory@751F1000 {
            reg = <0x00000000 0x751f1000 0x00000000 0x0000b000>;
        };
        memory@751FC000 {
            reg = <0x00000000 0x751fc000 0x00000000 0x0000b000>;
        };
        memory@75207000 {
            reg = <0x00000000 0x75207000 0x00000000 0x00010000>;
        };
        memory@75217000 {
            reg = <0x00000000 0x75217000 0x00000000 0x000a0000>;
        };
        memory@752B7000 {
            reg = <0x00000000 0x752b7000 0x00000000 0x00010000>;
        };
        memory@752C7000 {
            reg = <0x00000000 0x752c7000 0x00000000 0x00005000>;
        };
        memory@752CC000 {
            reg = <0x00000000 0x752cc000 0x00000000 0x00007000>;
        };
        memory@752D3000 {
            reg = <0x00000000 0x752d3000 0x00000000 0x00004000>;
        };
        memory@752D7000 {
            reg = <0x00000000 0x752d7000 0x00000000 0x00181000>;
        };
        memory@75458000 {
            reg = <0x00000000 0x75458000 0x00000000 0x00010000>;
        };
        memory@75468000 {
            reg = <0x00000000 0x75468000 0x00000000 0x002d1000>;
        };
        memory@75739000 {
            reg = <0x00000000 0x75739000 0x00000000 0x00010000>;
        };
        memory@75749000 {
            reg = <0x00000000 0x75749000 0x00000000 0x00711000>;
        };
        memory@75E5A000 {
            reg = <0x00000000 0x75e5a000 0x00000000 0x00010000>;
        };
        memory@75E6A000 {
            reg = <0x00000000 0x75e6a000 0x00000000 0x00091000>;
        };
        memory@75EFB000 {
            reg = <0x00000000 0x75efb000 0x00000000 0x00010000>;
        };
        memory@75F0B000 {
            reg = <0x00000000 0x75f0b000 0x00000000 0x000b1000>;
        };
        memory@75FBC000 {
            reg = <0x00000000 0x75fbc000 0x00000000 0x00010000>;
        };
        memory@75FCC000 {
            reg = <0x00000000 0x75fcc000 0x00000000 0x00151000>;
        };
        memory@7611D000 {
            reg = <0x00000000 0x7611d000 0x00000000 0x00010000>;
        };
        memory@7612D000 {
            reg = <0x00000000 0x7612d000 0x00000000 0x00091000>;
        };
        memory@761BE000 {
            reg = <0x00000000 0x761be000 0x00000000 0x00010000>;
        };
        memory@761CE000 {
            reg = <0x00000000 0x761ce000 0x00000000 0x00351000>;
        };
        memory@7651F000 {
            reg = <0x00000000 0x7651f000 0x00000000 0x00010000>;
        };
        memory@7652F000 {
            reg = <0x00000000 0x7652f000 0x00000000 0x000c1000>;
        };
        memory@765F0000 {
            reg = <0x00000000 0x765f0000 0x00000000 0x00010000>;
        };
        memory@76600000 {
            reg = <0x00000000 0x76600000 0x00000000 0x00003000>;
        };
        memory@76603000 {
            reg = <0x00000000 0x76603000 0x00000000 0x00001000>;
        };
        memory@76604000 {
            reg = <0x00000000 0x76604000 0x00000000 0x00011000>;
        };
        memory@76615000 {
            reg = <0x00000000 0x76615000 0x00000000 0x00010000>;
        };
        memory@76625000 {
            reg = <0x00000000 0x76625000 0x00000000 0x00002000>;
        };
        memory@76627000 {
            reg = <0x00000000 0x76627000 0x00000000 0x00028000>;
        };
        memory@7664F000 {
            reg = <0x00000000 0x7664f000 0x00000000 0x00009000>;
        };
        memory@76658000 {
            reg = <0x00000000 0x76658000 0x00000000 0x00007000>;
        };
        memory@7665F000 {
            reg = <0x00000000 0x7665f000 0x00000000 0x00002000>;
        };
        memory@76661000 {
            reg = <0x00000000 0x76661000 0x00000000 0x00005000>;
        };
        memory@76666000 {
            reg = <0x00000000 0x76666000 0x00000000 0x00001000>;
        };
        memory@76667000 {
            reg = <0x00000000 0x76667000 0x00000000 0x00101000>;
        };
        memory@76768000 {
            reg = <0x00000000 0x76768000 0x00000000 0x00001000>;
        };
        memory@76769000 {
            reg = <0x00000000 0x76769000 0x00000000 0x00001000>;
        };
        memory@7676A000 {
            reg = <0x00000000 0x7676a000 0x00000000 0x00001000>;
        };
        memory@7676B000 {
            reg = <0x00000000 0x7676b000 0x00000000 0x00001000>;
        };
        memory@7676C000 {
            reg = <0x00000000 0x7676c000 0x00000000 0x00001000>;
        };
        memory@7676D000 {
            reg = <0x00000000 0x7676d000 0x00000000 0x00001000>;
        };
        memory@7676E000 {
            reg = <0x00000000 0x7676e000 0x00000000 0x00002000>;
        };
        memory@76770000 {
            reg = <0x00000000 0x76770000 0x00000000 0x00002000>;
        };
        memory@76772000 {
            reg = <0x00000000 0x76772000 0x00000000 0x00400000>;
        };
        memory@76B72000 {
            reg = <0x00000000 0x76b72000 0x00000000 0x00002000>;
        };
        mmio@FEDA1000 {
            reg = <0x00000000 0xfeda1000 0x00000000 0x00001000>;
        };
        mmio@FED90000 {
            reg = <0x00000000 0xfed90000 0x00000000 0x00001000>;
        };
        mmio@FEE00000 {
            reg = <0x00000000 0xfee00000 0x00000000 0x00001000>;
        };
        mmio@E0000000 {
            reg = <0x00000000 0xe0000000 0x00000000 0x10000000>;
        };
        mmio@FF200000 {
            reg = <0x00000000 0xff200000 0x00000000 0x00e00000>;
        };
        memory@76B74000 {
            reg = <0x00000000 0x76b74000 0x00000000 0x00004000>;
        };
        memory@76B78000 {
            reg = <0x00000000 0x76b78000 0x00000000 0x0002e000>;
        };
        memory@76BA6000 {
            reg = <0x00000000 0x76ba6000 0x00000000 0x00010000>;
        };
        memory@76BB6000 {
            reg = <0x00000000 0x76bb6000 0x00000000 0x00001000>;
        };
        memory@76BB7000 {
            reg = <0x00000000 0x76bb7000 0x00000000 0x00081000>;
        };
        memory@76C38000 {
            reg = <0x00000000 0x76c38000 0x00000000 0x00010000>;
        };
        memory@71C6F000 {
            reg = <0x00000000 0x71c6f000 0x00000000 0x00080000>;
        };
        memory@76C48000 {
            reg = <0x00000000 0x76c48000 0x00000000 0x00001000>;
        };
        memory@76C4F000 {
            reg = <0x00000000 0x76c4f000 0x00000000 0x00010000>;
        };
        mmio@FC800000 {
            reg = <0x00000000 0xfc800000 0x00000000 0x00080000>;
        };
        mmio@4150000000 {
            reg = <0x00000041 0x50000000 0x00000000 0x02000000>;
        };
        mmio@4152000000 {
            reg = <0x00000041 0x52000000 0x00000000 0x00040000>;
        };
        mmio@4148000000 {
            reg = <0x00000041 0x48000000 0x00000000 0x08000000>;
        };
        mmio@FED00000 {
            reg = <0x00000000 0xfed00000 0x00000000 0x00001000>;
        };
        memory@76C49000 {
            reg = <0x00000000 0x76c49000 0x00000000 0x00005000>;
        };
        mmio@4110000000 {
            reg = <0x00000041 0x10000000 0x00000000 0x10000000>;
        };
        mmio@4100000000 {
            reg = <0x00000041 0x00000000 0x00000000 0x10000000>;
        };
        mmio@FD800000 {
            reg = <0x00000000 0xfd800000 0x00000000 0x01000000>;
        };
    };
    memory@100000 {
        device_type = "memory";
        reg = <0x00000000 0x00100000 0x00000000 0x71b6f000>;
    };
    memory@0 {
        device_type = "memory";
        reg = <0x00000000 0x00000000 0x00000000 0x000a0000>;
    };
    memory@71C6F000 {
        device_type = "memory";
        reg = <0x00000000 0x71c6f000 0x00000000 0x08391000>;
    };
    memory@100000000 {
        device_type = "memory";
        reg = <0x00000001 0x00000000 0x00000007 0x80000000>;
    };
};
