/dts-v1/;
// magic:		0xd00dfeed
// totalsize:		0x4000 (16384)
// off_dt_struct:	0x40
// off_dt_strings:	0x3190
// off_mem_rsvmap:	0x30
// version:		17
// last_comp_version:	16
// boot_cpuid_phys:	0x0
// size_dt_strings:	0xf2
// size_dt_struct:	0x3150

/ {
    #size-cells = <0x00000002>;
    #address-cells = <0x00000002>;
    options {
        upl-custom {
            hoblistptr = <0x00000000 0x71cef0c0>;
        };
        upl-images@7484B010 {
            addr = <0x00000000 0x7484b010>;
        };
        upl-params {
            compatible = "upl";
            boot-mode = "default";
            addr-width = <0x0000002a>;
            pci-enum-done = [00 00];
        };
    };
    framebuffer@B0000000 {
        compatible = "simple-framebuffer";
        reg = <0x00000000 0xb0000000 0x00000000 0x00500000>;
        width = <0x00000500>;
        height = <0x00000400>;
        format = "a8r8g8b8";
        display = "&gma";
    };
    pci-rb1@E8000000 {
        compatible = "pci";
        bus-range = <0x008000df>;
        #address-cells = <0x00000003>;
        #size-cells = <0x00000002>;
        dma-ranges = <0xc1000000 0x00000000 0x00000000 0x00000000 0x00000000 0x00000000 0x00000001 0x00000000>;
        ranges = <0xc1000000 0x00000000 0xd0000000 0x00000000 0xd0000000 0x00000000 0x0e000000 0xc1800000 0x00000100 0x00000000 0x00000100 0x00000000 0x0000001f 0xe0000000 0x80800000 0x00000000 0x00002000 0x00000000 0x00002000 0x00000000 0x00006c00>;
        espi@1F,0 {
            #address-cells = [00 02];
            #size-cells = [00 01];
            compatible = "isa";
            serial@3F8 {
                compatible = "isa";
                reg-io-width = <0x00000001>;
                reg = <0x00000001 0x000003f8 0x00000008>;
                current-speed = <0x0001c200>;
            };
        };
    };
    pci-rb0@E0000000 {
        compatible = "pci";
        bus-range = <0x0000007f>;
        #address-cells = <0x00000003>;
        #size-cells = <0x00000002>;
        dma-ranges = <0xc1000000 0x00000000 0x00000000 0x00000000 0x00000000 0x00000000 0x00000001 0x00000000>;
        ranges = <0xc1000000 0x00000000 0x80000000 0x00000000 0x80000000 0x00000000 0x50000000 0xc1800000 0x00000120 0x00000000 0x00000120 0x00000000 0x000002e0 0x00000000 0x80800000 0x00000000 0x00009000 0x00000000 0x00009000 0x00000000 0x00007000>;
        gma@E0010000 {
            vendor-id = [80 86];
            device-id = [6e 23];
            revision-id = [00 00];
            subsystem-vendor-id = [80 86];
            subsystem-id = [72 70];
        };
    };
    serial@3F8 {
        compatible = "isa";
        reg-io-width = <0x00000001>;
        reg = <0x00000001 0x000003f8 0x00000008>;
        current-speed = <0x0001c200>;
    };
    reserved-memory {
        #size-cells = <0x00000002>;
        #address-cells = <0x00000002>;
        memory@74356000 {
            reg = <0x00000000 0x74356000 0x00000000 0x00004000>;
        };
        memory@7435A000 {
            reg = <0x00000000 0x7435a000 0x00000000 0x00001000>;
        };
        memory@7435B000 {
            reg = <0x00000000 0x7435b000 0x00000000 0x004f0000>;
        };
        memory@7484B000 {
            reg = <0x00000000 0x7484b000 0x00000000 0x004f1000>;
        };
        memory@74D3C000 {
            reg = <0x00000000 0x74d3c000 0x00000000 0x00010000>;
        };
        memory@74D4C000 {
            reg = <0x00000000 0x74d4c000 0x00000000 0x00003000>;
        };
        memory@74D4F000 {
            reg = <0x00000000 0x74d4f000 0x00000000 0x00001000>;
        };
        memory@74D50000 {
            reg = <0x00000000 0x74d50000 0x00000000 0x00001000>;
        };
        memory@74D51000 {
            reg = <0x00000000 0x74d51000 0x00000000 0x00004000>;
        };
        memory@74D55000 {
            reg = <0x00000000 0x74d55000 0x00000000 0x00001000>;
        };
        memory@74D56000 {
            reg = <0x00000000 0x74d56000 0x00000000 0x00046000>;
        };
        memory@74D9C000 {
            reg = <0x00000000 0x74d9c000 0x00000000 0x00004000>;
        };
        memory@74DA0000 {
            reg = <0x00000000 0x74da0000 0x00000000 0x00004000>;
        };
        memory@74DA4000 {
            reg = <0x00000000 0x74da4000 0x00000000 0x00004000>;
        };
        memory@74DA8000 {
            reg = <0x00000000 0x74da8000 0x00000000 0x00003000>;
        };
        memory@74DAB000 {
            reg = <0x00000000 0x74dab000 0x00000000 0x00004000>;
        };
        memory@74DAF000 {
            reg = <0x00000000 0x74daf000 0x00000000 0x00004000>;
        };
        memory@74DB3000 {
            reg = <0x00000000 0x74db3000 0x00000000 0x00005000>;
        };
        memory@74DB8000 {
            reg = <0x00000000 0x74db8000 0x00000000 0x00005000>;
        };
        memory@74DBD000 {
            reg = <0x00000000 0x74dbd000 0x00000000 0x00004000>;
        };
        memory@74DC1000 {
            reg = <0x00000000 0x74dc1000 0x00000000 0x00001000>;
        };
        memory@74DC2000 {
            reg = <0x00000000 0x74dc2000 0x00000000 0x00001000>;
        };
        memory@74DC3000 {
            reg = <0x00000000 0x74dc3000 0x00000000 0x00001000>;
        };
        memory@74DC4000 {
            reg = <0x00000000 0x74dc4000 0x00000000 0x00001000>;
        };
        memory@74DC5000 {
            reg = <0x00000000 0x74dc5000 0x00000000 0x00001000>;
        };
        memory@74DC6000 {
            reg = <0x00000000 0x74dc6000 0x00000000 0x00001000>;
        };
        memory@74DC7000 {
            reg = <0x00000000 0x74dc7000 0x00000000 0x00001000>;
        };
        memory@74DC8000 {
            reg = <0x00000000 0x74dc8000 0x00000000 0x00001000>;
        };
        memory@74DC9000 {
            reg = <0x00000000 0x74dc9000 0x00000000 0x0000c000>;
        };
        memory@74DD5000 {
            reg = <0x00000000 0x74dd5000 0x00000000 0x0000c000>;
        };
        memory@74DE1000 {
            reg = <0x00000000 0x74de1000 0x00000000 0x00004000>;
        };
        memory@74DE5000 {
            reg = <0x00000000 0x74de5000 0x00000000 0x00001000>;
        };
        memory@74DE6000 {
            reg = <0x00000000 0x74de6000 0x00000000 0x00001000>;
        };
        memory@74DE7000 {
            reg = <0x00000000 0x74de7000 0x00000000 0x00001000>;
        };
        memory@74DE8000 {
            reg = <0x00000000 0x74de8000 0x00000000 0x00001000>;
        };
        memory@74DE9000 {
            reg = <0x00000000 0x74de9000 0x00000000 0x00001000>;
        };
        memory@74DEA000 {
            reg = <0x00000000 0x74dea000 0x00000000 0x00001000>;
        };
        memory@74DEB000 {
            reg = <0x00000000 0x74deb000 0x00000000 0x00001000>;
        };
        memory@74DEC000 {
            reg = <0x00000000 0x74dec000 0x00000000 0x00001000>;
        };
        memory@74DED000 {
            reg = <0x00000000 0x74ded000 0x00000000 0x00001000>;
        };
        memory@74DEE000 {
            reg = <0x00000000 0x74dee000 0x00000000 0x00001000>;
        };
        memory@74DEF000 {
            reg = <0x00000000 0x74def000 0x00000000 0x00001000>;
        };
        memory@74DF0000 {
            reg = <0x00000000 0x74df0000 0x00000000 0x00001000>;
        };
        memory@74DF1000 {
            reg = <0x00000000 0x74df1000 0x00000000 0x00001000>;
        };
        memory@74DF2000 {
            reg = <0x00000000 0x74df2000 0x00000000 0x00001000>;
        };
        memory@74DF3000 {
            reg = <0x00000000 0x74df3000 0x00000000 0x00001000>;
        };
        memory@74DF4000 {
            reg = <0x00000000 0x74df4000 0x00000000 0x00001000>;
        };
        memory@74DF5000 {
            reg = <0x00000000 0x74df5000 0x00000000 0x00001000>;
        };
        memory@74DF6000 {
            reg = <0x00000000 0x74df6000 0x00000000 0x00001000>;
        };
        memory@74DF7000 {
            reg = <0x00000000 0x74df7000 0x00000000 0x00101000>;
        };
        memory@74EF8000 {
            reg = <0x00000000 0x74ef8000 0x00000000 0x00001000>;
        };
        memory@74EF9000 {
            reg = <0x00000000 0x74ef9000 0x00000000 0x00001000>;
        };
        memory@74EFA000 {
            reg = <0x00000000 0x74efa000 0x00000000 0x00001000>;
        };
        memory@74EFB000 {
            reg = <0x00000000 0x74efb000 0x00000000 0x00001000>;
        };
        memory@74EFC000 {
            reg = <0x00000000 0x74efc000 0x00000000 0x00001000>;
        };
        memory@74EFD000 {
            reg = <0x00000000 0x74efd000 0x00000000 0x00001000>;
        };
        memory@74EFE000 {
            reg = <0x00000000 0x74efe000 0x00000000 0x00001000>;
        };
        mmio@FEC00000 {
            reg = <0x00000000 0xfec00000 0x00000000 0x00001000>;
        };
        memory@74EFF000 {
            reg = <0x00000000 0x74eff000 0x00000000 0x00001000>;
        };
        memory@74F00000 {
            reg = <0x00000000 0x74f00000 0x00000000 0x00001000>;
        };
        memory@74F01000 {
            reg = <0x00000000 0x74f01000 0x00000000 0x00001000>;
        };
        memory@74F02000 {
            reg = <0x00000000 0x74f02000 0x00000000 0x00001000>;
        };
        memory@74F03000 {
            reg = <0x00000000 0x74f03000 0x00000000 0x00001000>;
        };
        memory@74F04000 {
            reg = <0x00000000 0x74f04000 0x00000000 0x00001000>;
        };
        memory@74F05000 {
            reg = <0x00000000 0x74f05000 0x00000000 0x00001000>;
        };
        memory@74F06000 {
            reg = <0x00000000 0x74f06000 0x00000000 0x00001000>;
        };
        memory@74F07000 {
            reg = <0x00000000 0x74f07000 0x00000000 0x00001000>;
        };
        memory@74F08000 {
            reg = <0x00000000 0x74f08000 0x00000000 0x00001000>;
        };
        memory@74F09000 {
            reg = <0x00000000 0x74f09000 0x00000000 0x00001000>;
        };
        memory@74F0A000 {
            reg = <0x00000000 0x74f0a000 0x00000000 0x00001000>;
        };
        memory@74F0B000 {
            reg = <0x00000000 0x74f0b000 0x00000000 0x00001000>;
        };
        memory@74F0C000 {
            reg = <0x00000000 0x74f0c000 0x00000000 0x00001000>;
        };
        memory@74F0D000 {
            reg = <0x00000000 0x74f0d000 0x00000000 0x00001000>;
        };
        memory@74F0E000 {
            reg = <0x00000000 0x74f0e000 0x00000000 0x00001000>;
        };
        memory@74F0F000 {
            reg = <0x00000000 0x74f0f000 0x00000000 0x00001000>;
        };
        memory@74F10000 {
            reg = <0x00000000 0x74f10000 0x00000000 0x00001000>;
        };
        memory@74F11000 {
            reg = <0x00000000 0x74f11000 0x00000000 0x00001000>;
        };
        memory@74F12000 {
            reg = <0x00000000 0x74f12000 0x00000000 0x00001000>;
        };
        memory@74F13000 {
            reg = <0x00000000 0x74f13000 0x00000000 0x00001000>;
        };
        memory@74F14000 {
            reg = <0x00000000 0x74f14000 0x00000000 0x00001000>;
        };
        memory@74F15000 {
            reg = <0x00000000 0x74f15000 0x00000000 0x00001000>;
        };
        memory@74F16000 {
            reg = <0x00000000 0x74f16000 0x00000000 0x00001000>;
        };
        memory@74F17000 {
            reg = <0x00000000 0x74f17000 0x00000000 0x00001000>;
        };
        memory@74F18000 {
            reg = <0x00000000 0x74f18000 0x00000000 0x00001000>;
        };
        memory@74F19000 {
            reg = <0x00000000 0x74f19000 0x00000000 0x00001000>;
        };
        memory@74F1A000 {
            reg = <0x00000000 0x74f1a000 0x00000000 0x00001000>;
        };
        memory@74F1B000 {
            reg = <0x00000000 0x74f1b000 0x00000000 0x00001000>;
        };
        memory@74F1C000 {
            reg = <0x00000000 0x74f1c000 0x00000000 0x00001000>;
        };
        memory@74F1D000 {
            reg = <0x00000000 0x74f1d000 0x00000000 0x00001000>;
        };
        memory@74F1E000 {
            reg = <0x00000000 0x74f1e000 0x00000000 0x00001000>;
        };
        memory@74F1F000 {
            reg = <0x00000000 0x74f1f000 0x00000000 0x00001000>;
        };
        memory@74F20000 {
            reg = <0x00000000 0x74f20000 0x00000000 0x00001000>;
        };
        memory@74F21000 {
            reg = <0x00000000 0x74f21000 0x00000000 0x00001000>;
        };
        memory@74F22000 {
            reg = <0x00000000 0x74f22000 0x00000000 0x00001000>;
        };
        memory@74F23000 {
            reg = <0x00000000 0x74f23000 0x00000000 0x00001000>;
        };
        memory@74F24000 {
            reg = <0x00000000 0x74f24000 0x00000000 0x00001000>;
        };
        memory@74F25000 {
            reg = <0x00000000 0x74f25000 0x00000000 0x00001000>;
        };
        memory@74F26000 {
            reg = <0x00000000 0x74f26000 0x00000000 0x00001000>;
        };
        memory@74F27000 {
            reg = <0x00000000 0x74f27000 0x00000000 0x00001000>;
        };
        memory@74F28000 {
            reg = <0x00000000 0x74f28000 0x00000000 0x00001000>;
        };
        memory@74F29000 {
            reg = <0x00000000 0x74f29000 0x00000000 0x00001000>;
        };
        memory@74F2A000 {
            reg = <0x00000000 0x74f2a000 0x00000000 0x00001000>;
        };
        memory@74F2B000 {
            reg = <0x00000000 0x74f2b000 0x00000000 0x00001000>;
        };
        memory@74F2C000 {
            reg = <0x00000000 0x74f2c000 0x00000000 0x00001000>;
        };
        memory@74F2D000 {
            reg = <0x00000000 0x74f2d000 0x00000000 0x00001000>;
        };
        memory@74F2E000 {
            reg = <0x00000000 0x74f2e000 0x00000000 0x00001000>;
        };
        memory@74F2F000 {
            reg = <0x00000000 0x74f2f000 0x00000000 0x00001000>;
        };
        memory@74F30000 {
            reg = <0x00000000 0x74f30000 0x00000000 0x00001000>;
        };
        memory@74F31000 {
            reg = <0x00000000 0x74f31000 0x00000000 0x00001000>;
        };
        memory@74F32000 {
            reg = <0x00000000 0x74f32000 0x00000000 0x00001000>;
        };
        memory@74F33000 {
            reg = <0x00000000 0x74f33000 0x00000000 0x00001000>;
        };
        memory@74F34000 {
            reg = <0x00000000 0x74f34000 0x00000000 0x0002b000>;
        };
        memory@74F5F000 {
            reg = <0x00000000 0x74f5f000 0x00000000 0x00001000>;
        };
        memory@74F63000 {
            reg = <0x00000000 0x74f63000 0x00000000 0x00003000>;
        };
        memory@74F66000 {
            reg = <0x00000000 0x74f66000 0x00000000 0x00043000>;
        };
        memory@74FA9000 {
            reg = <0x00000000 0x74fa9000 0x00000000 0x00004000>;
        };
        memory@74FAD000 {
            reg = <0x00000000 0x74fad000 0x00000000 0x0008a000>;
        };
        memory@75037000 {
            reg = <0x00000000 0x75037000 0x00000000 0x0008a000>;
        };
        memory@750C1000 {
            reg = <0x00000000 0x750c1000 0x00000000 0x00004000>;
        };
        memory@750C5000 {
            reg = <0x00000000 0x750c5000 0x00000000 0x00004000>;
        };
        memory@750C9000 {
            reg = <0x00000000 0x750c9000 0x00000000 0x00002000>;
        };
        memory@750CB000 {
            reg = <0x00000000 0x750cb000 0x00000000 0x00001000>;
        };
        memory@750CC000 {
            reg = <0x00000000 0x750cc000 0x00000000 0x000eb000>;
        };
        memory@751B7000 {
            reg = <0x00000000 0x751b7000 0x00000000 0x00010000>;
        };
        memory@751C7000 {
            reg = <0x00000000 0x751c7000 0x00000000 0x00010000>;
        };
        memory@751D7000 {
            reg = <0x00000000 0x751d7000 0x00000000 0x00004000>;
        };
        memory@751DB000 {
            reg = <0x00000000 0x751db000 0x00000000 0x00005000>;
        };
        memory@751E0000 {
            reg = <0x00000000 0x751e0000 0x00000000 0x00002000>;
        };
        memory@751E2000 {
            reg = <0x00000000 0x751e2000 0x00000000 0x00004000>;
        };
        memory@751E6000 {
            reg = <0x00000000 0x751e6000 0x00000000 0x00002000>;
        };
        memory@751E8000 {
            reg = <0x00000000 0x751e8000 0x00000000 0x00007000>;
        };
        memory@751EF000 {
            reg = <0x00000000 0x751ef000 0x00000000 0x00007000>;
        };
        memory@751F6000 {
            reg = <0x00000000 0x751f6000 0x00000000 0x00011000>;
        };
        memory@75207000 {
            reg = <0x00000000 0x75207000 0x00000000 0x00005000>;
        };
        memory@7520C000 {
            reg = <0x00000000 0x7520c000 0x00000000 0x00003000>;
        };
        memory@7520F000 {
            reg = <0x00000000 0x7520f000 0x00000000 0x00007000>;
        };
        memory@75216000 {
            reg = <0x00000000 0x75216000 0x00000000 0x00005000>;
        };
        memory@7521B000 {
            reg = <0x00000000 0x7521b000 0x00000000 0x00005000>;
        };
        memory@75220000 {
            reg = <0x00000000 0x75220000 0x00000000 0x00004000>;
        };
        memory@75224000 {
            reg = <0x00000000 0x75224000 0x00000000 0x00003000>;
        };
        memory@75227000 {
            reg = <0x00000000 0x75227000 0x00000000 0x00009000>;
        };
        memory@75230000 {
            reg = <0x00000000 0x75230000 0x00000000 0x00005000>;
        };
        memory@75235000 {
            reg = <0x00000000 0x75235000 0x00000000 0x00007000>;
        };
        memory@7523C000 {
            reg = <0x00000000 0x7523c000 0x00000000 0x00004000>;
        };
        memory@75240000 {
            reg = <0x00000000 0x75240000 0x00000000 0x00004000>;
        };
        memory@75244000 {
            reg = <0x00000000 0x75244000 0x00000000 0x0000b000>;
        };
        memory@7524F000 {
            reg = <0x00000000 0x7524f000 0x00000000 0x0000b000>;
        };
        memory@7525A000 {
            reg = <0x00000000 0x7525a000 0x00000000 0x00010000>;
        };
        memory@7526A000 {
            reg = <0x00000000 0x7526a000 0x00000000 0x000a0000>;
        };
        memory@7530A000 {
            reg = <0x00000000 0x7530a000 0x00000000 0x00010000>;
        };
        memory@7531A000 {
            reg = <0x00000000 0x7531a000 0x00000000 0x00005000>;
        };
        memory@7531F000 {
            reg = <0x00000000 0x7531f000 0x00000000 0x00007000>;
        };
        memory@75326000 {
            reg = <0x00000000 0x75326000 0x00000000 0x00004000>;
        };
        memory@7532A000 {
            reg = <0x00000000 0x7532a000 0x00000000 0x00161000>;
        };
        memory@7548B000 {
            reg = <0x00000000 0x7548b000 0x00000000 0x00010000>;
        };
        memory@7549B000 {
            reg = <0x00000000 0x7549b000 0x00000000 0x002d1000>;
        };
        memory@7576C000 {
            reg = <0x00000000 0x7576c000 0x00000000 0x00010000>;
        };
        memory@7577C000 {
            reg = <0x00000000 0x7577c000 0x00000000 0x00721000>;
        };
        memory@75E9D000 {
            reg = <0x00000000 0x75e9d000 0x00000000 0x00010000>;
        };
        memory@75EAD000 {
            reg = <0x00000000 0x75ead000 0x00000000 0x00091000>;
        };
        memory@75F3E000 {
            reg = <0x00000000 0x75f3e000 0x00000000 0x00010000>;
        };
        memory@75F4E000 {
            reg = <0x00000000 0x75f4e000 0x00000000 0x000b1000>;
        };
        memory@75FFF000 {
            reg = <0x00000000 0x75fff000 0x00000000 0x00010000>;
        };
        memory@7600F000 {
            reg = <0x00000000 0x7600f000 0x00000000 0x00151000>;
        };
        memory@76160000 {
            reg = <0x00000000 0x76160000 0x00000000 0x00010000>;
        };
        memory@76170000 {
            reg = <0x00000000 0x76170000 0x00000000 0x00091000>;
        };
        memory@76201000 {
            reg = <0x00000000 0x76201000 0x00000000 0x00010000>;
        };
        memory@76211000 {
            reg = <0x00000000 0x76211000 0x00000000 0x00351000>;
        };
        memory@76562000 {
            reg = <0x00000000 0x76562000 0x00000000 0x00010000>;
        };
        memory@76572000 {
            reg = <0x00000000 0x76572000 0x00000000 0x000c1000>;
        };
        memory@76633000 {
            reg = <0x00000000 0x76633000 0x00000000 0x00010000>;
        };
        memory@76643000 {
            reg = <0x00000000 0x76643000 0x00000000 0x00003000>;
        };
        memory@76646000 {
            reg = <0x00000000 0x76646000 0x00000000 0x00001000>;
        };
        memory@76647000 {
            reg = <0x00000000 0x76647000 0x00000000 0x00011000>;
        };
        memory@76658000 {
            reg = <0x00000000 0x76658000 0x00000000 0x00010000>;
        };
        memory@76668000 {
            reg = <0x00000000 0x76668000 0x00000000 0x00002000>;
        };
        memory@7666A000 {
            reg = <0x00000000 0x7666a000 0x00000000 0x00028000>;
        };
        memory@76692000 {
            reg = <0x00000000 0x76692000 0x00000000 0x00009000>;
        };
        memory@7669B000 {
            reg = <0x00000000 0x7669b000 0x00000000 0x00007000>;
        };
        memory@766A2000 {
            reg = <0x00000000 0x766a2000 0x00000000 0x00002000>;
        };
        memory@766A4000 {
            reg = <0x00000000 0x766a4000 0x00000000 0x00005000>;
        };
        memory@766A9000 {
            reg = <0x00000000 0x766a9000 0x00000000 0x00001000>;
        };
        memory@766AA000 {
            reg = <0x00000000 0x766aa000 0x00000000 0x00101000>;
        };
        memory@767AB000 {
            reg = <0x00000000 0x767ab000 0x00000000 0x00001000>;
        };
        memory@767AC000 {
            reg = <0x00000000 0x767ac000 0x00000000 0x00001000>;
        };
        memory@767AD000 {
            reg = <0x00000000 0x767ad000 0x00000000 0x00001000>;
        };
        memory@767AE000 {
            reg = <0x00000000 0x767ae000 0x00000000 0x00001000>;
        };
        memory@767AF000 {
            reg = <0x00000000 0x767af000 0x00000000 0x00001000>;
        };
        memory@767B0000 {
            reg = <0x00000000 0x767b0000 0x00000000 0x00001000>;
        };
        memory@767B1000 {
            reg = <0x00000000 0x767b1000 0x00000000 0x00002000>;
        };
        memory@767B3000 {
            reg = <0x00000000 0x767b3000 0x00000000 0x00002000>;
        };
        memory@767B5000 {
            reg = <0x00000000 0x767b5000 0x00000000 0x00400000>;
        };
        memory@76BB5000 {
            reg = <0x00000000 0x76bb5000 0x00000000 0x00002000>;
        };
        mmio@FEDA1000 {
            reg = <0x00000000 0xfeda1000 0x00000000 0x00001000>;
        };
        mmio@FED90000 {
            reg = <0x00000000 0xfed90000 0x00000000 0x00001000>;
        };
        mmio@FEE00000 {
            reg = <0x00000000 0xfee00000 0x00000000 0x00001000>;
        };
        mmio@E0000000 {
            reg = <0x00000000 0xe0000000 0x00000000 0x10000000>;
        };
        mmio@FF200000 {
            reg = <0x00000000 0xff200000 0x00000000 0x00e00000>;
        };
        memory@76BB7000 {
            reg = <0x00000000 0x76bb7000 0x00000000 0x00081000>;
        };
        memory@76C38000 {
            reg = <0x00000000 0x76c38000 0x00000000 0x00010000>;
        };
        memory@71C6F000 {
            guid = <0x4ed4bf27 0x409242e9 0x807d527b 0x1d00c9bd>;
            reg = <0x00000000 0x71c6f000 0x00000000 0x00080000>;
        };
        memory@76C48000 {
            reg = <0x00000000 0x76c48000 0x00000000 0x00001000>;
        };
        memory@76C4F000 {
            reg = <0x00000000 0x76c4f000 0x00000000 0x00010000>;
        };
        mmio@FC800000 {
            reg = <0x00000000 0xfc800000 0x00000000 0x00080000>;
        };
        mmio@4150000000 {
            reg = <0x00000041 0x50000000 0x00000000 0x02000000>;
        };
        mmio@4152000000 {
            reg = <0x00000041 0x52000000 0x00000000 0x00040000>;
        };
        mmio@4148000000 {
            reg = <0x00000041 0x48000000 0x00000000 0x08000000>;
        };
        mmio@FED00000 {
            reg = <0x00000000 0xfed00000 0x00000000 0x00001000>;
        };
        memory@76C49000 {
            reg = <0x00000000 0x76c49000 0x00000000 0x00005000>;
        };
        mmio@4110000000 {
            reg = <0x00000041 0x10000000 0x00000000 0x10000000>;
        };
        mmio@4100000000 {
            reg = <0x00000041 0x00000000 0x00000000 0x10000000>;
        };
        mmio@FD800000 {
            reg = <0x00000000 0xfd800000 0x00000000 0x01000000>;
        };
    };
    memory@100000 {
        device_type = "memory";
        reg = <0x00000000 0x00100000 0x00000000 0x71b6f000>;
    };
    memory@0 {
        device_type = "memory";
        reg = <0x00000000 0x00000000 0x00000000 0x000a0000>;
    };
    memory@71C6F000 {
        device_type = "memory";
        reg = <0x00000000 0x71c6f000 0x00000000 0x08391000>;
    };
    memory@100000000 {
        device_type = "memory";
        reg = <0x00000001 0x00000000 0x00000007 0x80000000>;
    };
};
