SecCoreStartupWithStack(0xFFFCC000, 0x818000)
SEC: Normal boot
DecompressMemFvs: OutputBuffer@A00000+0xAE0090 ScratchBuffer@1500000+0x10000 PcdOvmfDecompressionScratchEnd=0x1510000
Register PPI Notify: DCD0BE23-9586-40F4-B643-06522CED4EDE
Install PPI: 8C8CE578-8A3D-4F1C-9935-896185C32DD3
Install PPI: 5473C07A-3DCB-4DCA-BD6F-1E9689E7349A
The 0th FV start address is 0x00000820000, size is 0x000E0000, handle is 0x0
Register PPI Notify: 49EDB1C1-BF21-4761-BB12-EB0031AABB39
Register PPI Notify: EA7CA24B-DED5-4DAD-A389-BF827E8F9B38
Install PPI: B9E0ABFE-5979-4914-977F-6DEE78C278A6
Install PPI: DBE23AA9-A345-4B97-85B6-B226F1617389
Loading PEIM at 0x00000835600 EntryPoint=0x00000837BF1 PcdPeim.efi
Install PPI: 06E81C58-4AD7-44BC-8390-F10265F72480
Install PPI: 01F34D25-4DE2-23AD-3FF3-36353FF323F1
Install PPI: 4D8B155B-C059-4C8F-8926-06FD4331DB8A
Install PPI: A60C6B59-E459-425D-9C69-0BCC9CB27D81
Loading PEIM at 0x0000083CDA0 EntryPoint=0x0000083ECA1 ReportStatusCodeRouterPei.efi
Install PPI: 0065D394-9951-4144-82A3-0AFC8579C251
Install PPI: 229832D3-7A30-4B36-B827-F40CB7D45436
Loading PEIM at 0x00000840EA0 EntryPoint=0x00000842E2A StatusCodeHandlerPei.efi
Loading PEIM at 0x00000845CA0 EntryPoint=0x00000849C73 PlatformPei.efi
Select Item: 0x0
FW CFG Signature: 0x554D4551
Select Item: 0x1
FW CFG Revision: 0x3
QemuFwCfg interface (DMA) is supported.
Platform PEIM Loaded
CMOS:
00: 04 00 28 00 13 00 02 25 09 17 26 02 00 80 00 00
10: 00 00 00 00 06 80 02 FF FF 00 00 00 00 00 00 00
20: 00 00 00 00 00 00 00 00 00 00 00 00 00 00 00 00
30: FF FF 20 00 00 7F 00 20 30 00 00 00 00 12 00 00
40: 00 00 00 00 00 00 00 00 00 00 00 00 00 00 00 00
50: 00 00 00 00 00 00 00 00 00 00 00 00 C0 00 00 03
60: 00 00 00 00 00 00 00 00 00 00 00 00 00 00 00 00
70: 00 00 00 00 00 00 00 00 00 00 00 00 00 00 00 00
Select Item: 0x19
Select Item: 0x2C
S3 support was detected on QEMU
Install PPI: 7408D748-FC8C-4EE6-9288-C4BEC092A410
Select Item: 0x19
Select Item: 0x25
ScanOrAdd64BitE820Ram: Base=0xFEFFC000 Length=0x4000 Type=2
ScanOrAdd64BitE820Ram: Base=0x0 Length=0x80000000 Type=1
ScanOrAdd64BitE820Ram: Base=0x100000000 Length=0xC0000000 Type=1
ScanOrAdd64BitE820Ram: MaxAddress=0x1C0000000
Select Item: 0x19
Select Item: 0x19
GetFirstNonAddress: Pci64Base=0x800000000 Pci64Size=0x800000000
Select Item: 0x5
MaxCpuCountInitialization: QEMU reports 4 processor(s)
Q35TsegMbytesInitialization: QEMU offers an extended TSEG (16 MB)
PublishPeiMemory: mPhysMemAddressWidth=36 PeiMemoryCap=65800 KB
PeiInstallPeiMemory MemoryBegin 0x7AF1E000, MemoryLength 0x4042000
QemuInitializeRam called
Select Item: 0x19
Select Item: 0x25
ScanOrAdd64BitE820Ram: Base=0xFEFFC000 Length=0x4000 Type=2
ScanOrAdd64BitE820Ram: Base=0x0 Length=0x80000000 Type=1
ScanOrAdd64BitE820Ram: Base=0x100000000 Length=0xC0000000 Type=1
ScanOrAdd64BitE820Ram: AddMemoryRangeHob [0x100000000, 0x1C0000000)
Platform PEI Firmware Volume Initialization
Install PPI: 49EDB1C1-BF21-4761-BB12-EB0031AABB39
Notify: PPI Guid: 49EDB1C1-BF21-4761-BB12-EB0031AABB39, Peim notify entry point: 82B301
The 1th FV start address is 0x00000900000, size is 0x00A00000, handle is 0x900000
Register PPI Notify: 2AB86EF5-ECB5-4134-B556-3854CA1FE1B4
Select Item: 0x19
Select Item: 0x19
Select Item: 0x19
Select Item: 0x31
Select Item: 0x19
Select Item: 0x26
Register PPI Notify: EE16160A-E8BE-47A6-820A-C6900DB0250A
Temp Stack : BaseAddress=0x814000 Length=0x4000
Temp Heap  : BaseAddress=0x810000 Length=0x4000
Total temporary memory:    32768 bytes.
  temporary memory stack ever used:       16384 bytes.
  temporary memory heap used for HobList: 5928 bytes.
Old Stack size 16384, New stack size 131072
Stack Hob: BaseAddress=0x7AF1E000 Length=0x20000
Heap Offset = 0x7A72E000 Stack Offset = 0x7A726000
TemporaryRamMigration(0x810000, 0x7AF3A000, 0x8000)
Loading PEIM at 0x0007EF49000 EntryPoint=0x0007EF4C9D0 PeiCore.efi
Reinstall PPI: 8C8CE578-8A3D-4F1C-9935-896185C32DD3
Reinstall PPI: 5473C07A-3DCB-4DCA-BD6F-1E9689E7349A
Reinstall PPI: B9E0ABFE-5979-4914-977F-6DEE78C278A6
Install PPI: F894643D-C449-42D1-8EA8-85BDD8C65BDE
Loading PEIM at 0x0007EF3F000 EntryPoint=0x0007EF43412 DxeIpl.efi
Install PPI: 1A36E4E7-FAB6-476A-8E75-695A0576FDD7
Install PPI: 0AE8CE5D-E448-4437-A8D7-EBF5F194F731
Loading PEIM at 0x0007EF35000 EntryPoint=0x0007EF3830E S3Resume2Pei.efi
Install PPI: 6D582DBC-DB85-4514-8FCC-5ADF6227B147
Loading PEIM at 0x0007EF2F000 EntryPoint=0x0007EF31886 SmmAccessPei.efi
SmmAccessPeiEntryPoint: SMRAM map follows, 2 entries
   PhysicalStart(0x)     PhysicalSize(0x)         CpuStart(0x)      RegionState(0x)
            7F000000                 1000             7F000000                   1A
            7F001000               FFF000             7F001000                    A
Install PPI: 268F33A9-CCCD-48BE-8817-86053AC32ED6
Loading PEIM at 0x0007EF20000 EntryPoint=0x0007EF25373 CpuMpPei.efi
AP Loop Mode is 1
WakeupBufferStart = 9F000, WakeupBufferSize = 1000
TimedWaitForApFinish: reached FinishedApLimit=3 in 0 microseconds
APIC MODE is 1
MpInitLib: Find 4 processors in system.
Does not find any stored CPU BIST information from PPI!
  APICID - 0x00000000, BIST - 0x00000000
  APICID - 0x00000001, BIST - 0x00000000
  APICID - 0x00000002, BIST - 0x00000000
  APICID - 0x00000003, BIST - 0x00000000
Install PPI: 9E9F374B-8F16-4230-9824-5846EE766A97
Install PPI: EE16160A-E8BE-47A6-820A-C6900DB0250A
Notify: PPI Guid: EE16160A-E8BE-47A6-820A-C6900DB0250A, Peim notify entry point: 84DE48
PlatformPei: OnMpServicesAvailable
Loading PEIM at 0x0007EEFA000 EntryPoint=0x0007EEFBF41 FaultTolerantWritePei.efi
Install PPI: 1D3E9CB8-43AF-490B-830A-3516AA532047
Loading PEIM at 0x0007EEF4000 EntryPoint=0x0007EEF6211 PeiVariable.efi
Install PPI: 2AB86EF5-ECB5-4134-B556-3854CA1FE1B4
Notify: PPI Guid: 2AB86EF5-ECB5-4134-B556-3854CA1FE1B4, Peim notify entry point: 84F54C
PlatformPei: OnReadOnlyVariable2Available
DXE IPL Entry
Loading PEIM at 0x0007EEBA000 EntryPoint=0x0007EEBEDA3 DxeCore.efi
Loading DXE CORE at 0x0007EEBA000 EntryPoint=0x0007EEBEDA3
Install PPI: 605EA650-C65C-42E1-BA80-91A52AB618C6
HandOffToDxeCore() Stack Base: 0x7EE9A000, Stack Size: 0x20000
CoreInitializeMemoryServices:
  BaseAddress - 0x7AF41000 Length - 0x3F16000 MinimalMemorySizeNeeded - 0x2617000
InstallProtocolInterface: 5B1B31A1-9562-11D2-8E3F-00A0C969723B 7EEF06A8
ProtectUefiImageCommon - 0x7EEF06A8
  - 0x000000007EEBA000 - 0x000000000003A000
HOBLIST address in DXE = 0x7E615018
Memory Allocation 0x0000000A 0x7EF60000 - 0x7EFFFFFF
Memory Allocation 0x0000000A 0x810000 - 0x817FFF
Memory Allocation 0x0000000A 0x807000 - 0x807FFF
Memory Allocation 0x00000000 0x7F000000 - 0x7FFFFFFF
Memory Allocation 0x0000000A 0x820000 - 0x8FFFFF
Memory Allocation 0x0000000A 0x900000 - 0x12FFFFF
Memory Allocation 0x0000000A 0x1300000 - 0x150FFFF
Memory Allocation 0x00000000 0x80000000 - 0x8FFFFFFF
Memory Allocation 0x00000004 0x7EE9A000 - 0x7EEB9FFF
Memory Allocation 0x00000003 0x7EF5F000 - 0x7EF5FFFF
Memory Allocation 0x00000003 0x7EF49000 - 0x7EF5EFFF
Memory Allocation 0x00000003 0x7EF3F000 - 0x7EF48FFF
Memory Allocation 0x00000003 0x7EF35000 - 0x7EF3EFFF
Memory Allocation 0x00000003 0x7EF2F000 - 0x7EF34FFF
Memory Allocation 0x00000003 0x7EF20000 - 0x7EF2EFFF
Memory Allocation 0x00000004 0x7EEFF000 - 0x7EF1FFFF
Memory Allocation 0x00000003 0x7EEFA000 - 0x7EEFEFFF
Memory Allocation 0x00000003 0x7EEF4000 - 0x7EEF9FFF
Memory Allocation 0x00000003 0x7EEBA000 - 0x7EEF3FFF
Memory Allocation 0x00000003 0x7EEBA000 - 0x7EEF3FFF
Memory Allocation 0x00000004 0x7EE9A000 - 0x7EEB9FFF
Memory Allocation 0x00000004 0x7EE58000 - 0x7EE99FFF
Memory Allocation 0x00000004 0x7AF1E000 - 0x7AF3DFFF
Memory Allocation 0x00000004 0x7EE57000 - 0x7EE57FFF
FV Hob            0x900000 - 0x12FFFFF
InstallProtocolInterface: D8117CFE-94A6-11D4-9A3A-0090273FC14D 7EEF1C30
InstallProtocolInterface: 8F644FA9-E850-4DB1-9CE2-0B44698E8DA4 7E611D30
InstallProtocolInterface: 09576E91-6D3F-11D2-8E39-00A0C969723B 7E610018
InstallProtocolInterface: 220E73B6-6BDB-4413-8405-B974B108619A 7E6100B0
InstallProtocolInterface: EE4E5898-3914-4259-9D6E-DC7BD79403CF 7EEF0640
Loading driver 9B680FCE-AD6B-4F3A-B60B-F59899003443
InstallProtocolInterface: 5B1B31A1-9562-11D2-8E3F-00A0C969723B 7E0137C0
Loading driver at 0x0007ECA4000 EntryPoint=0x0007ECB0072 DevicePathDxe.efi
InstallProtocolInterface: BC62157E-3E33-4FEC-9920-2D3B36D750DF 7E013718
ProtectUefiImageCommon - 0x7E0137C0
  - 0x000000007ECA4000 - 0x0000000000010840
InstallProtocolInterface: 0379BE4E-D706-437D-B037-EDB82FB772A4 7ECB44C0
InstallProtocolInterface: 8B843E20-8132-4852-90CC-551A4E4A7F1C 7ECB4500
InstallProtocolInterface: 05C99A21-C70F-4AD2-8A5F-35DF3343F51E 7ECB4510
Loading driver 80CF7257-87AB-47F9-A3FE-D50B76D89541
InstallProtocolInterface: 5B1B31A1-9562-11D2-8E3F-00A0C969723B 7E012B40
Loading driver at 0x0007EC99000 EntryPoint=0x0007EC9C651 PcdDxe.efi
InstallProtocolInterface: BC62157E-3E33-4FEC-9920-2D3B36D750DF 7E012E18
ProtectUefiImageCommon - 0x7E012B40
  - 0x000000007EC99000 - 0x000000000000A840
InstallProtocolInterface: 11B34006-D85B-4D0A-A290-D5A571310EF7 7ECA3460
InstallProtocolInterface: 13A3F0F6-264A-3EF0-F2E0-DEC512342F34 7ECA3560
InstallProtocolInterface: 5BE40F57-FA68-4610-BBBF-E9C5FCDAD365 7ECA35F0
InstallProtocolInterface: FD0F4478-0EFD-461D-BA2D-E58C45FD5F5E 7ECA3610
Loading driver 2EC9DA37-EE35-4DE9-86C5-6D9A81DC38A7
InstallProtocolInterface: 5B1B31A1-9562-11D2-8E3F-00A0C969723B 7E011BC0
Loading driver at 0x0007EC93000 EntryPoint=0x0007EC95632 AmdSevDxe.efi
InstallProtocolInterface: BC62157E-3E33-4FEC-9920-2D3B36D750DF 7E011A18
ProtectUefiImageCommon - 0x7E011BC0
  - 0x000000007EC93000 - 0x0000000000005780
Error: Image at 0007EC93000 start failed: Unsupported
Loading driver D93CE3D8-A7EB-4730-8C8E-CC466A9ECC3C
InstallProtocolInterface: 5B1B31A1-9562-11D2-8E3F-00A0C969723B 7E011BC0
Loading driver at 0x0007ED52000 EntryPoint=0x0007ED56245 ReportStatusCodeRouterRuntimeDxe.efi
InstallProtocolInterface: BC62157E-3E33-4FEC-9920-2D3B36D750DF 7E011998
ProtectUefiImageCommon - 0x7E011BC0
  - 0x000000007ED52000 - 0x000000000000A000
InstallProtocolInterface: 86212936-0E76-41C8-A03A-2AF2FC1C39E2 7ED5A160
InstallProtocolInterface: D2B2B828-0826-48A7-B3DF-983C006024F0 7ED5A150
Loading driver B601F8C4-43B7-4784-95B1-F4226CB40CEE
InstallProtocolInterface: 5B1B31A1-9562-11D2-8E3F-00A0C969723B 7E004040
Loading driver at 0x0007ED49000 EntryPoint=0x0007ED4CBFC RuntimeDxe.efi
InstallProtocolInterface: BC62157E-3E33-4FEC-9920-2D3B36D750DF 7E011498
ProtectUefiImageCommon - 0x7E004040
  - 0x000000007ED49000 - 0x0000000000009000
InstallProtocolInterface: B7DFB4E1-052F-449F-87BE-9818FC91B733 7ED50140
Loading driver F80697E9-7FD6-4665-8646-88E33EF71DFC
InstallProtocolInterface: 5B1B31A1-9562-11D2-8E3F-00A0C969723B 7E0043C0
Loading driver at 0x0007EC0A000 EntryPoint=0x0007EC6BEB5 SecurityStubDxe.efi
InstallProtocolInterface: BC62157E-3E33-4FEC-9920-2D3B36D750DF 7E004618
ProtectUefiImageCommon - 0x7E0043C0
  - 0x000000007EC0A000 - 0x000000000008EF40
InstallProtocolInterface: 94AB2F58-1438-4EF1-9152-18941A3A0E68 7EC95B78
InstallProtocolInterface: A46423E3-4617-49F1-B9FF-D1BFA9115839 7EC95B70
InstallProtocolInterface: 15853D7C-3DDF-43E0-A1CB-EBF85B8F872C 7EC95B80
Loading driver 13AC6DD0-73D0-11D4-B06B-00AA00BD6DE7
InstallProtocolInterface: 5B1B31A1-9562-11D2-8E3F-00A0C969723B 7E00E2C0
Loading driver at 0x0007EBFF000 EntryPoint=0x0007EC01725 EbcDxe.efi
InstallProtocolInterface: BC62157E-3E33-4FEC-9920-2D3B36D750DF 7E00EA18
ProtectUefiImageCommon - 0x7E00E2C0
  - 0x000000007EBFF000 - 0x000000000000A5A0
InstallProtocolInterface: 13AC6DD1-73D0-11D4-B06B-00AA00BD6DE7 7E00E718
InstallProtocolInterface: 2755590C-6F3C-42FA-9EA4-A3BA543CDA25 7E00E898
InstallProtocolInterface: AAEACCFD-F27B-4C17-B610-75CA1F2DFB52 7E00DE98
Loading driver 79CA4208-BBA1-4A9A-8456-E1E66A81484E
InstallProtocolInterface: 5B1B31A1-9562-11D2-8E3F-00A0C969723B 7E00D0C0
Loading driver at 0x0007EBFA000 EntryPoint=0x0007EBFC0A0 Legacy8259.efi
InstallProtocolInterface: BC62157E-3E33-4FEC-9920-2D3B36D750DF 7E00DA98
ProtectUefiImageCommon - 0x7E00D0C0
  - 0x000000007EBFA000 - 0x0000000000004120
InstallProtocolInterface: 38321DBA-4FE0-4E17-8AEC-413055EAEDC1 7EBFDF60
Loading driver A19B1FE7-C1BC-49F8-875F-54A5D542443F
InstallProtocolInterface: 5B1B31A1-9562-11D2-8E3F-00A0C969723B 7E00D4C0
Loading driver at 0x0007EBF5000 EntryPoint=0x0007EBF74F0 CpuIo2Dxe.efi
InstallProtocolInterface: BC62157E-3E33-4FEC-9920-2D3B36D750DF 7E00D818
ProtectUefiImageCommon - 0x7E00D4C0
  - 0x000000007EBF5000 - 0x00000000000047E0
InstallProtocolInterface: AD61F191-AE5F-4C0E-B9FA-E869D288C64F 7EBF9680
Loading driver 1A1E4886-9517-440E-9FDE-3BE44CEE2136
InstallProtocolInterface: 5B1B31A1-9562-11D2-8E3F-00A0C969723B 7E0070C0
Loading driver at 0x0007EBDE000 EntryPoint=0x0007EBE6DD2 CpuDxe.efi
InstallProtocolInterface: BC62157E-3E33-4FEC-9920-2D3B36D750DF 7E007A98
ProtectUefiImageCommon - 0x7E0070C0
  - 0x000000007EBDE000 - 0x00000000000168C0
CurrentPagingContext:
  MachineType   - 0x8664
  PageTableBase - 0x7EE58000
  Attributes    - 0x40000002
InstallProtocolInterface: 26BACCB1-6F42-11D4-BCE7-0080C73C8881 7EBF44C0
MemoryProtectionCpuArchProtocolNotify:
ProtectUefiImageCommon - 0x7EEF06A8
  - 0x000000007EEBA000 - 0x000000000003A000
ProtectUefiImageCommon - 0x7E0137C0
  - 0x000000007ECA4000 - 0x0000000000010840
ProtectUefiImageCommon - 0x7E012B40
  - 0x000000007EC99000 - 0x000000000000A840
ProtectUefiImageCommon - 0x7E011BC0
  - 0x000000007ED52000 - 0x000000000000A000
SetUefiImageMemoryAttributes - 0x000000007ED52000 - 0x0000000000001000 (0x0000000000004000)
Split - 0x7E008000
SetUefiImageMemoryAttributes - 0x000000007ED53000 - 0x0000000000007000 (0x0000000000020000)
ConvertPageEntryAttribute 0x7ED53063->0x7ED53061
ConvertPageEntryAttribute 0x7ED54063->0x7ED54061
ConvertPageEntryAttribute 0x7ED55063->0x7ED55061
ConvertPageEntryAttribute 0x7ED56063->0x7ED56061
ConvertPageEntryAttribute 0x7ED57063->0x7ED57061
ConvertPageEntryAttribute 0x7ED58063->0x7ED58061
ConvertPageEntryAttribute 0x7ED59063->0x7ED59061
SetUefiImageMemoryAttributes - 0x000000007ED5A000 - 0x0000000000002000 (0x0000000000004000)
ProtectUefiImageCommon - 0x7E004040
  - 0x000000007ED49000 - 0x0000000000009000
SetUefiImageMemoryAttributes - 0x000000007ED49000 - 0x0000000000001000 (0x0000000000004000)
SetUefiImageMemoryAttributes - 0x000000007ED4A000 - 0x0000000000006000 (0x0000000000020000)
ConvertPageEntryAttribute 0x7ED4A063->0x7ED4A061
ConvertPageEntryAttribute 0x7ED4B063->0x7ED4B061
ConvertPageEntryAttribute 0x7ED4C063->0x7ED4C061
ConvertPageEntryAttribute 0x7ED4D063->0x7ED4D061
ConvertPageEntryAttribute 0x7ED4E063->0x7ED4E061
ConvertPageEntryAttribute 0x7ED4F063->0x7ED4F061
SetUefiImageMemoryAttributes - 0x000000007ED50000 - 0x0000000000002000 (0x0000000000004000)
ProtectUefiImageCommon - 0x7E0043C0
  - 0x000000007EC0A000 - 0x000000000008EF40
ProtectUefiImageCommon - 0x7E00E2C0
  - 0x000000007EBFF000 - 0x000000000000A5A0
ProtectUefiImageCommon - 0x7E00D0C0
  - 0x000000007EBFA000 - 0x0000000000004120
ProtectUefiImageCommon - 0x7E00D4C0
  - 0x000000007EBF5000 - 0x00000000000047E0
ProtectUefiImageCommon - 0x7E0070C0
  - 0x000000007EBDE000 - 0x00000000000168C0
  Flushing GCD
  Flushing GCD
  Flushing GCD
  Flushing GCD
  Flushing GCD
  Flushing GCD
  Flushing GCD
  Flushing GCD
  Flushing GCD
  Flushing GCD
  Flushing GCD
  Flushing GCD
  Flushing GCD
  Flushing GCD
  Flushing GCD
  Flushing GCD
  Flushing GCD
  Flushing GCD
  Flushing GCD
  Flushing GCD
Update memory space attribute: [02] 000000007ED4A000 - 000000007ED4AFFF (00000008 -> 00020008)
  Flushing GCD
Update memory space attribute: [02] 000000007ED4B000 - 000000007ED4BFFF (00000008 -> 00020008)
  Flushing GCD
Update memory space attribute: [02] 000000007ED4C000 - 000000007ED4CFFF (00000008 -> 00020008)
  Flushing GCD
Update memory space attribute: [02] 000000007ED4D000 - 000000007ED4DFFF (00000008 -> 00020008)
  Flushing GCD
Update memory space attribute: [02] 000000007ED4E000 - 000000007ED4EFFF (00000008 -> 00020008)
  Flushing GCD
Update memory space attribute: [02] 000000007ED4F000 - 000000007ED4FFFF (00000008 -> 00020008)
  Flushing GCD
Update memory space attribute: [02] 000000007ED53000 - 000000007ED53FFF (00000008 -> 00020008)
  Flushing GCD
Update memory space attribute: [02] 000000007ED54000 - 000000007ED54FFF (00000008 -> 00020008)
  Flushing GCD
Update memory space attribute: [02] 000000007ED55000 - 000000007ED55FFF (00000008 -> 00020008)
  Flushing GCD
Update memory space attribute: [02] 000000007ED56000 - 000000007ED56FFF (00000008 -> 00020008)
  Flushing GCD
Update memory space attribute: [02] 000000007ED57000 - 000000007ED57FFF (00000008 -> 00020008)
  Flushing GCD
Update memory space attribute: [02] 000000007ED58000 - 000000007ED58FFF (00000008 -> 00020008)
  Flushing GCD
Update memory space attribute: [02] 000000007ED59000 - 000000007ED59FFF (00000008 -> 00020008)
AP Loop Mode is 1
WakeupBufferStart = 9F000, WakeupBufferSize = 21D
Detect CPU count: 4
InstallProtocolInterface: 3FDDA605-A76E-4F46-AD29-12F4531B3D08 7EBF4580
Loading driver F6697AC4-A776-4EE1-B643-1FEFF2B615BB
InstallProtocolInterface: 5B1B31A1-9562-11D2-8E3F-00A0C969723B 7E0064C0
Loading driver at 0x0007EBD9000 EntryPoint=0x0007EBDB372 IncompatiblePciDeviceSupportDxe.efi
InstallProtocolInterface: BC62157E-3E33-4FEC-9920-2D3B36D750DF 7E006D98
ProtectUefiImageCommon - 0x7E0064C0
  - 0x000000007EBD9000 - 0x0000000000004540
InstallProtocolInterface: EB23F55A-7863-4AC2-8D3D-956535DE0375 7EBDD3E0
Loading driver 11A6EDF6-A9BE-426D-A6CC-B22FE51D9224
InstallProtocolInterface: 5B1B31A1-9562-11D2-8E3F-00A0C969723B 7E005B40
Loading driver at 0x0007EBD3000 EntryPoint=0x0007EBD618A PciHotPlugInitDxe.efi
InstallProtocolInterface: BC62157E-3E33-4FEC-9920-2D3B36D750DF 7E005E98
ProtectUefiImageCommon - 0x7E005B40
  - 0x000000007EBD3000 - 0x0000000000005FA0
InstallProtocolInterface: AA0E8BC1-DABC-46B0-A844-37B8169B2BEA 7EBD8E70
Loading driver 4B28E4C7-FF36-4E10-93CF-A82159E777C5
InstallProtocolInterface: 5B1B31A1-9562-11D2-8E3F-00A0C969723B 7E005140
Loading driver at 0x0007ED3F000 EntryPoint=0x0007ED4364A ResetSystemRuntimeDxe.efi
InstallProtocolInterface: BC62157E-3E33-4FEC-9920-2D3B36D750DF 7E005618
ProtectUefiImageCommon - 0x7E005140
  - 0x000000007ED3F000 - 0x000000000000A000
SetUefiImageMemoryAttributes - 0x000000007ED3F000 - 0x0000000000001000 (0x0000000000004008)
SetUefiImageMemoryAttributes - 0x000000007ED40000 - 0x0000000000007000 (0x0000000000020008)
ConvertPageEntryAttribute 0x7ED40063->0x7ED40061
ConvertPageEntryAttribute 0x7ED41063->0x7ED41061
ConvertPageEntryAttribute 0x7ED42063->0x7ED42061
ConvertPageEntryAttribute 0x7ED43063->0x7ED43061
ConvertPageEntryAttribute 0x7ED44063->0x7ED44061
ConvertPageEntryAttribute 0x7ED45063->0x7ED45061
ConvertPageEntryAttribute 0x7ED46063->0x7ED46061
SetUefiImageMemoryAttributes - 0x000000007ED47000 - 0x0000000000002000 (0x0000000000004008)
InstallProtocolInterface: 27CFAC88-46CC-11D4-9A38-0090273FC14D 0
InstallProtocolInterface: 9DA34AE0-EAF9-4BBF-8EC3-FD60226C44BE 7ED47148
Loading driver C8339973-A563-4561-B858-D8476F9DEFC4
InstallProtocolInterface: 5B1B31A1-9562-11D2-8E3F-00A0C969723B 7DBDC7C0
Loading driver at 0x0007EBCE000 EntryPoint=0x0007EBD04C5 Metronome.efi
InstallProtocolInterface: BC62157E-3E33-4FEC-9920-2D3B36D750DF 7DBDC118
ProtectUefiImageCommon - 0x7DBDC7C0
  - 0x000000007EBCE000 - 0x00000000000047C0
InstallProtocolInterface: 26BACCB2-6F42-11D4-BCE7-0080C73C8881 7EBD2660
Loading driver 79E4A61C-ED73-4312-94FE-E3E7563362A9
InstallProtocolInterface: 5B1B31A1-9562-11D2-8E3F-00A0C969723B 7DBD6040
Loading driver at 0x0007EBC9000 EntryPoint=0x0007EBCBB15 PrintDxe.efi
InstallProtocolInterface: BC62157E-3E33-4FEC-9920-2D3B36D750DF 7DBDC398
ProtectUefiImageCommon - 0x7DBD6040
  - 0x000000007EBC9000 - 0x0000000000004900
InstallProtocolInterface: F05976EF-83F1-4F3D-8619-F7595D41E538 7EBCD700
InstallProtocolInterface: 0CC252D2-C106-4661-B5BD-3147A4F81F92 7EBCD760
Loading driver 348C4D62-BFBD-4882-9ECE-C80BB1C4783B
InstallProtocolInterface: 5B1B31A1-9562-11D2-8E3F-00A0C969723B 7DBD6340
Loading driver at 0x0007EB9E000 EntryPoint=0x0007EBA3C0E HiiDatabase.efi
InstallProtocolInterface: BC62157E-3E33-4FEC-9920-2D3B36D750DF 7DBD6A98
ProtectUefiImageCommon - 0x7DBD6340
  - 0x000000007EB9E000 - 0x000000000002A8E0
InstallProtocolInterface: E9CA4775-8657-47FC-97E7-7ED65A084324 7EBC84E8
InstallProtocolInterface: 0FD96974-23AA-4CDC-B9CB-98D17750322A 7EBC8560
InstallProtocolInterface: EF9FC172-A1B2-4693-B327-6D32FC416042 7EBC8588
InstallProtocolInterface: 587E72D7-CC50-4F79-8209-CA291FC1A10F 7EBC85E0
InstallProtocolInterface: 0A8BADD5-03B8-4D19-B128-7B8F0EDAA596 7EBC8610
InstallProtocolInterface: 31A6406A-6BDF-4E46-B2A2-EBAA89C40920 7EBC8508
InstallProtocolInterface: 1A1241E6-8F19-41A9-BC0E-E8EF39E06546 7EBC8530
Loading driver 96B5C032-DF4C-4B6E-8232-438DCF448D0E
InstallProtocolInterface: 5B1B31A1-9562-11D2-8E3F-00A0C969723B 7DBDB7C0
Loading driver at 0x0007EB99000 EntryPoint=0x0007EB9B461 NullMemoryTestDxe.efi
InstallProtocolInterface: BC62157E-3E33-4FEC-9920-2D3B36D750DF 7DBDB598
ProtectUefiImageCommon - 0x7DBDB7C0
  - 0x000000007EB99000 - 0x00000000000049A0
InstallProtocolInterface: 309DE7F1-7F5E-4ACE-B49C-531BE5AA95EF 7EB9D800
Loading driver 9622E42C-8E38-4A08-9E8F-54F784652F6B
InstallProtocolInterface: 5B1B31A1-9562-11D2-8E3F-00A0C969723B 7DBDA040
Loading driver at 0x0007EB8C000 EntryPoint=0x0007EB8EB19 AcpiTableDxe.efi
InstallProtocolInterface: BC62157E-3E33-4FEC-9920-2D3B36D750DF 7DBDAD18
ProtectUefiImageCommon - 0x7DBDA040
  - 0x000000007EB8C000 - 0x000000000000C1C0
InstallProtocolInterface: FFE06BDD-6107-46A6-7BB2-5A9C7EC5275C 7DBDAB20
InstallProtocolInterface: EB97088E-CFDF-49C6-BE4B-D906A5B20E86 7DBDAB30
Loading driver BDCE85BB-FBAA-4F4E-9264-501A2C249581
InstallProtocolInterface: 5B1B31A1-9562-11D2-8E3F-00A0C969723B 7DBDA4C0
Loading driver at 0x0007EB80000 EntryPoint=0x0007EB83757 S3SaveStateDxe.efi
InstallProtocolInterface: BC62157E-3E33-4FEC-9920-2D3B36D750DF 7DBDA818
ProtectUefiImageCommon - 0x7DBDA4C0
  - 0x000000007EB80000 - 0x000000000000B480
InstallProtocolInterface: E857CAF6-C046-45DC-BE3F-EE0765FBA887 7EB8B280
Loading driver A210F973-229D-4F4D-AA37-9895E6C9EABA
InstallProtocolInterface: 5B1B31A1-9562-11D2-8E3F-00A0C969723B 7DBD91C0
Loading driver at 0x0007EB7B000 EntryPoint=0x0007EB7D410 DpcDxe.efi
InstallProtocolInterface: BC62157E-3E33-4FEC-9920-2D3B36D750DF 7DBD9B98
ProtectUefiImageCommon - 0x7DBD91C0
  - 0x000000007EB7B000 - 0x0000000000004600
InstallProtocolInterface: 480F8AE9-0C46-4AA9-BC89-DB9FBA619806 7EB7F280
Loading driver 22EA234F-E72A-11E4-91F9-28D2447C4829
InstallProtocolInterface: 5B1B31A1-9562-11D2-8E3F-00A0C969723B 7DBD8040
Loading driver at 0x0007EB75000 EntryPoint=0x0007EB776C5 HttpUtilitiesDxe.efi
InstallProtocolInterface: BC62157E-3E33-4FEC-9920-2D3B36D750DF 7DBD9698
ProtectUefiImageCommon - 0x7DBD8040
  - 0x000000007EB75000 - 0x0000000000005720
InstallProtocolInterface: 3E35C163-4074-45DD-431E-23989DD86B32 7EB7A5C0
Loading driver 8657015B-EA43-440D-949A-AF3BE365C0FC
InstallProtocolInterface: 5B1B31A1-9562-11D2-8E3F-00A0C969723B 7DBD89C0
Loading driver at 0x0007EB6E000 EntryPoint=0x0007EB715A6 IoMmuDxe.efi
InstallProtocolInterface: BC62157E-3E33-4FEC-9920-2D3B36D750DF 7DBD8918
ProtectUefiImageCommon - 0x7DBD89C0
  - 0x000000007EB6E000 - 0x0000000000006740
InstallProtocolInterface: F8775D50-8ABD-4ADF-92AC-853E51F6C8DC 0
Loading driver AC95AD3D-4366-44BF-9A62-E4B29D7A2206
InstallProtocolInterface: 5B1B31A1-9562-11D2-8E3F-00A0C969723B 7DBD7040
Loading driver at 0x0007EB69000 EntryPoint=0x0007EB6B969 SmmAccess2Dxe.efi
InstallProtocolInterface: BC62157E-3E33-4FEC-9920-2D3B36D750DF 7DBD8498
ProtectUefiImageCommon - 0x7DBD7040
  - 0x000000007EB69000 - 0x0000000000004C00
InstallProtocolInterface: C2702B74-800C-4131-8746-8FB5B89CE4AC 7EB6DAA0
Loading driver 6C2004EF-4E0E-4BE4-B14C-340EB4AA5891
InstallProtocolInterface: 5B1B31A1-9562-11D2-8E3F-00A0C969723B 7DBD7AC0
Loading driver at 0x0007ED36000 EntryPoint=0x0007ED3974D StatusCodeHandlerRuntimeDxe.efi
InstallProtocolInterface: BC62157E-3E33-4FEC-9920-2D3B36D750DF 7DBD7998
ProtectUefiImageCommon - 0x7DBD7AC0
  - 0x000000007ED36000 - 0x0000000000009000
SetUefiImageMemoryAttributes - 0x000000007ED36000 - 0x0000000000001000 (0x0000000000004008)
SetUefiImageMemoryAttributes - 0x000000007ED37000 - 0x0000000000006000 (0x0000000000020008)
ConvertPageEntryAttribute 0x7ED37063->0x7ED37061
ConvertPageEntryAttribute 0x7ED38063->0x7ED38061
ConvertPageEntryAttribute 0x7ED39063->0x7ED39061
ConvertPageEntryAttribute 0x7ED3A063->0x7ED3A061
ConvertPageEntryAttribute 0x7ED3B063->0x7ED3B061
ConvertPageEntryAttribute 0x7ED3C063->0x7ED3C061
SetUefiImageMemoryAttributes - 0x000000007ED3D000 - 0x0000000000002000 (0x0000000000004008)
Loading driver F2765DEC-6B41-11D5-8E71-00902707B35E
InstallProtocolInterface: 5B1B31A1-9562-11D2-8E3F-00A0C969723B 7DBD5140
Loading driver at 0x0007EB64000 EntryPoint=0x0007EB66120 Timer.efi
InstallProtocolInterface: BC62157E-3E33-4FEC-9920-2D3B36D750DF 7DBD5B18
ProtectUefiImageCommon - 0x7DBD5140
  - 0x000000007EB64000 - 0x00000000000041C0
InstallProtocolInterface: 26BACCB3-6F42-11D4-BCE7-0080C73C8881 7EB68040
Loading driver 128FB770-5E79-4176-9E51-9BB268A17DD1
InstallProtocolInterface: 5B1B31A1-9562-11D2-8E3F-00A0C969723B 7DBD5440
Loading driver at 0x0007EB54000 EntryPoint=0x0007EB590F7 PciHostBridgeDxe.efi
InstallProtocolInterface: BC62157E-3E33-4FEC-9920-2D3B36D750DF 7DBD5798
ProtectUefiImageCommon - 0x7DBD5440
  - 0x000000007EB54000 - 0x000000000000FFC0
Select Item: 0x0
FW CFG Signature: 0x554D4551
Select Item: 0x1
FW CFG Revision: 0x3
QemuFwCfg interface (DMA) is supported.
Select Item: 0x19
InitRootBridge: populated root bus 0, with room for 255 subordinate bus(es)
RootBridge: PciRoot(0x0)
  Support/Attr: 70069 / 70069
    DmaAbove4G: No
NoExtConfSpace: No
     AllocAttr: 3 (CombineMemPMem Mem64Decode)
           Bus: 0 - FF
            Io: 6000 - FFFF
           Mem: 90000000 - FBFFFFFF
    MemAbove4G: 800000000 - FFFFFFFFF
          PMem: FFFFFFFFFFFFFFFF - 0
   PMemAbove4G: FFFFFFFFFFFFFFFF - 0
PciHostBridgeDxe: IntersectMemoryDescriptor: add [800000000, 1000000000): Success
InstallProtocolInterface: CF8034BE-6768-4D8B-B739-7CCE683A9FBE 7DBD4D40
InstallProtocolInterface: 09576E91-6D3F-11D2-8E39-00A0C969723B 7DBD4E18
InstallProtocolInterface: 2F707EBB-4A1A-11D4-9A38-0090273FC14D 7DBD4340
Loading driver EBF342FE-B1D3-4EF8-957C-8048606FF671
InstallProtocolInterface: 5B1B31A1-9562-11D2-8E3F-00A0C969723B 7DBD4540
Loading driver at 0x0007EB2E000 EntryPoint=0x0007EB336A3 SetupBrowser.efi
InstallProtocolInterface: BC62157E-3E33-4FEC-9920-2D3B36D750DF 7DBADB18
ProtectUefiImageCommon - 0x7DBD4540
  - 0x000000007EB2E000 - 0x00000000000257C0
InstallProtocolInterface: B9D4C360-BCFB-4F9B-9298-53C136982258 7EB532F0
InstallProtocolInterface: A770C357-B693-4E6D-A6CF-D21C728E550B 7EB53320
InstallProtocolInterface: 1F73B18D-4630-43C1-A1DE-6F80855D7DA4 7EB53300
Loading driver F9D88642-0737-49BC-81B5-6889CD57D9EA
InstallProtocolInterface: 5B1B31A1-9562-11D2-8E3F-00A0C969723B 7DBAD240
Loading driver at 0x0007EB24000 EntryPoint=0x0007EB2809D SmbiosDxe.efi
InstallProtocolInterface: BC62157E-3E33-4FEC-9920-2D3B36D750DF 7DBAD598
ProtectUefiImageCommon - 0x7DBAD240
  - 0x000000007EB24000 - 0x0000000000009BA0
Select Item: 0x0
FW CFG Signature: 0x554D4551
Select Item: 0x1
FW CFG Revision: 0x3
QemuFwCfg interface (DMA) is supported.
Select Item: 0x19
Select Item: 0x19
Select Item: 0x27
DetectSmbiosVersion: SMBIOS version from QEMU: 0x0208
InstallProtocolInterface: 03583FF6-CB36-4940-947E-B9B39F4AFAF7 7EB2DA10
Loading driver 49970331-E3FA-4637-9ABC-3B7868676970
InstallProtocolInterface: 5B1B31A1-9562-11D2-8E3F-00A0C969723B 7DBC90C0
Loading driver at 0x0007EB16000 EntryPoint=0x0007EB19A2B AcpiPlatform.efi
InstallProtocolInterface: BC62157E-3E33-4FEC-9920-2D3B36D750DF 7DBC9B18
ProtectUefiImageCommon - 0x7DBC90C0
  - 0x000000007EB16000 - 0x000000000000D820
Select Item: 0x0
FW CFG Signature: 0x554D4551
Select Item: 0x1
FW CFG Revision: 0x3
QemuFwCfg interface (DMA) is supported.
AcpiPlatformEntryPoint: waiting for root bridges to be connected, registered callback
Loading driver F74D20EE-37E7-48FC-97F7-9B1047749C69
InstallProtocolInterface: 5B1B31A1-9562-11D2-8E3F-00A0C969723B 7DBC94C0
Loading driver at 0x0007EB0F000 EntryPoint=0x0007EB11060 LogoDxe.efi
InstallProtocolInterface: BC62157E-3E33-4FEC-9920-2D3B36D750DF 7DBCC018
InstallProtocolInterface: 6A1EE763-D47A-43B4-AABE-EF1DE2AB56FC 7EB12CB0
ProtectUefiImageCommon - 0x7DBC94C0
  - 0x000000007EB0F000 - 0x0000000000006C00
InstallProtocolInterface: 53CD299F-2BC1-40C0-8C07-23F64FDB30E0 7EB12B78
Loading driver 1206F7CA-A475-4624-A83E-E6FC9BB38E49
InstallProtocolInterface: 5B1B31A1-9562-11D2-8E3F-00A0C969723B 7DBCC5C0
Loading driver at 0x0007ED2B000 EntryPoint=0x0007ED304C6 SmmControl2Dxe.efi
InstallProtocolInterface: BC62157E-3E33-4FEC-9920-2D3B36D750DF 7DBD0B18
ProtectUefiImageCommon - 0x7DBCC5C0
  - 0x000000007ED2B000 - 0x000000000000B000
SetUefiImageMemoryAttributes - 0x000000007ED2B000 - 0x0000000000001000 (0x0000000000004008)
SetUefiImageMemoryAttributes - 0x000000007ED2C000 - 0x0000000000008000 (0x0000000000020008)
ConvertPageEntryAttribute 0x7ED2C063->0x7ED2C061
ConvertPageEntryAttribute 0x7ED2D063->0x7ED2D061
ConvertPageEntryAttribute 0x7ED2E063->0x7ED2E061
ConvertPageEntryAttribute 0x7ED2F063->0x7ED2F061
ConvertPageEntryAttribute 0x7ED30063->0x7ED30061
ConvertPageEntryAttribute 0x7ED31063->0x7ED31061
ConvertPageEntryAttribute 0x7ED32063->0x7ED32061
ConvertPageEntryAttribute 0x7ED33063->0x7ED33061
SetUefiImageMemoryAttributes - 0x000000007ED34000 - 0x0000000000002000 (0x0000000000004008)
Select Item: 0x0
FW CFG Signature: 0x554D4551
Select Item: 0x1
FW CFG Revision: 0x3
QemuFwCfg interface (DMA) is supported.
Select Item: 0x19
Select Item: 0x19
Select Item: 0x19
Select Item: 0x2B
Select Item: 0x2A
Select Item: 0x29
NegotiateSmiFeatures: using SMI broadcast
Select Item: 0x19
Select Item: 0x2C
OnS3SaveStateInstalled: chipset boot script saved
Select Item: 0x1
SmmControl2Dxe: S3SaveStateInstalledNotify: DmaAccess@0x7EDEC018 ScratchBuffer@[0x7EDEC028+0x8]
AppendFwCfgBootScript: SMI feature negotiation boot script saved
InstallProtocolInterface: 843DC720-AB1E-42CB-9357-8A0078F3561B 7ED34140
Loading driver 4D2E57EE-0E3F-44DD-93C4-D3B57E96945D
InstallProtocolInterface: 5B1B31A1-9562-11D2-8E3F-00A0C969723B 7DBD01C0
Loading driver at 0x0007EB09000 EntryPoint=0x0007EB0B430 CpuS3DataDxe.efi
InstallProtocolInterface: BC62157E-3E33-4FEC-9920-2D3B36D750DF 7DBD0A18
ProtectUefiImageCommon - 0x7DBD01C0
  - 0x000000007EB09000 - 0x00000000000050E0
Loading driver F099D67F-71AE-4C36-B2A3-DCEB0EB2B7D8
InstallProtocolInterface: 5B1B31A1-9562-11D2-8E3F-00A0C969723B 7DBCF040
Loading driver at 0x0007EB04000 EntryPoint=0x0007EB06307 WatchdogTimer.efi
InstallProtocolInterface: BC62157E-3E33-4FEC-9920-2D3B36D750DF 7DBD0718
ProtectUefiImageCommon - 0x7DBCF040
  - 0x000000007EB04000 - 0x00000000000042C0
InstallProtocolInterface: 665E3FF5-46CC-11D4-9A38-0090273FC14D 7EB08120
Loading driver EBF8ED7C-0DD1-4787-84F1-F48D537DCACF
InstallProtocolInterface: 5B1B31A1-9562-11D2-8E3F-00A0C969723B 7DBCF3C0
Loading driver at 0x0007EAF8000 EntryPoint=0x0007EAFCE50 DriverHealthManagerDxe.efi
InstallProtocolInterface: BC62157E-3E33-4FEC-9920-2D3B36D750DF 7DBCFB98
ProtectUefiImageCommon - 0x7DBCF3C0
  - 0x000000007EAF8000 - 0x000000000000B0E0
InstallProtocolInterface: 09576E91-6D3F-11D2-8E39-00A0C969723B 7EB02A50
InstallProtocolInterface: 330D4706-F2A0-4E4F-A369-B66FA8D54385 7EB02A20
Loading driver 28A03FF4-12B3-4305-A417-BB1A4F94081E
InstallProtocolInterface: 5B1B31A1-9562-11D2-8E3F-00A0C969723B 7DBCD2C0
Loading driver at 0x0007EAE7000 EntryPoint=0x0007EAED688 RamDiskDxe.efi
InstallProtocolInterface: BC62157E-3E33-4FEC-9920-2D3B36D750DF 7DBCED98
ProtectUefiImageCommon - 0x7DBCD2C0
  - 0x000000007EAE7000 - 0x0000000000010DA0
InstallProtocolInterface: 09576E91-6D3F-11D2-8E39-00A0C969723B 7DBCE118
InstallProtocolInterface: 330D4706-F2A0-4E4F-A369-B66FA8D54385 7EAF69B8
InstallProtocolInterface: 09576E91-6D3F-11D2-8E39-00A0C969723B 7EAF72C0
InstallProtocolInterface: 330D4706-F2A0-4E4F-A369-B66FA8D54385 7DBCBD30
InstallProtocolInterface: AB38A0DF-6873-44A9-87E6-D4EB56148449 7EAF7260
InstallProtocolInterface: 28A03FF4-12B3-4305-A417-BB1A4F94081E 7DBCBD18
Loading driver E660EA85-058E-4B55-A54B-F02F83A24707
InstallProtocolInterface: 5B1B31A1-9562-11D2-8E3F-00A0C969723B 7DBCB0C0
Loading driver at 0x0007EAC9000 EntryPoint=0x0007EACD92F DisplayEngine.efi
InstallProtocolInterface: BC62157E-3E33-4FEC-9920-2D3B36D750DF 7DBCB618
ProtectUefiImageCommon - 0x7DBCB0C0
  - 0x000000007EAC9000 - 0x000000000001D720
InstallProtocolInterface: 9BBE29E9-FDA1-41EC-AD52-452213742D2E 7EAE4BB0
InstallProtocolInterface: 4311EDC0-6054-46D4-9E40-893EA952FCCC 7EAE4BC8
Loading driver 4110465D-5FF3-4F4B-B580-24ED0D06747A
InstallProtocolInterface: 5B1B31A1-9562-11D2-8E3F-00A0C969723B 7DBC4B40
Loading driver at 0x0007EAC2000 EntryPoint=0x0007EAC4B15 SmbiosPlatformDxe.efi
InstallProtocolInterface: BC62157E-3E33-4FEC-9920-2D3B36D750DF 7DBC4E18
ProtectUefiImageCommon - 0x7DBC4B40
  - 0x000000007EAC2000 - 0x00000000000069E0
Select Item: 0x0
FW CFG Signature: 0x554D4551
Select Item: 0x1
FW CFG Revision: 0x3
QemuFwCfg interface (DMA) is supported.
Select Item: 0x19
Select Item: 0x28
SmbiosAdd: Smbios type 1 with size 0x4C is added to 32-bit table
SmbiosCreateTable: Initialize 32-bit entry point structure
SmbiosCreateTable() re-allocate SMBIOS 32-bit table
SmbiosAdd: Smbios type 3 with size 0x27 is added to 32-bit table
SmbiosAdd: Smbios type 4 with size 0x42 is added to 32-bit table
SmbiosAdd: Smbios type 16 with size 0x19 is added to 32-bit table
SmbiosAdd: Smbios type 17 with size 0x35 is added to 32-bit table
SmbiosAdd: Smbios type 19 with size 0x21 is added to 32-bit table
SmbiosAdd: Smbios type 19 with size 0x21 is added to 32-bit table
SmbiosAdd: Smbios type 32 with size 0xD is added to 32-bit table
SmbiosAdd: Smbios type 0 with size 0x4A is added to 32-bit table
Loading driver 2FA2A6DA-11D5-4DC3-999A-749648B03C56
InstallProtocolInterface: 5B1B31A1-9562-11D2-8E3F-00A0C969723B 7DBC18C0
Loading driver at 0x0007ED1C000 EntryPoint=0x0007ED1FA0E PiSmmIpl.efi
InstallProtocolInterface: BC62157E-3E33-4FEC-9920-2D3B36D750DF 7DBC1818
ProtectUefiImageCommon - 0x7DBC18C0
  - 0x000000007ED1C000 - 0x000000000000F000
SetUefiImageMemoryAttributes - 0x000000007ED1C000 - 0x0000000000001000 (0x0000000000004008)
SetUefiImageMemoryAttributes - 0x000000007ED1D000 - 0x000000000000C000 (0x0000000000020008)
ConvertPageEntryAttribute 0x7ED1D063->0x7ED1D061
ConvertPageEntryAttribute 0x7ED1E063->0x7ED1E061
ConvertPageEntryAttribute 0x7ED1F063->0x7ED1F061
ConvertPageEntryAttribute 0x7ED20063->0x7ED20061
ConvertPageEntryAttribute 0x7ED21063->0x7ED21061
ConvertPageEntryAttribute 0x7ED22063->0x7ED22061
ConvertPageEntryAttribute 0x7ED23063->0x7ED23061
ConvertPageEntryAttribute 0x7ED24063->0x7ED24061
ConvertPageEntryAttribute 0x7ED25063->0x7ED25061
ConvertPageEntryAttribute 0x7ED26063->0x7ED26061
ConvertPageEntryAttribute 0x7ED27063->0x7ED27061
ConvertPageEntryAttribute 0x7ED28063->0x7ED28061
SetUefiImageMemoryAttributes - 0x000000007ED29000 - 0x0000000000002000 (0x0000000000004008)
SMM IPL opened SMRAM window
SMM IPL found SMRAM window 7F001000 - 7FFFFFFF
SMM IPL loading SMM Core at SMRAM address 7FFDD000
SMM IPL calling SMM Core at SMRAM address 7FFE1CBE
PiSmmCoreImageBase - 0x000000007FFDD000
PiSmmCoreImageSize - 0x0000000000022000
SmmAddMemoryRegion
  MemBase    - 0x7F001000
  MemLength  - 0xFDC000
  Type       - 0x7
  Attributes - 0xA
SmmAddMemoryRegion
  MemBase    - 0x7F000000
  MemLength  - 0x1000
  Type       - 0x6
  Attributes - 0x1A
SmmAddMemoryRegion
  MemBase    - 0x7FFDD000
  MemLength  - 0x23000
  Type       - 0x6
  Attributes - 0x1A
mSmmMemLibInternalMaximumSupportAddress = 0xFFFFFFFFF
InstallProtocolInterface: 5B1B31A1-9562-11D2-8E3F-00A0C969723B 7DBC0C18
SmmInstallProtocolInterface: 5B1B31A1-9562-11D2-8E3F-00A0C969723B 7FFDB2C0
InstallProtocolInterface: F4CCBFB7-F6E0-47FD-9DD4-10A8F150C191 7ED29140
InstallProtocolInterface: C68ED8E2-9DC6-4CBD-9D94-DB65ACC5C332 7ED29150
InstallProtocolInterface: 5B1B31A1-9562-11D2-8E3F-00A0C969723B 7DBBF418
SmmInstallProtocolInterface: 5B1B31A1-9562-11D2-8E3F-00A0C969723B 7FFDAEC0
Loading SMM driver at 0x0007FFCF000 EntryPoint=0x0007FFD2570 CpuIo2Smm.efi
SmmInstallProtocolInterface: 3242A9D8-CE70-4AA0-955D-5E7B140DE4D2 7FFD5140
InstallProtocolInterface: 5B1B31A1-9562-11D2-8E3F-00A0C969723B 7DBB5B18
SmmInstallProtocolInterface: 5B1B31A1-9562-11D2-8E3F-00A0C969723B 7FFDACC0
Loading SMM driver at 0x0007FFC2000 EntryPoint=0x0007FFC5CB9 SmmLockBox.efi
SmmLockBoxSmmLib SmmLockBoxSmmConstructor - Enter
SmmLockBoxSmmLib SmmLockBoxContext - 7FFCC1A0
SmmLockBoxSmmLib LockBoxDataAddress - 7FFCC140
SmmLockBoxSmmLib SmmLockBoxSmmConstructor - Exit
mSmmMemLibInternalMaximumSupportAddress = 0xFFFFFFFFF
InstallProtocolInterface: BD445D79-B7AD-4F04-9AD8-29BD2040EB3C 0
InstallProtocolInterface: 5B1B31A1-9562-11D2-8E3F-00A0C969723B 7DBB5098
SmmInstallProtocolInterface: 5B1B31A1-9562-11D2-8E3F-00A0C969723B 7FFDAAC0
Loading SMM driver at 0x0007FF9F000 EntryPoint=0x0007FFA5CFB PiSmmCpuDxeSmm.efi
SMRR Base: 0x7F000000, SMRR Size: 0x1000000
PcdCpuSmmCodeAccessCheckEnable = 1
mAddressEncMask = 0x0
SMRAM TileSize = 0x00002000 (0x00001000, 0x00001000)
SMRAM SaveState Buffer (0x7FF91000, 0x0000E000)
CPU[000]  APIC ID=0000  SMBASE=7FF89000  SaveState=7FF98C00  Size=00000400
CPU[001]  APIC ID=0001  SMBASE=7FF8B000  SaveState=7FF9AC00  Size=00000400
CPU[002]  APIC ID=0002  SMBASE=7FF8D000  SaveState=7FF9CC00  Size=00000400
CPU[003]  APIC ID=0003  SMBASE=7FF8F000  SaveState=7FF9EC00  Size=00000400
mXdSupported - 0x1
One Semaphore Size    = 0x40
Total Semaphores Size = 0x840
1GPageTableSupport - 0x0
PcdCpuSmmStaticPageTable - 0x1
PhysicalAddressBits - 0x24
InstallProtocolInterface: 26EEB3DE-B689-492E-80F0-BE8BD7DA4BA7 7FFBD270
SMM IPL registered SMM Entry Point address 7FFE5C73
SmmInstallProtocolInterface: EB346B97-975F-4A9F-8B22-F8E92BB3D569 7FFBD2B0
SmmInstallProtocolInterface: 1D202CAB-C8AB-4D5C-94F7-3CFCC0D3D335 7FFBD2E0
SMM S3 SMRAM Structure = 7E616A20
SMM S3 Structure = 7F000000
SMM CPU Module exit from SMRAM with EFI_SUCCESS
SMM IPL closed SMRAM window
InstallProtocolInterface: 5B1B31A1-9562-11D2-8E3F-00A0C969723B 7DBB5618
SmmInstallProtocolInterface: 5B1B31A1-9562-11D2-8E3F-00A0C969723B 7FFDA8C0
Loading SMM driver at 0x0007FF17000 EntryPoint=0x0007FF1AD49 FvbServicesSmm.efi
QEMU Flash: Attempting flash detection at FFC00010
QemuFlashDetected => FD behaves as FLASH
QemuFlashDetected => Yes
Installing QEMU flash SMM FVB
SmmInstallProtocolInterface: D326D041-BD31-4C01-B5A8-628BE87F0653 7FF16FB0
SmmInstallProtocolInterface: 09576E91-6D3F-11D2-8E39-00A0C969723B 7FF16F18
InstallProtocolInterface: 5B1B31A1-9562-11D2-8E3F-00A0C969723B 7DBB5298
SmmInstallProtocolInterface: 5B1B31A1-9562-11D2-8E3F-00A0C969723B 7FFDA4C0
Loading SMM driver at 0x0007FE79000 EntryPoint=0x0007FEDA428 VariableSmm.efi
mSmmMemLibInternalMaximumSupportAddress = 0xFFFFFFFFF
VarCheckLibRegisterSetVariableCheckHandler - 0x7FEDF1DB Success
Variable driver common space: 0x3FF9C 0x3FF9C 0x3FF9C
Variable driver will work with auth variable format!
SmmInstallProtocolInterface: ED32D533-99E6-4209-9CC0-2D72CDD998A7 7FF10560
SmmInstallProtocolInterface: B0D8F3C1-B7DE-4C11-BC89-2FB562C8C411 7FF10580
InstallProtocolInterface: ED32D533-99E6-4209-9CC0-2D72CDD998A7 7FF10560
InstallProtocolInterface: 5B1B31A1-9562-11D2-8E3F-00A0C969723B 7DBB4E18
SmmInstallProtocolInterface: 5B1B31A1-9562-11D2-8E3F-00A0C969723B 7FFDA6C0
Loading SMM driver at 0x0007FDD3000 EntryPoint=0x0007FDD6DEA SmmFaultTolerantWriteDxe.efi
mSmmMemLibInternalMaximumSupportAddress = 0xFFFFFFFFF
Ftw: FtwWorkSpaceLba - 0x41, WorkBlockSize  - 0x1000, FtwWorkSpaceBase - 0x0
Ftw: FtwSpareLba     - 0x42, SpareBlockSize - 0x1000
Ftw: NumberOfWorkBlock - 0x1, FtwWorkBlockLba - 0x41
Ftw: WorkSpaceLbaInSpare - 0x0, WorkSpaceBaseInSpare - 0x0
Ftw: Remaining work space size - FE0
SmmInstallProtocolInterface: 3868FC3B-7E45-43A7-906C-4BA47DE1754D 7FDD1028
Variable PK exists.
Variable SetupMode is 0
Variable SecureBoot is 1
Variable SecureBootEnable is 1
Variable CustomMode is 0
Variable VendorKeys is 0
Variable driver will work with auth variable support!
InstallProtocolInterface: 93BA1826-DFFB-45DD-82A7-E7DCAA3BBDF3 0
InstallProtocolInterface: 3868FC3B-7E45-43A7-906C-4BA47DE1754D 0
Loading driver FA20568B-548B-4B2B-81EF-1BA08D4A3CEC
InstallProtocolInterface: 5B1B31A1-9562-11D2-8E3F-00A0C969723B 7DBB4140
Loading driver at 0x0007EAAB000 EntryPoint=0x0007EAB0E59 BootScriptExecutorDxe.efi
InstallProtocolInterface: BC62157E-3E33-4FEC-9920-2D3B36D750DF 7DBB4398
ProtectUefiImageCommon - 0x7DBB4140
  - 0x000000007EAAB000 - 0x0000000000016CE0
Loading driver 9F7DCADE-11EA-448A-A46F-76E003657DD1
InstallProtocolInterface: 5B1B31A1-9562-11D2-8E3F-00A0C969723B 7DBB3BC0
Loading driver at 0x0007ED11000 EntryPoint=0x0007ED150B8 VariableSmmRuntimeDxe.efi
InstallProtocolInterface: BC62157E-3E33-4FEC-9920-2D3B36D750DF 7DBB3118
ProtectUefiImageCommon - 0x7DBB3BC0
  - 0x000000007ED11000 - 0x000000000000B000
SetUefiImageMemoryAttributes - 0x000000007ED11000 - 0x0000000000001000 (0x0000000000004008)
SetUefiImageMemoryAttributes - 0x000000007ED12000 - 0x0000000000008000 (0x0000000000020008)
ConvertPageEntryAttribute 0x7ED12063->0x7ED12061
ConvertPageEntryAttribute 0x7ED13063->0x7ED13061
ConvertPageEntryAttribute 0x7ED14063->0x7ED14061
ConvertPageEntryAttribute 0x7ED15063->0x7ED15061
ConvertPageEntryAttribute 0x7ED16063->0x7ED16061
ConvertPageEntryAttribute 0x7ED17063->0x7ED17061
ConvertPageEntryAttribute 0x7ED18063->0x7ED18061
ConvertPageEntryAttribute 0x7ED19063->0x7ED19061
SetUefiImageMemoryAttributes - 0x000000007ED1A000 - 0x0000000000002000 (0x0000000000004008)
InstallProtocolInterface: 1E5668E2-8481-11D4-BCF1-0080C73C8881 0
InstallProtocolInterface: CD3D0A05-9E24-437C-A891-1EE053DB7638 7ED1A248
InstallProtocolInterface: AF23B340-97B4-4685-8D4F-A3F28169B21D 7ED1A250
InstallProtocolInterface: 6441F818-6362-4E44-B570-7DBA31DD2453 0
Loading driver 378D7B65-8DA9-4773-B6E4-A47826A833E1
InstallProtocolInterface: 5B1B31A1-9562-11D2-8E3F-00A0C969723B 7DBB2CC0
Loading driver at 0x0007ED06000 EntryPoint=0x0007ED09B0F PcRtc.efi
InstallProtocolInterface: BC62157E-3E33-4FEC-9920-2D3B36D750DF 7DBB2A98
ProtectUefiImageCommon - 0x7DBB2CC0
  - 0x000000007ED06000 - 0x000000000000B000
SetUefiImageMemoryAttributes - 0x000000007ED06000 - 0x0000000000001000 (0x0000000000004008)
SetUefiImageMemoryAttributes - 0x000000007ED07000 - 0x0000000000008000 (0x0000000000020008)
ConvertPageEntryAttribute 0x7ED07063->0x7ED07061
ConvertPageEntryAttribute 0x7ED08063->0x7ED08061
ConvertPageEntryAttribute 0x7ED09063->0x7ED09061
ConvertPageEntryAttribute 0x7ED0A063->0x7ED0A061
ConvertPageEntryAttribute 0x7ED0B063->0x7ED0B061
ConvertPageEntryAttribute 0x7ED0C063->0x7ED0C061
ConvertPageEntryAttribute 0x7ED0D063->0x7ED0D061
ConvertPageEntryAttribute 0x7ED0E063->0x7ED0E061
SetUefiImageMemoryAttributes - 0x000000007ED0F000 - 0x0000000000002000 (0x0000000000004008)
InstallProtocolInterface: 27CFAC87-46CC-11D4-9A38-0090273FC14D 0
Loading driver F0E6A44F-7195-41C3-AC64-54F202CD0A21
InstallProtocolInterface: 5B1B31A1-9562-11D2-8E3F-00A0C969723B 7DBB1040
Loading driver at 0x0007EA70000 EntryPoint=0x0007EA81BFC SecureBootConfigDxe.efi
InstallProtocolInterface: BC62157E-3E33-4FEC-9920-2D3B36D750DF 7DBB1D18
ProtectUefiImageCommon - 0x7DBB1040
  - 0x000000007EA70000 - 0x000000000003A260
InstallProtocolInterface: 09576E91-6D3F-11D2-8E39-00A0C969723B 7DBB1E98
InstallProtocolInterface: 330D4706-F2A0-4E4F-A369-B66FA8D54385 7EAA5D98
InstallProtocolInterface: 09576E91-6D3F-11D2-8E39-00A0C969723B 7EAA66C0
InstallProtocolInterface: 330D4706-F2A0-4E4F-A369-B66FA8D54385 7DBAFF20
InstallProtocolInterface: F0E6A44F-7195-41C3-AC64-54F202CD0A21 7DBAFF18
Loading driver AD608272-D07F-4964-801E-7BD3B7888652
InstallProtocolInterface: 5B1B31A1-9562-11D2-8E3F-00A0C969723B 7DA97040
Loading driver at 0x0007ECFE000 EntryPoint=0x0007ED01317 MonotonicCounterRuntimeDxe.efi
InstallProtocolInterface: BC62157E-3E33-4FEC-9920-2D3B36D750DF 7DA97E18
ProtectUefiImageCommon - 0x7DA97040
  - 0x000000007ECFE000 - 0x0000000000008000
SetUefiImageMemoryAttributes - 0x000000007ECFE000 - 0x0000000000001000 (0x0000000000004008)
SetUefiImageMemoryAttributes - 0x000000007ECFF000 - 0x0000000000005000 (0x0000000000020008)
ConvertPageEntryAttribute 0x7ECFF063->0x7ECFF061
ConvertPageEntryAttribute 0x7ED00063->0x7ED00061
ConvertPageEntryAttribute 0x7ED01063->0x7ED01061
ConvertPageEntryAttribute 0x7ED02063->0x7ED02061
ConvertPageEntryAttribute 0x7ED03063->0x7ED03061
SetUefiImageMemoryAttributes - 0x000000007ED04000 - 0x0000000000002000 (0x0000000000004008)
InstallProtocolInterface: 1DA97072-BDDC-4B30-99F1-72A0B56FFF2A 0
Loading driver 42857F0A-13F2-4B21-8A23-53D3F714B840
InstallProtocolInterface: 5B1B31A1-9562-11D2-8E3F-00A0C969723B 7DA97440
Loading driver at 0x0007ECF5000 EntryPoint=0x0007ECF8B32 CapsuleRuntimeDxe.efi
InstallProtocolInterface: BC62157E-3E33-4FEC-9920-2D3B36D750DF 7DAA0018
ProtectUefiImageCommon - 0x7DA97440
  - 0x000000007ECF5000 - 0x0000000000009000
SetUefiImageMemoryAttributes - 0x000000007ECF5000 - 0x0000000000001000 (0x0000000000004008)
SetUefiImageMemoryAttributes - 0x000000007ECF6000 - 0x0000000000006000 (0x0000000000020008)
ConvertPageEntryAttribute 0x7ECF6063->0x7ECF6061
ConvertPageEntryAttribute 0x7ECF7063->0x7ECF7061
ConvertPageEntryAttribute 0x7ECF8063->0x7ECF8061
ConvertPageEntryAttribute 0x7ECF9063->0x7ECF9061
ConvertPageEntryAttribute 0x7ECFA063->0x7ECFA061
ConvertPageEntryAttribute 0x7ECFB063->0x7ECFB061
SetUefiImageMemoryAttributes - 0x000000007ECFC000 - 0x0000000000002000 (0x0000000000004008)
InstallProtocolInterface: 5053697E-2CBC-4819-90D9-0580DEEE5754 0
Loading driver 6D33944A-EC75-4855-A54D-809C75241F6C
InstallProtocolInterface: 5B1B31A1-9562-11D2-8E3F-00A0C969723B 7DAA07C0
Loading driver at 0x0007EA45000 EntryPoint=0x0007EA62A16 BdsDxe.efi
InstallProtocolInterface: BC62157E-3E33-4FEC-9920-2D3B36D750DF 7DAA0118
ProtectUefiImageCommon - 0x7DAA07C0
  - 0x000000007EA45000 - 0x000000000002AFC0
Select Item: 0x0
FW CFG Signature: 0x554D4551
Select Item: 0x1
FW CFG Revision: 0x3
QemuFwCfg interface (DMA) is supported.
InstallProtocolInterface: 665E3FF6-46CC-11D4-9A38-0090273FC14D 7EA6F600
Loading driver D9DCC5DF-4007-435E-9098-8970935504B2
InstallProtocolInterface: 5B1B31A1-9562-11D2-8E3F-00A0C969723B 7DA9F040
Loading driver at 0x0007EA3C000 EntryPoint=0x0007EA403AD PlatformDxe.efi
InstallProtocolInterface: BC62157E-3E33-4FEC-9920-2D3B36D750DF 7DA9FD18
ProtectUefiImageCommon - 0x7DA9F040
  - 0x000000007EA3C000 - 0x0000000000008B60
ExecutePlatformConfig: failed to load platform config: Not Found
InstallProtocolInterface: 09576E91-6D3F-11D2-8E39-00A0C969723B 7EA444E0
InstallProtocolInterface: 330D4706-F2A0-4E4F-A369-B66FA8D54385 7EA44A20
Loading driver 93B80004-9FB3-11D4-9A3A-0090273FC14D
InstallProtocolInterface: 5B1B31A1-9562-11D2-8E3F-00A0C969723B 7DA9F440
Loading driver at 0x0007EA20000 EntryPoint=0x0007EA23DF4 PciBusDxe.efi
InstallProtocolInterface: BC62157E-3E33-4FEC-9920-2D3B36D750DF 7DA9FA18
ProtectUefiImageCommon - 0x7DA9F440
  - 0x000000007EA20000 - 0x000000000001B3E0
InstallProtocolInterface: 18A031AB-B443-4D1A-A5C0-0C09261E9F71 7EA3B060
InstallProtocolInterface: 107A772C-D5E1-11D4-9A46-0090273FC14D 7EA3B0B0
InstallProtocolInterface: 6A7A5CFF-E8D9-4F70-BADA-75AB3025CE14 7EA3B0D0
InstallProtocolInterface: 19CB87AB-2CB9-4665-8360-DDCF6054F79D 7EA3B0A0
Loading driver 33CB97AF-6C33-4C42-986B-07581FA366D4
InstallProtocolInterface: 5B1B31A1-9562-11D2-8E3F-00A0C969723B 7DA96040
Loading driver at 0x0007EA1A000 EntryPoint=0x0007EA1C652 BlockMmioToBlockIoDxe.efi
InstallProtocolInterface: BC62157E-3E33-4FEC-9920-2D3B36D750DF 7DA9E418
ProtectUefiImageCommon - 0x7DA96040
  - 0x000000007EA1A000 - 0x00000000000058E0
InstallProtocolInterface: 18A031AB-B443-4D1A-A5C0-0C09261E9F71 7EA1F6E0
InstallProtocolInterface: 107A772C-D5E1-11D4-9A46-0090273FC14D 7EA1F710
InstallProtocolInterface: 6A7A5CFF-E8D9-4F70-BADA-75AB3025CE14 7EA1F730
Loading driver 83DD3B39-7CAF-4FAC-A542-E050B767E3A7
InstallProtocolInterface: 5B1B31A1-9562-11D2-8E3F-00A0C969723B 7DA969C0
Loading driver at 0x0007EA14000 EntryPoint=0x0007EA16764 VirtioPciDeviceDxe.efi
InstallProtocolInterface: BC62157E-3E33-4FEC-9920-2D3B36D750DF 7DA96798
ProtectUefiImageCommon - 0x7DA969C0
  - 0x000000007EA14000 - 0x0000000000005F40
InstallProtocolInterface: 18A031AB-B443-4D1A-A5C0-0C09261E9F71 7EA19D20
InstallProtocolInterface: 107A772C-D5E1-11D4-9A46-0090273FC14D 7EA19D80
InstallProtocolInterface: 6A7A5CFF-E8D9-4F70-BADA-75AB3025CE14 7EA19DA0
Loading driver 0170F60C-1D40-4651-956D-F0BD9879D527
InstallProtocolInterface: 5B1B31A1-9562-11D2-8E3F-00A0C969723B 7DA9D040
Loading driver at 0x0007EA0D000 EntryPoint=0x0007EA0F712 Virtio10.efi
InstallProtocolInterface: BC62157E-3E33-4FEC-9920-2D3B36D750DF 7DA9DD18
ProtectUefiImageCommon - 0x7DA9D040
  - 0x000000007EA0D000 - 0x0000000000006800
InstallProtocolInterface: 18A031AB-B443-4D1A-A5C0-0C09261E9F71 7EA13600
InstallProtocolInterface: 107A772C-D5E1-11D4-9A46-0090273FC14D 7EA13660
InstallProtocolInterface: 6A7A5CFF-E8D9-4F70-BADA-75AB3025CE14 7EA13680
Loading driver 11D92DFB-3CA9-4F93-BA2E-4780ED3E03B5
InstallProtocolInterface: 5B1B31A1-9562-11D2-8E3F-00A0C969723B 7DA9D440
Loading driver at 0x0007EA06000 EntryPoint=0x0007EA086D2 VirtioBlkDxe.efi
InstallProtocolInterface: BC62157E-3E33-4FEC-9920-2D3B36D750DF 7DA9DC18
ProtectUefiImageCommon - 0x7DA9D440
  - 0x000000007EA06000 - 0x0000000000006BE0
InstallProtocolInterface: 18A031AB-B443-4D1A-A5C0-0C09261E9F71 7EA0CA00
InstallProtocolInterface: 107A772C-D5E1-11D4-9A46-0090273FC14D 7EA0CA60
InstallProtocolInterface: 6A7A5CFF-E8D9-4F70-BADA-75AB3025CE14 7EA0CA80
Loading driver FAB5D4F4-83C0-4AAF-8480-442D11DF6CEA
InstallProtocolInterface: 5B1B31A1-9562-11D2-8E3F-00A0C969723B 7DA9CB40
Loading driver at 0x0007E9FE000 EntryPoint=0x0007EA006EE VirtioScsiDxe.efi
InstallProtocolInterface: BC62157E-3E33-4FEC-9920-2D3B36D750DF 7DA9D718
ProtectUefiImageCommon - 0x7DA9CB40
  - 0x000000007E9FE000 - 0x00000000000072C0
InstallProtocolInterface: 18A031AB-B443-4D1A-A5C0-0C09261E9F71 7EA050C0
InstallProtocolInterface: 107A772C-D5E1-11D4-9A46-0090273FC14D 7EA05120
InstallProtocolInterface: 6A7A5CFF-E8D9-4F70-BADA-75AB3025CE14 7EA05140
Loading driver 58E26F0D-CBAC-4BBA-B70F-18221415665A
InstallProtocolInterface: 5B1B31A1-9562-11D2-8E3F-00A0C969723B 7DA9C140
Loading driver at 0x0007E9F7000 EntryPoint=0x0007E9F973E VirtioRngDxe.efi
InstallProtocolInterface: BC62157E-3E33-4FEC-9920-2D3B36D750DF 7DA9C698
ProtectUefiImageCommon - 0x7DA9C140
  - 0x000000007E9F7000 - 0x0000000000006280
InstallProtocolInterface: 18A031AB-B443-4D1A-A5C0-0C09261E9F71 7E9FD080
InstallProtocolInterface: 107A772C-D5E1-11D4-9A46-0090273FC14D 7E9FD0E0
InstallProtocolInterface: 6A7A5CFF-E8D9-4F70-BADA-75AB3025CE14 7E9FD100
Loading driver CF569F50-DE44-4F54-B4D7-F4AE25CDA599
InstallProtocolInterface: 5B1B31A1-9562-11D2-8E3F-00A0C969723B 7DA9BB40
Loading driver at 0x0007E9F1000 EntryPoint=0x0007E9F3558 XenIoPciDxe.efi
InstallProtocolInterface: BC62157E-3E33-4FEC-9920-2D3B36D750DF 7DA9BE98
ProtectUefiImageCommon - 0x7DA9BB40
  - 0x000000007E9F1000 - 0x00000000000050A0
InstallProtocolInterface: 18A031AB-B443-4D1A-A5C0-0C09261E9F71 7E9F5EC0
InstallProtocolInterface: 107A772C-D5E1-11D4-9A46-0090273FC14D 7E9F5F20
InstallProtocolInterface: 6A7A5CFF-E8D9-4F70-BADA-75AB3025CE14 7E9F5F40
Loading driver 565EC8BA-A484-11E3-802B-B8AC6F7D65E6
InstallProtocolInterface: 5B1B31A1-9562-11D2-8E3F-00A0C969723B 7DA9B1C0
Loading driver at 0x0007E9E3000 EntryPoint=0x0007E9E7530 XenBusDxe.efi
InstallProtocolInterface: BC62157E-3E33-4FEC-9920-2D3B36D750DF 7DA9B498
ProtectUefiImageCommon - 0x7DA9B1C0
  - 0x000000007E9E3000 - 0x000000000000DFC0
Error: Image at 0007E9E3000 start failed: Aborted
Loading driver 8C2487EA-9AF3-11E3-B966-B8AC6F7D65E6
InstallProtocolInterface: 5B1B31A1-9562-11D2-8E3F-00A0C969723B 7DA9B1C0
Loading driver at 0x0007E9E7000 EntryPoint=0x0007E9E9FAC XenPvBlkDxe.efi
InstallProtocolInterface: BC62157E-3E33-4FEC-9920-2D3B36D750DF 7DA9B418
ProtectUefiImageCommon - 0x7DA9B1C0
  - 0x000000007E9E7000 - 0x00000000000091E0
InstallProtocolInterface: 18A031AB-B443-4D1A-A5C0-0C09261E9F71 7E9EFF40
InstallProtocolInterface: 107A772C-D5E1-11D4-9A46-0090273FC14D 7E9EFF70
InstallProtocolInterface: 6A7A5CFF-E8D9-4F70-BADA-75AB3025CE14 7E9EFF90
Loading driver 51CCF399-4FDF-4E55-A45B-E123F84D456A
InstallProtocolInterface: 5B1B31A1-9562-11D2-8E3F-00A0C969723B 7DA9ACC0
Loading driver at 0x0007E9DF000 EntryPoint=0x0007E9E25CC ConPlatformDxe.efi
InstallProtocolInterface: BC62157E-3E33-4FEC-9920-2D3B36D750DF 7DA9AB98
ProtectUefiImageCommon - 0x7DA9ACC0
  - 0x000000007E9DF000 - 0x0000000000007C40
InstallProtocolInterface: 18A031AB-B443-4D1A-A5C0-0C09261E9F71 7E9E6A00
InstallProtocolInterface: 107A772C-D5E1-11D4-9A46-0090273FC14D 7E9E69A0
InstallProtocolInterface: 6A7A5CFF-E8D9-4F70-BADA-75AB3025CE14 7E9E69C0
InstallProtocolInterface: 18A031AB-B443-4D1A-A5C0-0C09261E9F71 7E9E6A40
InstallProtocolInterface: 107A772C-D5E1-11D4-9A46-0090273FC14D 7E9E69A0
InstallProtocolInterface: 6A7A5CFF-E8D9-4F70-BADA-75AB3025CE14 7E9E69C0
Loading driver 408EDCEC-CF6D-477C-A5A8-B4844E3DE281
InstallProtocolInterface: 5B1B31A1-9562-11D2-8E3F-00A0C969723B 7DA99040
Loading driver at 0x0007E9D1000 EntryPoint=0x0007E9D422D ConSplitterDxe.efi
InstallProtocolInterface: BC62157E-3E33-4FEC-9920-2D3B36D750DF 7DA9A518
ProtectUefiImageCommon - 0x7DA99040
  - 0x000000007E9D1000 - 0x000000000000D6C0
InstallProtocolInterface: 18A031AB-B443-4D1A-A5C0-0C09261E9F71 7E9DE360
InstallProtocolInterface: 107A772C-D5E1-11D4-9A46-0090273FC14D 7E9DDD60
InstallProtocolInterface: 6A7A5CFF-E8D9-4F70-BADA-75AB3025CE14 7E9DDD80
InstallProtocolInterface: 18A031AB-B443-4D1A-A5C0-0C09261E9F71 7E9DE420
InstallProtocolInterface: 107A772C-D5E1-11D4-9A46-0090273FC14D 7E9DDDA0
InstallProtocolInterface: 6A7A5CFF-E8D9-4F70-BADA-75AB3025CE14 7E9DDDC0
InstallProtocolInterface: 18A031AB-B443-4D1A-A5C0-0C09261E9F71 7E9DE460
InstallProtocolInterface: 107A772C-D5E1-11D4-9A46-0090273FC14D 7E9DDDE0
InstallProtocolInterface: 6A7A5CFF-E8D9-4F70-BADA-75AB3025CE14 7E9DDE00
InstallProtocolInterface: 18A031AB-B443-4D1A-A5C0-0C09261E9F71 7E9DE3A0
InstallProtocolInterface: 107A772C-D5E1-11D4-9A46-0090273FC14D 7E9DDE20
InstallProtocolInterface: 6A7A5CFF-E8D9-4F70-BADA-75AB3025CE14 7E9DDE40
InstallProtocolInterface: 18A031AB-B443-4D1A-A5C0-0C09261E9F71 7E9DE3E0
InstallProtocolInterface: 107A772C-D5E1-11D4-9A46-0090273FC14D 7E9DDE60
InstallProtocolInterface: 6A7A5CFF-E8D9-4F70-BADA-75AB3025CE14 7E9DDE80
InstallProtocolInterface: 387477C1-69C7-11D2-8E39-00A0C969723B 7E9DDF70
InstallProtocolInterface: DD9E7534-7762-4698-8C14-F58517A625AA 7E9DDFA0
InstallProtocolInterface: 31878C87-0B75-11D5-9A4F-0090273FC14D 7E9DE000
InstallProtocolInterface: 8D59D32B-C655-4AE9-9B15-F25904992A43 7E9DE058
InstallProtocolInterface: 387477C2-69C7-11D2-8E39-00A0C969723B 7E9DE130
InstallProtocolInterface: 387477C2-69C7-11D2-8E39-00A0C969723B 7E9DE250
Loading driver CCCB0C28-4B24-11D5-9A5A-0090273FC14D
InstallProtocolInterface: 5B1B31A1-9562-11D2-8E3F-00A0C969723B 7DA947C0
Loading driver at 0x0007E9C6000 EntryPoint=0x0007E9C9153 GraphicsConsoleDxe.efi
InstallProtocolInterface: BC62157E-3E33-4FEC-9920-2D3B36D750DF 7DA99E18
ProtectUefiImageCommon - 0x7DA947C0
  - 0x000000007E9C6000 - 0x000000000000AC20
InstallProtocolInterface: 18A031AB-B443-4D1A-A5C0-0C09261E9F71 7E9D0A00
InstallProtocolInterface: 107A772C-D5E1-11D4-9A46-0090273FC14D 7E9CF340
InstallProtocolInterface: 6A7A5CFF-E8D9-4F70-BADA-75AB3025CE14 7E9CF360
Loading driver 9E863906-A40F-4875-977F-5B93FF237FC6
InstallProtocolInterface: 5B1B31A1-9562-11D2-8E3F-00A0C969723B 7DA93B40
Loading driver at 0x0007E9B8000 EntryPoint=0x0007E9BC818 TerminalDxe.efi
InstallProtocolInterface: BC62157E-3E33-4FEC-9920-2D3B36D750DF 7DA93E98
ProtectUefiImageCommon - 0x7DA93B40
  - 0x000000007E9B8000 - 0x000000000000DE60
InstallProtocolInterface: 18A031AB-B443-4D1A-A5C0-0C09261E9F71 7E9C5840
InstallProtocolInterface: 107A772C-D5E1-11D4-9A46-0090273FC14D 7E9C5680
InstallProtocolInterface: 6A7A5CFF-E8D9-4F70-BADA-75AB3025CE14 7E9C56A0
Loading driver 6B38F7B4-AD98-40E9-9093-ACA2B5A253C4
InstallProtocolInterface: 5B1B31A1-9562-11D2-8E3F-00A0C969723B 7DA931C0
Loading driver at 0x0007E9AF000 EntryPoint=0x0007E9B25C2 DiskIoDxe.efi
InstallProtocolInterface: BC62157E-3E33-4FEC-9920-2D3B36D750DF 7DA93498
ProtectUefiImageCommon - 0x7DA931C0
  - 0x000000007E9AF000 - 0x0000000000008460
InstallProtocolInterface: 18A031AB-B443-4D1A-A5C0-0C09261E9F71 7E9B7240
InstallProtocolInterface: 107A772C-D5E1-11D4-9A46-0090273FC14D 7E9B71E0
InstallProtocolInterface: 6A7A5CFF-E8D9-4F70-BADA-75AB3025CE14 7E9B7200
Loading driver 1FA1F39E-FEFF-4AAE-BD7B-38A070A3B609
InstallProtocolInterface: 5B1B31A1-9562-11D2-8E3F-00A0C969723B 7DA92CC0
Loading driver at 0x0007E9A4000 EntryPoint=0x0007E9A7008 PartitionDxe.efi
InstallProtocolInterface: BC62157E-3E33-4FEC-9920-2D3B36D750DF 7DA92118
ProtectUefiImageCommon - 0x7DA92CC0
  - 0x000000007E9A4000 - 0x000000000000A8E0
InstallProtocolInterface: 18A031AB-B443-4D1A-A5C0-0C09261E9F71 7E9AE700
InstallProtocolInterface: 107A772C-D5E1-11D4-9A46-0090273FC14D 7E9AE660
InstallProtocolInterface: 6A7A5CFF-E8D9-4F70-BADA-75AB3025CE14 7E9AE680
Loading driver CD3BAFB6-50FB-4FE8-8E4E-AB74D2C1A600
InstallProtocolInterface: 5B1B31A1-9562-11D2-8E3F-00A0C969723B 7DA92340
Loading driver at 0x0007E99F000 EntryPoint=0x0007E9A1060 EnglishDxe.efi
InstallProtocolInterface: BC62157E-3E33-4FEC-9920-2D3B36D750DF 7DA92718
ProtectUefiImageCommon - 0x7DA92340
  - 0x000000007E99F000 - 0x0000000000004720
InstallProtocolInterface: 1D85CD7F-F43D-11D2-9A0C-0090273FC14D 7E9A3220
InstallProtocolInterface: A4C751FC-23AE-4C3E-92E9-4964CF63F349 7E9A3260
Loading driver 0167CCC4-D0F7-4F21-A3EF-9E64B7CDCE8B
InstallProtocolInterface: 5B1B31A1-9562-11D2-8E3F-00A0C969723B 7DA911C0
Loading driver at 0x0007E997000 EntryPoint=0x0007E99A3C1 ScsiBus.efi
InstallProtocolInterface: BC62157E-3E33-4FEC-9920-2D3B36D750DF 7DA91B98
ProtectUefiImageCommon - 0x7DA911C0
  - 0x000000007E997000 - 0x0000000000007C80
InstallProtocolInterface: 18A031AB-B443-4D1A-A5C0-0C09261E9F71 7E99EAE0
InstallProtocolInterface: 107A772C-D5E1-11D4-9A46-0090273FC14D 7E99EA80
InstallProtocolInterface: 6A7A5CFF-E8D9-4F70-BADA-75AB3025CE14 7E99EAA0
Loading driver 0A66E322-3740-4CCE-AD62-BD172CECCA35
InstallProtocolInterface: 5B1B31A1-9562-11D2-8E3F-00A0C969723B 7DA915C0
Loading driver at 0x0007E986000 EntryPoint=0x0007E98BAC4 ScsiDisk.efi
InstallProtocolInterface: BC62157E-3E33-4FEC-9920-2D3B36D750DF 7DA90018
ProtectUefiImageCommon - 0x7DA915C0
  - 0x000000007E986000 - 0x0000000000010580
InstallProtocolInterface: 18A031AB-B443-4D1A-A5C0-0C09261E9F71 7E9963A0
InstallProtocolInterface: 107A772C-D5E1-11D4-9A46-0090273FC14D 7E996340
InstallProtocolInterface: 6A7A5CFF-E8D9-4F70-BADA-75AB3025CE14 7E996360
Loading driver 021722D8-522B-4079-852A-FE44C2C13F49
InstallProtocolInterface: 5B1B31A1-9562-11D2-8E3F-00A0C969723B 7DA90140
Loading driver at 0x0007E97F000 EntryPoint=0x0007E981642 SataController.efi
InstallProtocolInterface: BC62157E-3E33-4FEC-9920-2D3B36D750DF 7DA90B18
ProtectUefiImageCommon - 0x7DA90140
  - 0x000000007E97F000 - 0x0000000000006640
InstallProtocolInterface: 18A031AB-B443-4D1A-A5C0-0C09261E9F71 7E9854A0
InstallProtocolInterface: 107A772C-D5E1-11D4-9A46-0090273FC14D 7E985420
InstallProtocolInterface: 6A7A5CFF-E8D9-4F70-BADA-75AB3025CE14 7E985440
Loading driver 5E523CB4-D397-4986-87BD-A6DD8B22F455
InstallProtocolInterface: 5B1B31A1-9562-11D2-8E3F-00A0C969723B 7DA90540
Loading driver at 0x0007E96D000 EntryPoint=0x0007E970BE5 AtaAtapiPassThruDxe.efi
InstallProtocolInterface: BC62157E-3E33-4FEC-9920-2D3B36D750DF 7DA7BF98
ProtectUefiImageCommon - 0x7DA90540
  - 0x000000007E96D000 - 0x00000000000117E0
InstallProtocolInterface: 18A031AB-B443-4D1A-A5C0-0C09261E9F71 7E97E3A0
InstallProtocolInterface: 107A772C-D5E1-11D4-9A46-0090273FC14D 7E97E600
InstallProtocolInterface: 6A7A5CFF-E8D9-4F70-BADA-75AB3025CE14 7E97E620
Loading driver 19DF145A-B1D4-453F-8507-38816676D7F6
InstallProtocolInterface: 5B1B31A1-9562-11D2-8E3F-00A0C969723B 7DA7B140
Loading driver at 0x0007E961000 EntryPoint=0x0007E96524B AtaBusDxe.efi
InstallProtocolInterface: BC62157E-3E33-4FEC-9920-2D3B36D750DF 7DA7B398
ProtectUefiImageCommon - 0x7DA7B140
  - 0x000000007E961000 - 0x000000000000B8E0
InstallProtocolInterface: 18A031AB-B443-4D1A-A5C0-0C09261E9F71 7E96C4A0
InstallProtocolInterface: 107A772C-D5E1-11D4-9A46-0090273FC14D 7E96C720
InstallProtocolInterface: 6A7A5CFF-E8D9-4F70-BADA-75AB3025CE14 7E96C740
Loading driver 5BE3BDF4-53CF-46A3-A6A9-73C34A6E5EE3
InstallProtocolInterface: 5B1B31A1-9562-11D2-8E3F-00A0C969723B 7DA7C040
Loading driver at 0x0007E950000 EntryPoint=0x0007E953336 NvmExpressDxe.efi
InstallProtocolInterface: BC62157E-3E33-4FEC-9920-2D3B36D750DF 7DA7B598
ProtectUefiImageCommon - 0x7DA7C040
  - 0x000000007E950000 - 0x0000000000010780
InstallProtocolInterface: 18A031AB-B443-4D1A-A5C0-0C09261E9F71 7E960580
InstallProtocolInterface: 107A772C-D5E1-11D4-9A46-0090273FC14D 7E960500
InstallProtocolInterface: 6A7A5CFF-E8D9-4F70-BADA-75AB3025CE14 7E960520
InstallProtocolInterface: 5C198761-16A8-4E69-972C-89D67954F81D 7E9605B0
Loading driver 38A0EC22-FBE7-4911-8BC1-176E0D6C1DBD
InstallProtocolInterface: 5B1B31A1-9562-11D2-8E3F-00A0C969723B 7DA7C340
Loading driver at 0x0007E94A000 EntryPoint=0x0007E94C486 IsaAcpi.efi
InstallProtocolInterface: BC62157E-3E33-4FEC-9920-2D3B36D750DF 7DA7CB18
ProtectUefiImageCommon - 0x7DA7C340
  - 0x000000007E94A000 - 0x0000000000005640
InstallProtocolInterface: 18A031AB-B443-4D1A-A5C0-0C09261E9F71 7E94F220
InstallProtocolInterface: 107A772C-D5E1-11D4-9A46-0090273FC14D 7E94F420
InstallProtocolInterface: 6A7A5CFF-E8D9-4F70-BADA-75AB3025CE14 7E94F400
Loading driver 240612B5-A063-11D4-9A3A-0090273FC14D
InstallProtocolInterface: 5B1B31A1-9562-11D2-8E3F-00A0C969723B 7DA85040
Loading driver at 0x0007E942000 EntryPoint=0x0007E9451BD IsaBusDxe.efi
InstallProtocolInterface: BC62157E-3E33-4FEC-9920-2D3B36D750DF 7DA85E18
ProtectUefiImageCommon - 0x7DA85040
  - 0x000000007E942000 - 0x00000000000079E0
InstallProtocolInterface: 18A031AB-B443-4D1A-A5C0-0C09261E9F71 7E949840
InstallProtocolInterface: 107A772C-D5E1-11D4-9A46-0090273FC14D 7E949740
InstallProtocolInterface: 6A7A5CFF-E8D9-4F70-BADA-75AB3025CE14 7E949760
Loading driver 93B80003-9FB3-11D4-9A3A-0090273FC14D
InstallProtocolInterface: 5B1B31A1-9562-11D2-8E3F-00A0C969723B 7DA85440
Loading driver at 0x0007E938000 EntryPoint=0x0007E93BA90 IsaSerialDxe.efi
InstallProtocolInterface: BC62157E-3E33-4FEC-9920-2D3B36D750DF 7DA85998
ProtectUefiImageCommon - 0x7DA85440
  - 0x000000007E938000 - 0x0000000000009640
InstallProtocolInterface: 18A031AB-B443-4D1A-A5C0-0C09261E9F71 7E9413A0
InstallProtocolInterface: 107A772C-D5E1-11D4-9A46-0090273FC14D 7E941300
InstallProtocolInterface: 6A7A5CFF-E8D9-4F70-BADA-75AB3025CE14 7E941320
Loading driver 3DC82376-637B-40A6-A8FC-A565417F2C38
InstallProtocolInterface: 5B1B31A1-9562-11D2-8E3F-00A0C969723B 7DA8DB40
Loading driver at 0x0007E92D000 EntryPoint=0x0007E930FD4 Ps2KeyboardDxe.efi
InstallProtocolInterface: BC62157E-3E33-4FEC-9920-2D3B36D750DF 7DA8DA98
ProtectUefiImageCommon - 0x7DA8DB40
  - 0x000000007E92D000 - 0x000000000000AEE0
InstallProtocolInterface: 18A031AB-B443-4D1A-A5C0-0C09261E9F71 7E937D20
InstallProtocolInterface: 107A772C-D5E1-11D4-9A46-0090273FC14D 7E9379E0
InstallProtocolInterface: 6A7A5CFF-E8D9-4F70-BADA-75AB3025CE14 7E937A00
Loading driver 0ABD8284-6DA3-4616-971A-83A5148067BA
InstallProtocolInterface: 5B1B31A1-9562-11D2-8E3F-00A0C969723B 7DA8D240
Loading driver at 0x0007E923000 EntryPoint=0x0007E927170 IsaFloppyDxe.efi
InstallProtocolInterface: BC62157E-3E33-4FEC-9920-2D3B36D750DF 7DA8D718
ProtectUefiImageCommon - 0x7DA8D240
  - 0x000000007E923000 - 0x0000000000009E40
InstallProtocolInterface: 18A031AB-B443-4D1A-A5C0-0C09261E9F71 7E92CC80
InstallProtocolInterface: 107A772C-D5E1-11D4-9A46-0090273FC14D 7E92CC00
InstallProtocolInterface: 6A7A5CFF-E8D9-4F70-BADA-75AB3025CE14 7E92CC20
Loading driver B8E62775-BB0A-43F0-A843-5BE8B14F8CCD
InstallProtocolInterface: 5B1B31A1-9562-11D2-8E3F-00A0C969723B 7DA8CCC0
Loading driver at 0x0007E91D000 EntryPoint=0x0007E91F70A BootGraphicsResourceTableDxe.efi
InstallProtocolInterface: BC62157E-3E33-4FEC-9920-2D3B36D750DF 7DA8CB18
ProtectUefiImageCommon - 0x7DA8CCC0
  - 0x000000007E91D000 - 0x00000000000050E0
InstallProtocolInterface: CDEA2BD3-FC25-4C1C-B97C-B31186064990 7E921F18
Loading driver 961578FE-B6B7-44C3-AF35-6BC705CD2B1F
InstallProtocolInterface: 5B1B31A1-9562-11D2-8E3F-00A0C969723B 7DA8C540
Loading driver at 0x0007E90C000 EntryPoint=0x0007E9105DB Fat.efi
InstallProtocolInterface: BC62157E-3E33-4FEC-9920-2D3B36D750DF 7DA8C198
ProtectUefiImageCommon - 0x7DA8C540
  - 0x000000007E90C000 - 0x0000000000010B20
InstallProtocolInterface: 18A031AB-B443-4D1A-A5C0-0C09261E9F71 7E91C8C0
InstallProtocolInterface: 107A772C-D5E1-11D4-9A46-0090273FC14D 7E91C820
InstallProtocolInterface: 6A7A5CFF-E8D9-4F70-BADA-75AB3025CE14 7E91C840
Loading driver 5D695E11-9B3F-4B83-B25F-4A8D5D69BE07
InstallProtocolInterface: 5B1B31A1-9562-11D2-8E3F-00A0C969723B 7DA8B0C0
Loading driver at 0x0007ECD6000 EntryPoint=0x0007ECD7000 
InstallProtocolInterface: BC62157E-3E33-4FEC-9920-2D3B36D750DF 7DA8B898
ProtectUefiImageCommon - 0x7DA8B0C0
  - 0x000000007ECD6000 - 0x000000000001F000
SetUefiImageMemoryAttributes - 0x000000007ECD6000 - 0x0000000000001000 (0x0000000000004008)
SetUefiImageMemoryAttributes - 0x000000007ECD7000 - 0x0000000000016000 (0x0000000000020008)
ConvertPageEntryAttribute 0x7ECD7063->0x7ECD7061
ConvertPageEntryAttribute 0x7ECD8063->0x7ECD8061
ConvertPageEntryAttribute 0x7ECD9063->0x7ECD9061
ConvertPageEntryAttribute 0x7ECDA063->0x7ECDA061
ConvertPageEntryAttribute 0x7ECDB063->0x7ECDB061
ConvertPageEntryAttribute 0x7ECDC063->0x7ECDC061
ConvertPageEntryAttribute 0x7ECDD063->0x7ECDD061
ConvertPageEntryAttribute 0x7ECDE063->0x7ECDE061
ConvertPageEntryAttribute 0x7ECDF063->0x7ECDF061
ConvertPageEntryAttribute 0x7ECE0063->0x7ECE0061
ConvertPageEntryAttribute 0x7ECE1063->0x7ECE1061
ConvertPageEntryAttribute 0x7ECE2063->0x7ECE2061
ConvertPageEntryAttribute 0x7ECE3063->0x7ECE3061
ConvertPageEntryAttribute 0x7ECE4063->0x7ECE4061
ConvertPageEntryAttribute 0x7ECE5063->0x7ECE5061
ConvertPageEntryAttribute 0x7ECE6063->0x7ECE6061
ConvertPageEntryAttribute 0x7ECE7063->0x7ECE7061
ConvertPageEntryAttribute 0x7ECE8063->0x7ECE8061
ConvertPageEntryAttribute 0x7ECE9063->0x7ECE9061
ConvertPageEntryAttribute 0x7ECEA063->0x7ECEA061
ConvertPageEntryAttribute 0x7ECEB063->0x7ECEB061
ConvertPageEntryAttribute 0x7ECEC063->0x7ECEC061
SetUefiImageMemoryAttributes - 0x000000007ECED000 - 0x0000000000008000 (0x0000000000004008)
InstallProtocolInterface: 18A031AB-B443-4D1A-A5C0-0C09261E9F71 7ECEE010
InstallProtocolInterface: 107A772C-D5E1-11D4-9A46-0090273FC14D 7ECF0AD8
InstallProtocolInterface: 107A772B-D5E1-11D4-9A46-0090273FC14D 7ECF0B08
InstallProtocolInterface: 0784924F-E296-11D4-9A49-0090273FC14D 7ECF1078
Loading driver A2F436EA-A127-4EF8-957C-8048606FF670
InstallProtocolInterface: 5B1B31A1-9562-11D2-8E3F-00A0C969723B 7DA8ACC0
Loading driver at 0x0007E8FF000 EntryPoint=0x0007E90263B SnpDxe.efi
InstallProtocolInterface: BC62157E-3E33-4FEC-9920-2D3B36D750DF 7DA8AB18
ProtectUefiImageCommon - 0x7DA8ACC0
  - 0x000000007E8FF000 - 0x000000000000CA60
InstallProtocolInterface: 18A031AB-B443-4D1A-A5C0-0C09261E9F71 7E90B840
InstallProtocolInterface: 107A772C-D5E1-11D4-9A46-0090273FC14D 7E90B870
InstallProtocolInterface: 6A7A5CFF-E8D9-4F70-BADA-75AB3025CE14 7E90B890
Loading driver 025BBFC7-E6A9-4B8B-82AD-6815A1AEAF4A
InstallProtocolInterface: 5B1B31A1-9562-11D2-8E3F-00A0C969723B 7DA8A340
Loading driver at 0x0007E8ED000 EntryPoint=0x0007E8F1332 MnpDxe.efi
InstallProtocolInterface: BC62157E-3E33-4FEC-9920-2D3B36D750DF 7DA89F18
ProtectUefiImageCommon - 0x7DA8A340
  - 0x000000007E8ED000 - 0x0000000000011B60
InstallProtocolInterface: 18A031AB-B443-4D1A-A5C0-0C09261E9F71 7E8FE920
InstallProtocolInterface: 107A772C-D5E1-11D4-9A46-0090273FC14D 7E8FE8C0
InstallProtocolInterface: 6A7A5CFF-E8D9-4F70-BADA-75AB3025CE14 7E8FE8E0
Loading driver E4F61863-FE2C-4B56-A8F4-08519BC439DF
InstallProtocolInterface: 5B1B31A1-9562-11D2-8E3F-00A0C969723B 7DA89BC0
Loading driver at 0x0007E8E1000 EntryPoint=0x0007E8E544F VlanConfigDxe.efi
InstallProtocolInterface: BC62157E-3E33-4FEC-9920-2D3B36D750DF 7DA89A98
ProtectUefiImageCommon - 0x7DA89BC0
  - 0x000000007E8E1000 - 0x000000000000BB20
InstallProtocolInterface: 18A031AB-B443-4D1A-A5C0-0C09261E9F71 7E8EC2A0
InstallProtocolInterface: 107A772C-D5E1-11D4-9A46-0090273FC14D 7E8EC240
InstallProtocolInterface: 6A7A5CFF-E8D9-4F70-BADA-75AB3025CE14 7E8EC260
Loading driver 529D3F93-E8E9-4E73-B1E1-BDF6A9D50113
InstallProtocolInterface: 5B1B31A1-9562-11D2-8E3F-00A0C969723B 7DA892C0
Loading driver at 0x0007E8D6000 EntryPoint=0x0007E8D92F4 ArpDxe.efi
InstallProtocolInterface: BC62157E-3E33-4FEC-9920-2D3B36D750DF 7DA89098
ProtectUefiImageCommon - 0x7DA892C0
  - 0x000000007E8D6000 - 0x000000000000AE20
InstallProtocolInterface: 18A031AB-B443-4D1A-A5C0-0C09261E9F71 7E8E0C80
InstallProtocolInterface: 107A772C-D5E1-11D4-9A46-0090273FC14D 7E8E0BC0
InstallProtocolInterface: 6A7A5CFF-E8D9-4F70-BADA-75AB3025CE14 7E8E0BE0
Loading driver 94734718-0BBC-47FB-96A5-EE7A5AE6A2AD
InstallProtocolInterface: 5B1B31A1-9562-11D2-8E3F-00A0C969723B 7DA880C0
Loading driver at 0x0007E8C4000 EntryPoint=0x0007E8C7AA1 Dhcp4Dxe.efi
InstallProtocolInterface: BC62157E-3E33-4FEC-9920-2D3B36D750DF 7DA88918
ProtectUefiImageCommon - 0x7DA880C0
  - 0x000000007E8C4000 - 0x0000000000011EA0
InstallProtocolInterface: 18A031AB-B443-4D1A-A5C0-0C09261E9F71 7E8D5100
InstallProtocolInterface: 107A772C-D5E1-11D4-9A46-0090273FC14D 7E8D5040
InstallProtocolInterface: 6A7A5CFF-E8D9-4F70-BADA-75AB3025CE14 7E8D5060
Loading driver 9FB1A1F3-3B71-4324-B39A-745CBB015FFF
InstallProtocolInterface: 5B1B31A1-9562-11D2-8E3F-00A0C969723B 7DA883C0
Loading driver at 0x0007E8A4000 EntryPoint=0x0007E8AA0D8 Ip4Dxe.efi
InstallProtocolInterface: BC62157E-3E33-4FEC-9920-2D3B36D750DF 7DA88718
ProtectUefiImageCommon - 0x7DA883C0
  - 0x000000007E8A4000 - 0x000000000001F3C0
InstallProtocolInterface: 18A031AB-B443-4D1A-A5C0-0C09261E9F71 7E8C2A80
InstallProtocolInterface: 107A772C-D5E1-11D4-9A46-0090273FC14D 7E8C2B80
InstallProtocolInterface: 6A7A5CFF-E8D9-4F70-BADA-75AB3025CE14 7E8C2BA0
Loading driver DC3641B8-2FA8-4ED3-BC1F-F9962A03454B
InstallProtocolInterface: 5B1B31A1-9562-11D2-8E3F-00A0C969723B 7DA877C0
Loading driver at 0x0007E893000 EntryPoint=0x0007E896E54 Mtftp4Dxe.efi
InstallProtocolInterface: BC62157E-3E33-4FEC-9920-2D3B36D750DF 7DA87718
ProtectUefiImageCommon - 0x7DA877C0
  - 0x000000007E893000 - 0x0000000000010020
InstallProtocolInterface: 18A031AB-B443-4D1A-A5C0-0C09261E9F71 7E8A2E40
InstallProtocolInterface: 107A772C-D5E1-11D4-9A46-0090273FC14D 7E8A2DA0
InstallProtocolInterface: 6A7A5CFF-E8D9-4F70-BADA-75AB3025CE14 7E8A2DC0
Loading driver 6D6963AB-906D-4A65-A7CA-BD40E5D6AF2B
InstallProtocolInterface: 5B1B31A1-9562-11D2-8E3F-00A0C969723B 7DA86040
Loading driver at 0x0007E883000 EntryPoint=0x0007E886B2D Udp4Dxe.efi
InstallProtocolInterface: BC62157E-3E33-4FEC-9920-2D3B36D750DF 7DA86F18
ProtectUefiImageCommon - 0x7DA86040
  - 0x000000007E883000 - 0x000000000000FB00
InstallProtocolInterface: 18A031AB-B443-4D1A-A5C0-0C09261E9F71 7E892920
InstallProtocolInterface: 107A772C-D5E1-11D4-9A46-0090273FC14D 7E8928C0
InstallProtocolInterface: 6A7A5CFF-E8D9-4F70-BADA-75AB3025CE14 7E8928E0
Loading driver 6D6963AB-906D-4A65-A7CA-BD40E5D6AF4D
InstallProtocolInterface: 5B1B31A1-9562-11D2-8E3F-00A0C969723B 7DA86440
Loading driver at 0x0007E867000 EntryPoint=0x0007E86AE3C Tcp4Dxe.efi
InstallProtocolInterface: BC62157E-3E33-4FEC-9920-2D3B36D750DF 7DA86A18
ProtectUefiImageCommon - 0x7DA86440
  - 0x000000007E867000 - 0x000000000001B180
InstallProtocolInterface: 18A031AB-B443-4D1A-A5C0-0C09261E9F71 7E881F60
InstallProtocolInterface: 107A772C-D5E1-11D4-9A46-0090273FC14D 7E881E40
InstallProtocolInterface: 6A7A5CFF-E8D9-4F70-BADA-75AB3025CE14 7E881E60
Loading driver 3B1DEAB5-C75D-442E-9238-8E2FFB62B0BB
InstallProtocolInterface: 5B1B31A1-9562-11D2-8E3F-00A0C969723B 7DA84040
Loading driver at 0x0007E856000 EntryPoint=0x0007E859874 UefiPxe4BcDxe.efi
InstallProtocolInterface: BC62157E-3E33-4FEC-9920-2D3B36D750DF 7DA84F18
ProtectUefiImageCommon - 0x7DA84040
  - 0x000000007E856000 - 0x0000000000010E00
InstallProtocolInterface: 18A031AB-B443-4D1A-A5C0-0C09261E9F71 7E866AE0
InstallProtocolInterface: 107A772C-D5E1-11D4-9A46-0090273FC14D 7E866B10
InstallProtocolInterface: 6A7A5CFF-E8D9-4F70-BADA-75AB3025CE14 7E866B30
Loading driver 4579B72D-7EC4-4DD4-8486-083C86B182A7
InstallProtocolInterface: 5B1B31A1-9562-11D2-8E3F-00A0C969723B 7DA84440
Loading driver at 0x0007E839000 EntryPoint=0x0007E83FA1B IScsi4Dxe.efi
InstallProtocolInterface: BC62157E-3E33-4FEC-9920-2D3B36D750DF 7DA84998
ProtectUefiImageCommon - 0x7DA84440
  - 0x000000007E839000 - 0x000000000001C760
InstallProtocolInterface: 18A031AB-B443-4D1A-A5C0-0C09261E9F71 7E854A60
InstallProtocolInterface: 107A772C-D5E1-11D4-9A46-0090273FC14D 7E854A90
InstallProtocolInterface: 6A7A5CFF-E8D9-4F70-BADA-75AB3025CE14 7E854AB0
InstallProtocolInterface: 59324945-EC44-4C0D-B1CD-9DB139DF070C 7E854A00
InstallProtocolInterface: 09576E91-6D3F-11D2-8E39-00A0C969723B 7E854DE0
InstallProtocolInterface: 330D4706-F2A0-4E4F-A369-B66FA8D54385 7DA83E28
Loading driver B219E140-DFFC-11E3-B956-0022681E6906
InstallProtocolInterface: 5B1B31A1-9562-11D2-8E3F-00A0C969723B 7DA81440
Loading driver at 0x0007E824000 EntryPoint=0x0007E828046 DnsDxe.efi
InstallProtocolInterface: BC62157E-3E33-4FEC-9920-2D3B36D750DF 7DA81F98
ProtectUefiImageCommon - 0x7DA81440
  - 0x000000007E824000 - 0x00000000000140C0
InstallProtocolInterface: 18A031AB-B443-4D1A-A5C0-0C09261E9F71 7E837E20
InstallProtocolInterface: 107A772C-D5E1-11D4-9A46-0090273FC14D 7E837DB0
InstallProtocolInterface: 6A7A5CFF-E8D9-4F70-BADA-75AB3025CE14 7E837DD0
InstallProtocolInterface: 18A031AB-B443-4D1A-A5C0-0C09261E9F71 7E837E60
InstallProtocolInterface: 107A772C-D5E1-11D4-9A46-0090273FC14D 7E837DB0
InstallProtocolInterface: 6A7A5CFF-E8D9-4F70-BADA-75AB3025CE14 7E837DD0
Loading driver 2366C20F-E15A-11E3-8BF1-E4115B28BC50
InstallProtocolInterface: 5B1B31A1-9562-11D2-8E3F-00A0C969723B 7DA83340
Loading driver at 0x0007E80D000 EntryPoint=0x0007E813CCB HttpDxe.efi
InstallProtocolInterface: BC62157E-3E33-4FEC-9920-2D3B36D750DF 7DA82C18
ProtectUefiImageCommon - 0x7DA83340
  - 0x000000007E80D000 - 0x0000000000016C60
InstallProtocolInterface: 18A031AB-B443-4D1A-A5C0-0C09261E9F71 7E823A60
InstallProtocolInterface: 107A772C-D5E1-11D4-9A46-0090273FC14D 7E823A00
InstallProtocolInterface: 6A7A5CFF-E8D9-4F70-BADA-75AB3025CE14 7E823A20
InstallProtocolInterface: 18A031AB-B443-4D1A-A5C0-0C09261E9F71 7E823AA0
InstallProtocolInterface: 107A772C-D5E1-11D4-9A46-0090273FC14D 7E823A00
InstallProtocolInterface: 6A7A5CFF-E8D9-4F70-BADA-75AB3025CE14 7E823A20
Loading driver ECEBCB00-D9C8-11E4-AF3D-8CDCD426C973
InstallProtocolInterface: 5B1B31A1-9562-11D2-8E3F-00A0C969723B 7DA80D40
Loading driver at 0x0007E7F1000 EntryPoint=0x0007E7FA3E8 HttpBootDxe.efi
InstallProtocolInterface: BC62157E-3E33-4FEC-9920-2D3B36D750DF 7DA80218
ProtectUefiImageCommon - 0x7DA80D40
  - 0x000000007E7F1000 - 0x000000000001B8A0
InstallProtocolInterface: 18A031AB-B443-4D1A-A5C0-0C09261E9F71 7E80C260
InstallProtocolInterface: 107A772C-D5E1-11D4-9A46-0090273FC14D 7E80C320
InstallProtocolInterface: 6A7A5CFF-E8D9-4F70-BADA-75AB3025CE14 7E80C340
InstallProtocolInterface: 18A031AB-B443-4D1A-A5C0-0C09261E9F71 7E80C2A0
InstallProtocolInterface: 107A772C-D5E1-11D4-9A46-0090273FC14D 7E80C320
InstallProtocolInterface: 6A7A5CFF-E8D9-4F70-BADA-75AB3025CE14 7E80C340
Loading driver A92CDB4B-82F1-4E0B-A516-8A655D371524
InstallProtocolInterface: 5B1B31A1-9562-11D2-8E3F-00A0C969723B 7DA7F040
Loading driver at 0x0007E7E6000 EntryPoint=0x0007E7E9AA9 VirtioNetDxe.efi
InstallProtocolInterface: BC62157E-3E33-4FEC-9920-2D3B36D750DF 7DA80B18
ProtectUefiImageCommon - 0x7DA7F040
  - 0x000000007E7E6000 - 0x000000000000A5E0
InstallProtocolInterface: 18A031AB-B443-4D1A-A5C0-0C09261E9F71 7E7F0460
InstallProtocolInterface: 107A772C-D5E1-11D4-9A46-0090273FC14D 7E7F0420
InstallProtocolInterface: 6A7A5CFF-E8D9-4F70-BADA-75AB3025CE14 7E7F0440
Loading driver 2FB92EFA-2EE0-4BAE-9EB6-7464125E1EF7
InstallProtocolInterface: 5B1B31A1-9562-11D2-8E3F-00A0C969723B 7DA7F2C0
Loading driver at 0x0007E7D9000 EntryPoint=0x0007E7DC6FA UhciDxe.efi
InstallProtocolInterface: BC62157E-3E33-4FEC-9920-2D3B36D750DF 7DA7FA98
ProtectUefiImageCommon - 0x7DA7F2C0
  - 0x000000007E7D9000 - 0x000000000000CB60
InstallProtocolInterface: 18A031AB-B443-4D1A-A5C0-0C09261E9F71 7E7E5960
InstallProtocolInterface: 107A772C-D5E1-11D4-9A46-0090273FC14D 7E7E5990
InstallProtocolInterface: 6A7A5CFF-E8D9-4F70-BADA-75AB3025CE14 7E7E59B0
Loading driver BDFE430E-8F2A-4DB0-9991-6F856594777E
InstallProtocolInterface: 5B1B31A1-9562-11D2-8E3F-00A0C969723B 7DA7F540
Loading driver at 0x0007E7C9000 EntryPoint=0x0007E7CC7BA EhciDxe.efi
InstallProtocolInterface: BC62157E-3E33-4FEC-9920-2D3B36D750DF 7DA7F898
ProtectUefiImageCommon - 0x7DA7F540
  - 0x000000007E7C9000 - 0x000000000000F440
InstallProtocolInterface: 18A031AB-B443-4D1A-A5C0-0C09261E9F71 7E7D82C0
InstallProtocolInterface: 107A772C-D5E1-11D4-9A46-0090273FC14D 7E7D8220
InstallProtocolInterface: 6A7A5CFF-E8D9-4F70-BADA-75AB3025CE14 7E7D8240
Loading driver B7F50E91-A759-412C-ADE4-DCD03E7F7C28
InstallProtocolInterface: 5B1B31A1-9562-11D2-8E3F-00A0C969723B 7DA7E2C0
Loading driver at 0x0007E7B2000 EntryPoint=0x0007E7B579A XhciDxe.efi
InstallProtocolInterface: BC62157E-3E33-4FEC-9920-2D3B36D750DF 7DA7EA18
ProtectUefiImageCommon - 0x7DA7E2C0
  - 0x000000007E7B2000 - 0x00000000000168E0
InstallProtocolInterface: 18A031AB-B443-4D1A-A5C0-0C09261E9F71 7E7C8640
InstallProtocolInterface: 107A772C-D5E1-11D4-9A46-0090273FC14D 7E7C86F0
InstallProtocolInterface: 6A7A5CFF-E8D9-4F70-BADA-75AB3025CE14 7E7C8710
Loading driver 240612B7-A063-11D4-9A3A-0090273FC14D
InstallProtocolInterface: 5B1B31A1-9562-11D2-8E3F-00A0C969723B 7DA7E540
Loading driver at 0x0007E7A2000 EntryPoint=0x0007E7A535D UsbBusDxe.efi
InstallProtocolInterface: BC62157E-3E33-4FEC-9920-2D3B36D750DF 7DA7DD18
ProtectUefiImageCommon - 0x7DA7E540
  - 0x000000007E7A2000 - 0x000000000000F740
InstallProtocolInterface: 18A031AB-B443-4D1A-A5C0-0C09261E9F71 7E7B13E0
InstallProtocolInterface: 107A772C-D5E1-11D4-9A46-0090273FC14D 7E7B1520
InstallProtocolInterface: 6A7A5CFF-E8D9-4F70-BADA-75AB3025CE14 7E7B1540
Loading driver 2D2E62CF-9ECF-43B7-8219-94E7FC713DFE
InstallProtocolInterface: 5B1B31A1-9562-11D2-8E3F-00A0C969723B 7DA7D2C0
Loading driver at 0x0007E796000 EntryPoint=0x0007E7998C5 UsbKbDxe.efi
InstallProtocolInterface: BC62157E-3E33-4FEC-9920-2D3B36D750DF 7DA7DC98
ProtectUefiImageCommon - 0x7DA7D2C0
  - 0x000000007E796000 - 0x000000000000BC00
InstallProtocolInterface: 18A031AB-B443-4D1A-A5C0-0C09261E9F71 7E7A1220
InstallProtocolInterface: 107A772C-D5E1-11D4-9A46-0090273FC14D 7E7A1A10
InstallProtocolInterface: 6A7A5CFF-E8D9-4F70-BADA-75AB3025CE14 7E7A1A30
Loading driver 9FB4B4A7-42C0-4BCD-8540-9BCC6711F83E
InstallProtocolInterface: 5B1B31A1-9562-11D2-8E3F-00A0C969723B 7DA70040
Loading driver at 0x0007E78C000 EntryPoint=0x0007E78EE32 UsbMassStorageDxe.efi
InstallProtocolInterface: BC62157E-3E33-4FEC-9920-2D3B36D750DF 7DA70B98
ProtectUefiImageCommon - 0x7DA70040
  - 0x000000007E78C000 - 0x0000000000009C40
InstallProtocolInterface: 18A031AB-B443-4D1A-A5C0-0C09261E9F71 7E7959C0
InstallProtocolInterface: 107A772C-D5E1-11D4-9A46-0090273FC14D 7E795930
InstallProtocolInterface: 6A7A5CFF-E8D9-4F70-BADA-75AB3025CE14 7E795950
Loading driver E3752948-B9A1-4770-90C4-DF41C38986BE
InstallProtocolInterface: 5B1B31A1-9562-11D2-8E3F-00A0C969723B 7DA70D40
Loading driver at 0x0007E780000 EntryPoint=0x0007E784419 QemuVideoDxe.efi
InstallProtocolInterface: BC62157E-3E33-4FEC-9920-2D3B36D750DF 7DA70A98
ProtectUefiImageCommon - 0x7DA70D40
  - 0x000000007E780000 - 0x000000000000BD60
InstallProtocolInterface: 18A031AB-B443-4D1A-A5C0-0C09261E9F71 7E78B7E0
InstallProtocolInterface: 107A772C-D5E1-11D4-9A46-0090273FC14D 7E78B760
InstallProtocolInterface: 6A7A5CFF-E8D9-4F70-BADA-75AB3025CE14 7E78B780
InstallProtocolInterface: 5C198761-16A8-4E69-972C-89D67954F81D 7E78B8A0
Loading driver D6099B94-CD97-4CC5-8714-7F6312701A8A
InstallProtocolInterface: 5B1B31A1-9562-11D2-8E3F-00A0C969723B 7DA6F040
Loading driver at 0x0007E776000 EntryPoint=0x0007E778D2C VirtioGpuDxe.efi
InstallProtocolInterface: BC62157E-3E33-4FEC-9920-2D3B36D750DF 7DA6FB98
ProtectUefiImageCommon - 0x7DA6F040
  - 0x000000007E776000 - 0x0000000000009EE0
InstallProtocolInterface: 18A031AB-B443-4D1A-A5C0-0C09261E9F71 7E77FD20
InstallProtocolInterface: 6A7A5CFF-E8D9-4F70-BADA-75AB3025CE14 7E77FD00
[Bds] Entry...
[BdsDxe] Locate Variable Lock protocol - Success
[Variable] Lock: 8BE4DF61-93CA-11D2-AA0D-00E098032B8C:PlatformLangCodes Success
[Variable] Lock: 8BE4DF61-93CA-11D2-AA0D-00E098032B8C:LangCodes Success
[Variable] Lock: 8BE4DF61-93CA-11D2-AA0D-00E098032B8C:BootOptionSupport Success
[Variable] Lock: 8BE4DF61-93CA-11D2-AA0D-00E098032B8C:HwErrRecSupport Success
[Variable] Lock: 8BE4DF61-93CA-11D2-AA0D-00E098032B8C:OsIndicationsSupported Success
Variable Driver Auto Update PlatformLang, PlatformLang:en, Lang:eng Status: Success
[Variable] Lock: 8BE4DF61-93CA-11D2-AA0D-00E098032B8C:PlatformRecovery0000 Success
PlatformBootManagerBeforeConsole
Registered NotifyDevPath Event
PCI Bus First Scanning
PciBus: Discovered PCI @ [00|00|00]

PciBus: Discovered PCI @ [00|01|00]
   BAR[0]: Type =  Mem32; Alignment = 0x3FFFFFF;	Length = 0x4000000;	Offset = 0x10
   BAR[1]: Type =  Mem32; Alignment = 0x3FFFFFF;	Length = 0x4000000;	Offset = 0x14
   BAR[2]: Type =  Mem32; Alignment = 0x1FFF;	Length = 0x2000;	Offset = 0x18
   BAR[3]: Type =   Io32; Alignment = 0x1F;	Length = 0x20;	Offset = 0x1C

PciBus: Discovered PCI @ [00|02|00]
   BAR[0]: Type =  Mem64; Alignment = 0x3FFF;	Length = 0x4000;	Offset = 0x10

PciBus: Discovered PCI @ [00|02|01]
   BAR[0]: Type =  Mem64; Alignment = 0x3FFF;	Length = 0x4000;	Offset = 0x10

PciBus: Discovered PPB @ [00|03|00]
GetResourcePadding: Address=00:03.0 DevicePath=PciRoot(0x0)/Pci(0x3,0x0)
GetResourcePadding: BusNumbers=0xFFFFFFFF Io=0xFFFFFFFFFFFFFFFF NonPrefetchable32BitMmio=0xFFFFFFFF
GetResourcePadding: Prefetchable32BitMmio=0x200000 Prefetchable64BitMmio=0xFFFFFFFFFFFFFFFF
   Padding: Type =  Mem32; Alignment = 0x1FFFFF;	Length = 0x200000
   Padding: Type =     Io; Alignment = 0x1FF;	Length = 0x200
   Padding: Type = PMem32; Alignment = 0x1FFFFF;	Length = 0x200000
   BAR[0]: Type =  Mem32; Alignment = 0xFFF;	Length = 0x1000;	Offset = 0x10

PciBus: Discovered PCI @ [01|00|00]
   BAR[1]: Type =  Mem32; Alignment = 0xFFF;	Length = 0x1000;	Offset = 0x14
   BAR[4]: Type = PMem64; Alignment = 0x3FFF;	Length = 0x4000;	Offset = 0x20

PciBus: Discovered PPB @ [00|03|01]
GetResourcePadding: Address=00:03.1 DevicePath=PciRoot(0x0)/Pci(0x3,0x1)
GetResourcePadding: BusNumbers=0xFFFFFFFF Io=0xFFFFFFFFFFFFFFFF NonPrefetchable32BitMmio=0xFFFFFFFF
GetResourcePadding: Prefetchable32BitMmio=0x200000 Prefetchable64BitMmio=0xFFFFFFFFFFFFFFFF
   Padding: Type =  Mem32; Alignment = 0x1FFFFF;	Length = 0x200000
   Padding: Type =     Io; Alignment = 0x1FF;	Length = 0x200
   Padding: Type = PMem32; Alignment = 0x1FFFFF;	Length = 0x200000
   BAR[0]: Type =  Mem32; Alignment = 0xFFF;	Length = 0x1000;	Offset = 0x10

PciBus: Discovered PPB @ [00|1E|00]

PciBus: Discovered PPB @ [03|01|00]
GetResourcePadding: Address=03:01.0 DevicePath=PciRoot(0x0)/Pci(0x1E,0x0)/Pci(0x1,0x0)
   Padding: Type =  Mem32; Alignment = 0x1FFFFF;	Length = 0x200000
   Padding: Type =     Io; Alignment = 0x1FF;	Length = 0x200
   BAR[0]: Type =  Mem64; Alignment = 0xFFF;	Length = 0x100;	Offset = 0x10

PciBus: Discovered PCI @ [04|02|00]
   BAR[4]: Type =   Io32; Alignment = 0x1F;	Length = 0x20;	Offset = 0x20

PciBus: Discovered PCI @ [04|02|01]
   BAR[4]: Type =   Io32; Alignment = 0x1F;	Length = 0x20;	Offset = 0x20

PciBus: Discovered PCI @ [04|02|02]
   BAR[4]: Type =   Io32; Alignment = 0x1F;	Length = 0x20;	Offset = 0x20

PciBus: Discovered PCI @ [04|02|07]
   BAR[0]: Type =  Mem32; Alignment = 0xFFF;	Length = 0x1000;	Offset = 0x10

PciBus: Discovered PCI @ [04|03|00]
   BAR[0]: Type =   Io32; Alignment = 0x1F;	Length = 0x20;	Offset = 0x10
   BAR[4]: Type = PMem64; Alignment = 0x3FFF;	Length = 0x4000;	Offset = 0x20

PciBus: Discovered PCI @ [04|04|00]
   BAR[0]: Type =   Io32; Alignment = 0x1F;	Length = 0x20;	Offset = 0x10
   BAR[4]: Type = PMem64; Alignment = 0x3FFF;	Length = 0x4000;	Offset = 0x20

PciBus: Discovered PCI @ [04|05|00]
   BAR[0]: Type =   Io32; Alignment = 0x3F;	Length = 0x40;	Offset = 0x10
   BAR[1]: Type =  Mem32; Alignment = 0xFFF;	Length = 0x1000;	Offset = 0x14
   BAR[4]: Type = PMem64; Alignment = 0x3FFF;	Length = 0x4000;	Offset = 0x20

PciBus: Discovered PCI @ [04|06|00]
   BAR[0]: Type =   Io32; Alignment = 0x3F;	Length = 0x40;	Offset = 0x10
   BAR[1]: Type =  Mem32; Alignment = 0xFFF;	Length = 0x1000;	Offset = 0x14
   BAR[4]: Type = PMem64; Alignment = 0x3FFF;	Length = 0x4000;	Offset = 0x20

PciBus: Discovered PCI @ [00|1F|00]

PciBus: Discovered PCI @ [00|1F|02]
   BAR[4]: Type =   Io32; Alignment = 0x1F;	Length = 0x20;	Offset = 0x20
   BAR[5]: Type =  Mem32; Alignment = 0xFFF;	Length = 0x1000;	Offset = 0x24

PciBus: Discovered PCI @ [00|1F|03]
   BAR[4]: Type =   Io32; Alignment = 0x3F;	Length = 0x40;	Offset = 0x20

PCI Bus Second Scanning
PciBus: Discovered PCI @ [00|00|00]

PciBus: Discovered PCI @ [00|01|00]
   BAR[0]: Type =  Mem32; Alignment = 0x3FFFFFF;	Length = 0x4000000;	Offset = 0x10
   BAR[1]: Type =  Mem32; Alignment = 0x3FFFFFF;	Length = 0x4000000;	Offset = 0x14
   BAR[2]: Type =  Mem32; Alignment = 0x1FFF;	Length = 0x2000;	Offset = 0x18
   BAR[3]: Type =   Io32; Alignment = 0x1F;	Length = 0x20;	Offset = 0x1C

PciBus: Discovered PCI @ [00|02|00]
   BAR[0]: Type =  Mem64; Alignment = 0x3FFF;	Length = 0x4000;	Offset = 0x10

PciBus: Discovered PCI @ [00|02|01]
   BAR[0]: Type =  Mem64; Alignment = 0x3FFF;	Length = 0x4000;	Offset = 0x10

PciBus: Discovered PPB @ [00|03|00]
GetResourcePadding: Address=00:03.0 DevicePath=PciRoot(0x0)/Pci(0x3,0x0)
GetResourcePadding: BusNumbers=0xFFFFFFFF Io=0xFFFFFFFFFFFFFFFF NonPrefetchable32BitMmio=0xFFFFFFFF
GetResourcePadding: Prefetchable32BitMmio=0x200000 Prefetchable64BitMmio=0xFFFFFFFFFFFFFFFF
   Padding: Type =  Mem32; Alignment = 0x1FFFFF;	Length = 0x200000
   Padding: Type =     Io; Alignment = 0x1FF;	Length = 0x200
   Padding: Type = PMem32; Alignment = 0x1FFFFF;	Length = 0x200000
   BAR[0]: Type =  Mem32; Alignment = 0xFFF;	Length = 0x1000;	Offset = 0x10

PciBus: Discovered PCI @ [01|00|00]
   BAR[1]: Type =  Mem32; Alignment = 0xFFF;	Length = 0x1000;	Offset = 0x14
   BAR[4]: Type = PMem64; Alignment = 0x3FFF;	Length = 0x4000;	Offset = 0x20

PciBus: Discovered PPB @ [00|03|01]
GetResourcePadding: Address=00:03.1 DevicePath=PciRoot(0x0)/Pci(0x3,0x1)
GetResourcePadding: BusNumbers=0xFFFFFFFF Io=0xFFFFFFFFFFFFFFFF NonPrefetchable32BitMmio=0xFFFFFFFF
GetResourcePadding: Prefetchable32BitMmio=0x200000 Prefetchable64BitMmio=0xFFFFFFFFFFFFFFFF
   Padding: Type =  Mem32; Alignment = 0x1FFFFF;	Length = 0x200000
   Padding: Type =     Io; Alignment = 0x1FF;	Length = 0x200
   Padding: Type = PMem32; Alignment = 0x1FFFFF;	Length = 0x200000
   BAR[0]: Type =  Mem32; Alignment = 0xFFF;	Length = 0x1000;	Offset = 0x10

PciBus: Discovered PPB @ [00|1E|00]

PciBus: Discovered PPB @ [03|01|00]
GetResourcePadding: Address=03:01.0 DevicePath=PciRoot(0x0)/Pci(0x1E,0x0)/Pci(0x1,0x0)
   Padding: Type =  Mem32; Alignment = 0x1FFFFF;	Length = 0x200000
   Padding: Type =     Io; Alignment = 0x1FF;	Length = 0x200
   BAR[0]: Type =  Mem64; Alignment = 0xFFF;	Length = 0x100;	Offset = 0x10

PciBus: Discovered PCI @ [04|02|00]
   BAR[4]: Type =   Io32; Alignment = 0x1F;	Length = 0x20;	Offset = 0x20

PciBus: Discovered PCI @ [04|02|01]
   BAR[4]: Type =   Io32; Alignment = 0x1F;	Length = 0x20;	Offset = 0x20

PciBus: Discovered PCI @ [04|02|02]
   BAR[4]: Type =   Io32; Alignment = 0x1F;	Length = 0x20;	Offset = 0x20

PciBus: Discovered PCI @ [04|02|07]
   BAR[0]: Type =  Mem32; Alignment = 0xFFF;	Length = 0x1000;	Offset = 0x10

PciBus: Discovered PCI @ [04|03|00]
   BAR[0]: Type =   Io32; Alignment = 0x1F;	Length = 0x20;	Offset = 0x10
   BAR[4]: Type = PMem64; Alignment = 0x3FFF;	Length = 0x4000;	Offset = 0x20

PciBus: Discovered PCI @ [04|04|00]
   BAR[0]: Type =   Io32; Alignment = 0x1F;	Length = 0x20;	Offset = 0x10
   BAR[4]: Type = PMem64; Alignment = 0x3FFF;	Length = 0x4000;	Offset = 0x20

PciBus: Discovered PCI @ [04|05|00]
   BAR[0]: Type =   Io32; Alignment = 0x3F;	Length = 0x40;	Offset = 0x10
   BAR[1]: Type =  Mem32; Alignment = 0xFFF;	Length = 0x1000;	Offset = 0x14
   BAR[4]: Type = PMem64; Alignment = 0x3FFF;	Length = 0x4000;	Offset = 0x20

PciBus: Discovered PCI @ [04|06|00]
   BAR[0]: Type =   Io32; Alignment = 0x3F;	Length = 0x40;	Offset = 0x10
   BAR[1]: Type =  Mem32; Alignment = 0xFFF;	Length = 0x1000;	Offset = 0x14
   BAR[4]: Type = PMem64; Alignment = 0x3FFF;	Length = 0x4000;	Offset = 0x20

PciBus: Discovered PCI @ [00|1F|00]

PciBus: Discovered PCI @ [00|1F|02]
   BAR[4]: Type =   Io32; Alignment = 0x1F;	Length = 0x20;	Offset = 0x20
   BAR[5]: Type =  Mem32; Alignment = 0xFFF;	Length = 0x1000;	Offset = 0x24

PciBus: Discovered PCI @ [00|1F|03]
   BAR[4]: Type =   Io32; Alignment = 0x3F;	Length = 0x40;	Offset = 0x20

PciBus: Discovered PCI @ [00|00|00]

PciBus: Discovered PCI @ [00|01|00]
   BAR[0]: Type =  Mem32; Alignment = 0x3FFFFFF;	Length = 0x4000000;	Offset = 0x10
   BAR[1]: Type =  Mem32; Alignment = 0x3FFFFFF;	Length = 0x4000000;	Offset = 0x14
   BAR[2]: Type =  Mem32; Alignment = 0x1FFF;	Length = 0x2000;	Offset = 0x18
   BAR[3]: Type =   Io32; Alignment = 0x1F;	Length = 0x20;	Offset = 0x1C

PciBus: Discovered PCI @ [00|02|00]
   BAR[0]: Type =  Mem64; Alignment = 0x3FFF;	Length = 0x4000;	Offset = 0x10

PciBus: Discovered PCI @ [00|02|01]
   BAR[0]: Type =  Mem64; Alignment = 0x3FFF;	Length = 0x4000;	Offset = 0x10

PciBus: Discovered PPB @ [00|03|00]
GetResourcePadding: Address=00:03.0 DevicePath=PciRoot(0x0)/Pci(0x3,0x0)
GetResourcePadding: BusNumbers=0xFFFFFFFF Io=0xFFFFFFFFFFFFFFFF NonPrefetchable32BitMmio=0xFFFFFFFF
GetResourcePadding: Prefetchable32BitMmio=0x200000 Prefetchable64BitMmio=0xFFFFFFFFFFFFFFFF
   Padding: Type =  Mem32; Alignment = 0x1FFFFF;	Length = 0x200000
   Padding: Type =     Io; Alignment = 0x1FF;	Length = 0x200
   Padding: Type = PMem32; Alignment = 0x1FFFFF;	Length = 0x200000
   BAR[0]: Type =  Mem32; Alignment = 0xFFF;	Length = 0x1000;	Offset = 0x10

PciBus: Discovered PCI @ [01|00|00]
   BAR[1]: Type =  Mem32; Alignment = 0xFFF;	Length = 0x1000;	Offset = 0x14
   BAR[4]: Type = PMem64; Alignment = 0x3FFF;	Length = 0x4000;	Offset = 0x20

PciBus: Discovered PPB @ [00|03|01]
GetResourcePadding: Address=00:03.1 DevicePath=PciRoot(0x0)/Pci(0x3,0x1)
GetResourcePadding: BusNumbers=0xFFFFFFFF Io=0xFFFFFFFFFFFFFFFF NonPrefetchable32BitMmio=0xFFFFFFFF
GetResourcePadding: Prefetchable32BitMmio=0x200000 Prefetchable64BitMmio=0xFFFFFFFFFFFFFFFF
   Padding: Type =  Mem32; Alignment = 0x1FFFFF;	Length = 0x200000
   Padding: Type =     Io; Alignment = 0x1FF;	Length = 0x200
   Padding: Type = PMem32; Alignment = 0x1FFFFF;	Length = 0x200000
   BAR[0]: Type =  Mem32; Alignment = 0xFFF;	Length = 0x1000;	Offset = 0x10

PciBus: Discovered PPB @ [00|1E|00]

PciBus: Discovered PPB @ [03|01|00]
GetResourcePadding: Address=03:01.0 DevicePath=PciRoot(0x0)/Pci(0x1E,0x0)/Pci(0x1,0x0)
   Padding: Type =  Mem32; Alignment = 0x1FFFFF;	Length = 0x200000
   Padding: Type =     Io; Alignment = 0x1FF;	Length = 0x200
   BAR[0]: Type =  Mem64; Alignment = 0xFFF;	Length = 0x100;	Offset = 0x10

PciBus: Discovered PCI @ [04|02|00]
   BAR[4]: Type =   Io32; Alignment = 0x1F;	Length = 0x20;	Offset = 0x20

PciBus: Discovered PCI @ [04|02|01]
   BAR[4]: Type =   Io32; Alignment = 0x1F;	Length = 0x20;	Offset = 0x20

PciBus: Discovered PCI @ [04|02|02]
   BAR[4]: Type =   Io32; Alignment = 0x1F;	Length = 0x20;	Offset = 0x20

PciBus: Discovered PCI @ [04|02|07]
   BAR[0]: Type =  Mem32; Alignment = 0xFFF;	Length = 0x1000;	Offset = 0x10

PciBus: Discovered PCI @ [04|03|00]
   BAR[0]: Type =   Io32; Alignment = 0x1F;	Length = 0x20;	Offset = 0x10
   BAR[4]: Type = PMem64; Alignment = 0x3FFF;	Length = 0x4000;	Offset = 0x20

PciBus: Discovered PCI @ [04|04|00]
   BAR[0]: Type =   Io32; Alignment = 0x1F;	Length = 0x20;	Offset = 0x10
   BAR[4]: Type = PMem64; Alignment = 0x3FFF;	Length = 0x4000;	Offset = 0x20

PciBus: Discovered PCI @ [04|05|00]
   BAR[0]: Type =   Io32; Alignment = 0x3F;	Length = 0x40;	Offset = 0x10
   BAR[1]: Type =  Mem32; Alignment = 0xFFF;	Length = 0x1000;	Offset = 0x14
   BAR[4]: Type = PMem64; Alignment = 0x3FFF;	Length = 0x4000;	Offset = 0x20

PciBus: Discovered PCI @ [04|06|00]
   BAR[0]: Type =   Io32; Alignment = 0x3F;	Length = 0x40;	Offset = 0x10
   BAR[1]: Type =  Mem32; Alignment = 0xFFF;	Length = 0x1000;	Offset = 0x14
   BAR[4]: Type = PMem64; Alignment = 0x3FFF;	Length = 0x4000;	Offset = 0x20

PciBus: Discovered PCI @ [00|1F|00]

PciBus: Discovered PCI @ [00|1F|02]
   BAR[4]: Type =   Io32; Alignment = 0x1F;	Length = 0x20;	Offset = 0x20
   BAR[5]: Type =  Mem32; Alignment = 0xFFF;	Length = 0x1000;	Offset = 0x24

PciBus: Discovered PCI @ [00|1F|03]
   BAR[4]: Type =   Io32; Alignment = 0x3F;	Length = 0x40;	Offset = 0x20

ASSERT /home/lacos/src/upstream/edk2/MdeModulePkg/Bus/Pci/PciBusDxe/PciResourceSupport.c(375): PaddingAperture == 0
