/dts-v1/;
// magic:		0xd00dfeed
// totalsize:		0x4000 (16384)
// off_dt_struct:	0x40
// off_dt_strings:	0x3354
// off_mem_rsvmap:	0x30
// version:		17
// last_comp_version:	16
// boot_cpuid_phys:	0x0
// size_dt_strings:	0xed
// size_dt_struct:	0x3314

/ {
    #size-cells = <0x00000002>;
    #address-cells = <0x00000002>;
    options {
        upl-custom {
            hoblistptr = <0x00000000 0x67cef0c0>;
        };
        upl-images@6A7E6010 {
            addr = <0x00000000 0x6a7e6010>;
        };
        upl-params {
            compatible = "upl";
            boot-mode = "default";
            addr-width = <0x0000002a>;
            pci-enum-done = [00 00];
        };
    };
    framebuffer@B0000000 {
        compatible = "simple-framebuffer";
        reg = <0x00000000 0xb0000000 0x00000000 0x00500000>;
        width = <0x00000500>;
        height = <0x00000400>;
        format = "a8r8g8b8";
        display = "&gma";
    };
    pci-rb1@E8000000 {
        compatible = "pci";
        bus-range = <0x008000df>;
        #address-cells = <0x00000003>;
        #size-cells = <0x00000002>;
        dma-ranges = <0xc1000000 0x00000000 0x00000000 0x00000000 0x00000000 0x00000000 0x00000001 0x00000000>;
        ranges = <0xc1000000 0x00000000 0xd0000000 0x00000000 0xd0000000 0x00000000 0x0e000000 0xc1800000 0x00000100 0x00000000 0x00000100 0x00000000 0x0000001f 0xe0000000 0x80800000 0x00000000 0x00002000 0x00000000 0x00002000 0x00000000 0x00006c00>;
        isa@1F,0 {
            #address-cells = [00 02];
            #size-cells = [00 01];
            compatible = "isa";
            serial@3F8 {
                compatible = "isa";
                reg-io-width = <0x00000001>;
                reg = <0x00000001 0x000003f8 0x00000008>;
                current-speed = <0x0001c200>;
            };
        };
    };
    pci-rb0@E0000000 {
        compatible = "pci";
        bus-range = <0x0000007f>;
        #address-cells = <0x00000003>;
        #size-cells = <0x00000002>;
        dma-ranges = <0xc1000000 0x00000000 0x00000000 0x00000000 0x00000000 0x00000000 0x00000001 0x00000000>;
        ranges = <0xc1000000 0x00000000 0x80000000 0x00000000 0x80000000 0x00000000 0x50000000 0xc1800000 0x00000120 0x00000000 0x00000120 0x00000000 0x000002e0 0x00000000 0x80800000 0x00000000 0x00009000 0x00000000 0x00009000 0x00000000 0x00007000>;
        gma@E0010000 {
            vendor-id = [80 86];
            device-id = [6e 23];
            revision-id = [00 00];
            subsystem-vendor-id = [80 86];
            subsystem-id = [72 70];
        };
    };
    reserved-memory {
        #size-cells = <0x00000002>;
        #address-cells = <0x00000002>;
        memory@6A2F1000 {
            reg = <0x00000000 0x6a2f1000 0x00000000 0x00004000>;
        };
        memory@6A2F5000 {
            reg = <0x00000000 0x6a2f5000 0x00000000 0x00001000>;
        };
        memory@6A2F6000 {
            reg = <0x00000000 0x6a2f6000 0x00000000 0x004f0000>;
        };
        memory@6A7E6000 {
            reg = <0x00000000 0x6a7e6000 0x00000000 0x004f1000>;
        };
        memory@6ACD7000 {
            reg = <0x00000000 0x6acd7000 0x00000000 0x00010000>;
        };
        memory@6ACE7000 {
            reg = <0x00000000 0x6ace7000 0x00000000 0x00003000>;
        };
        memory@6ACEA000 {
            reg = <0x00000000 0x6acea000 0x00000000 0x00001000>;
        };
        memory@6ACEB000 {
            reg = <0x00000000 0x6aceb000 0x00000000 0x00001000>;
        };
        memory@6ACEC000 {
            reg = <0x00000000 0x6acec000 0x00000000 0x00004000>;
        };
        memory@6ACF0000 {
            reg = <0x00000000 0x6acf0000 0x00000000 0x00001000>;
        };
        memory@6ACF1000 {
            reg = <0x00000000 0x6acf1000 0x00000000 0x00046000>;
        };
        memory@6AD37000 {
            reg = <0x00000000 0x6ad37000 0x00000000 0x00004000>;
        };
        memory@6AD3B000 {
            reg = <0x00000000 0x6ad3b000 0x00000000 0x00004000>;
        };
        memory@6AD3F000 {
            reg = <0x00000000 0x6ad3f000 0x00000000 0x00004000>;
        };
        memory@6AD43000 {
            reg = <0x00000000 0x6ad43000 0x00000000 0x00004000>;
        };
        memory@6AD47000 {
            reg = <0x00000000 0x6ad47000 0x00000000 0x00004000>;
        };
        memory@6AD4B000 {
            reg = <0x00000000 0x6ad4b000 0x00000000 0x00004000>;
        };
        memory@6AD4F000 {
            reg = <0x00000000 0x6ad4f000 0x00000000 0x00005000>;
        };
        memory@6AD54000 {
            reg = <0x00000000 0x6ad54000 0x00000000 0x00005000>;
        };
        memory@6AD59000 {
            reg = <0x00000000 0x6ad59000 0x00000000 0x00004000>;
        };
        memory@6AD5D000 {
            reg = <0x00000000 0x6ad5d000 0x00000000 0x00001000>;
        };
        memory@6AD5E000 {
            reg = <0x00000000 0x6ad5e000 0x00000000 0x00001000>;
        };
        memory@6AD5F000 {
            reg = <0x00000000 0x6ad5f000 0x00000000 0x00001000>;
        };
        memory@6AD60000 {
            reg = <0x00000000 0x6ad60000 0x00000000 0x00001000>;
        };
        memory@6AD61000 {
            reg = <0x00000000 0x6ad61000 0x00000000 0x00001000>;
        };
        memory@6AD62000 {
            reg = <0x00000000 0x6ad62000 0x00000000 0x00001000>;
        };
        memory@6AD63000 {
            reg = <0x00000000 0x6ad63000 0x00000000 0x00001000>;
        };
        memory@6AD64000 {
            reg = <0x00000000 0x6ad64000 0x00000000 0x00001000>;
        };
        memory@6AD65000 {
            reg = <0x00000000 0x6ad65000 0x00000000 0x0000c000>;
        };
        memory@6AD71000 {
            reg = <0x00000000 0x6ad71000 0x00000000 0x0000c000>;
        };
        memory@6AD7D000 {
            reg = <0x00000000 0x6ad7d000 0x00000000 0x00004000>;
        };
        memory@6AD81000 {
            reg = <0x00000000 0x6ad81000 0x00000000 0x00001000>;
        };
        memory@6AD82000 {
            reg = <0x00000000 0x6ad82000 0x00000000 0x00001000>;
        };
        memory@6AD83000 {
            reg = <0x00000000 0x6ad83000 0x00000000 0x00001000>;
        };
        memory@6AD84000 {
            reg = <0x00000000 0x6ad84000 0x00000000 0x00001000>;
        };
        memory@6AD85000 {
            reg = <0x00000000 0x6ad85000 0x00000000 0x00001000>;
        };
        memory@6AD86000 {
            reg = <0x00000000 0x6ad86000 0x00000000 0x00001000>;
        };
        memory@6AD87000 {
            reg = <0x00000000 0x6ad87000 0x00000000 0x00001000>;
        };
        memory@6AD88000 {
            reg = <0x00000000 0x6ad88000 0x00000000 0x00001000>;
        };
        memory@6AD89000 {
            reg = <0x00000000 0x6ad89000 0x00000000 0x00001000>;
        };
        memory@6AD8A000 {
            reg = <0x00000000 0x6ad8a000 0x00000000 0x00001000>;
        };
        memory@6AD8B000 {
            reg = <0x00000000 0x6ad8b000 0x00000000 0x00001000>;
        };
        memory@6AD8C000 {
            reg = <0x00000000 0x6ad8c000 0x00000000 0x00001000>;
        };
        memory@6AD8D000 {
            reg = <0x00000000 0x6ad8d000 0x00000000 0x00001000>;
        };
        memory@6AD8E000 {
            reg = <0x00000000 0x6ad8e000 0x00000000 0x00001000>;
        };
        memory@6AD8F000 {
            reg = <0x00000000 0x6ad8f000 0x00000000 0x00001000>;
        };
        memory@6AD90000 {
            reg = <0x00000000 0x6ad90000 0x00000000 0x00001000>;
        };
        memory@6AD91000 {
            reg = <0x00000000 0x6ad91000 0x00000000 0x00101000>;
        };
        memory@6AE92000 {
            reg = <0x00000000 0x6ae92000 0x00000000 0x00001000>;
        };
        memory@6AE93000 {
            reg = <0x00000000 0x6ae93000 0x00000000 0x00001000>;
        };
        memory@6AE94000 {
            reg = <0x00000000 0x6ae94000 0x00000000 0x00001000>;
        };
        memory@6AE95000 {
            reg = <0x00000000 0x6ae95000 0x00000000 0x00001000>;
        };
        memory@6AE96000 {
            reg = <0x00000000 0x6ae96000 0x00000000 0x00001000>;
        };
        memory@6AE97000 {
            reg = <0x00000000 0x6ae97000 0x00000000 0x00001000>;
        };
        memory@6AE98000 {
            reg = <0x00000000 0x6ae98000 0x00000000 0x00001000>;
        };
        mmio@FEC00000 {
            reg = <0x00000000 0xfec00000 0x00000000 0x00001000>;
        };
        memory@6AE99000 {
            reg = <0x00000000 0x6ae99000 0x00000000 0x00001000>;
        };
        memory@6AE9A000 {
            reg = <0x00000000 0x6ae9a000 0x00000000 0x00001000>;
        };
        memory@6AE9B000 {
            reg = <0x00000000 0x6ae9b000 0x00000000 0x00001000>;
        };
        memory@6AE9C000 {
            reg = <0x00000000 0x6ae9c000 0x00000000 0x00001000>;
        };
        memory@6AE9D000 {
            reg = <0x00000000 0x6ae9d000 0x00000000 0x00001000>;
        };
        memory@6AE9E000 {
            reg = <0x00000000 0x6ae9e000 0x00000000 0x00001000>;
        };
        memory@6AE9F000 {
            reg = <0x00000000 0x6ae9f000 0x00000000 0x00001000>;
        };
        memory@6AEA0000 {
            reg = <0x00000000 0x6aea0000 0x00000000 0x00001000>;
        };
        memory@6AEA1000 {
            reg = <0x00000000 0x6aea1000 0x00000000 0x00001000>;
        };
        memory@6AEA2000 {
            reg = <0x00000000 0x6aea2000 0x00000000 0x00001000>;
        };
        memory@6AEA3000 {
            reg = <0x00000000 0x6aea3000 0x00000000 0x00001000>;
        };
        memory@6AEA4000 {
            reg = <0x00000000 0x6aea4000 0x00000000 0x00001000>;
        };
        memory@6AEA5000 {
            reg = <0x00000000 0x6aea5000 0x00000000 0x00001000>;
        };
        memory@6AEA6000 {
            reg = <0x00000000 0x6aea6000 0x00000000 0x00001000>;
        };
        memory@6AEA7000 {
            reg = <0x00000000 0x6aea7000 0x00000000 0x00001000>;
        };
        memory@6AEA8000 {
            reg = <0x00000000 0x6aea8000 0x00000000 0x00001000>;
        };
        memory@6AEA9000 {
            reg = <0x00000000 0x6aea9000 0x00000000 0x00001000>;
        };
        memory@6AEAA000 {
            reg = <0x00000000 0x6aeaa000 0x00000000 0x00001000>;
        };
        memory@6AEAB000 {
            reg = <0x00000000 0x6aeab000 0x00000000 0x00001000>;
        };
        memory@6AEAC000 {
            reg = <0x00000000 0x6aeac000 0x00000000 0x00001000>;
        };
        memory@6AEAD000 {
            reg = <0x00000000 0x6aead000 0x00000000 0x00001000>;
        };
        memory@6AEAE000 {
            reg = <0x00000000 0x6aeae000 0x00000000 0x00001000>;
        };
        memory@6AEAF000 {
            reg = <0x00000000 0x6aeaf000 0x00000000 0x00001000>;
        };
        memory@6AEB0000 {
            reg = <0x00000000 0x6aeb0000 0x00000000 0x00001000>;
        };
        memory@6AEB1000 {
            reg = <0x00000000 0x6aeb1000 0x00000000 0x00001000>;
        };
        memory@6AEB2000 {
            reg = <0x00000000 0x6aeb2000 0x00000000 0x00001000>;
        };
        memory@6AEB3000 {
            reg = <0x00000000 0x6aeb3000 0x00000000 0x00001000>;
        };
        memory@6AEB4000 {
            reg = <0x00000000 0x6aeb4000 0x00000000 0x00001000>;
        };
        memory@6AEB5000 {
            reg = <0x00000000 0x6aeb5000 0x00000000 0x00001000>;
        };
        memory@6AEB6000 {
            reg = <0x00000000 0x6aeb6000 0x00000000 0x00001000>;
        };
        memory@6AEB7000 {
            reg = <0x00000000 0x6aeb7000 0x00000000 0x00001000>;
        };
        memory@6AEB8000 {
            reg = <0x00000000 0x6aeb8000 0x00000000 0x00001000>;
        };
        memory@6AEB9000 {
            reg = <0x00000000 0x6aeb9000 0x00000000 0x00001000>;
        };
        memory@6AEBA000 {
            reg = <0x00000000 0x6aeba000 0x00000000 0x00001000>;
        };
        memory@6AEBB000 {
            reg = <0x00000000 0x6aebb000 0x00000000 0x00001000>;
        };
        memory@6AEBC000 {
            reg = <0x00000000 0x6aebc000 0x00000000 0x00001000>;
        };
        memory@6AEBD000 {
            reg = <0x00000000 0x6aebd000 0x00000000 0x00001000>;
        };
        memory@6AEBE000 {
            reg = <0x00000000 0x6aebe000 0x00000000 0x00001000>;
        };
        memory@6AEBF000 {
            reg = <0x00000000 0x6aebf000 0x00000000 0x00001000>;
        };
        memory@6AEC0000 {
            reg = <0x00000000 0x6aec0000 0x00000000 0x00001000>;
        };
        memory@6AEC1000 {
            reg = <0x00000000 0x6aec1000 0x00000000 0x00001000>;
        };
        memory@6AEC2000 {
            reg = <0x00000000 0x6aec2000 0x00000000 0x00001000>;
        };
        memory@6AEC3000 {
            reg = <0x00000000 0x6aec3000 0x00000000 0x00001000>;
        };
        memory@6AEC4000 {
            reg = <0x00000000 0x6aec4000 0x00000000 0x00001000>;
        };
        memory@6AEC5000 {
            reg = <0x00000000 0x6aec5000 0x00000000 0x00001000>;
        };
        memory@6AEC6000 {
            reg = <0x00000000 0x6aec6000 0x00000000 0x00001000>;
        };
        memory@6AEC7000 {
            reg = <0x00000000 0x6aec7000 0x00000000 0x00001000>;
        };
        memory@6AEC8000 {
            reg = <0x00000000 0x6aec8000 0x00000000 0x00001000>;
        };
        memory@6AEC9000 {
            reg = <0x00000000 0x6aec9000 0x00000000 0x00001000>;
        };
        memory@6AECA000 {
            reg = <0x00000000 0x6aeca000 0x00000000 0x00001000>;
        };
        memory@6AECB000 {
            reg = <0x00000000 0x6aecb000 0x00000000 0x00001000>;
        };
        memory@6AECC000 {
            reg = <0x00000000 0x6aecc000 0x00000000 0x00001000>;
        };
        memory@6AECD000 {
            reg = <0x00000000 0x6aecd000 0x00000000 0x00001000>;
        };
        memory@6AECE000 {
            reg = <0x00000000 0x6aece000 0x00000000 0x0002a000>;
        };
        memory@6AEF8000 {
            reg = <0x00000000 0x6aef8000 0x00000000 0x00001000>;
        };
        memory@6AEFC000 {
            reg = <0x00000000 0x6aefc000 0x00000000 0x00003000>;
        };
        memory@6AEFF000 {
            reg = <0x00000000 0x6aeff000 0x00000000 0x00043000>;
        };
        memory@6AF42000 {
            reg = <0x00000000 0x6af42000 0x00000000 0x00004000>;
        };
        memory@6AF46000 {
            reg = <0x00000000 0x6af46000 0x00000000 0x0008e000>;
        };
        memory@6AFD4000 {
            reg = <0x00000000 0x6afd4000 0x00000000 0x0008f000>;
        };
        memory@6B063000 {
            reg = <0x00000000 0x6b063000 0x00000000 0x00004000>;
        };
        memory@6B067000 {
            reg = <0x00000000 0x6b067000 0x00000000 0x00004000>;
        };
        memory@6B06B000 {
            reg = <0x00000000 0x6b06b000 0x00000000 0x00002000>;
        };
        memory@6B06D000 {
            reg = <0x00000000 0x6b06d000 0x00000000 0x00002000>;
        };
        memory@6B070000 {
            reg = <0x00000000 0x6b070000 0x00000000 0x00001000>;
        };
        memory@6B071000 {
            reg = <0x00000000 0x6b071000 0x00000000 0x000eb000>;
        };
        memory@6B15C000 {
            reg = <0x00000000 0x6b15c000 0x00000000 0x00010000>;
        };
        memory@6B16C000 {
            reg = <0x00000000 0x6b16c000 0x00000000 0x00010000>;
        };
        memory@6B17C000 {
            reg = <0x00000000 0x6b17c000 0x00000000 0x00004000>;
        };
        memory@6B180000 {
            reg = <0x00000000 0x6b180000 0x00000000 0x00005000>;
        };
        memory@6B185000 {
            reg = <0x00000000 0x6b185000 0x00000000 0x00002000>;
        };
        memory@6B187000 {
            reg = <0x00000000 0x6b187000 0x00000000 0x00004000>;
        };
        memory@6B18B000 {
            reg = <0x00000000 0x6b18b000 0x00000000 0x00002000>;
        };
        memory@6B18D000 {
            reg = <0x00000000 0x6b18d000 0x00000000 0x00007000>;
        };
        memory@6B194000 {
            reg = <0x00000000 0x6b194000 0x00000000 0x00007000>;
        };
        memory@6B19B000 {
            reg = <0x00000000 0x6b19b000 0x00000000 0x00011000>;
        };
        memory@6B1AC000 {
            reg = <0x00000000 0x6b1ac000 0x00000000 0x00005000>;
        };
        memory@6B1B1000 {
            reg = <0x00000000 0x6b1b1000 0x00000000 0x00003000>;
        };
        memory@6B1B4000 {
            reg = <0x00000000 0x6b1b4000 0x00000000 0x00007000>;
        };
        memory@6B1BB000 {
            reg = <0x00000000 0x6b1bb000 0x00000000 0x00005000>;
        };
        memory@6B1C0000 {
            reg = <0x00000000 0x6b1c0000 0x00000000 0x00005000>;
        };
        memory@6B1C5000 {
            reg = <0x00000000 0x6b1c5000 0x00000000 0x00004000>;
        };
        memory@6B1C9000 {
            reg = <0x00000000 0x6b1c9000 0x00000000 0x00003000>;
        };
        memory@6B1CC000 {
            reg = <0x00000000 0x6b1cc000 0x00000000 0x00009000>;
        };
        memory@6B1D5000 {
            reg = <0x00000000 0x6b1d5000 0x00000000 0x00005000>;
        };
        memory@6B1DA000 {
            reg = <0x00000000 0x6b1da000 0x00000000 0x00007000>;
        };
        memory@6B1E1000 {
            reg = <0x00000000 0x6b1e1000 0x00000000 0x00004000>;
        };
        memory@6B1E5000 {
            reg = <0x00000000 0x6b1e5000 0x00000000 0x00004000>;
        };
        memory@6B1E9000 {
            reg = <0x00000000 0x6b1e9000 0x00000000 0x0000b000>;
        };
        memory@6B1F4000 {
            reg = <0x00000000 0x6b1f4000 0x00000000 0x0000b000>;
        };
        memory@6B1FF000 {
            reg = <0x00000000 0x6b1ff000 0x00000000 0x00010000>;
        };
        memory@6B20F000 {
            reg = <0x00000000 0x6b20f000 0x00000000 0x000a0000>;
        };
        memory@6B2AF000 {
            reg = <0x00000000 0x6b2af000 0x00000000 0x00010000>;
        };
        memory@6B2BF000 {
            reg = <0x00000000 0x6b2bf000 0x00000000 0x00005000>;
        };
        memory@6B2C4000 {
            reg = <0x00000000 0x6b2c4000 0x00000000 0x00007000>;
        };
        memory@6B2CB000 {
            reg = <0x00000000 0x6b2cb000 0x00000000 0x00004000>;
        };
        memory@6B2CF000 {
            reg = <0x00000000 0x6b2cf000 0x00000000 0x00001000>;
        };
        memory@6B2D0000 {
            reg = <0x00000000 0x6b2d0000 0x00000000 0x00181000>;
        };
        memory@6B451000 {
            reg = <0x00000000 0x6b451000 0x00000000 0x00010000>;
        };
        memory@6B461000 {
            reg = <0x00000000 0x6b461000 0x00000000 0x00001000>;
        };
        memory@6B462000 {
            reg = <0x00000000 0x6b462000 0x00000000 0x00001000>;
        };
        memory@6B463000 {
            reg = <0x00000000 0x6b463000 0x00000000 0x002d1000>;
        };
        memory@6B734000 {
            reg = <0x00000000 0x6b734000 0x00000000 0x00010000>;
        };
        memory@6B744000 {
            reg = <0x00000000 0x6b744000 0x00000000 0x00711000>;
        };
        memory@6BE55000 {
            reg = <0x00000000 0x6be55000 0x00000000 0x00010000>;
        };
        memory@6BE65000 {
            reg = <0x00000000 0x6be65000 0x00000000 0x00001000>;
        };
        memory@6BE66000 {
            reg = <0x00000000 0x6be66000 0x00000000 0x00091000>;
        };
        memory@6BEF7000 {
            reg = <0x00000000 0x6bef7000 0x00000000 0x00010000>;
        };
        memory@6BF07000 {
            reg = <0x00000000 0x6bf07000 0x00000000 0x000b1000>;
        };
        memory@6BFB8000 {
            reg = <0x00000000 0x6bfb8000 0x00000000 0x00010000>;
        };
        memory@6BFC8000 {
            reg = <0x00000000 0x6bfc8000 0x00000000 0x00151000>;
        };
        memory@6C119000 {
            reg = <0x00000000 0x6c119000 0x00000000 0x00010000>;
        };
        memory@6C129000 {
            reg = <0x00000000 0x6c129000 0x00000000 0x00091000>;
        };
        memory@6C1BA000 {
            reg = <0x00000000 0x6c1ba000 0x00000000 0x00010000>;
        };
        memory@6C1CA000 {
            reg = <0x00000000 0x6c1ca000 0x00000000 0x00351000>;
        };
        memory@6C51B000 {
            reg = <0x00000000 0x6c51b000 0x00000000 0x00010000>;
        };
        memory@6C52B000 {
            reg = <0x00000000 0x6c52b000 0x00000000 0x00001000>;
        };
        memory@6C52C000 {
            reg = <0x00000000 0x6c52c000 0x00000000 0x000c1000>;
        };
        memory@6C5ED000 {
            reg = <0x00000000 0x6c5ed000 0x00000000 0x00010000>;
        };
        memory@6C5FD000 {
            reg = <0x00000000 0x6c5fd000 0x00000000 0x00003000>;
        };
        memory@6C600000 {
            reg = <0x00000000 0x6c600000 0x00000000 0x00001000>;
        };
        memory@6C601000 {
            reg = <0x00000000 0x6c601000 0x00000000 0x00011000>;
        };
        memory@6C612000 {
            reg = <0x00000000 0x6c612000 0x00000000 0x00010000>;
        };
        memory@6C622000 {
            reg = <0x00000000 0x6c622000 0x00000000 0x00002000>;
        };
        memory@6C624000 {
            reg = <0x00000000 0x6c624000 0x00000000 0x00028000>;
        };
        memory@6C64C000 {
            reg = <0x00000000 0x6c64c000 0x00000000 0x00001000>;
        };
        memory@6C64D000 {
            reg = <0x00000000 0x6c64d000 0x00000000 0x00001000>;
        };
        memory@6C64E000 {
            reg = <0x00000000 0x6c64e000 0x00000000 0x00001000>;
        };
        memory@6C64F000 {
            reg = <0x00000000 0x6c64f000 0x00000000 0x00009000>;
        };
        memory@6C658000 {
            reg = <0x00000000 0x6c658000 0x00000000 0x00007000>;
        };
        memory@6C65F000 {
            reg = <0x00000000 0x6c65f000 0x00000000 0x00002000>;
        };
        memory@6C661000 {
            reg = <0x00000000 0x6c661000 0x00000000 0x00005000>;
        };
        memory@6C666000 {
            reg = <0x00000000 0x6c666000 0x00000000 0x00001000>;
        };
        memory@6C667000 {
            reg = <0x00000000 0x6c667000 0x00000000 0x00101000>;
        };
        memory@6C768000 {
            reg = <0x00000000 0x6c768000 0x00000000 0x00001000>;
        };
        memory@6C769000 {
            reg = <0x00000000 0x6c769000 0x00000000 0x00001000>;
        };
        memory@6C76A000 {
            reg = <0x00000000 0x6c76a000 0x00000000 0x00001000>;
        };
        memory@6C76B000 {
            reg = <0x00000000 0x6c76b000 0x00000000 0x00001000>;
        };
        memory@6C76C000 {
            reg = <0x00000000 0x6c76c000 0x00000000 0x00001000>;
        };
        memory@6C76D000 {
            reg = <0x00000000 0x6c76d000 0x00000000 0x00001000>;
        };
        memory@6C76E000 {
            reg = <0x00000000 0x6c76e000 0x00000000 0x00002000>;
        };
        memory@6C770000 {
            reg = <0x00000000 0x6c770000 0x00000000 0x00002000>;
        };
        memory@6C772000 {
            reg = <0x00000000 0x6c772000 0x00000000 0x00400000>;
        };
        memory@6CB72000 {
            reg = <0x00000000 0x6cb72000 0x00000000 0x00002000>;
        };
        mmio@FEDA1000 {
            reg = <0x00000000 0xfeda1000 0x00000000 0x00001000>;
        };
        mmio@FED90000 {
            reg = <0x00000000 0xfed90000 0x00000000 0x00001000>;
        };
        mmio@FEE00000 {
            reg = <0x00000000 0xfee00000 0x00000000 0x00001000>;
        };
        mmio@E0000000 {
            reg = <0x00000000 0xe0000000 0x00000000 0x10000000>;
        };
        mmio@FF200000 {
            reg = <0x00000000 0xff200000 0x00000000 0x00e00000>;
        };
        memory@6CB74000 {
            reg = <0x00000000 0x6cb74000 0x00000000 0x00004000>;
        };
        memory@6CB78000 {
            reg = <0x00000000 0x6cb78000 0x00000000 0x0002e000>;
        };
        memory@6CBA6000 {
            reg = <0x00000000 0x6cba6000 0x00000000 0x00010000>;
        };
        memory@6CBB6000 {
            reg = <0x00000000 0x6cbb6000 0x00000000 0x00001000>;
        };
        memory@6CBB7000 {
            reg = <0x00000000 0x6cbb7000 0x00000000 0x00081000>;
        };
        memory@6CC38000 {
            reg = <0x00000000 0x6cc38000 0x00000000 0x00010000>;
        };
        memory@67C6F000 {
            reg = <0x00000000 0x67c6f000 0x00000000 0x00080000>;
        };
        memory@6CC48000 {
            reg = <0x00000000 0x6cc48000 0x00000000 0x00001000>;
        };
        memory@6CC4F000 {
            reg = <0x00000000 0x6cc4f000 0x00000000 0x00010000>;
        };
        mmio@FC800000 {
            reg = <0x00000000 0xfc800000 0x00000000 0x00080000>;
        };
        mmio@4150000000 {
            reg = <0x00000041 0x50000000 0x00000000 0x02000000>;
        };
        mmio@4152000000 {
            reg = <0x00000041 0x52000000 0x00000000 0x00040000>;
        };
        mmio@4148000000 {
            reg = <0x00000041 0x48000000 0x00000000 0x08000000>;
        };
        mmio@FED00000 {
            reg = <0x00000000 0xfed00000 0x00000000 0x00001000>;
        };
        memory@6CC49000 {
            reg = <0x00000000 0x6cc49000 0x00000000 0x00005000>;
        };
        mmio@4110000000 {
            reg = <0x00000041 0x10000000 0x00000000 0x10000000>;
        };
        mmio@4100000000 {
            reg = <0x00000041 0x00000000 0x00000000 0x10000000>;
        };
        mmio@FD800000 {
            reg = <0x00000000 0xfd800000 0x00000000 0x01000000>;
        };
    };
    memory@100000 {
        device_type = "memory";
        reg = <0x00000000 0x00100000 0x00000000 0x67b6f000>;
    };
    memory@0 {
        device_type = "memory";
        reg = <0x00000000 0x00000000 0x00000000 0x000a0000>;
    };
    memory@67C6F000 {
        device_type = "memory";
        reg = <0x00000000 0x67c6f000 0x00000000 0x08391000>;
    };
    memory@100000000 {
        device_type = "memory";
        reg = <0x00000001 0x00000000 0x00000003 0x80000000>;
    };
};
