SecCoreStartupWithStack(0xFFFCC000, 0x820000)
Register PPI Notify: DCD0BE23-9586-40F4-B643-06522CED4EDE
Install PPI: 8C8CE578-8A3D-4F1C-9935-896185C32DD3
Install PPI: 5473C07A-3DCB-4DCA-BD6F-1E9689E7349A
The 0th FV start address is 0x00000820000, size is 0x000E0000, handle is 0x820000
Register PPI Notify: 49EDB1C1-BF21-4761-BB12-EB0031AABB39
Register PPI Notify: EA7CA24B-DED5-4DAD-A389-BF827E8F9B38
Install PPI: B9E0ABFE-5979-4914-977F-6DEE78C278A6
Install PPI: DBE23AA9-A345-4B97-85B6-B226F1617389
Install PPI: 138F9CF4-F0E7-4721-8F49-F5FFECF42D40
DiscoverPeimsAndOrderWithApriori(): Found 0x8 PEI FFS files in the 0th FV
Loading PEIM 9B3ADA4F-AE56-4C24-8DEA-F03B7558AE50
Loading PEIM at 0x0000082BB40 EntryPoint=0x0000082ED95 PcdPeim.efi
Install PPI: 06E81C58-4AD7-44BC-8390-F10265F72480
Install PPI: 01F34D25-4DE2-23AD-3FF3-36353FF323F1
Install PPI: 4D8B155B-C059-4C8F-8926-06FD4331DB8A
Install PPI: A60C6B59-E459-425D-9C69-0BCC9CB27D81
Register PPI Notify: 605EA650-C65C-42E1-BA80-91A52AB618C6
Loading PEIM A3610442-E69F-4DF3-82CA-2360C4031A23
Loading PEIM at 0x00000830A40 EntryPoint=0x00000831DCC ReportStatusCodeRouterPei.efi
Install PPI: 0065D394-9951-4144-82A3-0AFC8579C251
Install PPI: 229832D3-7A30-4B36-B827-F40CB7D45436
Loading PEIM 9D225237-FA01-464C-A949-BAABC02D31D0
Loading PEIM at 0x00000832AC0 EntryPoint=0x00000833D33 StatusCodeHandlerPei.efi
Loading PEIM 222C386D-5ABC-4FB4-B124-FBB82488ACF4
Loading PEIM at 0x00000834AC0 EntryPoint=0x0000083C498 PlatformPei.efi
Platform PEIM Loaded
CMOS:
00: 03 00 38 00 14 00 06 07 04 23 26 02 00 80 00 00
10: 00 00 00 00 06 80 02 FF FF 00 00 00 00 00 00 00
20: 00 00 00 00 00 00 00 00 00 00 00 00 00 00 00 00
30: FF FF 20 00 00 3F 00 20 30 00 00 00 00 12 00 00
40: 00 00 00 00 00 00 00 00 00 00 00 00 00 00 00 00
50: 00 00 00 00 00 00 00 00 00 00 00 00 00 00 00 01
60: 00 00 00 00 00 00 00 00 00 00 00 00 00 00 00 00
70: 00 00 00 00 00 00 00 00 00 00 00 00 00 00 00 00
QemuFwCfgProbe: Supported 1, DMA 0
Select Item: 0x19
Select Item: 0x2B
S3 support was detected on QEMU
Install PPI: 7408D748-FC8C-4EE6-9288-C4BEC092A410
Select Item: 0x19
Select Item: 0x19
Select Item: 0x25
Select Item: 0x19
Select Item: 0x19
PlatformAddressWidthFromCpuid: Signature: 'AuthenticAMD', PhysBits: 48, QemuQuirk: On, Valid: Yes
PlatformAddressWidthFromCpuid: limit PhysBits to 47 (avoid 5-level paging)
PlatformDynamicMmioWindow: using dynamic mmio window
PlatformDynamicMmioWindow:   Addr Space 0x800000000000 (131072 GB)
PlatformDynamicMmioWindow:   MMIO Space 0x100000000000 (16384 GB)
Select Item: 0x19
Select Item: 0x25
PlatformDynamicMmioWindow:   Pci64 Base 0x700000000000
PlatformDynamicMmioWindow:   Pci64 Size 0x100000000000
AddressWidthInitialization: Pci64Base=0x700000000000 Pci64Size=0x100000000000
Select Item: 0x5
PlatformMaxCpuCountInitialization: BootCpuCount=2 MaxCpuCount=2
Select Item: 0x19
Select Item: 0x25
PlatformGetLowMemoryCB: LowMemory=0x40000000
PublishPeiMemory: PhysMemAddressWidth=47 PeiMemoryCap=66564 KB
PeiInstallPeiMemory MemoryBegin 0x3BE6F000, MemoryLength 0x4101000
Select Item: 0x19
Select Item: 0x25
PlatformQemuInitializeRam called
Select Item: 0x19
Select Item: 0x25
Select Item: 0x19
Select Item: 0x25
PlatformAddHobCB: Reserved [0xFEFFC000, 0xFF000000)
PlatformAddHobCB: Reserved [0xFD00000000, 0x10000000000)
Reserved variable store memory: 0x3FF50000; size: 128kb
Platform PEI Firmware Volume Initialization
Install PPI: 49EDB1C1-BF21-4761-BB12-EB0031AABB39
Notify: PPI Guid: 49EDB1C1-BF21-4761-BB12-EB0031AABB39, Peim notify entry point: 823E07
The 1th FV start address is 0x00000900000, size is 0x00D00000, handle is 0x900000
Select Item: 0x19
Select Item: 0x25
Select Item: 0x19
Register PPI Notify: EE16160A-E8BE-47A6-820A-C6900DB0250A
SEV is enabled (mask 0x8000000000000)
SEV-ES is enabled, 4 GHCB pages allocated starting at 0x3FF4C000
SEV-ES is enabled, 2 GHCB backup pages allocated starting at 0x3FBFE000
Select Item: 0x19
Temp Stack : BaseAddress=0x818000 Length=0x8000
Temp Heap  : BaseAddress=0x810000 Length=0x8000
Total temporary memory:    65536 bytes.
  temporary memory stack ever used:       31640 bytes.
  temporary memory heap used for HobList: 7704 bytes.
  temporary memory heap occupied by memory pages: 0 bytes.
Memory Allocation 0x0000000A 0x3FF70000 - 0x3FFFFFFF
Memory Allocation 0x0000000A 0x810000 - 0x81FFFF
Memory Allocation 0x0000000A 0x807000 - 0x807FFF
Memory Allocation 0x0000000A 0x800000 - 0x805FFF
Memory Allocation 0x0000000A 0x808000 - 0x808FFF
Memory Allocation 0x0000000A 0x809000 - 0x80AFFF
Memory Allocation 0x0000000A 0x80C000 - 0x80CFFF
Memory Allocation 0x0000000A 0x806000 - 0x806FFF
Memory Allocation 0x0000000A 0x80B000 - 0x80BFFF
Memory Allocation 0x00000006 0x3FF50000 - 0x3FF6FFFF
Memory Allocation 0x0000000A 0x820000 - 0x8FFFFF
Memory Allocation 0x00000004 0x900000 - 0x15FFFFF
Memory Allocation 0x00000000 0xE0000000 - 0xEFFFFFFF
Memory Allocation 0x00000000 0x3FF4C000 - 0x3FF4FFFF
Memory Allocation 0x00000004 0x3FC00000 - 0x3FDFFFFF
Memory Allocation 0x00000007 0x3FE00000 - 0x3FF4BFFF
Memory Allocation 0x00000004 0x3FBFE000 - 0x3FBFFFFF
Memory Allocation 0x00000004 0x3FBFD000 - 0x3FBFDFFF
Old Stack size 32768, New stack size 131072
Stack Hob: BaseAddress=0x3BE6F000 Length=0x20000
Heap Offset = 0x3B67F000 Stack Offset = 0x3B66F000
TemporaryRamMigration(0x810000, 0x3BE87000, 0x10000)
Loading PEIM 52C05B14-0B98-496C-BC3B-04B50211D680
Loading PEIM at 0x0003FBF1000 EntryPoint=0x0003FBF8F38 PeiCore.efi
Reinstall PPI: 8C8CE578-8A3D-4F1C-9935-896185C32DD3
Reinstall PPI: 5473C07A-3DCB-4DCA-BD6F-1E9689E7349A
Reinstall PPI: B9E0ABFE-5979-4914-977F-6DEE78C278A6
Install PPI: F894643D-C449-42D1-8EA8-85BDD8C65BDE
Loading PEIM 9B3ADA4F-AE56-4C24-8DEA-F03B7558AE50
Loading PEIM at 0x0003FBEC000 EntryPoint=0x0003FBEF255 PcdPeim.efi
Reinstall PPI: 06E81C58-4AD7-44BC-8390-F10265F72480
Reinstall PPI: 4D8B155B-C059-4C8F-8926-06FD4331DB8A
Reinstall PPI: 01F34D25-4DE2-23AD-3FF3-36353FF323F1
Reinstall PPI: A60C6B59-E459-425D-9C69-0BCC9CB27D81
Loading PEIM 86D70125-BAA3-4296-A62F-602BEBBB9081
Loading PEIM at 0x0003FBE7000 EntryPoint=0x0003FBEA1D1 DxeIpl.efi
Install PPI: 1A36E4E7-FAB6-476A-8E75-695A0576FDD7
Install PPI: 0AE8CE5D-E448-4437-A8D7-EBF5F194F731
Loading PEIM 89E549B0-7CFE-449D-9BA3-10D8B2312D71
Loading PEIM at 0x0003FBE2000 EntryPoint=0x0003FBE4B2C S3Resume2Pei.efi
Install PPI: 6D582DBC-DB85-4514-8FCC-5ADF6227B147
Loading PEIM EDADEB9D-DDBA-48BD-9D22-C1C169C8C5C6
Loading PEIM at 0x0003FBD3000 EntryPoint=0x0003FBD7A04 CpuMpPei.efi
Register PPI Notify: F894643D-C449-42D1-8EA8-85BDD8C65BDE
Notify: PPI Guid: F894643D-C449-42D1-8EA8-85BDD8C65BDE, Peim notify entry point: 3FBDBE3F
AP Loop Mode is 1
AP Vector: non-16-bit = 3FBB9000/447
WakeupBufferStart = 9F000, WakeupBufferSize = 1000
AP Vector: 16-bit = 9F000/39, ExchangeInfo = 9F039/A4
WakeupBufferStart = 9E000, WakeupBufferSize = 1000
CpuMpPei: 5-Level Paging = 0
APIC MODE is 1
MpInitLib: Find 2 processors in system.
GetMicrocodePatchInfoFromHob: Microcode patch cache HOB is not found.
CpuMpPei: 5-Level Paging = 0
CPU[0000]: Microcode revision = 00000000, expected = 00000000
CPU[0001]: Microcode revision = 00000000, expected = 00000000
Register PPI Notify: 8F9D4825-797D-48FC-8471-845025792EF6
Does not find any stored CPU BIST information from PPI!
  APICID - 0x00000000, BIST - 0x00000000
  APICID - 0x00000001, BIST - 0x00000000
Install PPI: 9E9F374B-8F16-4230-9824-5846EE766A97
Install PPI: 5CB9CB3D-31A4-480C-9498-29D269BACFBA
Install PPI: EE16160A-E8BE-47A6-820A-C6900DB0250A
Notify: PPI Guid: EE16160A-E8BE-47A6-820A-C6900DB0250A, Peim notify entry point: 836BC6
PlatformPei: ClearCacheOnMpServicesAvailable
CpuMpPei: 5-Level Paging = 0
DiscoverPeimsAndOrderWithApriori(): Found 0x0 PEI FFS files in the 1th FV
DXE IPL Entry
Loading PEIM D6A2CB7F-6A18-4E2F-B43B-9920A733700A
Loading PEIM at 0x0003FB8A000 EntryPoint=0x0003FBA308D DxeCore.efi
Loading DXE CORE at 0x0003FB8A000 EntryPoint=0x0003FBA308D
AddressBits=47 5LevelPaging=0 1GPage=1
Pml5=1 Pml4=256 Pdp=512 TotalPage=257
Install PPI: 605EA650-C65C-42E1-BA80-91A52AB618C6
Notify: PPI Guid: 605EA650-C65C-42E1-BA80-91A52AB618C6, Peim notify entry point: 82D9B2
CoreInitializeMemoryServices:
  BaseAddress - 0x3BE93000 Length - 0x396D000 MinimalMemorySizeNeeded - 0x322000
InstallProtocolInterface: 5B1B31A1-9562-11D2-8E3F-00A0C969723B 3FBAF168
ProtectUefiImageCommon - 0x3FBAF168
  - 0x000000003FB8A000 - 0x000000000002F000
DxeMain: MemoryBaseAddress=0x3BE93000 MemoryLength=0x396D000
HOBLIST address in DXE = 0x3F4E7018
Memory Allocation 0x0000000A 0x3FF70000 - 0x3FFFFFFF
Memory Allocation 0x0000000A 0x810000 - 0x81FFFF
Memory Allocation 0x0000000A 0x807000 - 0x807FFF
Memory Allocation 0x0000000A 0x800000 - 0x805FFF
Memory Allocation 0x0000000A 0x808000 - 0x808FFF
Memory Allocation 0x0000000A 0x809000 - 0x80AFFF
Memory Allocation 0x0000000A 0x80C000 - 0x80CFFF
Memory Allocation 0x0000000A 0x806000 - 0x806FFF
Memory Allocation 0x0000000A 0x80B000 - 0x80BFFF
Memory Allocation 0x00000006 0x3FF50000 - 0x3FF6FFFF
Memory Allocation 0x0000000A 0x820000 - 0x8FFFFF
Memory Allocation 0x00000004 0x900000 - 0x15FFFFF
Memory Allocation 0x00000000 0xE0000000 - 0xEFFFFFFF
Memory Allocation 0x00000000 0x3FF4C000 - 0x3FF4FFFF
Memory Allocation 0x00000004 0x3FC00000 - 0x3FDFFFFF
Memory Allocation 0x00000007 0x3FE00000 - 0x3FF4BFFF
Memory Allocation 0x00000004 0x3FBFE000 - 0x3FBFFFFF
Memory Allocation 0x00000004 0x3FBFD000 - 0x3FBFDFFF
Memory Allocation 0x00000004 0x3FB6A000 - 0x3FB89FFF
Memory Allocation 0x00000003 0x3FBF1000 - 0x3FBFCFFF
Memory Allocation 0x00000003 0x3FBEC000 - 0x3FBF0FFF
Memory Allocation 0x00000003 0x3FBE7000 - 0x3FBEBFFF
Memory Allocation 0x00000003 0x3FBE2000 - 0x3FBE6FFF
Memory Allocation 0x00000003 0x3FBD3000 - 0x3FBE1FFF
Memory Allocation 0x00000004 0x3FBBA000 - 0x3FBD2FFF
Memory Allocation 0x00000003 0x3FBB9000 - 0x3FBB9FFF
Memory Allocation 0x00000003 0x3FB8A000 - 0x3FBB8FFF
Memory Allocation 0x00000003 0x3FB8A000 - 0x3FBB8FFF
Memory Allocation 0x00000004 0x3FB6A000 - 0x3FB89FFF
Memory Allocation 0x00000004 0x3F800000 - 0x3F9FFFFF
Memory Allocation 0x00000007 0x3FA00000 - 0x3FB69FFF
Memory Allocation 0x00000004 0x3BE6F000 - 0x3BE8EFFF
FV Hob            0x900000 - 0x15FFFFF
InstallProtocolInterface: D8117CFE-94A6-11D4-9A3A-0090273FC14D 3FBB04A0
InstallProtocolInterface: 8F644FA9-E850-4DB1-9CE2-0B44698E8DA4 3F4E3930
InstallProtocolInterface: 09576E91-6D3F-11D2-8E39-00A0C969723B 3F4E3A18
InstallProtocolInterface: 220E73B6-6BDB-4413-8405-B974B108619A 3F4E3430
InstallProtocolInterface: EE4E5898-3914-4259-9D6E-DC7BD79403CF 3FBB03B8
Loading driver 9B680FCE-AD6B-4F3A-B60B-F59899003443
InstallProtocolInterface: 5B1B31A1-9562-11D2-8E3F-00A0C969723B 3F03C140
Loading driver at 0x0003EFA4000 EntryPoint=0x0003EFABF4E DevicePathDxe.efi
InstallProtocolInterface: BC62157E-3E33-4FEC-9920-2D3B36D750DF 3F03C718
ProtectUefiImageCommon - 0x3F03C140
  - 0x000000003EFA4000 - 0x000000000000B5C0
InstallProtocolInterface: 0379BE4E-D706-437D-B037-EDB82FB772A4 3EFAE8C0
InstallProtocolInterface: 8B843E20-8132-4852-90CC-551A4E4A7F1C 3EFAE8A0
InstallProtocolInterface: 05C99A21-C70F-4AD2-8A5F-35DF3343F51E 3EFAE880
Loading driver 80CF7257-87AB-47F9-A3FE-D50B76D89541
InstallProtocolInterface: 5B1B31A1-9562-11D2-8E3F-00A0C969723B 3EFBB1C0
Loading driver at 0x0003EF9E000 EntryPoint=0x0003EFA1A9A PcdDxe.efi
InstallProtocolInterface: BC62157E-3E33-4FEC-9920-2D3B36D750DF 3EFBBB98
ProtectUefiImageCommon - 0x3EFBB1C0
  - 0x000000003EF9E000 - 0x0000000000005EC0
InstallProtocolInterface: 11B34006-D85B-4D0A-A290-D5A571310EF7 3EFA3B80
InstallProtocolInterface: 13A3F0F6-264A-3EF0-F2E0-DEC512342F34 3EFA3AE0
InstallProtocolInterface: 5BE40F57-FA68-4610-BBBF-E9C5FCDAD365 3EFA3AB0
InstallProtocolInterface: FD0F4478-0EFD-461D-BA2D-E58C45FD5F5E 3EFA3A90
Loading driver 2EC9DA37-EE35-4DE9-86C5-6D9A81DC38A7
InstallProtocolInterface: 5B1B31A1-9562-11D2-8E3F-00A0C969723B 3EFBA4C0
Loading driver at 0x0003EFB0000 EntryPoint=0x0003EFB262B AmdSevDxe.efi
InstallProtocolInterface: BC62157E-3E33-4FEC-9920-2D3B36D750DF 3EFBA718
ProtectUefiImageCommon - 0x3EFBA4C0
  - 0x000000003EFB0000 - 0x00000000000044C0
Loading driver E750224E-7BCE-40AF-B5BB-47E3611EB5C2
InstallProtocolInterface: 5B1B31A1-9562-11D2-8E3F-00A0C969723B 3EF9D040
Loading driver at 0x0003EF98000 EntryPoint=0x0003EF9A187 TdxDxe.efi
InstallProtocolInterface: BC62157E-3E33-4FEC-9920-2D3B36D750DF 3EFBA898
ProtectUefiImageCommon - 0x3EF9D040
  - 0x000000003EF98000 - 0x0000000000004CC0
InstallProtocolInterface: BB00A5CA-08CE-462F-A537-43C74A825CA4 0
Loading driver 733CBAC2-B23F-4B92-BC8E-FB01CE5907B7
InstallProtocolInterface: 5B1B31A1-9562-11D2-8E3F-00A0C969723B 3EF9D9C0
Loading driver at 0x0003F6E4000 EntryPoint=0x0003F6E7089 FvbServicesRuntimeDxe.efi
InstallProtocolInterface: BC62157E-3E33-4FEC-9920-2D3B36D750DF 3EF9D818
ProtectUefiImageCommon - 0x3EF9D9C0
  - 0x000000003F6E4000 - 0x0000000000009000
QEMU Flash: Attempting flash detection at FFE00010
QEMU Flash: SEV-ES enabled, assuming FD behaves as FLASH
Installing QEMU flash FVB
InstallProtocolInterface: 8F644FA9-E850-4DB1-9CE2-0B44698E8DA4 3F5EC8B0
InstallProtocolInterface: 09576E91-6D3F-11D2-8E39-00A0C969723B 3EF9D698
Loading driver D93CE3D8-A7EB-4730-8C8E-CC466A9ECC3C
InstallProtocolInterface: 5B1B31A1-9562-11D2-8E3F-00A0C969723B 3EFB9B40
Loading driver at 0x0003F6DD000 EntryPoint=0x0003F6DF9CD ReportStatusCodeRouterRuntimeDxe.efi
InstallProtocolInterface: BC62157E-3E33-4FEC-9920-2D3B36D750DF 3EF9D498
ProtectUefiImageCommon - 0x3EFB9B40
  - 0x000000003F6DD000 - 0x0000000000007000
InstallProtocolInterface: 86212936-0E76-41C8-A03A-2AF2FC1C39E2 3F6E2060
InstallProtocolInterface: D2B2B828-0826-48A7-B3DF-983C006024F0 3F6E2040
Loading driver B601F8C4-43B7-4784-95B1-F4226CB40CEE
InstallProtocolInterface: 5B1B31A1-9562-11D2-8E3F-00A0C969723B 3EFB92C0
Loading driver at 0x0003F6D7000 EntryPoint=0x0003F6D9623 RuntimeDxe.efi
InstallProtocolInterface: BC62157E-3E33-4FEC-9920-2D3B36D750DF 3EFB6E18
ProtectUefiImageCommon - 0x3EFB92C0
  - 0x000000003F6D7000 - 0x0000000000006000
InstallProtocolInterface: B7DFB4E1-052F-449F-87BE-9818FC91B733 3F6DB080
Loading driver F80697E9-7FD6-4665-8646-88E33EF71DFC
InstallProtocolInterface: 5B1B31A1-9562-11D2-8E3F-00A0C969723B 3EFB61C0
Loading driver at 0x0003EEB0000 EntryPoint=0x0003EEEB1FB SecurityStubDxe.efi
InstallProtocolInterface: BC62157E-3E33-4FEC-9920-2D3B36D750DF 3EFB6A18
ProtectUefiImageCommon - 0x3EFB61C0
  - 0x000000003EEB0000 - 0x0000000000073D40
InstallProtocolInterface: 94AB2F58-1438-4EF1-9152-18941A3A0E68 3EF204C8
InstallProtocolInterface: A46423E3-4617-49F1-B9FF-D1BFA9115839 3EF204C0
InstallProtocolInterface: 15853D7C-3DDF-43E0-A1CB-EBF85B8F872C 3EF204A0
Loading driver 13AC6DD0-73D0-11D4-B06B-00AA00BD6DE7
InstallProtocolInterface: 5B1B31A1-9562-11D2-8E3F-00A0C969723B 3EFB5940
Loading driver at 0x0003EF8A000 EntryPoint=0x0003EF8E6E7 EbcDxe.efi
InstallProtocolInterface: BC62157E-3E33-4FEC-9920-2D3B36D750DF 3EFB5718
ProtectUefiImageCommon - 0x3EFB5940
  - 0x000000003EF8A000 - 0x0000000000006200
InstallProtocolInterface: 13AC6DD1-73D0-11D4-B06B-00AA00BD6DE7 3EFB5498
InstallProtocolInterface: 96F46153-97A7-4793-ACC1-FA19BF78EA97 3EF8FC20
InstallProtocolInterface: 2755590C-6F3C-42FA-9EA4-A3BA543CDA25 3EF97F18
InstallProtocolInterface: AAEACCFD-F27B-4C17-B610-75CA1F2DFB52 3EF97B98
Loading driver A19B1FE7-C1BC-49F8-875F-54A5D542443F
InstallProtocolInterface: 5B1B31A1-9562-11D2-8E3F-00A0C969723B 3EF970C0
Loading driver at 0x0003EF91000 EntryPoint=0x0003EF92C05 CpuIo2Dxe.efi
InstallProtocolInterface: BC62157E-3E33-4FEC-9920-2D3B36D750DF 3EF97A18
ProtectUefiImageCommon - 0x3EF970C0
  - 0x000000003EF91000 - 0x0000000000002980
InstallProtocolInterface: AD61F191-AE5F-4C0E-B9FA-E869D288C64F 3EF93840
Loading driver 1A1E4886-9517-440E-9FDE-3BE44CEE2136
InstallProtocolInterface: 5B1B31A1-9562-11D2-8E3F-00A0C969723B 3EF97440
Loading driver at 0x0003EF52000 EntryPoint=0x0003EF59FBD CpuDxe.efi
InstallProtocolInterface: BC62157E-3E33-4FEC-9920-2D3B36D750DF 3EF96F18
ProtectUefiImageCommon - 0x3EF97440
  - 0x000000003EF52000 - 0x000000000001BFC0
Paging: added 512 pages to page table pool
CurrentPagingContext:
  MachineType   - 0x8664
  PageTableBase - 0x3F801000
  Attributes    - 0xC0000006
InstallProtocolInterface: 26BACCB1-6F42-11D4-BCE7-0080C73C8881 3EF67140
MemoryProtectionCpuArchProtocolNotify:
ProtectUefiImageCommon - 0x3FBAF168
  - 0x000000003FB8A000 - 0x000000000002F000
ProtectUefiImageCommon - 0x3F03C140
  - 0x000000003EFA4000 - 0x000000000000B5C0
ProtectUefiImageCommon - 0x3EFBB1C0
  - 0x000000003EF9E000 - 0x0000000000005EC0
ProtectUefiImageCommon - 0x3EFBA4C0
  - 0x000000003EFB0000 - 0x00000000000044C0
ProtectUefiImageCommon - 0x3EF9D040
  - 0x000000003EF98000 - 0x0000000000004CC0
ProtectUefiImageCommon - 0x3EF9D9C0
  - 0x000000003F6E4000 - 0x0000000000009000
SetUefiImageMemoryAttributes - 0x000000003F6E4000 - 0x0000000000001000 (0x0000000000004000)
SetUefiImageMemoryAttributes - 0x000000003F6E5000 - 0x0000000000006000 (0x0000000000020000)
SetUefiImageMemoryAttributes - 0x000000003F6EB000 - 0x0000000000002000 (0x0000000000004000)
ProtectUefiImageCommon - 0x3EFB9B40
  - 0x000000003F6DD000 - 0x0000000000007000
SetUefiImageMemoryAttributes - 0x000000003F6DD000 - 0x0000000000001000 (0x0000000000004000)
SetUefiImageMemoryAttributes - 0x000000003F6DE000 - 0x0000000000004000 (0x0000000000020000)
SetUefiImageMemoryAttributes - 0x000000003F6E2000 - 0x0000000000002000 (0x0000000000004000)
ProtectUefiImageCommon - 0x3EFB92C0
  - 0x000000003F6D7000 - 0x0000000000006000
SetUefiImageMemoryAttributes - 0x000000003F6D7000 - 0x0000000000001000 (0x0000000000004000)
SetUefiImageMemoryAttributes - 0x000000003F6D8000 - 0x0000000000003000 (0x0000000000020000)
SetUefiImageMemoryAttributes - 0x000000003F6DB000 - 0x0000000000002000 (0x0000000000004000)
ProtectUefiImageCommon - 0x3EFB61C0
  - 0x000000003EEB0000 - 0x0000000000073D40
ProtectUefiImageCommon - 0x3EFB5940
  - 0x000000003EF8A000 - 0x0000000000006200
ProtectUefiImageCommon - 0x3EF970C0
  - 0x000000003EF91000 - 0x0000000000002980
ProtectUefiImageCommon - 0x3EF97440
  - 0x000000003EF52000 - 0x000000000001BFC0
ConvertPages: failed to find range A0000 - FFFFF
ConvertPages: failed to find range E0000000 - EFFFFFFF
ConvertPages: failed to find range F0000000 - FBFFFFFF
ConvertPages: failed to find range FEC00000 - FEC00FFF
Failed to update capability: [9] 00000000FED00000 - 00000000FED003FF (C700000000000001 -> C700000000026001)
ConvertPages: failed to find range FED1C000 - FED1FFFF
ConvertPages: failed to find range FEE00000 - FEEFFFFF
ConvertPages: failed to find range FEFFC000 - FEFFFFFF
ConvertPages: failed to find range FFE00000 - FFFFFFFF
ConvertPages: failed to find range FD00000000 - FFFFFFFFFF
AP Loop Mode is 1
AP Vector: non-16-bit = 3EF6E000/447
GetMicrocodePatchInfoFromHob: MicrocodeBase = 0x0, MicrocodeSize = 0x0
WakeupBufferStart = 87000, WakeupBufferSize = DD
AP Vector: 16-bit = 87000/39, ExchangeInfo = 87039/A4
WakeupBufferStart = 86000, WakeupBufferSize = 100
Dxe: SevEsAPMemory = 3F76C000
CpuDxe: 5-Level Paging = 0
CPU[0000]: Microcode revision = 00000000, expected = 00000000
CPU[0001]: Microcode revision = 00000000, expected = 00000000
Detect CPU count: 2
InstallProtocolInterface: 3FDDA605-A76E-4F46-AD29-12F4531B3D08 3EF67240
Loading driver F6697AC4-A776-4EE1-B643-1FEFF2B615BB
InstallProtocolInterface: 5B1B31A1-9562-11D2-8E3F-00A0C969723B 3EF89840
Loading driver at 0x0003EF4C000 EntryPoint=0x0003EF4D262 IncompatiblePciDeviceSupportDxe.efi
InstallProtocolInterface: BC62157E-3E33-4FEC-9920-2D3B36D750DF 3EF89098
ProtectUefiImageCommon - 0x3EF89840
  - 0x000000003EF4C000 - 0x0000000000002240
InstallProtocolInterface: EB23F55A-7863-4AC2-8D3D-956535DE0375 3EF4E140
Loading driver 11A6EDF6-A9BE-426D-A6CC-B22FE51D9224
InstallProtocolInterface: 5B1B31A1-9562-11D2-8E3F-00A0C969723B 3EF51040
Loading driver at 0x0003EF40000 EntryPoint=0x0003EF4399E PciHotPlugInitDxe.efi
InstallProtocolInterface: BC62157E-3E33-4FEC-9920-2D3B36D750DF 3EF51F18
ProtectUefiImageCommon - 0x3EF51040
  - 0x000000003EF40000 - 0x0000000000005400
InstallProtocolInterface: AA0E8BC1-DABC-46B0-A844-37B8169B2BEA 3EF452D0
Loading driver 4B28E4C7-FF36-4E10-93CF-A82159E777C5
InstallProtocolInterface: 5B1B31A1-9562-11D2-8E3F-00A0C969723B 3EF51440
Loading driver at 0x0003F6D0000 EntryPoint=0x0003F6D2CD8 ResetSystemRuntimeDxe.efi
InstallProtocolInterface: BC62157E-3E33-4FEC-9920-2D3B36D750DF 3EF51998
ProtectUefiImageCommon - 0x3EF51440
  - 0x000000003F6D0000 - 0x0000000000007000
SetUefiImageMemoryAttributes - 0x000000003F6D0000 - 0x0000000000001000 (0x0000000000004008)
SetUefiImageMemoryAttributes - 0x000000003F6D1000 - 0x0000000000004000 (0x0000000000020008)
SetUefiImageMemoryAttributes - 0x000000003F6D5000 - 0x0000000000002000 (0x0000000000004008)
InstallProtocolInterface: 27CFAC88-46CC-11D4-9A38-0090273FC14D 0
InstallProtocolInterface: 9DA34AE0-EAF9-4BBF-8EC3-FD60226C44BE 3F6D5108
InstallProtocolInterface: 695D7835-8D47-4C11-AB22-FA8ACCE7AE7A 3F6D5148
InstallProtocolInterface: 2DF6BA0B-7092-440D-BD04-FB091EC3F3C1 3F6D50C8
Loading driver C8339973-A563-4561-B858-D8476F9DEFC4
InstallProtocolInterface: 5B1B31A1-9562-11D2-8E3F-00A0C969723B 3EF508C0
Loading driver at 0x0003EF46000 EntryPoint=0x0003EF47317 Metronome.efi
InstallProtocolInterface: BC62157E-3E33-4FEC-9920-2D3B36D750DF 3EF50818
ProtectUefiImageCommon - 0x3EF508C0
  - 0x000000003EF46000 - 0x0000000000002800
InstallProtocolInterface: 26BACCB2-6F42-11D4-BCE7-0080C73C8881 3EF48670
Loading driver 348C4D62-BFBD-4882-9ECE-C80BB1C4783B
InstallProtocolInterface: 5B1B31A1-9562-11D2-8E3F-00A0C969723B 3EF4F040
Loading driver at 0x0003EE76000 EntryPoint=0x0003EE8E63C HiiDatabase.efi
InstallProtocolInterface: BC62157E-3E33-4FEC-9920-2D3B36D750DF 3EF50518
ProtectUefiImageCommon - 0x3EF4F040
  - 0x000000003EE76000 - 0x000000000001CF40
InstallProtocolInterface: E9CA4775-8657-47FC-97E7-7ED65A084324 3EE92AE8
InstallProtocolInterface: 0FD96974-23AA-4CDC-B9CB-98D17750322A 3EE92B60
InstallProtocolInterface: EF9FC172-A1B2-4693-B327-6D32FC416042 3EE92B88
InstallProtocolInterface: 587E72D7-CC50-4F79-8209-CA291FC1A10F 3EE92BE0
InstallProtocolInterface: 0A8BADD5-03B8-4D19-B128-7B8F0EDAA596 3EE92C10
InstallProtocolInterface: 31A6406A-6BDF-4E46-B2A2-EBAA89C40920 3EE92B08
InstallProtocolInterface: 1A1241E6-8F19-41A9-BC0E-E8EF39E06546 3EE92B30
Loading driver 96B5C032-DF4C-4B6E-8232-438DCF448D0E
InstallProtocolInterface: 5B1B31A1-9562-11D2-8E3F-00A0C969723B 3EF3F040
Loading driver at 0x0003EF3C000 EntryPoint=0x0003EF3D28A NullMemoryTestDxe.efi
InstallProtocolInterface: BC62157E-3E33-4FEC-9920-2D3B36D750DF 3EF4F518
ProtectUefiImageCommon - 0x3EF3F040
  - 0x000000003EF3C000 - 0x0000000000002380
InstallProtocolInterface: 309DE7F1-7F5E-4ACE-B49C-531BE5AA95EF 3EF3E1E0
Loading driver 9622E42C-8E38-4A08-9E8F-54F784652F6B
InstallProtocolInterface: 5B1B31A1-9562-11D2-8E3F-00A0C969723B 3EF3F9C0
Loading driver at 0x0003EF2C000 EntryPoint=0x0003EF3032A AcpiTableDxe.efi
InstallProtocolInterface: BC62157E-3E33-4FEC-9920-2D3B36D750DF 3EF3F918
ProtectUefiImageCommon - 0x3EF3F9C0
  - 0x000000003EF2C000 - 0x00000000000078C0
InstallProtocolInterface: FFE06BDD-6107-46A6-7BB2-5A9C7EC5275C 3EF3F5A0
InstallProtocolInterface: EB97088E-CFDF-49C6-BE4B-D906A5B20E86 3EF3F5B0
Loading driver BDCE85BB-FBAA-4F4E-9264-501A2C249581
InstallProtocolInterface: 5B1B31A1-9562-11D2-8E3F-00A0C969723B 3EF4BB40
Loading driver at 0x0003EF25000 EntryPoint=0x0003EF290F4 S3SaveStateDxe.efi
InstallProtocolInterface: BC62157E-3E33-4FEC-9920-2D3B36D750DF 3EF4BE98
ProtectUefiImageCommon - 0x3EF4BB40
  - 0x000000003EF25000 - 0x0000000000006580
InstallProtocolInterface: BD445D79-B7AD-4F04-9AD8-29BD2040EB3C 0
InstallProtocolInterface: E857CAF6-C046-45DC-BE3F-EE0765FBA887 3EF2B2C0
Loading driver A210F973-229D-4F4D-AA37-9895E6C9EABA
InstallProtocolInterface: 5B1B31A1-9562-11D2-8E3F-00A0C969723B 3EF4B2C0
Loading driver at 0x0003EF36000 EntryPoint=0x0003EF37394 DpcDxe.efi
InstallProtocolInterface: BC62157E-3E33-4FEC-9920-2D3B36D750DF 3EF4AF98
ProtectUefiImageCommon - 0x3EF4B2C0
  - 0x000000003EF36000 - 0x0000000000002240
InstallProtocolInterface: 480F8AE9-0C46-4AA9-BC89-DB9FBA619806 3EF37F00
Loading driver 22EA234F-E72A-11E4-91F9-28D2447C4829
InstallProtocolInterface: 5B1B31A1-9562-11D2-8E3F-00A0C969723B 3EF4A7C0
Loading driver at 0x0003EEAD000 EntryPoint=0x0003EEAEBF2 HttpUtilitiesDxe.efi
InstallProtocolInterface: BC62157E-3E33-4FEC-9920-2D3B36D750DF 3EF4A118
ProtectUefiImageCommon - 0x3EF4A7C0
  - 0x000000003EEAD000 - 0x0000000000002E00
InstallProtocolInterface: 3E35C163-4074-45DD-431E-23989DD86B32 3EEAFC90
Loading driver 8657015B-EA43-440D-949A-AF3BE365C0FC
InstallProtocolInterface: 5B1B31A1-9562-11D2-8E3F-00A0C969723B 3EF49040
Loading driver at 0x0003EE9F000 EntryPoint=0x0003EEA2F39 IoMmuDxe.efi
InstallProtocolInterface: BC62157E-3E33-4FEC-9920-2D3B36D750DF 3EF4A418
ProtectUefiImageCommon - 0x3EF49040
  - 0x000000003EE9F000 - 0x0000000000006640
InstallProtocolInterface: 4E939DE9-D948-4B0F-88ED-E6E1CE517C1E 3EEA5420
InstallIoMmuProtocol: Feature of reserved memory for DMA is supported.
Loading driver 22DC2B60-FE40-42AC-B01F-3AB1FAD9AAD8
InstallProtocolInterface: 5B1B31A1-9562-11D2-8E3F-00A0C969723B 3EF493C0
Loading driver at 0x0003F6C9000 EntryPoint=0x0003F6CB55A EmuVariableFvbRuntimeDxe.efi
InstallProtocolInterface: BC62157E-3E33-4FEC-9920-2D3B36D750DF 3EF49698
ProtectUefiImageCommon - 0x3EF493C0
  - 0x000000003F6C9000 - 0x0000000000007000
SetUefiImageMemoryAttributes - 0x000000003F6C9000 - 0x0000000000001000 (0x0000000000004008)
SetUefiImageMemoryAttributes - 0x000000003F6CA000 - 0x0000000000004000 (0x0000000000020008)
SetUefiImageMemoryAttributes - 0x000000003F6CE000 - 0x0000000000002000 (0x0000000000004008)
EMU Variable FVB Started
Disabling EMU Variable FVB since flash variables appear to be supported.
Error: Image at 0003F6C9000 start failed: Aborted
SetUefiImageMemoryAttributes - 0x000000003F6C9000 - 0x0000000000007000 (0x0000000000000008)
Loading driver CBD2E4D5-7068-4FF5-B462-9822B4AD8D60
InstallProtocolInterface: 5B1B31A1-9562-11D2-8E3F-00A0C969723B 3EF493C0
Loading driver at 0x0003F651000 EntryPoint=0x0003F69664D VariableRuntimeDxe.efi
InstallProtocolInterface: BC62157E-3E33-4FEC-9920-2D3B36D750DF 3EF49898
ProtectUefiImageCommon - 0x3EF493C0
  - 0x000000003F651000 - 0x000000000007F000
SetUefiImageMemoryAttributes - 0x000000003F651000 - 0x0000000000001000 (0x0000000000004008)
SetUefiImageMemoryAttributes - 0x000000003F652000 - 0x0000000000063000 (0x0000000000020008)
SetUefiImageMemoryAttributes - 0x000000003F6B5000 - 0x000000000001B000 (0x0000000000004008)
VarCheckLibRegisterSetVariableCheckHandler - 0x3F694A3E Success
Variable driver common space: 0xDF9C 0xDF9C 0xDF9C
Variable driver will work with auth variable format!
InstallProtocolInterface: CD3D0A05-9E24-437C-A891-1EE053DB7638 3F6CB0B0
InstallProtocolInterface: AF23B340-97B4-4685-8D4F-A3F28169B21D 3F6CB080
InstallProtocolInterface: 1E5668E2-8481-11D4-BCF1-0080C73C8881 0
VarCheckLibRegisterSetVariableCheckHandler - 0x3F693667 Success
InstallProtocolInterface: 81D1675C-86F6-48DF-BD95-9A6E4F0925C3 3F6CB020
Loading driver 6C2004EF-4E0E-4BE4-B14C-340EB4AA5891
InstallProtocolInterface: 5B1B31A1-9562-11D2-8E3F-00A0C969723B 3EF3B2C0
Loading driver at 0x0003F64C000 EntryPoint=0x0003F64E14C StatusCodeHandlerRuntimeDxe.efi
InstallProtocolInterface: BC62157E-3E33-4FEC-9920-2D3B36D750DF 3EF3B718
ProtectUefiImageCommon - 0x3EF3B2C0
  - 0x000000003F64C000 - 0x0000000000005000
SetUefiImageMemoryAttributes - 0x000000003F64C000 - 0x0000000000001000 (0x0000000000004008)
SetUefiImageMemoryAttributes - 0x000000003F64D000 - 0x0000000000003000 (0x0000000000020008)
SetUefiImageMemoryAttributes - 0x000000003F650000 - 0x0000000000001000 (0x0000000000004008)
Loading driver 52FE8196-F9DE-4D07-B22F-51F77A0E7C41
InstallProtocolInterface: 5B1B31A1-9562-11D2-8E3F-00A0C969723B 3EF3A0C0
Loading driver at 0x0003EE9B000 EntryPoint=0x0003EE9CABD LocalApicTimerDxe.efi
InstallProtocolInterface: BC62157E-3E33-4FEC-9920-2D3B36D750DF 3EF3AA18
ProtectUefiImageCommon - 0x3EF3A0C0
  - 0x000000003EE9B000 - 0x0000000000003200
InstallProtocolInterface: 26BACCB3-6F42-11D4-BCE7-0080C73C8881 3EE9E020
Loading driver 128FB770-5E79-4176-9E51-9BB268A17DD1
InstallProtocolInterface: 5B1B31A1-9562-11D2-8E3F-00A0C969723B 3EF3A440
Loading driver at 0x0003EE60000 EntryPoint=0x0003EE674E3 PciHostBridgeDxe.efi
InstallProtocolInterface: BC62157E-3E33-4FEC-9920-2D3B36D750DF 3EF39F18
ProtectUefiImageCommon - 0x3EF3A440
  - 0x000000003EE60000 - 0x000000000000A4C0
Select Item: 0x0
FW CFG Signature: 0x554D4551
Select Item: 0x1
FW CFG Revision: 0x3
QemuFwCfg interface (DMA) is supported.
Select Item: 0x19
Select Item: 0x19
PciHostBridgeUtilityInitRootBridge: populated root bus 0, with room for 255 subordinate bus(es)
RootBridge: PciRoot(0x0)
  Support/Attr: 70069 / 70069
    DmaAbove4G: No
NoExtConfSpace: No
     AllocAttr: 3 (CombineMemPMem Mem64Decode)
           Bus: 0 - FF Translation=0
            Io: 6000 - FFFF Translation=0
           Mem: F0000000 - FBFFFFFF Translation=0
    MemAbove4G: 700000000000 - 7FFFFFFFFFFF Translation=0
          PMem: FFFFFFFFFFFFFFFF - 0 Translation=0
   PMemAbove4G: FFFFFFFFFFFFFFFF - 0 Translation=0
CpuDxe: 5-Level Paging = 0
InstallProtocolInterface: CF8034BE-6768-4D8B-B739-7CCE683A9FBE 3EF39840
InstallProtocolInterface: 09576E91-6D3F-11D2-8E39-00A0C969723B 3EF39E98
InstallProtocolInterface: 2F707EBB-4A1A-11D4-9A38-0090273FC14D 3EF39370
Loading driver EBF342FE-B1D3-4EF8-957C-8048606FF671
InstallProtocolInterface: 5B1B31A1-9562-11D2-8E3F-00A0C969723B 3EF35B40
Loading driver at 0x0003EE2E000 EntryPoint=0x0003EE3E3AC SetupBrowser.efi
InstallProtocolInterface: BC62157E-3E33-4FEC-9920-2D3B36D750DF 3EF35098
ProtectUefiImageCommon - 0x3EF35B40
  - 0x000000003EE2E000 - 0x0000000000018C80
InstallProtocolInterface: B9D4C360-BCFB-4F9B-9298-53C136982258 3EE46770
InstallProtocolInterface: A770C357-B693-4E6D-A6CF-D21C728E550B 3EE467A0
InstallProtocolInterface: 1F73B18D-4630-43C1-A1DE-6F80855D7DA4 3EE46780
Loading driver F9D88642-0737-49BC-81B5-6889CD57D9EA
InstallProtocolInterface: 5B1B31A1-9562-11D2-8E3F-00A0C969723B 3EF24040
Loading driver at 0x0003EE94000 EntryPoint=0x0003EE97643 SmbiosDxe.efi
InstallProtocolInterface: BC62157E-3E33-4FEC-9920-2D3B36D750DF 3EF24F18
ProtectUefiImageCommon - 0x3EF24040
  - 0x000000003EE94000 - 0x0000000000006080
Select Item: 0x0
FW CFG Signature: 0x554D4551
Select Item: 0x1
FW CFG Revision: 0x3
QemuFwCfg interface (DMA) is supported.
Select Item: 0x19
Select Item: 0x19
Select Item: 0x26
DetectSmbiosVersion: SMBIOS version from QEMU: 0x0208
InstallProtocolInterface: 03583FF6-CB36-4940-947E-B9B39F4AFAF7 3EE99F10
Loading driver 17985E6F-E778-4D94-AEFA-C5DD2B77E186
InstallProtocolInterface: 5B1B31A1-9562-11D2-8E3F-00A0C969723B 3EF24440
Loading driver at 0x0003EE58000 EntryPoint=0x0003EE5C700 QemuFwCfgAcpiPlatform.efi
InstallProtocolInterface: BC62157E-3E33-4FEC-9920-2D3B36D750DF 3EF24698
ProtectUefiImageCommon - 0x3EF24440
  - 0x000000003EE58000 - 0x00000000000071C0
Select Item: 0x0
FW CFG Signature: 0x554D4551
Select Item: 0x1
FW CFG Revision: 0x3
QemuFwCfg interface (DMA) is supported.
AcpiPlatformEntryPoint: waiting for root bridges to be connected, registered callback
Loading driver FA20568B-548B-4B2B-81EF-1BA08D4A3CEC
InstallProtocolInterface: 5B1B31A1-9562-11D2-8E3F-00A0C969723B 3EEACBC0
Loading driver at 0x0003E7E8000 EntryPoint=0x0003E7EDC50 BootScriptExecutorDxe.efi
InstallProtocolInterface: BC62157E-3E33-4FEC-9920-2D3B36D750DF 3EF24798
ProtectUefiImageCommon - 0x3EEACBC0
  - 0x000000003E7E8000 - 0x0000000000017FC0
Loading driver A487A478-51EF-48AA-8794-7BEE2A0562F1
InstallProtocolInterface: 5B1B31A1-9562-11D2-8E3F-00A0C969723B 3EEAC1C0
Loading driver at 0x0003EE4D000 EntryPoint=0x0003EE53861 tftpDynamicCommand.efi
InstallProtocolInterface: BC62157E-3E33-4FEC-9920-2D3B36D750DF 3EEAC718
InstallProtocolInterface: 6A1EE763-D47A-43B4-AABE-EF1DE2AB56FC 3EE55E30
ProtectUefiImageCommon - 0x3EEAC1C0
  - 0x000000003EE4D000 - 0x000000000000A980
InstallProtocolInterface: 3C7200E9-005F-4EA4-87DE-A3DFAC8A27C3 3EE55B60
Loading driver 19618BCE-55AE-09C6-37E9-4CE04084C7A1
InstallProtocolInterface: 5B1B31A1-9562-11D2-8E3F-00A0C969723B 3EEAB1C0
Loading driver at 0x0003EE14000 EntryPoint=0x0003EE1C0B0 httpDynamicCommand.efi
InstallProtocolInterface: BC62157E-3E33-4FEC-9920-2D3B36D750DF 3EEABB98
InstallProtocolInterface: 6A1EE763-D47A-43B4-AABE-EF1DE2AB56FC 3EE1ECB0
ProtectUefiImageCommon - 0x3EEAB1C0
  - 0x000000003EE14000 - 0x000000000000CF40
InstallProtocolInterface: 3C7200E9-005F-4EA4-87DE-A3DFAC8A27C3 3EE1E9B0
Loading driver 2F30DA26-F51B-4B6F-85C4-31873C281BCA
InstallProtocolInterface: 5B1B31A1-9562-11D2-8E3F-00A0C969723B 3EEA8B40
Loading driver at 0x0003EE26000 EntryPoint=0x0003EE2B111 LinuxInitrdDynamicShellCommand.efi
InstallProtocolInterface: BC62157E-3E33-4FEC-9920-2D3B36D750DF 3EEA8E18
InstallProtocolInterface: 6A1EE763-D47A-43B4-AABE-EF1DE2AB56FC 3EE2D2B0
ProtectUefiImageCommon - 0x3EEA8B40
  - 0x000000003EE26000 - 0x0000000000007DC0
InstallProtocolInterface: 3C7200E9-005F-4EA4-87DE-A3DFAC8A27C3 3EE2CF60
Loading driver F74D20EE-37E7-48FC-97F7-9B1047749C69
InstallProtocolInterface: 5B1B31A1-9562-11D2-8E3F-00A0C969723B 3EEA7AC0
Loading driver at 0x0003EE48000 EntryPoint=0x0003EE49060 LogoDxe.efi
InstallProtocolInterface: BC62157E-3E33-4FEC-9920-2D3B36D750DF 3EEA8798
InstallProtocolInterface: 6A1EE763-D47A-43B4-AABE-EF1DE2AB56FC 3EE49D30
ProtectUefiImageCommon - 0x3EEA7AC0
  - 0x000000003EE48000 - 0x0000000000004C80
InstallProtocolInterface: 53CD299F-2BC1-40C0-8C07-23F64FDB30E0 3EE49B80
Loading driver DCE1B094-7DC6-45D0-9FDD-D7FC3CC3E4EF
InstallProtocolInterface: 5B1B31A1-9562-11D2-8E3F-00A0C969723B 3EEA6840
Loading driver at 0x0003EE21000 EntryPoint=0x0003EE239C9 QemuRamfbDxe.efi
InstallProtocolInterface: BC62157E-3E33-4FEC-9920-2D3B36D750DF 3EEA6618
ProtectUefiImageCommon - 0x3EEA6840
  - 0x000000003EE21000 - 0x0000000000004F40
Select Item: 0x0
FW CFG Signature: 0x554D4551
Select Item: 0x1
FW CFG Revision: 0x3
QemuFwCfg interface (DMA) is supported.
Select Item: 0x19
Error: Image at 0003EE21000 start failed: Not Found
Loading driver FE5CEA76-4F72-49E8-986F-2CD899DFFE5D
InstallProtocolInterface: 5B1B31A1-9562-11D2-8E3F-00A0C969723B 3EEA6840
Loading driver at 0x0003EE08000 EntryPoint=0x0003EE0BDCC FaultTolerantWriteDxe.efi
InstallProtocolInterface: BC62157E-3E33-4FEC-9920-2D3B36D750DF 3EEA6698
ProtectUefiImageCommon - 0x3EEA6840
  - 0x000000003EE08000 - 0x0000000000005B00
Ftw: FtwWorkSpaceLba - 0xF, WorkBlockSize  - 0x1000, FtwWorkSpaceBase - 0x0
Ftw: FtwSpareLba     - 0x10, SpareBlockSize - 0x1000
Ftw: NumberOfWorkBlock - 0x1, FtwWorkBlockLba - 0xF
Ftw: WorkSpaceLbaInSpare - 0x0, WorkSpaceBaseInSpare - 0x0
Ftw: Remaining work space size - FE0
InstallProtocolInterface: 3EBD9E82-2C78-4DE6-9786-8D4BFCB7C881 3EE6E028
Variable PK does not exist.
Variable SetupMode is 1
Variable SecureBoot is 0
Variable SecureBootEnable is 0
Variable CustomMode is 0
Variable VendorKeys is 1
Variable driver will work with auth variable support!
InstallProtocolInterface: 6441F818-6362-4E44-B570-7DBA31DD2453 0
Loading driver 378D7B65-8DA9-4773-B6E4-A47826A833E1
InstallProtocolInterface: 5B1B31A1-9562-11D2-8E3F-00A0C969723B 3EE93B40
Loading driver at 0x0003F645000 EntryPoint=0x0003F648484 PcRtc.efi
InstallProtocolInterface: BC62157E-3E33-4FEC-9920-2D3B36D750DF 3EEA6298
ProtectUefiImageCommon - 0x3EE93B40
  - 0x000000003F645000 - 0x0000000000007000
SetUefiImageMemoryAttributes - 0x000000003F645000 - 0x0000000000001000 (0x0000000000004008)
SetUefiImageMemoryAttributes - 0x000000003F646000 - 0x0000000000005000 (0x0000000000020008)
SetUefiImageMemoryAttributes - 0x000000003F64B000 - 0x0000000000001000 (0x0000000000004008)
InstallProtocolInterface: 27CFAC87-46CC-11D4-9A38-0090273FC14D 0
Loading driver F0E6A44F-7195-41C3-AC64-54F202CD0A21
InstallProtocolInterface: 5B1B31A1-9562-11D2-8E3F-00A0C969723B 3EE93340
Loading driver at 0x0003E720000 EntryPoint=0x0003E755011 SecureBootConfigDxe.efi
InstallProtocolInterface: BC62157E-3E33-4FEC-9920-2D3B36D750DF 3EE6DF98
ProtectUefiImageCommon - 0x3EE93340
  - 0x000000003E720000 - 0x0000000000063940
InstallProtocolInterface: 09576E91-6D3F-11D2-8E39-00A0C969723B 3EE6DD18
InstallProtocolInterface: 330D4706-F2A0-4E4F-A369-B66FA8D54385 3E76D6F8
InstallProtocolInterface: 09576E91-6D3F-11D2-8E39-00A0C969723B 3E76D770
InstallProtocolInterface: 330D4706-F2A0-4E4F-A369-B66FA8D54385 3EE6BF20
InstallProtocolInterface: F0E6A44F-7195-41C3-AC64-54F202CD0A21 3EE6BF18
Loading driver F099D67F-71AE-4C36-B2A3-DCEB0EB2B7D8
InstallProtocolInterface: 5B1B31A1-9562-11D2-8E3F-00A0C969723B 3EE47040
Loading driver at 0x0003EE0E000 EntryPoint=0x0003EE0F11D WatchdogTimer.efi
InstallProtocolInterface: BC62157E-3E33-4FEC-9920-2D3B36D750DF 3EE6B998
ProtectUefiImageCommon - 0x3EE47040
  - 0x000000003EE0E000 - 0x0000000000002080
InstallProtocolInterface: 665E3FF5-46CC-11D4-9A38-0090273FC14D 3EE0FED0
Loading driver AD608272-D07F-4964-801E-7BD3B7888652
InstallProtocolInterface: 5B1B31A1-9562-11D2-8E3F-00A0C969723B 3EE473C0
Loading driver at 0x0003F641000 EntryPoint=0x0003F642EF1 MonotonicCounterRuntimeDxe.efi
InstallProtocolInterface: BC62157E-3E33-4FEC-9920-2D3B36D750DF 3EE47618
ProtectUefiImageCommon - 0x3EE473C0
  - 0x000000003F641000 - 0x0000000000004000
SetUefiImageMemoryAttributes - 0x000000003F641000 - 0x0000000000001000 (0x0000000000004008)
SetUefiImageMemoryAttributes - 0x000000003F642000 - 0x0000000000002000 (0x0000000000020008)
SetUefiImageMemoryAttributes - 0x000000003F644000 - 0x0000000000001000 (0x0000000000004008)
InstallProtocolInterface: 1DA97072-BDDC-4B30-99F1-72A0B56FFF2A 0
Loading driver 42857F0A-13F2-4B21-8A23-53D3F714B840
InstallProtocolInterface: 5B1B31A1-9562-11D2-8E3F-00A0C969723B 3EE25CC0
Loading driver at 0x0003F63C000 EntryPoint=0x0003F63E1B8 CapsuleRuntimeDxe.efi
InstallProtocolInterface: BC62157E-3E33-4FEC-9920-2D3B36D750DF 3EE25A18
ProtectUefiImageCommon - 0x3EE25CC0
  - 0x000000003F63C000 - 0x0000000000005000
SetUefiImageMemoryAttributes - 0x000000003F63C000 - 0x0000000000001000 (0x0000000000004008)
SetUefiImageMemoryAttributes - 0x000000003F63D000 - 0x0000000000003000 (0x0000000000020008)
SetUefiImageMemoryAttributes - 0x000000003F640000 - 0x0000000000001000 (0x0000000000004008)
InstallProtocolInterface: 5053697E-2CBC-4819-90D9-0580DEEE5754 0
Loading driver EBF8ED7C-0DD1-4787-84F1-F48D537DCACF
InstallProtocolInterface: 5B1B31A1-9562-11D2-8E3F-00A0C969723B 3EE25340
Loading driver at 0x0003E7E1000 EntryPoint=0x0003E7E4D41 DriverHealthManagerDxe.efi
InstallProtocolInterface: BC62157E-3E33-4FEC-9920-2D3B36D750DF 3EE24B18
ProtectUefiImageCommon - 0x3EE25340
  - 0x000000003E7E1000 - 0x0000000000006100
InstallProtocolInterface: 09576E91-6D3F-11D2-8E39-00A0C969723B 3E7E6B20
InstallProtocolInterface: 330D4706-F2A0-4E4F-A369-B66FA8D54385 3E7E6AF0
Loading driver 6D33944A-EC75-4855-A54D-809C75241F6C
InstallProtocolInterface: 5B1B31A1-9562-11D2-8E3F-00A0C969723B 3EE21640
Loading driver at 0x0003E7AB000 EntryPoint=0x0003E7BCE38 BdsDxe.efi
InstallProtocolInterface: BC62157E-3E33-4FEC-9920-2D3B36D750DF 3EE21918
ProtectUefiImageCommon - 0x3EE21640
  - 0x000000003E7AB000 - 0x000000000001A800
Select Item: 0x0
FW CFG Signature: 0x554D4551
Select Item: 0x1
FW CFG Revision: 0x3
QemuFwCfg interface (DMA) is supported.
InstallProtocolInterface: 665E3FF6-46CC-11D4-9A38-0090273FC14D 3E7C5590
Loading driver 28A03FF4-12B3-4305-A417-BB1A4F94081E
InstallProtocolInterface: 5B1B31A1-9562-11D2-8E3F-00A0C969723B 3EE243C0
Loading driver at 0x0003E7CB000 EntryPoint=0x0003E7D1B3F RamDiskDxe.efi
InstallProtocolInterface: BC62157E-3E33-4FEC-9920-2D3B36D750DF 3EE13F18
ProtectUefiImageCommon - 0x3EE243C0
  - 0x000000003E7CB000 - 0x000000000000AAC0
InstallProtocolInterface: 09576E91-6D3F-11D2-8E39-00A0C969723B 3EE13E98
InstallProtocolInterface: 330D4706-F2A0-4E4F-A369-B66FA8D54385 3E7D5798
InstallProtocolInterface: 09576E91-6D3F-11D2-8E39-00A0C969723B 3E7D5830
InstallProtocolInterface: 330D4706-F2A0-4E4F-A369-B66FA8D54385 3EE11F30
InstallProtocolInterface: AB38A0DF-6873-44A9-87E6-D4EB56148449 3E7D5520
InstallProtocolInterface: 28A03FF4-12B3-4305-A417-BB1A4F94081E 3EE11F18
Loading driver E660EA85-058E-4B55-A54B-F02F83A24707
InstallProtocolInterface: 5B1B31A1-9562-11D2-8E3F-00A0C969723B 3EE12740
Loading driver at 0x0003E70C000 EntryPoint=0x0003E71A8FD DisplayEngine.efi
InstallProtocolInterface: BC62157E-3E33-4FEC-9920-2D3B36D750DF 3EE12598
ProtectUefiImageCommon - 0x3EE12740
  - 0x000000003E70C000 - 0x0000000000013B80
InstallProtocolInterface: 9BBE29E9-FDA1-41EC-AD52-452213742D2E 3E71DFF0
InstallProtocolInterface: 4311EDC0-6054-46D4-9E40-893EA952FCCC 3E71E008
Loading driver 4110465D-5FF3-4F4B-B580-24ED0D06747A
InstallProtocolInterface: 5B1B31A1-9562-11D2-8E3F-00A0C969723B 3EE03040
Loading driver at 0x0003E7D9000 EntryPoint=0x0003E7DB048 SmbiosPlatformDxe.efi
InstallProtocolInterface: BC62157E-3E33-4FEC-9920-2D3B36D750DF 3EE12218
ProtectUefiImageCommon - 0x3EE03040
  - 0x000000003E7D9000 - 0x0000000000003F40
Select Item: 0x0
FW CFG Signature: 0x554D4551
Select Item: 0x1
FW CFG Revision: 0x3
QemuFwCfg interface (DMA) is supported.
Select Item: 0x19
Select Item: 0x27
SmbiosAdd: Smbios type 1 with size 0x4B is added to 32-bit table
SmbiosCreateTable: Initialize 32-bit entry point structure
SmbiosCreateTable() re-allocate SMBIOS 32-bit table
SmbiosAdd: Smbios type 3 with size 0x27 is added to 32-bit table
SmbiosAdd: Smbios type 4 with size 0x41 is added to 32-bit table
SmbiosAdd: Smbios type 16 with size 0x19 is added to 32-bit table
SmbiosAdd: Smbios type 17 with size 0x35 is added to 32-bit table
SmbiosAdd: Smbios type 19 with size 0x21 is added to 32-bit table
SmbiosAdd: Smbios type 32 with size 0xD is added to 32-bit table
FirmwareVendor:            "EDK II" (6 chars)
FirmwareVersionString:     "unknown" (7 chars)
FirmwareReleaseDateString: "2/2/2022" (8 chars)
SmbiosAdd: Smbios type 0 with size 0x33 is added to 32-bit table
Loading driver D9DCC5DF-4007-435E-9098-8970935504B2
InstallProtocolInterface: 5B1B31A1-9562-11D2-8E3F-00A0C969723B 3EE00140
Loading driver at 0x0003E79F000 EntryPoint=0x0003E7A27CB PlatformDxe.efi
InstallProtocolInterface: BC62157E-3E33-4FEC-9920-2D3B36D750DF 3EE00A98
ProtectUefiImageCommon - 0x3EE00140
  - 0x000000003E79F000 - 0x0000000000005D80
InstallProtocolInterface: 09576E91-6D3F-11D2-8E39-00A0C969723B 3E7A4B80
InstallProtocolInterface: 330D4706-F2A0-4E4F-A369-B66FA8D54385 3E7A4C50
Loading driver 93B80004-9FB3-11D4-9A3A-0090273FC14D
InstallProtocolInterface: 5B1B31A1-9562-11D2-8E3F-00A0C969723B 3E7E07C0
Loading driver at 0x0003E6FC000 EntryPoint=0x0003E70802D PciBusDxe.efi
InstallProtocolInterface: BC62157E-3E33-4FEC-9920-2D3B36D750DF 3E7E0A98
ProtectUefiImageCommon - 0x3E7E07C0
  - 0x000000003E6FC000 - 0x000000000000F080
InstallProtocolInterface: 18A031AB-B443-4D1A-A5C0-0C09261E9F71 3E70AC00
InstallProtocolInterface: 107A772C-D5E1-11D4-9A46-0090273FC14D 3E70AAE0
InstallProtocolInterface: 6A7A5CFF-E8D9-4F70-BADA-75AB3025CE14 3E70ADC0
InstallProtocolInterface: 19CB87AB-2CB9-4665-8360-DDCF6054F79D 3E70ADA0
Loading driver 83DD3B39-7CAF-4FAC-A542-E050B767E3A7
InstallProtocolInterface: 5B1B31A1-9562-11D2-8E3F-00A0C969723B 3E7DFB40
Loading driver at 0x0003E7A7000 EntryPoint=0x0003E7A8D61 VirtioPciDeviceDxe.efi
InstallProtocolInterface: BC62157E-3E33-4FEC-9920-2D3B36D750DF 3E7DFE18
ProtectUefiImageCommon - 0x3E7DFB40
  - 0x000000003E7A7000 - 0x0000000000003200
InstallProtocolInterface: 18A031AB-B443-4D1A-A5C0-0C09261E9F71 3E7A9F60
InstallProtocolInterface: 107A772C-D5E1-11D4-9A46-0090273FC14D 3E7A9FC0
InstallProtocolInterface: 6A7A5CFF-E8D9-4F70-BADA-75AB3025CE14 3E7A9F40
Loading driver 0170F60C-1D40-4651-956D-F0BD9879D527
InstallProtocolInterface: 5B1B31A1-9562-11D2-8E3F-00A0C969723B 3E7DF140
Loading driver at 0x0003E79A000 EntryPoint=0x0003E79D4BD Virtio10.efi
InstallProtocolInterface: BC62157E-3E33-4FEC-9920-2D3B36D750DF 3E7DF698
ProtectUefiImageCommon - 0x3E7DF140
  - 0x000000003E79A000 - 0x0000000000004D00
InstallProtocolInterface: 18A031AB-B443-4D1A-A5C0-0C09261E9F71 3E79EAA0
InstallProtocolInterface: 107A772C-D5E1-11D4-9A46-0090273FC14D 3E79EB00
InstallProtocolInterface: 6A7A5CFF-E8D9-4F70-BADA-75AB3025CE14 3E79EA80
Loading driver 11D92DFB-3CA9-4F93-BA2E-4780ED3E03B5
InstallProtocolInterface: 5B1B31A1-9562-11D2-8E3F-00A0C969723B 3E7DEB40
Loading driver at 0x0003E796000 EntryPoint=0x0003E798325 VirtioBlkDxe.efi
InstallProtocolInterface: BC62157E-3E33-4FEC-9920-2D3B36D750DF 3E7DEE98
ProtectUefiImageCommon - 0x3E7DEB40
  - 0x000000003E796000 - 0x0000000000003780
InstallProtocolInterface: 18A031AB-B443-4D1A-A5C0-0C09261E9F71 3E7995A0
InstallProtocolInterface: 107A772C-D5E1-11D4-9A46-0090273FC14D 3E799600
InstallProtocolInterface: 6A7A5CFF-E8D9-4F70-BADA-75AB3025CE14 3E799580
Loading driver FAB5D4F4-83C0-4AAF-8480-442D11DF6CEA
InstallProtocolInterface: 5B1B31A1-9562-11D2-8E3F-00A0C969723B 3E7DE1C0
Loading driver at 0x0003E792000 EntryPoint=0x0003E794855 VirtioScsiDxe.efi
InstallProtocolInterface: BC62157E-3E33-4FEC-9920-2D3B36D750DF 3E7DE498
ProtectUefiImageCommon - 0x3E7DE1C0
  - 0x000000003E792000 - 0x0000000000003C40
InstallProtocolInterface: 18A031AB-B443-4D1A-A5C0-0C09261E9F71 3E795A60
InstallProtocolInterface: 107A772C-D5E1-11D4-9A46-0090273FC14D 3E795AC0
InstallProtocolInterface: 6A7A5CFF-E8D9-4F70-BADA-75AB3025CE14 3E795A40
Loading driver 58E26F0D-CBAC-4BBA-B70F-18221415665A
InstallProtocolInterface: 5B1B31A1-9562-11D2-8E3F-00A0C969723B 3E7DDCC0
Loading driver at 0x0003E78E000 EntryPoint=0x0003E78FDE3 VirtioRngDxe.efi
InstallProtocolInterface: BC62157E-3E33-4FEC-9920-2D3B36D750DF 3E7DDB18
ProtectUefiImageCommon - 0x3E7DDCC0
  - 0x000000003E78E000 - 0x0000000000003140
InstallProtocolInterface: 18A031AB-B443-4D1A-A5C0-0C09261E9F71 3E790F60
InstallProtocolInterface: 107A772C-D5E1-11D4-9A46-0090273FC14D 3E790FC0
InstallProtocolInterface: 6A7A5CFF-E8D9-4F70-BADA-75AB3025CE14 3E790F40
Loading driver 51CCF399-4FDF-4E55-A45B-E123F84D456A
InstallProtocolInterface: 5B1B31A1-9562-11D2-8E3F-00A0C969723B 3E7DD2C0
Loading driver at 0x0003E789000 EntryPoint=0x0003E78B81D ConPlatformDxe.efi
InstallProtocolInterface: BC62157E-3E33-4FEC-9920-2D3B36D750DF 3E7DD918
ProtectUefiImageCommon - 0x3E7DD2C0
  - 0x000000003E789000 - 0x0000000000004180
InstallProtocolInterface: 18A031AB-B443-4D1A-A5C0-0C09261E9F71 3E78CEE0
InstallProtocolInterface: 107A772C-D5E1-11D4-9A46-0090273FC14D 3E78CFE0
InstallProtocolInterface: 6A7A5CFF-E8D9-4F70-BADA-75AB3025CE14 3E78CEB0
InstallProtocolInterface: 18A031AB-B443-4D1A-A5C0-0C09261E9F71 3E78CE80
InstallProtocolInterface: 107A772C-D5E1-11D4-9A46-0090273FC14D 3E78CFE0
InstallProtocolInterface: 6A7A5CFF-E8D9-4F70-BADA-75AB3025CE14 3E78CEB0
Loading driver 408EDCEC-CF6D-477C-A5A8-B4844E3DE281
InstallProtocolInterface: 5B1B31A1-9562-11D2-8E3F-00A0C969723B 3E7D87C0
Loading driver at 0x0003E6EC000 EntryPoint=0x0003E6F1173 ConSplitterDxe.efi
InstallProtocolInterface: BC62157E-3E33-4FEC-9920-2D3B36D750DF 3E7D8718
ProtectUefiImageCommon - 0x3E7D87C0
  - 0x000000003E6EC000 - 0x00000000000076C0
InstallProtocolInterface: 18A031AB-B443-4D1A-A5C0-0C09261E9F71 3E6F33A0
InstallProtocolInterface: 107A772C-D5E1-11D4-9A46-0090273FC14D 3E6F3480
InstallProtocolInterface: 6A7A5CFF-E8D9-4F70-BADA-75AB3025CE14 3E6F2CA0
InstallProtocolInterface: 18A031AB-B443-4D1A-A5C0-0C09261E9F71 3E6F3320
InstallProtocolInterface: 107A772C-D5E1-11D4-9A46-0090273FC14D 3E6F3460
InstallProtocolInterface: 6A7A5CFF-E8D9-4F70-BADA-75AB3025CE14 3E6F2C80
InstallProtocolInterface: 18A031AB-B443-4D1A-A5C0-0C09261E9F71 3E6F32A0
InstallProtocolInterface: 107A772C-D5E1-11D4-9A46-0090273FC14D 3E6F3440
InstallProtocolInterface: 6A7A5CFF-E8D9-4F70-BADA-75AB3025CE14 3E6F2C60
InstallProtocolInterface: 18A031AB-B443-4D1A-A5C0-0C09261E9F71 3E6F3220
InstallProtocolInterface: 107A772C-D5E1-11D4-9A46-0090273FC14D 3E6F3420
InstallProtocolInterface: 6A7A5CFF-E8D9-4F70-BADA-75AB3025CE14 3E6F2C40
InstallProtocolInterface: 18A031AB-B443-4D1A-A5C0-0C09261E9F71 3E6F31A0
InstallProtocolInterface: 107A772C-D5E1-11D4-9A46-0090273FC14D 3E6F3400
InstallProtocolInterface: 6A7A5CFF-E8D9-4F70-BADA-75AB3025CE14 3E6F2C20
InstallProtocolInterface: 387477C1-69C7-11D2-8E39-00A0C969723B 3E6F2FD0
InstallProtocolInterface: DD9E7534-7762-4698-8C14-F58517A625AA 3E6F3000
InstallProtocolInterface: 31878C87-0B75-11D5-9A4F-0090273FC14D 3E6F3070
InstallProtocolInterface: 8D59D32B-C655-4AE9-9B15-F25904992A43 3E6F30C8
InstallProtocolInterface: 387477C2-69C7-11D2-8E39-00A0C969723B 3E6F2E90
InstallProtocolInterface: 387477C2-69C7-11D2-8E39-00A0C969723B 3E6F2D70
Loading driver CCCB0C28-4B24-11D5-9A5A-0090273FC14D
InstallProtocolInterface: 5B1B31A1-9562-11D2-8E3F-00A0C969723B 3E7C9B40
Loading driver at 0x0003E6E6000 EntryPoint=0x0003E6E9082 GraphicsConsoleDxe.efi
InstallProtocolInterface: BC62157E-3E33-4FEC-9920-2D3B36D750DF 3E7C9E98
ProtectUefiImageCommon - 0x3E7C9B40
  - 0x000000003E6E6000 - 0x0000000000006000
InstallProtocolInterface: 18A031AB-B443-4D1A-A5C0-0C09261E9F71 3E6EA6A0
InstallProtocolInterface: 107A772C-D5E1-11D4-9A46-0090273FC14D 3E6EBE40
InstallProtocolInterface: 6A7A5CFF-E8D9-4F70-BADA-75AB3025CE14 3E6EA670
Loading driver 9E863906-A40F-4875-977F-5B93FF237FC6
InstallProtocolInterface: 5B1B31A1-9562-11D2-8E3F-00A0C969723B 3E7C92C0
Loading driver at 0x0003E6DE000 EntryPoint=0x0003E6E39F5 TerminalDxe.efi
InstallProtocolInterface: BC62157E-3E33-4FEC-9920-2D3B36D750DF 3E7C9618
ProtectUefiImageCommon - 0x3E7C92C0
  - 0x000000003E6DE000 - 0x0000000000007E00
InstallProtocolInterface: 18A031AB-B443-4D1A-A5C0-0C09261E9F71 3E6E5C00
InstallProtocolInterface: 107A772C-D5E1-11D4-9A46-0090273FC14D 3E6E5C60
InstallProtocolInterface: 6A7A5CFF-E8D9-4F70-BADA-75AB3025CE14 3E6E5990
Loading driver 806040CA-DAD9-4978-A3B4-2D2AB0C8A48F
InstallProtocolInterface: 5B1B31A1-9562-11D2-8E3F-00A0C969723B 3E7C8140
Loading driver at 0x0003E6D9000 EntryPoint=0x0003E6DB3FE QemuKernelLoaderFsDxe.efi
InstallProtocolInterface: BC62157E-3E33-4FEC-9920-2D3B36D750DF 3E7C8B18
ProtectUefiImageCommon - 0x3E7C8140
  - 0x000000003E6D9000 - 0x0000000000004600
Select Item: 0x0
FW CFG Signature: 0x554D4551
Select Item: 0x1
FW CFG Revision: 0x3
QemuFwCfg interface (DMA) is supported.
Select Item: 0x17
Select Item: 0x8
Select Item: 0xB
Select Item: 0x14
Error: Image at 0003E6D9000 start failed: Not Found
Loading driver 6B38F7B4-AD98-40E9-9093-ACA2B5A253C4
InstallProtocolInterface: 5B1B31A1-9562-11D2-8E3F-00A0C969723B 3E7C8140
Loading driver at 0x0003E6D9000 EntryPoint=0x0003E6DBFE8 DiskIoDxe.efi
InstallProtocolInterface: BC62157E-3E33-4FEC-9920-2D3B36D750DF 3E7C8998
ProtectUefiImageCommon - 0x3E7C8140
  - 0x000000003E6D9000 - 0x0000000000004980
InstallProtocolInterface: 18A031AB-B443-4D1A-A5C0-0C09261E9F71 3E6DD720
InstallProtocolInterface: 107A772C-D5E1-11D4-9A46-0090273FC14D 3E6DD840
InstallProtocolInterface: 6A7A5CFF-E8D9-4F70-BADA-75AB3025CE14 3E6DD700
Loading driver 1FA1F39E-FEFF-4AAE-BD7B-38A070A3B609
InstallProtocolInterface: 5B1B31A1-9562-11D2-8E3F-00A0C969723B 3E7C7040
Loading driver at 0x0003E6D2000 EntryPoint=0x0003E6D6BAC PartitionDxe.efi
InstallProtocolInterface: BC62157E-3E33-4FEC-9920-2D3B36D750DF 3E7C8518
ProtectUefiImageCommon - 0x3E7C7040
  - 0x000000003E6D2000 - 0x0000000000006780
InstallProtocolInterface: 18A031AB-B443-4D1A-A5C0-0C09261E9F71 3E6D8520
InstallProtocolInterface: 107A772C-D5E1-11D4-9A46-0090273FC14D 3E6D8620
InstallProtocolInterface: 6A7A5CFF-E8D9-4F70-BADA-75AB3025CE14 3E6D8500
Loading driver CD3BAFB6-50FB-4FE8-8E4E-AB74D2C1A600
InstallProtocolInterface: 5B1B31A1-9562-11D2-8E3F-00A0C969723B 3E7C79C0
Loading driver at 0x0003E6F9000 EntryPoint=0x0003E6FA434 EnglishDxe.efi
InstallProtocolInterface: BC62157E-3E33-4FEC-9920-2D3B36D750DF 3E7C7E18
ProtectUefiImageCommon - 0x3E7C79C0
  - 0x000000003E6F9000 - 0x0000000000002400
InstallProtocolInterface: 1D85CD7F-F43D-11D2-9A0C-0090273FC14D 3E6FAF60
InstallProtocolInterface: A4C751FC-23AE-4C3E-92E9-4964CF63F349 3E6FAF00
Loading driver 0167CCC4-D0F7-4F21-A3EF-9E64B7CDCE8B
InstallProtocolInterface: 5B1B31A1-9562-11D2-8E3F-00A0C969723B 3E7C6040
Loading driver at 0x0003E6CD000 EntryPoint=0x0003E6CFC4D ScsiBus.efi
InstallProtocolInterface: BC62157E-3E33-4FEC-9920-2D3B36D750DF 3E7C6F18
ProtectUefiImageCommon - 0x3E7C6040
  - 0x000000003E6CD000 - 0x00000000000041C0
InstallProtocolInterface: 18A031AB-B443-4D1A-A5C0-0C09261E9F71 3E6D0FC0
InstallProtocolInterface: 107A772C-D5E1-11D4-9A46-0090273FC14D 3E6D1060
InstallProtocolInterface: 6A7A5CFF-E8D9-4F70-BADA-75AB3025CE14 3E6D0FA0
Loading driver 0A66E322-3740-4CCE-AD62-BD172CECCA35
InstallProtocolInterface: 5B1B31A1-9562-11D2-8E3F-00A0C969723B 3E7C6440
Loading driver at 0x0003E6B9000 EntryPoint=0x0003E6C1202 ScsiDisk.efi
InstallProtocolInterface: BC62157E-3E33-4FEC-9920-2D3B36D750DF 3E7C6C18
ProtectUefiImageCommon - 0x3E7C6440
  - 0x000000003E6B9000 - 0x0000000000009E40
InstallProtocolInterface: 18A031AB-B443-4D1A-A5C0-0C09261E9F71 3E6C2CA0
InstallProtocolInterface: 107A772C-D5E1-11D4-9A46-0090273FC14D 3E6C2D00
InstallProtocolInterface: 6A7A5CFF-E8D9-4F70-BADA-75AB3025CE14 3E6C2C20
Loading driver 021722D8-522B-4079-852A-FE44C2C13F49
InstallProtocolInterface: 5B1B31A1-9562-11D2-8E3F-00A0C969723B 3E7A6040
Loading driver at 0x0003E6C9000 EntryPoint=0x0003E6CAEB2 SataController.efi
InstallProtocolInterface: BC62157E-3E33-4FEC-9920-2D3B36D750DF 3E7A6E18
ProtectUefiImageCommon - 0x3E7A6040
  - 0x000000003E6C9000 - 0x0000000000003400
InstallProtocolInterface: 18A031AB-B443-4D1A-A5C0-0C09261E9F71 3E6CC240
InstallProtocolInterface: 107A772C-D5E1-11D4-9A46-0090273FC14D 3E6CC2A0
InstallProtocolInterface: 6A7A5CFF-E8D9-4F70-BADA-75AB3025CE14 3E6CC1C0
Loading driver 5E523CB4-D397-4986-87BD-A6DD8B22F455
InstallProtocolInterface: 5B1B31A1-9562-11D2-8E3F-00A0C969723B 3E7A6440
Loading driver at 0x0003E6A1000 EntryPoint=0x0003E6A99C8 AtaAtapiPassThruDxe.efi
InstallProtocolInterface: BC62157E-3E33-4FEC-9920-2D3B36D750DF 3E7A6398
ProtectUefiImageCommon - 0x3E7A6440
  - 0x000000003E6A1000 - 0x000000000000B740
InstallProtocolInterface: 18A031AB-B443-4D1A-A5C0-0C09261E9F71 3E6AC2C0
InstallProtocolInterface: 107A772C-D5E1-11D4-9A46-0090273FC14D 3E6AC320
InstallProtocolInterface: 6A7A5CFF-E8D9-4F70-BADA-75AB3025CE14 3E6AC240
Loading driver 19DF145A-B1D4-453F-8507-38816676D7F6
InstallProtocolInterface: 5B1B31A1-9562-11D2-8E3F-00A0C969723B 3E7A5B40
Loading driver at 0x0003E69A000 EntryPoint=0x0003E69E5EB AtaBusDxe.efi
InstallProtocolInterface: BC62157E-3E33-4FEC-9920-2D3B36D750DF 3E7A5E98
ProtectUefiImageCommon - 0x3E7A5B40
  - 0x000000003E69A000 - 0x00000000000069C0
InstallProtocolInterface: 18A031AB-B443-4D1A-A5C0-0C09261E9F71 3E6A0540
InstallProtocolInterface: 107A772C-D5E1-11D4-9A46-0090273FC14D 3E6A0630
InstallProtocolInterface: 6A7A5CFF-E8D9-4F70-BADA-75AB3025CE14 3E6A0610
Loading driver 5BE3BDF4-53CF-46A3-A6A9-73C34A6E5EE3
InstallProtocolInterface: 5B1B31A1-9562-11D2-8E3F-00A0C969723B 3E7A51C0
Loading driver at 0x0003E690000 EntryPoint=0x0003E69739D NvmExpressDxe.efi
InstallProtocolInterface: BC62157E-3E33-4FEC-9920-2D3B36D750DF 3E7A5498
ProtectUefiImageCommon - 0x3E7A51C0
  - 0x000000003E690000 - 0x0000000000009CC0
InstallProtocolInterface: 18A031AB-B443-4D1A-A5C0-0C09261E9F71 3E699B00
InstallProtocolInterface: 107A772C-D5E1-11D4-9A46-0090273FC14D 3E699B60
InstallProtocolInterface: 6A7A5CFF-E8D9-4F70-BADA-75AB3025CE14 3E699A30
InstallProtocolInterface: 5C198761-16A8-4E69-972C-89D67954F81D 3E6999A0
Loading driver 864E1CA8-85EB-4D63-9DCC-6E0FC90FFD55
InstallProtocolInterface: 5B1B31A1-9562-11D2-8E3F-00A0C969723B 3E786CC0
Loading driver at 0x0003E6C5000 EntryPoint=0x0003E6C6E26 SioBusDxe.efi
InstallProtocolInterface: BC62157E-3E33-4FEC-9920-2D3B36D750DF 3E786898
ProtectUefiImageCommon - 0x3E786CC0
  - 0x000000003E6C5000 - 0x0000000000003340
InstallProtocolInterface: 18A031AB-B443-4D1A-A5C0-0C09261E9F71 3E6C80E0
InstallProtocolInterface: 107A772C-D5E1-11D4-9A46-0090273FC14D 3E6C8200
InstallProtocolInterface: 6A7A5CFF-E8D9-4F70-BADA-75AB3025CE14 3E6C80C0
Loading driver E2775B47-D453-4EE3-ADA7-391A1B05AC17
InstallProtocolInterface: 5B1B31A1-9562-11D2-8E3F-00A0C969723B 3E7863C0
Loading driver at 0x0003E689000 EntryPoint=0x0003E68D722 PciSioSerialDxe.efi
InstallProtocolInterface: BC62157E-3E33-4FEC-9920-2D3B36D750DF 3E786718
ProtectUefiImageCommon - 0x3E7863C0
  - 0x000000003E689000 - 0x0000000000006300
InstallProtocolInterface: 18A031AB-B443-4D1A-A5C0-0C09261E9F71 3E68F140
InstallProtocolInterface: 107A772C-D5E1-11D4-9A46-0090273FC14D 3E68F1A0
InstallProtocolInterface: 6A7A5CFF-E8D9-4F70-BADA-75AB3025CE14 3E68EFB0
Loading driver C4D1F932-821F-4744-BF06-6D30F7730F8D
InstallProtocolInterface: 5B1B31A1-9562-11D2-8E3F-00A0C969723B 3E785140
Loading driver at 0x0003E6AD000 EntryPoint=0x0003E6B0E51 Ps2KeyboardDxe.efi
InstallProtocolInterface: BC62157E-3E33-4FEC-9920-2D3B36D750DF 3E785D98
ProtectUefiImageCommon - 0x3E785140
  - 0x000000003E6AD000 - 0x0000000000005F40
InstallProtocolInterface: 18A031AB-B443-4D1A-A5C0-0C09261E9F71 3E6B2D60
InstallProtocolInterface: 107A772C-D5E1-11D4-9A46-0090273FC14D 3E6B2DC0
InstallProtocolInterface: 6A7A5CFF-E8D9-4F70-BADA-75AB3025CE14 3E6B2CF0
Loading driver B8E62775-BB0A-43F0-A843-5BE8B14F8CCD
InstallProtocolInterface: 5B1B31A1-9562-11D2-8E3F-00A0C969723B 3E7855C0
Loading driver at 0x0003E6B6000 EntryPoint=0x0003E6B76C9 BootGraphicsResourceTableDxe.efi
InstallProtocolInterface: BC62157E-3E33-4FEC-9920-2D3B36D750DF 3E784F98
ProtectUefiImageCommon - 0x3E7855C0
  - 0x000000003E6B6000 - 0x0000000000002A80
InstallProtocolInterface: CDEA2BD3-FC25-4C1C-B97C-B31186064990 3E6B8830
InstallProtocolInterface: 4B5DC1DF-1EAA-48B2-A7E9-EAC489A00B5C 3E6B88B0
Loading driver 961578FE-B6B7-44C3-AF35-6BC705CD2B1F
InstallProtocolInterface: 5B1B31A1-9562-11D2-8E3F-00A0C969723B 3E7841C0
Loading driver at 0x0003E673000 EntryPoint=0x0003E67AEA0 Fat.efi
InstallProtocolInterface: BC62157E-3E33-4FEC-9920-2D3B36D750DF 3E784798
ProtectUefiImageCommon - 0x3E7841C0
  - 0x000000003E673000 - 0x000000000000A100
InstallProtocolInterface: 18A031AB-B443-4D1A-A5C0-0C09261E9F71 3E67CF60
InstallProtocolInterface: 107A772C-D5E1-11D4-9A46-0090273FC14D 3E67CFC0
InstallProtocolInterface: 6A7A5CFF-E8D9-4F70-BADA-75AB3025CE14 3E67CD90
Loading driver 905F13B0-8F91-4B0A-BD76-E1E78F9422E4
InstallProtocolInterface: 5B1B31A1-9562-11D2-8E3F-00A0C969723B 3E6F8040
Loading driver at 0x0003E66C000 EntryPoint=0x0003E670CAE UdfDxe.efi
InstallProtocolInterface: BC62157E-3E33-4FEC-9920-2D3B36D750DF 3E6F8D18
ProtectUefiImageCommon - 0x3E6F8040
  - 0x000000003E66C000 - 0x0000000000006640
InstallProtocolInterface: 18A031AB-B443-4D1A-A5C0-0C09261E9F71 3E6723A0
InstallProtocolInterface: 107A772C-D5E1-11D4-9A46-0090273FC14D 3E672500
InstallProtocolInterface: 6A7A5CFF-E8D9-4F70-BADA-75AB3025CE14 3E672380
Loading driver 7BD9DDF7-8B83-488E-AEC9-24C78610289C
InstallProtocolInterface: 5B1B31A1-9562-11D2-8E3F-00A0C969723B 3E6F8440
Loading driver at 0x0003E662000 EntryPoint=0x0003E669565 VirtioFsDxe.efi
InstallProtocolInterface: BC62157E-3E33-4FEC-9920-2D3B36D750DF 3E6F8A18
ProtectUefiImageCommon - 0x3E6F8440
  - 0x000000003E662000 - 0x0000000000009900
InstallProtocolInterface: 18A031AB-B443-4D1A-A5C0-0C09261E9F71 3E66B7E0
InstallProtocolInterface: 6A7A5CFF-E8D9-4F70-BADA-75AB3025CE14 3E66B7C0
Loading driver A2F436EA-A127-4EF8-957C-8048606FF670
InstallProtocolInterface: 5B1B31A1-9562-11D2-8E3F-00A0C969723B 3E6F7040
Loading driver at 0x0003E65A000 EntryPoint=0x0003E65F156 SnpDxe.efi
InstallProtocolInterface: BC62157E-3E33-4FEC-9920-2D3B36D750DF 3E6F7E98
ProtectUefiImageCommon - 0x3E6F7040
  - 0x000000003E65A000 - 0x0000000000007400
InstallProtocolInterface: 18A031AB-B443-4D1A-A5C0-0C09261E9F71 3E661200
InstallProtocolInterface: 107A772C-D5E1-11D4-9A46-0090273FC14D 3E661260
InstallProtocolInterface: 6A7A5CFF-E8D9-4F70-BADA-75AB3025CE14 3E6611D0
Loading driver E4F61863-FE2C-4B56-A8F4-08519BC439DF
InstallProtocolInterface: 5B1B31A1-9562-11D2-8E3F-00A0C969723B 3E6F7440
Loading driver at 0x0003E653000 EntryPoint=0x0003E657728 VlanConfigDxe.efi
InstallProtocolInterface: BC62157E-3E33-4FEC-9920-2D3B36D750DF 3E6F7A18
ProtectUefiImageCommon - 0x3E6F7440
  - 0x000000003E653000 - 0x0000000000006E80
InstallProtocolInterface: 18A031AB-B443-4D1A-A5C0-0C09261E9F71 3E659540
InstallProtocolInterface: 107A772C-D5E1-11D4-9A46-0090273FC14D 3E659D00
InstallProtocolInterface: 6A7A5CFF-E8D9-4F70-BADA-75AB3025CE14 3E659520
Loading driver 025BBFC7-E6A9-4B8B-82AD-6815A1AEAF4A
InstallProtocolInterface: 5B1B31A1-9562-11D2-8E3F-00A0C969723B 3E6F6B40
Loading driver at 0x0003E648000 EntryPoint=0x0003E64F7CB MnpDxe.efi
InstallProtocolInterface: BC62157E-3E33-4FEC-9920-2D3B36D750DF 3E6F6098
ProtectUefiImageCommon - 0x3E6F6B40
  - 0x000000003E648000 - 0x000000000000A680
InstallProtocolInterface: 18A031AB-B443-4D1A-A5C0-0C09261E9F71 3E652480
InstallProtocolInterface: 107A772C-D5E1-11D4-9A46-0090273FC14D 3E652500
InstallProtocolInterface: 6A7A5CFF-E8D9-4F70-BADA-75AB3025CE14 3E6524B0
Loading driver 529D3F93-E8E9-4E73-B1E1-BDF6A9D50113
InstallProtocolInterface: 5B1B31A1-9562-11D2-8E3F-00A0C969723B 3E6F6240
Loading driver at 0x0003E642000 EntryPoint=0x0003E646292 ArpDxe.efi
InstallProtocolInterface: BC62157E-3E33-4FEC-9920-2D3B36D750DF 3E6F6818
ProtectUefiImageCommon - 0x3E6F6240
  - 0x000000003E642000 - 0x0000000000006000
InstallProtocolInterface: 18A031AB-B443-4D1A-A5C0-0C09261E9F71 3E647E00
InstallProtocolInterface: 107A772C-D5E1-11D4-9A46-0090273FC14D 3E647EC0
InstallProtocolInterface: 6A7A5CFF-E8D9-4F70-BADA-75AB3025CE14 3E647D60
Loading driver 94734718-0BBC-47FB-96A5-EE7A5AE6A2AD
InstallProtocolInterface: 5B1B31A1-9562-11D2-8E3F-00A0C969723B 3E6F5B40
Loading driver at 0x0003E637000 EntryPoint=0x0003E63E65F Dhcp4Dxe.efi
InstallProtocolInterface: BC62157E-3E33-4FEC-9920-2D3B36D750DF 3E6F5A98
ProtectUefiImageCommon - 0x3E6F5B40
  - 0x000000003E637000 - 0x000000000000A540
InstallProtocolInterface: 18A031AB-B443-4D1A-A5C0-0C09261E9F71 3E641280
InstallProtocolInterface: 107A772C-D5E1-11D4-9A46-0090273FC14D 3E641380
InstallProtocolInterface: 6A7A5CFF-E8D9-4F70-BADA-75AB3025CE14 3E6412E0
Loading driver 9FB1A1F3-3B71-4324-B39A-745CBB015FFF
InstallProtocolInterface: 5B1B31A1-9562-11D2-8E3F-00A0C969723B 3E6F52C0
Loading driver at 0x0003E60D000 EntryPoint=0x0003E61CA9A Ip4Dxe.efi
InstallProtocolInterface: BC62157E-3E33-4FEC-9920-2D3B36D750DF 3E6F5698
ProtectUefiImageCommon - 0x3E6F52C0
  - 0x000000003E60D000 - 0x0000000000014800
Select Item: 0x0
FW CFG Signature: 0x554D4551
Select Item: 0x1
FW CFG Revision: 0x3
QemuFwCfg interface (DMA) is supported.
Select Item: 0x19
InstallProtocolInterface: 18A031AB-B443-4D1A-A5C0-0C09261E9F71 3E6213A0
InstallProtocolInterface: 107A772C-D5E1-11D4-9A46-0090273FC14D 3E621300
InstallProtocolInterface: 6A7A5CFF-E8D9-4F70-BADA-75AB3025CE14 3E6212B0
Loading driver 6D6963AB-906D-4A65-A7CA-BD40E5D6AF2B
InstallProtocolInterface: 5B1B31A1-9562-11D2-8E3F-00A0C969723B 3E6F40C0
Loading driver at 0x0003E62E000 EntryPoint=0x0003E634715 Udp4Dxe.efi
InstallProtocolInterface: BC62157E-3E33-4FEC-9920-2D3B36D750DF 3E6F4918
ProtectUefiImageCommon - 0x3E6F40C0
  - 0x000000003E62E000 - 0x0000000000008AC0
InstallProtocolInterface: 18A031AB-B443-4D1A-A5C0-0C09261E9F71 3E636880
InstallProtocolInterface: 107A772C-D5E1-11D4-9A46-0090273FC14D 3E636960
InstallProtocolInterface: 6A7A5CFF-E8D9-4F70-BADA-75AB3025CE14 3E6368F0
Loading driver DC3641B8-2FA8-4ED3-BC1F-F9962A03454B
InstallProtocolInterface: 5B1B31A1-9562-11D2-8E3F-00A0C969723B 3E6C4040
Loading driver at 0x0003E624000 EntryPoint=0x0003E62AFAE Mtftp4Dxe.efi
InstallProtocolInterface: BC62157E-3E33-4FEC-9920-2D3B36D750DF 3E6C4E98
ProtectUefiImageCommon - 0x3E6C4040
  - 0x000000003E624000 - 0x0000000000009340
InstallProtocolInterface: 18A031AB-B443-4D1A-A5C0-0C09261E9F71 3E62D140
InstallProtocolInterface: 107A772C-D5E1-11D4-9A46-0090273FC14D 3E62D1C0
InstallProtocolInterface: 6A7A5CFF-E8D9-4F70-BADA-75AB3025CE14 3E62D170
Loading driver 95E3669D-34BE-4775-A651-7EA41B69D89E
InstallProtocolInterface: 5B1B31A1-9562-11D2-8E3F-00A0C969723B 3E6C49C0
Loading driver at 0x0003E602000 EntryPoint=0x0003E60AAE3 Dhcp6Dxe.efi
InstallProtocolInterface: BC62157E-3E33-4FEC-9920-2D3B36D750DF 3E6C4918
ProtectUefiImageCommon - 0x3E6C49C0
  - 0x000000003E602000 - 0x000000000000AE00
InstallProtocolInterface: 18A031AB-B443-4D1A-A5C0-0C09261E9F71 3E60CBA0
InstallProtocolInterface: 107A772C-D5E1-11D4-9A46-0090273FC14D 3E60CAE0
InstallProtocolInterface: 6A7A5CFF-E8D9-4F70-BADA-75AB3025CE14 3E60CA40
Loading driver 5BEDB5CC-D830-4EB2-8742-2D4CC9B54F2C
InstallProtocolInterface: 5B1B31A1-9562-11D2-8E3F-00A0C969723B 3E6C3040
Loading driver at 0x0003DE2F000 EntryPoint=0x0003DE4009B Ip6Dxe.efi
InstallProtocolInterface: BC62157E-3E33-4FEC-9920-2D3B36D750DF 3E6C3F18
ProtectUefiImageCommon - 0x3E6C3040
  - 0x000000003DE2F000 - 0x000000000001D0C0
Select Item: 0x0
FW CFG Signature: 0x554D4551
Select Item: 0x1
FW CFG Revision: 0x3
QemuFwCfg interface (DMA) is supported.
Select Item: 0x19
InstallProtocolInterface: 18A031AB-B443-4D1A-A5C0-0C09261E9F71 3DE4A9A0
InstallProtocolInterface: 107A772C-D5E1-11D4-9A46-0090273FC14D 3DE4A920
InstallProtocolInterface: 6A7A5CFF-E8D9-4F70-BADA-75AB3025CE14 3DE4A8D0
Loading driver D912C7BC-F098-4367-92BA-E911083C7B0E
InstallProtocolInterface: 5B1B31A1-9562-11D2-8E3F-00A0C969723B 3E6C34C0
Loading driver at 0x0003DE62000 EntryPoint=0x0003DE686E9 Udp6Dxe.efi
InstallProtocolInterface: BC62157E-3E33-4FEC-9920-2D3B36D750DF 3E6B5F18
ProtectUefiImageCommon - 0x3E6C34C0
  - 0x000000003DE62000 - 0x0000000000008BC0
InstallProtocolInterface: 18A031AB-B443-4D1A-A5C0-0C09261E9F71 3DE6A9A0
InstallProtocolInterface: 107A772C-D5E1-11D4-9A46-0090273FC14D 3DE6A940
InstallProtocolInterface: 6A7A5CFF-E8D9-4F70-BADA-75AB3025CE14 3DE6A900
Loading driver 99F03B99-98D8-49DD-A8D3-3219D0FFE41E
InstallProtocolInterface: 5B1B31A1-9562-11D2-8E3F-00A0C969723B 3E6B5BC0
Loading driver at 0x0003DE58000 EntryPoint=0x0003DE5F82A Mtftp6Dxe.efi
InstallProtocolInterface: BC62157E-3E33-4FEC-9920-2D3B36D750DF 3E6B5A98
ProtectUefiImageCommon - 0x3E6B5BC0
  - 0x000000003DE58000 - 0x0000000000009C00
InstallProtocolInterface: 18A031AB-B443-4D1A-A5C0-0C09261E9F71 3DE61A60
InstallProtocolInterface: 107A772C-D5E1-11D4-9A46-0090273FC14D 3DE619C0
InstallProtocolInterface: 6A7A5CFF-E8D9-4F70-BADA-75AB3025CE14 3DE61980
Loading driver 1A7E4468-2F55-4A56-903C-01265EB7622B
InstallProtocolInterface: 5B1B31A1-9562-11D2-8E3F-00A0C969723B 3E6B52C0
Loading driver at 0x0003DE09000 EntryPoint=0x0003DE13624 TcpDxe.efi
InstallProtocolInterface: BC62157E-3E33-4FEC-9920-2D3B36D750DF 3E6B5098
ProtectUefiImageCommon - 0x3E6B52C0
  - 0x000000003DE09000 - 0x0000000000012300
InstallProtocolInterface: 18A031AB-B443-4D1A-A5C0-0C09261E9F71 3DE1AEE0
InstallProtocolInterface: 107A772C-D5E1-11D4-9A46-0090273FC14D 3DE1ADA0
InstallProtocolInterface: 6A7A5CFF-E8D9-4F70-BADA-75AB3025CE14 3DE1AD60
InstallProtocolInterface: 18A031AB-B443-4D1A-A5C0-0C09261E9F71 3DE1AEA0
InstallProtocolInterface: 107A772C-D5E1-11D4-9A46-0090273FC14D 3DE1ADA0
InstallProtocolInterface: 6A7A5CFF-E8D9-4F70-BADA-75AB3025CE14 3DE1AD60
Loading driver B95E9FDA-26DE-48D2-8807-1F9107AC5E3A
InstallProtocolInterface: 5B1B31A1-9562-11D2-8E3F-00A0C969723B 3E6B4240
Loading driver at 0x0003DBEE000 EntryPoint=0x0003DBF993B UefiPxeBcDxe.efi
InstallProtocolInterface: BC62157E-3E33-4FEC-9920-2D3B36D750DF 3E6B4998
ProtectUefiImageCommon - 0x3E6B4240
  - 0x000000003DBEE000 - 0x0000000000011880
Select Item: 0x0
FW CFG Signature: 0x554D4551
Select Item: 0x1
FW CFG Revision: 0x3
QemuFwCfg interface (DMA) is supported.
Select Item: 0x19
Select Item: 0x19
InstallProtocolInterface: 18A031AB-B443-4D1A-A5C0-0C09261E9F71 3DBFF5C0
InstallProtocolInterface: 107A772C-D5E1-11D4-9A46-0090273FC14D 3DBFF4E0
InstallProtocolInterface: 6A7A5CFF-E8D9-4F70-BADA-75AB3025CE14 3DBFF590
InstallProtocolInterface: 18A031AB-B443-4D1A-A5C0-0C09261E9F71 3DBFF560
InstallProtocolInterface: 107A772C-D5E1-11D4-9A46-0090273FC14D 3DBFF4E0
InstallProtocolInterface: 6A7A5CFF-E8D9-4F70-BADA-75AB3025CE14 3DBFF590
Loading driver B219E140-DFFC-11E3-B956-0022681E6906
InstallProtocolInterface: 5B1B31A1-9562-11D2-8E3F-00A0C969723B 3E6B30C0
Loading driver at 0x0003DBE2000 EntryPoint=0x0003DBEBAE3 DnsDxe.efi
InstallProtocolInterface: BC62157E-3E33-4FEC-9920-2D3B36D750DF 3E6B3E98
ProtectUefiImageCommon - 0x3E6B30C0
  - 0x000000003DBE2000 - 0x000000000000BFC0
InstallProtocolInterface: 18A031AB-B443-4D1A-A5C0-0C09261E9F71 3DBEDCA0
InstallProtocolInterface: 107A772C-D5E1-11D4-9A46-0090273FC14D 3DBEDE40
InstallProtocolInterface: 6A7A5CFF-E8D9-4F70-BADA-75AB3025CE14 3DBEDE00
InstallProtocolInterface: 18A031AB-B443-4D1A-A5C0-0C09261E9F71 3DBEDC60
InstallProtocolInterface: 107A772C-D5E1-11D4-9A46-0090273FC14D 3DBEDE40
InstallProtocolInterface: 6A7A5CFF-E8D9-4F70-BADA-75AB3025CE14 3DBEDE00
Loading driver 2366C20F-E15A-11E3-8BF1-E4115B28BC50
InstallProtocolInterface: 5B1B31A1-9562-11D2-8E3F-00A0C969723B 3E688040
Loading driver at 0x0003DBD4000 EntryPoint=0x0003DBDDE8E HttpDxe.efi
InstallProtocolInterface: BC62157E-3E33-4FEC-9920-2D3B36D750DF 3E688B98
ProtectUefiImageCommon - 0x3E688040
  - 0x000000003DBD4000 - 0x000000000000DA00
InstallProtocolInterface: 18A031AB-B443-4D1A-A5C0-0C09261E9F71 3DBE16C0
InstallProtocolInterface: 107A772C-D5E1-11D4-9A46-0090273FC14D 3DBE1690
InstallProtocolInterface: 6A7A5CFF-E8D9-4F70-BADA-75AB3025CE14 3DBE18C0
InstallProtocolInterface: 18A031AB-B443-4D1A-A5C0-0C09261E9F71 3DBE1660
InstallProtocolInterface: 107A772C-D5E1-11D4-9A46-0090273FC14D 3DBE1690
InstallProtocolInterface: 6A7A5CFF-E8D9-4F70-BADA-75AB3025CE14 3DBE18C0
Loading driver ECEBCB00-D9C8-11E4-AF3D-8CDCD426C973
InstallProtocolInterface: 5B1B31A1-9562-11D2-8E3F-00A0C969723B 3E6887C0
Loading driver at 0x0003DBC2000 EntryPoint=0x0003DBCC607 HttpBootDxe.efi
InstallProtocolInterface: BC62157E-3E33-4FEC-9920-2D3B36D750DF 3E688318
ProtectUefiImageCommon - 0x3E6887C0
  - 0x000000003DBC2000 - 0x0000000000011740
InstallProtocolInterface: 18A031AB-B443-4D1A-A5C0-0C09261E9F71 3DBD2F40
InstallProtocolInterface: 107A772C-D5E1-11D4-9A46-0090273FC14D 3DBD2F10
InstallProtocolInterface: 6A7A5CFF-E8D9-4F70-BADA-75AB3025CE14 3DBD30C0
InstallProtocolInterface: 18A031AB-B443-4D1A-A5C0-0C09261E9F71 3DBD2EE0
InstallProtocolInterface: 107A772C-D5E1-11D4-9A46-0090273FC14D 3DBD2F10
InstallProtocolInterface: 6A7A5CFF-E8D9-4F70-BADA-75AB3025CE14 3DBD30C0
Loading driver 86CDDF93-4872-4597-8AF9-A35AE4D3725F
InstallProtocolInterface: 5B1B31A1-9562-11D2-8E3F-00A0C969723B 3E687340
Loading driver at 0x0003DB84000 EntryPoint=0x0003DB962A2 IScsiDxe.efi
InstallProtocolInterface: BC62157E-3E33-4FEC-9920-2D3B36D750DF 3E688698
ProtectUefiImageCommon - 0x3E687340
  - 0x000000003DB84000 - 0x000000000001ED00
InstallProtocolInterface: 18A031AB-B443-4D1A-A5C0-0C09261E9F71 3DBA29E0
InstallProtocolInterface: 107A772C-D5E1-11D4-9A46-0090273FC14D 3DBA1080
InstallProtocolInterface: 6A7A5CFF-E8D9-4F70-BADA-75AB3025CE14 3DBA0FF0
InstallProtocolInterface: 18A031AB-B443-4D1A-A5C0-0C09261E9F71 3DBA29A0
InstallProtocolInterface: 107A772C-D5E1-11D4-9A46-0090273FC14D 3DBA1080
InstallProtocolInterface: 6A7A5CFF-E8D9-4F70-BADA-75AB3025CE14 3DBA0FF0
InstallProtocolInterface: 59324945-EC44-4C0D-B1CD-9DB139DF070C 3DBA0F80
InstallProtocolInterface: 09576E91-6D3F-11D2-8E39-00A0C969723B 3DBA2920
InstallProtocolInterface: 330D4706-F2A0-4E4F-A369-B66FA8D54385 3E687228
InstallProtocolInterface: 7671D9D0-53DB-4173-AA69-2327F21F0BC7 3DBA2980
Loading driver A92CDB4B-82F1-4E0B-A516-8A655D371524
InstallProtocolInterface: 5B1B31A1-9562-11D2-8E3F-00A0C969723B 3E6866C0
Loading driver at 0x0003DE29000 EntryPoint=0x0003DE2CBC3 VirtioNetDxe.efi
InstallProtocolInterface: BC62157E-3E33-4FEC-9920-2D3B36D750DF 3E681A18
ProtectUefiImageCommon - 0x3E6866C0
  - 0x000000003DE29000 - 0x0000000000005580
InstallProtocolInterface: 18A031AB-B443-4D1A-A5C0-0C09261E9F71 3DE2E3C0
InstallProtocolInterface: 107A772C-D5E1-11D4-9A46-0090273FC14D 3DE2E420
InstallProtocolInterface: 6A7A5CFF-E8D9-4F70-BADA-75AB3025CE14 3DE2E340
Loading driver 2FB92EFA-2EE0-4BAE-9EB6-7464125E1EF7
InstallProtocolInterface: 5B1B31A1-9562-11D2-8E3F-00A0C969723B 3E681D40
Loading driver at 0x0003DE22000 EntryPoint=0x0003DE27215 UhciDxe.efi
InstallProtocolInterface: BC62157E-3E33-4FEC-9920-2D3B36D750DF 3E681618
ProtectUefiImageCommon - 0x3E681D40
  - 0x000000003DE22000 - 0x0000000000006F80
InstallProtocolInterface: 18A031AB-B443-4D1A-A5C0-0C09261E9F71 3DE28D80
InstallProtocolInterface: 107A772C-D5E1-11D4-9A46-0090273FC14D 3DE28E00
InstallProtocolInterface: 6A7A5CFF-E8D9-4F70-BADA-75AB3025CE14 3DE28DE0
Loading driver BDFE430E-8F2A-4DB0-9991-6F856594777E
InstallProtocolInterface: 5B1B31A1-9562-11D2-8E3F-00A0C969723B 3E6810C0
Loading driver at 0x0003DBB9000 EntryPoint=0x0003DBBF3EE EhciDxe.efi
InstallProtocolInterface: BC62157E-3E33-4FEC-9920-2D3B36D750DF 3E683B98
ProtectUefiImageCommon - 0x3E6810C0
  - 0x000000003DBB9000 - 0x00000000000089C0
InstallProtocolInterface: 18A031AB-B443-4D1A-A5C0-0C09261E9F71 3DBC1820
InstallProtocolInterface: 107A772C-D5E1-11D4-9A46-0090273FC14D 3DBC1880
InstallProtocolInterface: 6A7A5CFF-E8D9-4F70-BADA-75AB3025CE14 3DBC17B0
Loading driver B7F50E91-A759-412C-ADE4-DCD03E7F7C28
InstallProtocolInterface: 5B1B31A1-9562-11D2-8E3F-00A0C969723B 3E683540
Loading driver at 0x0003DB77000 EntryPoint=0x0003DB80B90 XhciDxe.efi
InstallProtocolInterface: BC62157E-3E33-4FEC-9920-2D3B36D750DF 3E683E18
ProtectUefiImageCommon - 0x3E683540
  - 0x000000003DB77000 - 0x000000000000CFC0
InstallProtocolInterface: 18A031AB-B443-4D1A-A5C0-0C09261E9F71 3DB83D40
InstallProtocolInterface: 107A772C-D5E1-11D4-9A46-0090273FC14D 3DB83E40
InstallProtocolInterface: 6A7A5CFF-E8D9-4F70-BADA-75AB3025CE14 3DB83E20
Loading driver 240612B7-A063-11D4-9A3A-0090273FC14D
InstallProtocolInterface: 5B1B31A1-9562-11D2-8E3F-00A0C969723B 3E6837C0
Loading driver at 0x0003DBA5000 EntryPoint=0x0003DBAB9D4 UsbBusDxe.efi
InstallProtocolInterface: BC62157E-3E33-4FEC-9920-2D3B36D750DF 3E682B98
ProtectUefiImageCommon - 0x3E6837C0
  - 0x000000003DBA5000 - 0x0000000000009780
InstallProtocolInterface: 18A031AB-B443-4D1A-A5C0-0C09261E9F71 3DBAE4E0
InstallProtocolInterface: 107A772C-D5E1-11D4-9A46-0090273FC14D 3DBAE440
InstallProtocolInterface: 6A7A5CFF-E8D9-4F70-BADA-75AB3025CE14 3DBAE3E0
Loading driver 2D2E62CF-9ECF-43B7-8219-94E7FC713DFE
InstallProtocolInterface: 5B1B31A1-9562-11D2-8E3F-00A0C969723B 3E6822C0
Loading driver at 0x0003DE02000 EntryPoint=0x0003DE06162 UsbKbDxe.efi
InstallProtocolInterface: BC62157E-3E33-4FEC-9920-2D3B36D750DF 3E682A18
ProtectUefiImageCommon - 0x3E6822C0
  - 0x000000003DE02000 - 0x00000000000064C0
InstallProtocolInterface: 18A031AB-B443-4D1A-A5C0-0C09261E9F71 3DE07B60
InstallProtocolInterface: 107A772C-D5E1-11D4-9A46-0090273FC14D 3DE08320
InstallProtocolInterface: 6A7A5CFF-E8D9-4F70-BADA-75AB3025CE14 3DE08300
Loading driver 9FB4B4A7-42C0-4BCD-8540-9BCC6711F83E
InstallProtocolInterface: 5B1B31A1-9562-11D2-8E3F-00A0C969723B 3E67ED40
Loading driver at 0x0003DE1C000 EntryPoint=0x0003DE1FD12 UsbMassStorageDxe.efi
InstallProtocolInterface: BC62157E-3E33-4FEC-9920-2D3B36D750DF 3E682918
ProtectUefiImageCommon - 0x3E67ED40
  - 0x000000003DE1C000 - 0x0000000000005BC0
InstallProtocolInterface: 18A031AB-B443-4D1A-A5C0-0C09261E9F71 3DE21960
InstallProtocolInterface: 107A772C-D5E1-11D4-9A46-0090273FC14D 3DE21A40
InstallProtocolInterface: 6A7A5CFF-E8D9-4F70-BADA-75AB3025CE14 3DE21930
Loading driver E3752948-B9A1-4770-90C4-DF41C38986BE
InstallProtocolInterface: 5B1B31A1-9562-11D2-8E3F-00A0C969723B 3E67E7C0
Loading driver at 0x0003DBB2000 EntryPoint=0x0003DBB6280 QemuVideoDxe.efi
InstallProtocolInterface: BC62157E-3E33-4FEC-9920-2D3B36D750DF 3E67EA18
ProtectUefiImageCommon - 0x3E67E7C0
  - 0x000000003DBB2000 - 0x0000000000006B80
InstallProtocolInterface: 18A031AB-B443-4D1A-A5C0-0C09261E9F71 3DBB89A0
InstallProtocolInterface: 107A772C-D5E1-11D4-9A46-0090273FC14D 3DBB8A00
InstallProtocolInterface: 6A7A5CFF-E8D9-4F70-BADA-75AB3025CE14 3DBB8790
Loading driver D6099B94-CD97-4CC5-8714-7F6312701A8A
InstallProtocolInterface: 5B1B31A1-9562-11D2-8E3F-00A0C969723B 3E623040
Loading driver at 0x0003DB71000 EntryPoint=0x0003DB7509A VirtioGpuDxe.efi
InstallProtocolInterface: BC62157E-3E33-4FEC-9920-2D3B36D750DF 3E623C18
ProtectUefiImageCommon - 0x3E623040
  - 0x000000003DB71000 - 0x0000000000005EC0
InstallProtocolInterface: 18A031AB-B443-4D1A-A5C0-0C09261E9F71 3DB76CA0
InstallProtocolInterface: 6A7A5CFF-E8D9-4F70-BADA-75AB3025CE14 3DB76C70
Driver 6490F1C5-EBCC-4665-8892-0075B9BB49B7 was discovered but not loaded!!
[Bds] Entry...
[BdsDxe] Locate Variable Policy protocol - Success
Variable Driver Auto Update Lang, Lang:eng, PlatformLang:en Status: Success
PlatformBootManagerBeforeConsole
Registered NotifyDevPath Event
PCI Bus First Scanning
PciBus: Discovered PCI @ [00|00|00]  [VID = 0x8086, DID = 0x29C0]

PciBus: Discovered PCI @ [00|01|00]  [VID = 0x1234, DID = 0x1111]
   BAR[0]: Type = PMem32; Alignment = 0xFFFFFF;	Length = 0x1000000;	Offset = 0x10
   BAR[2]: Type =  Mem32; Alignment = 0xFFF;	Length = 0x1000;	Offset = 0x18

PciBus: Discovered PCI @ [00|02|00]  [VID = 0x8086, DID = 0x10D3]
   BAR[0]: Type =  Mem32; Alignment = 0x1FFFF;	Length = 0x20000;	Offset = 0x10
   BAR[1]: Type =  Mem32; Alignment = 0x1FFFF;	Length = 0x20000;	Offset = 0x14
   BAR[2]: Type =   Io32; Alignment = 0x1F;	Length = 0x20;	Offset = 0x18
   BAR[3]: Type =  Mem32; Alignment = 0x3FFF;	Length = 0x4000;	Offset = 0x1C

PciBus: Discovered PCI @ [00|1F|00]  [VID = 0x8086, DID = 0x2918]

PciBus: Discovered PCI @ [00|1F|02]  [VID = 0x8086, DID = 0x2922]
   BAR[4]: Type =   Io32; Alignment = 0x1F;	Length = 0x20;	Offset = 0x20
   BAR[5]: Type =  Mem32; Alignment = 0xFFF;	Length = 0x1000;	Offset = 0x24

PciBus: Discovered PCI @ [00|1F|03]  [VID = 0x8086, DID = 0x2930]
   BAR[4]: Type =   Io32; Alignment = 0x3F;	Length = 0x40;	Offset = 0x20

PCI Bus Second Scanning
PciBus: Discovered PCI @ [00|00|00]  [VID = 0x8086, DID = 0x29C0]

PciBus: Discovered PCI @ [00|01|00]  [VID = 0x1234, DID = 0x1111]
   BAR[0]: Type = PMem32; Alignment = 0xFFFFFF;	Length = 0x1000000;	Offset = 0x10
   BAR[2]: Type =  Mem32; Alignment = 0xFFF;	Length = 0x1000;	Offset = 0x18

PciBus: Discovered PCI @ [00|02|00]  [VID = 0x8086, DID = 0x10D3]
   BAR[0]: Type =  Mem32; Alignment = 0x1FFFF;	Length = 0x20000;	Offset = 0x10
   BAR[1]: Type =  Mem32; Alignment = 0x1FFFF;	Length = 0x20000;	Offset = 0x14
   BAR[2]: Type =   Io32; Alignment = 0x1F;	Length = 0x20;	Offset = 0x18
   BAR[3]: Type =  Mem32; Alignment = 0x3FFF;	Length = 0x4000;	Offset = 0x1C

PciBus: Discovered PCI @ [00|1F|00]  [VID = 0x8086, DID = 0x2918]

PciBus: Discovered PCI @ [00|1F|02]  [VID = 0x8086, DID = 0x2922]
   BAR[4]: Type =   Io32; Alignment = 0x1F;	Length = 0x20;	Offset = 0x20
   BAR[5]: Type =  Mem32; Alignment = 0xFFF;	Length = 0x1000;	Offset = 0x24

PciBus: Discovered PCI @ [00|1F|03]  [VID = 0x8086, DID = 0x2930]
   BAR[4]: Type =   Io32; Alignment = 0x3F;	Length = 0x40;	Offset = 0x20

PciBus: Discovered PCI @ [00|00|00]  [VID = 0x8086, DID = 0x29C0]

PciBus: Discovered PCI @ [00|01|00]  [VID = 0x1234, DID = 0x1111]
   BAR[0]: Type = PMem32; Alignment = 0xFFFFFF;	Length = 0x1000000;	Offset = 0x10
   BAR[2]: Type =  Mem32; Alignment = 0xFFF;	Length = 0x1000;	Offset = 0x18

PciBus: Discovered PCI @ [00|02|00]  [VID = 0x8086, DID = 0x10D3]
   BAR[0]: Type =  Mem32; Alignment = 0x1FFFF;	Length = 0x20000;	Offset = 0x10
   BAR[1]: Type =  Mem32; Alignment = 0x1FFFF;	Length = 0x20000;	Offset = 0x14
   BAR[2]: Type =   Io32; Alignment = 0x1F;	Length = 0x20;	Offset = 0x18
   BAR[3]: Type =  Mem32; Alignment = 0x3FFF;	Length = 0x4000;	Offset = 0x1C

PciBus: Discovered PCI @ [00|1F|00]  [VID = 0x8086, DID = 0x2918]

PciBus: Discovered PCI @ [00|1F|02]  [VID = 0x8086, DID = 0x2922]
   BAR[4]: Type =   Io32; Alignment = 0x1F;	Length = 0x20;	Offset = 0x20
   BAR[5]: Type =  Mem32; Alignment = 0xFFF;	Length = 0x1000;	Offset = 0x24

PciBus: Discovered PCI @ [00|1F|03]  [VID = 0x8086, DID = 0x2930]
   BAR[4]: Type =   Io32; Alignment = 0x3F;	Length = 0x40;	Offset = 0x20

PciHostBridge: SubmitResources for PciRoot(0x0)
 I/O: Granularity/SpecificFlag = 0 / 01
      Length/Alignment = 0x1000 / 0xFFF
 Mem: Granularity/SpecificFlag = 32 / 00
      Length/Alignment = 0x1100000 / 0xFFFFFF
PciBus: HostBridge->SubmitResources() - Success
PciHostBridge: NotifyPhase (AllocateResources)
 RootBridge: PciRoot(0x0)
  Mem: Base/Length/Alignment = F0000000/1100000/FFFFFF - Success
  I/O: Base/Length/Alignment = 6000/1000/FFF - Success
PciBus: HostBridge->NotifyPhase(AllocateResources) - Success
Process Option ROM: BAR Base/Length = 0/0
PciBus: Resource Map for Root Bridge PciRoot(0x0)
Type =   Io16; Base = 0x6000;	Length = 0x1000;	Alignment = 0xFFF
   Base = 0x6000;	Length = 0x40;	Alignment = 0x3F;	Owner = PCI [00|1F|03:20]
   Base = 0x6040;	Length = 0x20;	Alignment = 0x1F;	Owner = PCI [00|1F|02:20]
   Base = 0x6060;	Length = 0x20;	Alignment = 0x1F;	Owner = PCI [00|02|00:18]
Type =  Mem32; Base = 0xF0000000;	Length = 0x1100000;	Alignment = 0xFFFFFF
   Base = 0xF0000000;	Length = 0x1000000;	Alignment = 0xFFFFFF;	Owner = PCI [00|01|00:10]; Type = PMem32
   Base = 0xF1000000;	Length = 0x20000;	Alignment = 0x1FFFF;	Owner = PCI [00|02|00:14]
   Base = 0xF1020000;	Length = 0x20000;	Alignment = 0x1FFFF;	Owner = PCI [00|02|00:10]
   Base = 0xF1040000;	Length = 0x4000;	Alignment = 0x3FFF;	Owner = PCI [00|02|00:1C]
   Base = 0xF1044000;	Length = 0x1000;	Alignment = 0xFFF;	Owner = PCI [00|1F|02:24]
   Base = 0xF1045000;	Length = 0x1000;	Alignment = 0xFFF;	Owner = PCI [00|01|00:18]

InstallProtocolInterface: 09576E91-6D3F-11D2-8E39-00A0C969723B 3E622A98
InstallProtocolInterface: 4CF5B200-68B8-4CA5-9EEC-B23E3F50029A 3E6226A8
InstallProtocolInterface: 09576E91-6D3F-11D2-8E39-00A0C969723B 3E622B98
InstallProtocolInterface: 4CF5B200-68B8-4CA5-9EEC-B23E3F50029A 3E601028
InstallProtocolInterface: 09576E91-6D3F-11D2-8E39-00A0C969723B 3E622C98
InstallProtocolInterface: 4CF5B200-68B8-4CA5-9EEC-B23E3F50029A 3E601428
InstallProtocolInterface: 09576E91-6D3F-11D2-8E39-00A0C969723B 3E622B18
InstallProtocolInterface: 4CF5B200-68B8-4CA5-9EEC-B23E3F50029A 3E601828
InstallProtocolInterface: 09576E91-6D3F-11D2-8E39-00A0C969723B 3E622C18
InstallProtocolInterface: 4CF5B200-68B8-4CA5-9EEC-B23E3F50029A 3E600028
InstallProtocolInterface: 09576E91-6D3F-11D2-8E39-00A0C969723B 3E601E98
InstallProtocolInterface: 4CF5B200-68B8-4CA5-9EEC-B23E3F50029A 3E600428
InstallProtocolInterface: 30CFE3E7-3DE1-4586-BE20-DEABA1B3B793 0
OnRootBridgesConnected: root bridges have been connected, installing ACPI tables
Select Item: 0x19
Select Item: 0x2C
Select Item: 0x19
Select Item: 0x2B
Select Item: 0x19
Select Item: 0x22
Select Item: 0x19
Select Item: 0x23
InstallProtocolInterface: 928939B2-4235-462F-9580-F6A2B2C21A4F 0
InstallQemuFwCfgTables: installed 7 tables
PcRtc: Write 0x20 to CMOS location 0x32
[Variable]END_OF_DXE is signaled
Initialize variable error flag (FF)
AcpiS3ContextSave!
AcpiS3ContextSave TotalPageTableSize - 0xA pages
AcpiS3Context: AcpiFacsTable is 0x3F7DD000
AcpiS3Context: IdtrProfile is 0x3F767000
AcpiS3Context: S3NvsPageTableAddress is 0x3F75C000
AcpiS3Context: S3DebugBufferAddress is 0x3F753000
AcpiS3Context: BootScriptStackBase is 0x3F754000
AcpiS3Context: BootScriptStackSize is 0x    8000
Found PCI display device
QemuVideo: QEMU Standard VGA detected
QemuVideo: Using mmio bar @ 0xF1045000
InstallProtocolInterface: 09576E91-6D3F-11D2-8E39-00A0C969723B 3DE50098
QemuVideoBochsModeSetup: AvailableFbSize=0x1000000
QemuVideoBochsEdid: blob found (extensions: 1)
QemuVideoBochsEdid: default resolution: 1280x800
Adding Bochs Internal Mode 0: 1280x800, 32-bit
Adding Bochs Internal Mode 1: 640x480, 32-bit
Adding Bochs Internal Mode 2: 800x480, 32-bit
Adding Bochs Internal Mode 3: 800x600, 32-bit
Adding Bochs Internal Mode 4: 832x624, 32-bit
Adding Bochs Internal Mode 5: 960x640, 32-bit
Adding Bochs Internal Mode 6: 1024x600, 32-bit
Adding Bochs Internal Mode 7: 1024x768, 32-bit
Adding Bochs Internal Mode 8: 1152x864, 32-bit
Adding Bochs Internal Mode 9: 1152x870, 32-bit
Adding Bochs Internal Mode 10: 1280x720, 32-bit
Adding Bochs Internal Mode 11: 1280x760, 32-bit
Adding Bochs Internal Mode 12: 1280x768, 32-bit
Adding Bochs Internal Mode 13: 1280x960, 32-bit
Adding Bochs Internal Mode 14: 1280x1024, 32-bit
Adding Bochs Internal Mode 15: 1360x768, 32-bit
Adding Bochs Internal Mode 16: 1366x768, 32-bit
Adding Bochs Internal Mode 17: 1400x1050, 32-bit
Adding Bochs Internal Mode 18: 1440x900, 32-bit
Adding Bochs Internal Mode 19: 1600x900, 32-bit
Adding Bochs Internal Mode 20: 1600x1200, 32-bit
Adding Bochs Internal Mode 21: 1680x1050, 32-bit
Adding Bochs Internal Mode 22: 1920x1080, 32-bit
Adding Bochs Internal Mode 23: 1920x1200, 32-bit
Adding Bochs Internal Mode 24: 1920x1440, 32-bit
Adding Bochs Internal Mode 25: 2000x2000, 32-bit
Adding Bochs Internal Mode 26: 2048x1536, 32-bit
Adding Bochs Internal Mode 27: 2048x2048, 32-bit
Adding Bochs Internal Mode 28: 2560x1440, 32-bit
Adding Bochs Internal Mode 29: 2560x1600, 32-bit
Skipping Bochs Mode 2560x2048, 32-bit (not enough vram)
Skipping Bochs Mode 2800x2100, 32-bit (not enough vram)
Skipping Bochs Mode 3200x2400, 32-bit (not enough vram)
Skipping Bochs Mode 3840x2160, 32-bit (not enough vram)
Skipping Bochs Mode 4096x2160, 32-bit (not enough vram)
Skipping Bochs Mode 7680x4320, 32-bit (not enough vram)
Skipping Bochs Mode 8192x4320, 32-bit (not enough vram)
InitializeBochsGraphicsMode: 1280x800 @ 32
PixelBlueGreenRedReserved8BitPerColor
FrameBufferBase: 0xF0000000, FrameBufferSize: 0x3E8000
0: shl:0 shr:0 mask:FF0000
1: shl:0 shr:0 mask:FF00
2: shl:0 shr:0 mask:FF
Bytes per pixel: 4
0: shl:0 shr:0 mask:FF0000
1: shl:0 shr:0 mask:FF00
2: shl:0 shr:0 mask:FF
Bytes per pixel: 4
InstallProtocolInterface: 9042A9DE-23DC-4A38-96FB-7ADED080516A 3DE50BB8
InstallVbeShim: VBE shim installed
PixelBlueGreenRedReserved8BitPerColor
PixelBlueGreenRedReserved8BitPerColor
PixelBlueGreenRedReserved8BitPerColor
PixelBlueGreenRedReserved8BitPerColor
PixelBlueGreenRedReserved8BitPerColor
PixelBlueGreenRedReserved8BitPerColor
PixelBlueGreenRedReserved8BitPerColor
PixelBlueGreenRedReserved8BitPerColor
PixelBlueGreenRedReserved8BitPerColor
PixelBlueGreenRedReserved8BitPerColor
PixelBlueGreenRedReserved8BitPerColor
PixelBlueGreenRedReserved8BitPerColor
PixelBlueGreenRedReserved8BitPerColor
PixelBlueGreenRedReserved8BitPerColor
PixelBlueGreenRedReserved8BitPerColor
PixelBlueGreenRedReserved8BitPerColor
PixelBlueGreenRedReserved8BitPerColor
PixelBlueGreenRedReserved8BitPerColor
PixelBlueGreenRedReserved8BitPerColor
PixelBlueGreenRedReserved8BitPerColor
PixelBlueGreenRedReserved8BitPerColor
PixelBlueGreenRedReserved8BitPerColor
PixelBlueGreenRedReserved8BitPerColor
PixelBlueGreenRedReserved8BitPerColor
PixelBlueGreenRedReserved8BitPerColor
PixelBlueGreenRedReserved8BitPerColor
PixelBlueGreenRedReserved8BitPerColor
PixelBlueGreenRedReserved8BitPerColor
PixelBlueGreenRedReserved8BitPerColor
PixelBlueGreenRedReserved8BitPerColor
Found LPC Bridge device
BdsPlatform.c+709: COM1 DevPath: PciRoot(0x0)/Pci(0x1F,0x0)/Serial(0x0)/Uart(115200,8,N,1)/VenMsg(AD15A0D6-8BEC-4ACF-A073-D01DE77E2D88)
BdsPlatform.c+747: COM2 DevPath: PciRoot(0x0)/Pci(0x1F,0x0)/Serial(0x1)/Uart(115200,8,N,1)/VenMsg(AD15A0D6-8BEC-4ACF-A073-D01DE77E2D88)
InstallProtocolInterface: 60FF8964-E906-41D0-AFED-F241E974E08E 0
InstallProtocolInterface: FA20568B-548B-4B2B-81EF-1BA08D4A3CEC 0
Found PCI display device
Found LPC Bridge device
BdsPlatform.c+709: COM1 DevPath: PciRoot(0x0)/Pci(0x1F,0x0)/Serial(0x0)/Uart(115200,8,N,1)/VenMsg(AD15A0D6-8BEC-4ACF-A073-D01DE77E2D88)
BdsPlatform.c+747: COM2 DevPath: PciRoot(0x0)/Pci(0x1F,0x0)/Serial(0x1)/Uart(115200,8,N,1)/VenMsg(AD15A0D6-8BEC-4ACF-A073-D01DE77E2D88)
Select Item: 0xE
[Bds]RegisterKeyNotify: 000C/0000 80000000/00 Success
[Bds]RegisterKeyNotify: 0017/0000 80000000/00 Success
[Bds]RegisterKeyNotify: 0000/000D 80000000/00 Success
PixelBlueGreenRedReserved8BitPerColor
GraphicsConsole video resolution 1280 x 800
Graphics - Mode 0, Column = 80, Row = 25
Graphics - Mode 1, Column = 0, Row = 0
Graphics - Mode 2, Column = 100, Row = 31
Graphics - Mode 3, Column = 128, Row = 40
Graphics - Mode 4, Column = 160, Row = 42
Graphics Console Started, Mode: 4
InstallProtocolInterface: 387477C2-69C7-11D2-8E39-00A0C969723B 3EE00530
InstallProtocolInterface: D3B36F2C-D551-11D4-9A46-0090273FC14D 0
PixelBlueGreenRedReserved8BitPerColor
PixelBlueGreenRedReserved8BitPerColor
PixelBlueGreenRedReserved8BitPerColor
PixelBlueGreenRedReserved8BitPerColor
PixelBlueGreenRedReserved8BitPerColor
PixelBlueGreenRedReserved8BitPerColor
PixelBlueGreenRedReserved8BitPerColor
PixelBlueGreenRedReserved8BitPerColor
PixelBlueGreenRedReserved8BitPerColor
PixelBlueGreenRedReserved8BitPerColor
PixelBlueGreenRedReserved8BitPerColor
PixelBlueGreenRedReserved8BitPerColor
PixelBlueGreenRedReserved8BitPerColor
PixelBlueGreenRedReserved8BitPerColor
PixelBlueGreenRedReserved8BitPerColor
PixelBlueGreenRedReserved8BitPerColor
PixelBlueGreenRedReserved8BitPerColor
PixelBlueGreenRedReserved8BitPerColor
PixelBlueGreenRedReserved8BitPerColor
PixelBlueGreenRedReserved8BitPerColor
PixelBlueGreenRedReserved8BitPerColor
PixelBlueGreenRedReserved8BitPerColor
PixelBlueGreenRedReserved8BitPerColor
PixelBlueGreenRedReserved8BitPerColor
PixelBlueGreenRedReserved8BitPerColor
PixelBlueGreenRedReserved8BitPerColor
PixelBlueGreenRedReserved8BitPerColor
PixelBlueGreenRedReserved8BitPerColor
PixelBlueGreenRedReserved8BitPerColor
PixelBlueGreenRedReserved8BitPerColor
InstallProtocolInterface: 9042A9DE-23DC-4A38-96FB-7ADED080516A 3E6F2F20
InstallProtocolInterface: 864E1CA8-85EB-4D63-9DCC-6E0FC90FFD55 3DBB1698
InstallProtocolInterface: 09576E91-6D3F-11D2-8E39-00A0C969723B 3DE4DD98
InstallProtocolInterface: 215FDD18-BD50-4FEB-890B-58CA0B4739E9 3DE4DD38
InstallProtocolInterface: 09576E91-6D3F-11D2-8E39-00A0C969723B 3DBB1218
InstallProtocolInterface: 215FDD18-BD50-4FEB-890B-58CA0B4739E9 3DBB11B8
InstallProtocolInterface: 09576E91-6D3F-11D2-8E39-00A0C969723B 3DE4DC18
InstallProtocolInterface: 215FDD18-BD50-4FEB-890B-58CA0B4739E9 3DE4DB38
ClockRate = 1843200
Divisor   = 1
BaudRate/Actual (115200/115200) = 100%
ClockRate = 1843200
Divisor   = 1
BaudRate/Actual (115200/115200) = 100%
InstallProtocolInterface: 09576E91-6D3F-11D2-8E39-00A0C969723B 3DE4E498
InstallProtocolInterface: BB25CF6F-F1D4-11D2-9A0C-0090273FC1FD 3DE4E328
PciSioSerial: Create SIO child serial device - Success
ClockRate = 1843200
Divisor   = 1
BaudRate/Actual (115200/115200) = 100%
Terminal - Mode 0, Column = 80, Row = 25
Terminal - Mode 1, Column = 80, Row = 50
Terminal - Mode 2, Column = 100, Row = 31
ClockRate = 1843200
Divisor   = 1
BaudRate/Actual (115200/115200) = 100%
InstallProtocolInterface: 387477C1-69C7-11D2-8E39-00A0C969723B 3DBAF040
InstallProtocolInterface: DD9E7534-7762-4698-8C14-F58517A625AA 3DBAF128
InstallProtocolInterface: 387477C2-69C7-11D2-8E39-00A0C969723B 3DBAF058
InstallProtocolInterface: 09576E91-6D3F-11D2-8E39-00A0C969723B 3DBAFF98
InstallProtocolInterface: D3B36F2B-D551-11D4-9A46-0090273FC14D 0
InstallProtocolInterface: D3B36F2C-D551-11D4-9A46-0090273FC14D 0
InstallProtocolInterface: D3B36F2D-D551-11D4-9A46-0090273FC14D 0
ClockRate = 1843200
Divisor   = 1
BaudRate/Actual (115200/115200) = 100%
PciSioSerial: Create SIO child serial device - Device Error
InstallProtocolInterface: 387477C1-69C7-11D2-8E39-00A0C969723B 3DB39028
InstallProtocolInterface: DD9E7534-7762-4698-8C14-F58517A625AA 3DB39040
InstallProtocolInterface: D3B36F2B-D551-11D4-9A46-0090273FC14D 0
ClockRate = 1843200
Divisor   = 1
BaudRate/Actual (115200/115200) = 100%
PciSioSerial: Create SIO child serial device - Device Error
ClockRate = 1843200
Divisor   = 1
BaudRate/Actual (115200/115200) = 100%
PciSioSerial: Create SIO child serial device - Device Error
PlatformBootManagerAfterConsole
PlatformBdsPolicyBehavior: not restoring NvVars from disk since flash variables appear to be supported.
Boot Mode:0
Select Item: 0x19
PlatformBdsConnectSequence
Select Item: 0x19
EfiBootManagerConnectAll
ClockRate = 1843200
Divisor   = 1
BaudRate/Actual (115200/115200) = 100%
PciSioSerial: Create SIO child serial device - Device Error
SataControllerStart START
InstallProtocolInterface: A1E37052-80D9-4E65-A317-3E9A55C43EC9 3DB37DA0
SataControllerStart END status = Success
==AtaAtapiPassThru Start== Controller = 3DE53218
port [2] port multitplier [0] has a [cdrom]
CalculateBestPioMode: AdvancedPioMode = 3
IdeInitCalculateMode: PioMode = 3
CalculateBestUdmaMode: DeviceUDmaMode = 203F
IdeInitCalculateMode: UdmaMode = 5
InstallProtocolInterface: 1D3DE7F0-0807-424F-AA69-11A54E19A46F 3DB38340
InstallProtocolInterface: 143B7632-B81B-4CB7-ABD3-B625A5B9BFFE 3DB38390
InstallProtocolInterface: 19DF145A-B1D4-453F-8507-38816676D7F6 3DB33E18
InstallProtocolInterface: 0167CCC4-D0F7-4F21-A3EF-9E64B7CDCE8B 3DB33B20
InstallProtocolInterface: 09576E91-6D3F-11D2-8E39-00A0C969723B 3DB33898
InstallProtocolInterface: 932F47E6-2362-4002-803E-3CD54B138F85 3DB333A8
AHCI: Error interrupt reported PxIS: 40000001
Non data transfer failed at retry 0
Failed to execute command for non data transfer:
ATA COMMAND BLOCK:
AtaCommand: 160
AtaFeatures: 0
AtaSectorNumber: 0
AtaCylinderLow: FF
AtaCylinderHigh: FF
AtaDeviceHead: 0
AtaSectorNumberExp: 0
AtaCylinderLowExp: 0
AtaCylinderHighExp: 0
AtaFeaturesExp: 0
AtaSectorCount: 0
AtaSectorCountExp: 0
ATA STATUS BLOCK:
AtaStatus: 65
AtaError: 32
InstallProtocolInterface: 964E5B21-6459-11D2-8E39-00A0C969723B 3DB322B8
InstallProtocolInterface: A77B2472-E282-4E9F-A245-C2C0E27BBCC1 3DB322E8
InstallProtocolInterface: D432A67F-14DC-484B-B3BB-3F0291849327 3DB323E0
InstallProtocolInterface: CE345171-BA0B-11D2-8E4F-00A0C969723B 3DB32820
InstallProtocolInterface: 151C8EAE-7F2C-472C-9E54-9828194F6A88 3DB32838
 BlockSize : 2048 
 LastBlock : 0 
AHCI: Error interrupt reported PxIS: 40000001
Non data transfer failed at retry 0
Failed to execute command for non data transfer:
ATA COMMAND BLOCK:
AtaCommand: 160
AtaFeatures: 0
AtaSectorNumber: 0
AtaCylinderLow: FF
AtaCylinderHigh: FF
AtaDeviceHead: 0
AtaSectorNumberExp: 0
AtaCylinderLowExp: 0
AtaCylinderHighExp: 0
AtaFeaturesExp: 0
AtaSectorCount: 0
AtaSectorCountExp: 0
ATA STATUS BLOCK:
AtaStatus: 65
AtaError: 32
AHCI: Error interrupt reported PxIS: 40000001
Non data transfer failed at retry 0
Failed to execute command for non data transfer:
ATA COMMAND BLOCK:
AtaCommand: 160
AtaFeatures: 0
AtaSectorNumber: 0
AtaCylinderLow: FF
AtaCylinderHigh: FF
AtaDeviceHead: 0
AtaSectorNumberExp: 0
AtaCylinderLowExp: 0
AtaCylinderHighExp: 0
AtaFeaturesExp: 0
AtaSectorCount: 0
AtaSectorCountExp: 0
ATA STATUS BLOCK:
AtaStatus: 65
AtaError: 32
FatOpenDevice: read of part_lba failed No Media
ClockRate = 1843200
Divisor   = 1
BaudRate/Actual (115200/115200) = 100%
PciSioSerial: Create SIO child serial device - Device Error
SataControllerStart START
SataControllerStart error return status = Already started
 BlockSize : 2048 
 LastBlock : 0 
AHCI: Error interrupt reported PxIS: 40000001
Non data transfer failed at retry 0
Failed to execute command for non data transfer:
ATA COMMAND BLOCK:
AtaCommand: 160
AtaFeatures: 0
AtaSectorNumber: 0
AtaCylinderLow: FF
AtaCylinderHigh: FF
AtaDeviceHead: 0
AtaSectorNumberExp: 0
AtaCylinderLowExp: 0
AtaCylinderHighExp: 0
AtaFeaturesExp: 0
AtaSectorCount: 0
AtaSectorCountExp: 0
ATA STATUS BLOCK:
AtaStatus: 65
AtaError: 32
AHCI: Error interrupt reported PxIS: 40000001
Non data transfer failed at retry 0
Failed to execute command for non data transfer:
ATA COMMAND BLOCK:
AtaCommand: 160
AtaFeatures: 0
AtaSectorNumber: 0
AtaCylinderLow: FF
AtaCylinderHigh: FF
AtaDeviceHead: 0
AtaSectorNumberExp: 0
AtaCylinderLowExp: 0
AtaCylinderHighExp: 0
AtaFeaturesExp: 0
AtaSectorCount: 0
AtaSectorCountExp: 0
ATA STATUS BLOCK:
AtaStatus: 65
AtaError: 32
FatOpenDevice: read of part_lba failed No Media
ClockRate = 1843200
Divisor   = 1
BaudRate/Actual (115200/115200) = 100%
PciSioSerial: Create SIO child serial device - Device Error
Select Item: 0x19
[Bds]OsIndication: 0000000000000000
[Bds]=============Begin Load Options Dumping ...=============
  Driver Options:
  SysPrep Options:
  Boot Options:
    Boot0000: UiApp 		 0x0109
    Boot0001: EFI Internal Shell 		 0x0001
  PlatformRecovery Options:
    PlatformRecovery0000: Default PlatformRecovery 		 0x0001
[Bds]=============End Load Options Dumping=============
[Bds]BdsWait ...Zzzzzzzzzzzz...
[Bds]Exit the waiting!
[Bds]Stop Hotkey Service!
[Bds]UnregisterKeyNotify: 000C/0000 Success
[Bds]UnregisterKeyNotify: 0017/0000 Success
[Bds]UnregisterKeyNotify: 0000/000D Success
Memory  Previous  Current    Next   
 Type    Pages     Pages     Pages  
======  ========  ========  ========
  0A    00000080  00000022  00000080
  09    00000012  0000000B  00000012
  00    00000080  00000037  00000080
  05    00000100  000000B1  00000100
  06    00000100  000000EA  00000100
[Bds]Booting EFI Internal Shell
[Bds] Expand Fv(7CB8BDC9-F8EB-4F34-AAEA-3EE4AF6516A1)/FvFile(7C04A583-9E3E-4F1C-AD65-E05268D0B4D1) -> Fv(7CB8BDC9-F8EB-4F34-AAEA-3EE4AF6516A1)/FvFile(7C04A583-9E3E-4F1C-AD65-E05268D0B4D1)
InstallProtocolInterface: 5B1B31A1-9562-11D2-8E3F-00A0C969723B 3DE503C0
Loading driver at 0x0003D743000 EntryPoint=0x0003D762B44 Shell.efi
InstallProtocolInterface: BC62157E-3E33-4FEC-9920-2D3B36D750DF 3DE4ED18
ProtectUefiImageCommon - 0x3DE503C0
  - 0x000000003D743000 - 0x00000000000E6680
InstallProtocolInterface: 387477C2-69C7-11D2-8E39-00A0C969723B 3DB251A0
InstallProtocolInterface: 752F3136-4E16-4FDC-A22A-E5F46812F4CA 3DB29F18
InstallProtocolInterface: 6302D008-7F9B-4F30-87AC-60C9FEF5DA4E 3D7C01E0
DXE ResetSystem2: ResetType Shutdown, Call Depth = 1.
