

coreboot-4.9-1475-g2b8789bb3b Tue Apr 30 20:36:33 UTC 2019 bootblock starting (log level: 7)...
CBFS: 'Master Header Locator' located CBFS at [200:800000)
CBFS: Locating 'fallback/romstage'
CBFS: Found @ offset 80 size 2f6c


coreboot-4.9-1475-g2b8789bb3b Tue Apr 30 20:36:33 UTC 2019 romstage starting (log level: 7)...
QEMU: firmware config interface detected
CBMEM:
IMD: root @ 7e7ff000 254 entries.
IMD: root @ 7e7fec00 62 entries.
CBFS: 'Master Header Locator' located CBFS at [200:800000)
CBFS: Locating 'fallback/postcar'
CBFS: Found @ offset e140 size 38f4
Decompressing stage fallback/postcar @ 0x7e7d2fc0 (31224 bytes)
Loading module at 7e7d3000 with entry 7e7d3000. filesize: 0x3710 memsize: 0x79b8
Processing 98 relocs. Offset value of 0x7c7d3000


coreboot-4.9-1475-g2b8789bb3b Tue Apr 30 20:36:33 UTC 2019 postcar starting (log level: 7)...
QEMU: firmware config interface detected
CBFS: 'Master Header Locator' located CBFS at [200:800000)
CBFS: Locating 'fallback/ramstage'
CBFS: Found @ offset 3080 size a9fe
Decompressing stage fallback/ramstage @ 0x7e7b1fc0 (128760 bytes)
Loading module at 7e7b2000 with entry 7e7b2000. filesize: 0x14c10 memsize: 0x1f6b8
Processing 1273 relocs. Offset value of 0x7d9b2000


coreboot-4.9-1475-g2b8789bb3b Tue Apr 30 20:36:33 UTC 2019 ramstage starting (log level: 7)...
QEMU: firmware config interface detected
Enumerating buses...
CPU_CLUSTER: 0 enabled
DOMAIN: 0000 enabled
QEMU: max_cpus is 1
CPU: APIC: 00 enabled
scan_bus: scanning of bus CPU_CLUSTER: 0 took 0 usecs
PCI: pci_scan_bus for bus 00
PCI: 00:00.0 [8086/1237] enabled
PCI: 00:01.0 [8086/7000] enabled
PCI: 00:01.1 [8086/7010] enabled
PCI: 00:01.3 [8086/7113] enabled
PCI: 00:02.0 [1234/1111] enabled
PCI: 00:03.0 [8086/100e] enabled
scan_bus: scanning of bus PCI: 00:01.0 took 0 usecs
scan_bus: scanning of bus PCI: 00:01.3 took 0 usecs
scan_bus: scanning of bus DOMAIN: 0000 took 0 usecs
scan_bus: scanning of bus Root Device took 0 usecs
done
found VGA at PCI: 00:02.0
Setting up VGA for PCI: 00:02.0
Setting PCI_BRIDGE_CTL_VGA for bridge DOMAIN: 0000
Setting PCI_BRIDGE_CTL_VGA for bridge Root Device
Allocating resources...
Reading resources...
QEMU: e820/res: 0xfeffc000 +0x00004000
QEMU: e820/ram: 0x00000000 +0x7e800000
QEMU: reserve ioports 0x0510-0x0511 [firmware-config]
QEMU: reserve ioports 0x5658-0x5658 [vmware-port]
QEMU: reserve ioports 0xae00-0xae0f [pci-hotplug]
QEMU: reserve ioports 0xaf00-0xaf1f [cpu-hotplug]
QEMU: reserve ioports 0xafe0-0xafe3 [piix4-gpe0]
Done reading resources.
Setting resources...
PCI: 00:01.1 20 <- [0x0000005840 - 0x000000584f] size 0x00000010 gran 0x04 io
PCI: 00:02.0 10 <- [0x00fd000000 - 0x00fdffffff] size 0x01000000 gran 0x18 prefmem
PCI: 00:02.0 18 <- [0x00fe070000 - 0x00fe070fff] size 0x00001000 gran 0x0c mem
PCI: 00:02.0 30 <- [0x00fe060000 - 0x00fe06ffff] size 0x00010000 gran 0x10 romem
PCI: 00:03.0 10 <- [0x00fe040000 - 0x00fe05ffff] size 0x00020000 gran 0x11 mem
PCI: 00:03.0 14 <- [0x0000005800 - 0x000000583f] size 0x00000040 gran 0x06 io
PCI: 00:03.0 30 <- [0x00fe000000 - 0x00fe03ffff] size 0x00040000 gran 0x12 romem
Done setting resources.
Done allocating resources.
Enabling resources...
PCI: 00:00.0 cmd <- 00
PCI: 00:01.0 cmd <- 00
PCI: 00:01.1 cmd <- 01
PCI: 00:01.3 cmd <- 00
PCI: 00:02.0 cmd <- 03
PCI: 00:03.0 cmd <- 03
done.
Initializing devices...
Root Device init ...
CPU_CLUSTER: 0 init ...
Initializing CPU #0
CPU: vendor Intel device 663
CPU: family 06, model 06, stepping 03
Setting up local APIC... apic_id: 0x00 done.
CPU #0 initialized
PCI: 00:00.0 init ...
Assigning IRQ 10 to 0:1.3
Assigning IRQ 11 to 0:3.0
PCI: 00:01.0 init ...
RTC Init
PCI: 00:01.1 init ...
IDE: Primary IDE interface: on
IDE: Secondary IDE interface: on
IDE: Access to legacy IDE ports: off
PCI: 00:02.0 init ...
QEMU VGA: bochs dispi interface found, 16 MiB video memory
QEMU VGA: framebuffer @ fd000000 (pci bar 0)
PCI: 00:03.0 init ...
Devices initialized
Finalize devices...
Devices finalized
Copying Interrupt Routing Table to 0x000f0000... done.
Copying Interrupt Routing Table to 0x7e7a8000... done.
PIRQ table: 128 bytes.
QEMU: found ACPI tables in fw_cfg.
QEMU: loading "etc/acpi/rsdp" to 0x7e784000 (len 20)
QEMU: loading "etc/acpi/tables" to 0x7e784040 (len 131072)
QEMU: loaded ACPI tables from fw_cfg.
ACPI tables: 131136 bytes.
smbios_write_tables: 7e783000
SMBIOS: Unknown CPU
DOMAIN: 0000 (QEMU Northbridge i440fx)
QEMU: found smbios tables in fw_cfg (len 321).
QEMU: coreboot type0 table found at 0x7e783020.
QEMU: loading smbios tables to 0x7e783064
SMBIOS tables: 421 bytes.
Writing table forward entry at 0x00000500
Wrote coreboot table at: 00000500, 0x10 bytes, checksum f163
Writing coreboot table at 0x7e7a9000
 0. 0000000000000000-0000000000000fff: CONFIGURATION TABLES
 1. 0000000000001000-000000000009ffff: RAM
 2. 00000000000c0000-000000007e782fff: RAM
 3. 000000007e783000-000000007e7b1fff: CONFIGURATION TABLES
 4. 000000007e7b2000-000000007e7d1fff: RAMSTAGE
 5. 000000007e7d2000-000000007e7fffff: CONFIGURATION TABLES
 6. 00000000ff800000-00000000ffffffff: RESERVED
CBFS: 'Master Header Locator' located CBFS at [200:800000)
FMAP: Found "FLASH" version 1.1 at 0.
FMAP: base = ff800000 size = 800000 #areas = 3
Wrote coreboot table at: 7e7a9000, 0x2a4 bytes, checksum f238
coreboot table: 700 bytes.
IMD ROOT    0. 7e7ff000 00001000
IMD SMALL   1. 7e7fe000 00001000
CONSOLE     2. 7e7de000 00020000
TIME STAMP  3. 7e7dd000 00000910
ROMSTG STCK 4. 7e7db000 00001400
AFTER CAR   5. 7e7d2000 00009000
RAMSTAGE    6. 7e7b1000 00021000
COREBOOT    7. 7e7a9000 00008000
IRQ TABLE   8. 7e7a8000 00001000
ACPI        9. 7e784000 00024000
SMBIOS     10. 7e783000 00000800
IMD small region:
  IMD ROOT    0. 7e7fec00 00000400
  COREBOOTFWD 1. 7e7febc0 00000028
CBFS: 'Master Header Locator' located CBFS at [200:800000)
CBFS: Locating 'fallback/payload'
CBFS: Found @ offset 12a80 size e306c
Checking segment from ROM address 0xff812cb8
Checking segment from ROM address 0xff812cd4
Loading segment from ROM address 0xff812cb8
  code (compression=1)
  New segment dstaddr 0x00800000 memsize 0x410000 srcaddr 0xff812cf0 filesize 0xe3034
Loading Segment: addr: 0x00800000 memsz: 0x0000000000410000 filesz: 0x00000000000e3034
using LZMA
Loading segment from ROM address 0xff812cd4
  Entry Point 0x00800900
Jumping to boot code at 00800900(7e7a9000)
Register PPI Notify: DCD0BE23-9586-40F4-B643-06522CED4EDE
Install PPI: 8C8CE578-8A3D-4F1C-9935-896185C32DD3
Install PPI: 5473C07A-3DCB-4DCA-BD6F-1E9689E7349A
The 0th FV start address is 0x00000800000, size is 0x00030000, handle is 0x800000
Register PPI Notify: 49EDB1C1-BF21-4761-BB12-EB0031AABB39
Register PPI Notify: EA7CA24B-DED5-4DAD-A389-BF827E8F9B38
Install PPI: B9E0ABFE-5979-4914-977F-6DEE78C278A6
Install PPI: DBE23AA9-A345-4B97-85B6-B226F1617389
DiscoverPeimsAndOrderWithApriori(): Found 0x5 PEI FFS files in the 0th FV
Loading PEIM 9B3ADA4F-AE56-4C24-8DEA-F03B7558AE50
Loading PEIM at 0x0000080CCC0 EntryPoint=0x0000080FE80 PcdPeim.efi
Install PPI: 06E81C58-4AD7-44BC-8390-F10265F72480
Install PPI: 01F34D25-4DE2-23AD-3FF3-36353FF323F1
Install PPI: 4D8B155B-C059-4C8F-8926-06FD4331DB8A
Install PPI: A60C6B59-E459-425D-9C69-0BCC9CB27D81
Register PPI Notify: 605EA650-C65C-42E1-BA80-91A52AB618C6
Loading PEIM A3610442-E69F-4DF3-82CA-2360C4031A23
Loading PEIM at 0x00000811C40 EntryPoint=0x00000813253 ReportStatusCodeRouterPei.efi
Install PPI: 0065D394-9951-4144-82A3-0AFC8579C251
Install PPI: 229832D3-7A30-4B36-B827-F40CB7D45436
Loading PEIM 9D225237-FA01-464C-A949-BAABC02D31D0
Loading PEIM at 0x000008143C0 EntryPoint=0x00000815B26 StatusCodeHandlerPei.efi
PROGRESS CODE: V03020003 I0
Loading PEIM 352C6AF8-315B-4BD6-B04F-31D4ED1EBE57
Loading PEIM at 0x00000816BC0 EntryPoint=0x0000081AE14 BlSupportPeim.efi
PROGRESS CODE: V03020002 I0
0. 0000000000000000 - 0000000000000FFF [10]
1. 0000000000001000 - 000000000009FFFF [01]
2. 00000000000C0000 - 000000007E782FFF [01]
3. 000000007E783000 - 000000007E7FFFFF [10]
4. 00000000FF800000 - 00000000FFFFFFFF [02]
Low memory 0x7E783000
SystemLowMemTop 0x80000000
PeiMemBase: 0x7A780000.
PeiMemSize: 0x4000000.
PeiInstallPeiMemory MemoryBegin 0x7A780000, MemoryLength 0x4000000
Found one valid fv : 0x3E000000830000.
Install PPI: 49EDB1C1-BF21-4761-BB12-EB0031AABB39
Notify: PPI Guid: 49EDB1C1-BF21-4761-BB12-EB0031AABB39, Peim notify entry point: 805FF2
The 1th FV start address is 0x00000830000, size is 0x003E0000, handle is 0x830000
Install PPI: 7408D748-FC8C-4EE6-9288-C4BEC092A410
Found coreboot video frame buffer information
physical_address: 0xFD000000
x_resolution: 0x320
y_resolution: 0x258
bits_per_pixel: 0x20
bytes_per_line: 0xC80
red_mask_size: 0x8
red_mask_pos: 0x10
green_mask_size: 0x8
green_mask_pos: 0x8
blue_mask_size: 0x8
blue_mask_pos: 0x0
reserved_mask_size: 0x8
reserved_mask_pos: 0x18
Created graphics info hob
Find CbMemTable Id 0x534D4254, base 7E783000, size 0x800
Find CbMemTable Id 0x41435049, base 7E784000, size 0x24000
Detected Acpi Table at 0x7E784000, length 0x24000
Detected Smbios Table at 0x7E783000, length 0x800
Rsdp at 0x7E784000
Rsdt at 0x7E7855AF, Xsdt at 0x0
Found Fadt in Rsdt
PmCtrl  Reg 0xE404
PmTimer Reg 0xE408
Reset   Reg 0x4F42ED0100000078
Reset   Value 0x43
PmEvt   Reg 0xE400
PmGpeEn Reg 0xAFE2
PcieBaseAddr 0x0
Create acpi board info guid hob
PROGRESS CODE: V03020003 I0
Temp Stack : BaseAddress=0x88000 Length=0x8000
Temp Heap  : BaseAddress=0x80000 Length=0x8000
Total temporary memory:    65536 bytes.
  temporary memory stack ever used:       32768 bytes.
  temporary memory heap used for HobList: 2856 bytes.
  temporary memory heap occupied by memory pages: 0 bytes.
Memory Allocation 0x00000004 0x800000 - 0xC0FFFF
Memory Allocation 0x0000000B 0xFEC80000 - 0xFECFFFFF
Old Stack size 32768, New stack size 131072
Stack Hob: BaseAddress=0x7A780000 Length=0x20000
Heap Offset = 0x7A720000 Stack Offset = 0x7A710000
Loading PEIM 52C05B14-0B98-496C-BC3B-04B50211D680
Loading PEIM at 0x0007E773000 EntryPoint=0x0007E77BA28 PeiCore.efi
Reinstall PPI: 8C8CE578-8A3D-4F1C-9935-896185C32DD3
Reinstall PPI: 5473C07A-3DCB-4DCA-BD6F-1E9689E7349A
Reinstall PPI: B9E0ABFE-5979-4914-977F-6DEE78C278A6
Install PPI: F894643D-C449-42D1-8EA8-85BDD8C65BDE
Loading PEIM 86D70125-BAA3-4296-A62F-602BEBBB9081
Loading PEIM at 0x0007E76D000 EntryPoint=0x0007E770EFA DxeIpl.efi
PROGRESS CODE: V03020002 I0
PROGRESS CODE: V03020003 I0
Install PPI: 1A36E4E7-FAB6-476A-8E75-695A0576FDD7
Install PPI: 0AE8CE5D-E448-4437-A8D7-EBF5F194F731
DiscoverPeimsAndOrderWithApriori(): Found 0x0 PEI FFS files in the 1th FV
DXE IPL Entry
Loading PEIM D6A2CB7F-6A18-4E2F-B43B-9920A733700A
Loading PEIM at 0x0007E744000 EntryPoint=0x0007E75B2BC DxeCore.efi
PROGRESS CODE: V03021001 I0
Loading DXE CORE at 0x0007E744000 EntryPoint=0x0007E75B2BC
Install PPI: 605EA650-C65C-42E1-BA80-91A52AB618C6
Notify: PPI Guid: 605EA650-C65C-42E1-BA80-91A52AB618C6, Peim notify entry point: 80EF9F
HandOffToDxeCore() Stack Base: 0x7E724000, Stack Size: 0x20000
CoreInitializeMemoryServices:
  BaseAddress - 0x7A7A1000 Length - 0x385E000 MinimalMemorySizeNeeded - 0x160000
InstallProtocolInterface: 5B1B31A1-9562-11D2-8E3F-00A0C969723B 7E76A108
ProtectUefiImageCommon - 0x7E76A108
  - 0x000000007E744000 - 0x0000000000029000
HOBLIST address in DXE = 0x7DEAB018
Memory Allocation 0x00000004 0x800000 - 0xC0FFFF
Memory Allocation 0x0000000B 0xFEC80000 - 0xFECFFFFF
Memory Allocation 0x00000004 0x7E724000 - 0x7E743FFF
Memory Allocation 0x00000003 0x7E773000 - 0x7E77FFFF
Memory Allocation 0x00000003 0x7E76D000 - 0x7E772FFF
Memory Allocation 0x00000003 0x7E744000 - 0x7E76CFFF
Memory Allocation 0x00000003 0x7E744000 - 0x7E76CFFF
Memory Allocation 0x00000004 0x7E724000 - 0x7E743FFF
Memory Allocation 0x00000004 0x7E000000 - 0x7E5FFFFF
Memory Allocation 0x00000007 0x7E600000 - 0x7E723FFF
Memory Allocation 0x00000004 0x7A780000 - 0x7A79FFFF
Memory Allocation 0x00000004 0x7DFFF000 - 0x7DFFFFFF
FV Hob            0x830000 - 0xC0FFFF
InstallProtocolInterface: D8117CFE-94A6-11D4-9A3A-0090273FC14D 7E7693F0
InstallProtocolInterface: 8F644FA9-E850-4DB1-9CE2-0B44698E8DA4 7DEA7C30
InstallProtocolInterface: 09576E91-6D3F-11D2-8E39-00A0C969723B 7DEA7D18
InstallProtocolInterface: 220E73B6-6BDB-4413-8405-B974B108619A 7DEA7130
InstallProtocolInterface: EE4E5898-3914-4259-9D6E-DC7BD79403CF 7E7690B0
Loading driver 80CF7257-87AB-47F9-A3FE-D50B76D89541
InstallProtocolInterface: 5B1B31A1-9562-11D2-8E3F-00A0C969723B 7DCCD140
Loading driver at 0x0007DCA0000 EntryPoint=0x0007DCA53F8 PcdDxe.efi
InstallProtocolInterface: BC62157E-3E33-4FEC-9920-2D3B36D750DF 7DCCD418
ProtectUefiImageCommon - 0x7DCCD140
  - 0x000000007DCA0000 - 0x0000000000007980
InstallProtocolInterface: 11B34006-D85B-4D0A-A290-D5A571310EF7 7DCA7440
InstallProtocolInterface: 13A3F0F6-264A-3EF0-F2E0-DEC512342F34 7DCA73A0
InstallProtocolInterface: 5BE40F57-FA68-4610-BBBF-E9C5FCDAD365 7DCA7360
InstallProtocolInterface: FD0F4478-0EFD-461D-BA2D-E58C45FD5F5E 7DCA7340
Loading driver D93CE3D8-A7EB-4730-8C8E-CC466A9ECC3C
InstallProtocolInterface: 5B1B31A1-9562-11D2-8E3F-00A0C969723B 7DCAF340
!!!!!!!!  InsertImageRecord - Section Alignment(0x40) is not 4K  !!!!!!!!
!!!!!!!!  Image - /home/zaolin/tmp/edk2/Build/UefiPayloadPkgX64/DEBUG_GCC5/X64/MdeModulePkg/Universal/ReportStatusCodeRouter/RuntimeDxe/ReportStatusCodeRouterRuntimeDxe/DEBUG/ReportStatusCodeRouterRuntimeDxe.dll  !!!!!!!!
Loading driver at 0x0007DF2A000 EntryPoint=0x0007DF2C364 ReportStatusCodeRouterRuntimeDxe.efi
InstallProtocolInterface: BC62157E-3E33-4FEC-9920-2D3B36D750DF 7DCAF098
ProtectUefiImageCommon - 0x7DCAF340
  - 0x000000007DF2A000 - 0x0000000000003C40
InstallProtocolInterface: 86212936-0E76-41C8-A03A-2AF2FC1C39E2 7DF2D8A0
InstallProtocolInterface: D2B2B828-0826-48A7-B3DF-983C006024F0 7DF2D880
Loading driver 6C2004EF-4E0E-4BE4-B14C-340EB4AA5891
InstallProtocolInterface: 5B1B31A1-9562-11D2-8E3F-00A0C969723B 7DCAE0C0
!!!!!!!!  InsertImageRecord - Section Alignment(0x40) is not 4K  !!!!!!!!
!!!!!!!!  Image - /home/zaolin/tmp/edk2/Build/UefiPayloadPkgX64/DEBUG_GCC5/X64/MdeModulePkg/Universal/StatusCodeHandler/RuntimeDxe/StatusCodeHandlerRuntimeDxe/DEBUG/StatusCodeHandlerRuntimeDxe.dll  !!!!!!!!
Loading driver at 0x0007DF26000 EntryPoint=0x0007DF27E51 StatusCodeHandlerRuntimeDxe.efi
InstallProtocolInterface: BC62157E-3E33-4FEC-9920-2D3B36D750DF 7DCAE318
ProtectUefiImageCommon - 0x7DCAE0C0
  - 0x000000007DF26000 - 0x0000000000003400
PROGRESS CODE: V03040003 I0
Loading driver F80697E9-7FD6-4665-8646-88E33EF71DFC
InstallProtocolInterface: 5B1B31A1-9562-11D2-8E3F-00A0C969723B 7DCAB040
Loading driver at 0x0007DC90000 EntryPoint=0x0007DC94519 SecurityStubDxe.efi
InstallProtocolInterface: BC62157E-3E33-4FEC-9920-2D3B36D750DF 7DCABD18
ProtectUefiImageCommon - 0x7DCAB040
  - 0x000000007DC90000 - 0x0000000000007680
PROGRESS CODE: V03040002 I0
InstallProtocolInterface: 94AB2F58-1438-4EF1-9152-18941A3A0E68 7DC96F68
InstallProtocolInterface: A46423E3-4617-49F1-B9FF-D1BFA9115839 7DC96F60
InstallProtocolInterface: 15853D7C-3DDF-43E0-A1CB-EBF85B8F872C 7DC96F40
PROGRESS CODE: V03040003 I0
Loading driver 1A1E4886-9517-440E-9FDE-3BE44CEE2136
InstallProtocolInterface: 5B1B31A1-9562-11D2-8E3F-00A0C969723B 7DCAB540
Loading driver at 0x0007DC70000 EntryPoint=0x0007DC797F7 CpuDxe.efi
InstallProtocolInterface: BC62157E-3E33-4FEC-9920-2D3B36D750DF 7DCAB898
ProtectUefiImageCommon - 0x7DCAB540
  - 0x000000007DC70000 - 0x000000000000F7C0
PROGRESS CODE: V03040002 I0
Paging: added 512 pages to page table pool
CurrentPagingContext:
  MachineType   - 0x8664
  PageTableBase - 0x7E001000
  Attributes    - 0xC0000002
InstallProtocolInterface: 26BACCB1-6F42-11D4-BCE7-0080C73C8881 7DC7F260
MemoryProtectionCpuArchProtocolNotify:
ProtectUefiImageCommon - 0x7E76A108
  - 0x000000007E744000 - 0x0000000000029000
ProtectUefiImageCommon - 0x7DCCD140
  - 0x000000007DCA0000 - 0x0000000000007980
ProtectUefiImageCommon - 0x7DCAF340
  - 0x000000007DF2A000 - 0x0000000000003C40
ProtectUefiImageCommon - 0x7DCAE0C0
  - 0x000000007DF26000 - 0x0000000000003400
ProtectUefiImageCommon - 0x7DCAB040
  - 0x000000007DC90000 - 0x0000000000007680
ProtectUefiImageCommon - 0x7DCAB540
  - 0x000000007DC70000 - 0x000000000000F7C0
ConvertPages: failed to find range 0 - 9FFFF
ConvertPages: failed to find range A0000 - FFFFF
ConvertPages: failed to find range 7E783000 - 7E7FFFFF
ConvertPages: failed to find range FEC80000 - FECFFFFF
ConvertPages: failed to find range FF800000 - FFFFFFFF
AP Loop Mode is 1
WakeupBufferStart = 87000, WakeupBufferSize = 229
APIC MODE is 1
MpInitLib: Find 1 processors in system.
Detect CPU count: 1
Does not find any HOB stored CPU BIST information!
InstallProtocolInterface: 3FDDA605-A76E-4F46-AD29-12F4531B3D08 7DC7F200
PROGRESS CODE: V03040003 I0
Loading driver C8339973-A563-4561-B858-D8476F9DEFC4
InstallProtocolInterface: 5B1B31A1-9562-11D2-8E3F-00A0C969723B 7DC98340
Loading driver at 0x0007DC89000 EntryPoint=0x0007DC8A936 Metronome.efi
InstallProtocolInterface: BC62157E-3E33-4FEC-9920-2D3B36D750DF 7DC98198
ProtectUefiImageCommon - 0x7DC98340
  - 0x000000007DC89000 - 0x0000000000002B80
PROGRESS CODE: V03040002 I0
InstallProtocolInterface: 26BACCB2-6F42-11D4-BCE7-0080C73C8881 7DC8B890
PROGRESS CODE: V03040003 I0
Loading driver B601F8C4-43B7-4784-95B1-F4226CB40CEE
InstallProtocolInterface: 5B1B31A1-9562-11D2-8E3F-00A0C969723B 7DC8E040
!!!!!!!!  InsertImageRecord - Section Alignment(0x40) is not 4K  !!!!!!!!
!!!!!!!!  Image - /home/zaolin/tmp/edk2/Build/UefiPayloadPkgX64/DEBUG_GCC5/X64/MdeModulePkg/Core/RuntimeDxe/RuntimeDxe/DEBUG/RuntimeDxe.dll  !!!!!!!!
Loading driver at 0x0007DF22000 EntryPoint=0x0007DF240A2 RuntimeDxe.efi
InstallProtocolInterface: BC62157E-3E33-4FEC-9920-2D3B36D750DF 7DC8EF18
ProtectUefiImageCommon - 0x7DC8E040
  - 0x000000007DF22000 - 0x0000000000003AC0
PROGRESS CODE: V03040002 I0
InstallProtocolInterface: B7DFB4E1-052F-449F-87BE-9818FC91B733 7DF25760
PROGRESS CODE: V03040003 I0
Loading driver 4B28E4C7-FF36-4E10-93CF-A82159E777C5
InstallProtocolInterface: 5B1B31A1-9562-11D2-8E3F-00A0C969723B 7DC8E4C0
!!!!!!!!  InsertImageRecord - Section Alignment(0x40) is not 4K  !!!!!!!!
!!!!!!!!  Image - /home/zaolin/tmp/edk2/Build/UefiPayloadPkgX64/DEBUG_GCC5/X64/MdeModulePkg/Universal/ResetSystemRuntimeDxe/ResetSystemRuntimeDxe/DEBUG/ResetSystemRuntimeDxe.dll  !!!!!!!!
Loading driver at 0x0007DF1D000 EntryPoint=0x0007DF1F45D ResetSystemRuntimeDxe.efi
InstallProtocolInterface: BC62157E-3E33-4FEC-9920-2D3B36D750DF 7DC8E818
ProtectUefiImageCommon - 0x7DC8E4C0
  - 0x000000007DF1D000 - 0x0000000000004100
PROGRESS CODE: V03040002 I0
InstallProtocolInterface: 27CFAC88-46CC-11D4-9A38-0090273FC14D 0
InstallProtocolInterface: 9DA34AE0-EAF9-4BBF-8EC3-FD60226C44BE 7DF20D08
InstallProtocolInterface: 695D7835-8D47-4C11-AB22-FA8ACCE7AE7A 7DF20D48
InstallProtocolInterface: 2DF6BA0B-7092-440D-BD04-FB091EC3F3C1 7DF20CC8
PROGRESS CODE: V03040003 I0
Loading driver CBD2E4D5-7068-4FF5-B462-9822B4AD8D60
InstallProtocolInterface: 5B1B31A1-9562-11D2-8E3F-00A0C969723B 7DC8D240
!!!!!!!!  InsertImageRecord - Section Alignment(0x40) is not 4K  !!!!!!!!
!!!!!!!!  Image - /home/zaolin/tmp/edk2/Build/UefiPayloadPkgX64/DEBUG_GCC5/X64/MdeModulePkg/Universal/Variable/RuntimeDxe/VariableRuntimeDxe/DEBUG/VariableRuntimeDxe.dll  !!!!!!!!
Loading driver at 0x0007DF11000 EntryPoint=0x0007DF1913F VariableRuntimeDxe.efi
InstallProtocolInterface: BC62157E-3E33-4FEC-9920-2D3B36D750DF 7DC8DA18
ProtectUefiImageCommon - 0x7DC8D240
  - 0x000000007DF11000 - 0x000000000000BB80
PROGRESS CODE: V03040002 I0
Variable driver will work at emulated non-volatile variable mode!
Variable driver will work with auth variable format!
InstallProtocolInterface: CD3D0A05-9E24-437C-A891-1EE053DB7638 7DF1C680
InstallProtocolInterface: AF23B340-97B4-4685-8D4F-A3F28169B21D 7DF1C460
InstallProtocolInterface: 1E5668E2-8481-11D4-BCF1-0080C73C8881 0
NOTICE - AuthVariableLibInitialize() returns Unsupported!
Variable driver will continue to work without auth variable support!
[Variable] Lock: BB983CCF-151D-40E1-A07B-4A17BE168292:MemoryOverwriteRequestControlLock Success
[Variable] Lock: E20939BE-32D4-41BE-A150-897F85D49829:MemoryOverwriteRequestControl Success
RecordSecureBootPolicyVarData GetVariable SecureBoot Status E
InstallProtocolInterface: 6441F818-6362-4E44-B570-7DBA31DD2453 0
PROGRESS CODE: V03040003 I0
Loading driver A19B1FE7-C1BC-49F8-875F-54A5D542443F
InstallProtocolInterface: 5B1B31A1-9562-11D2-8E3F-00A0C969723B 7DC8C0C0
Loading driver at 0x0007DC83000 EntryPoint=0x0007DC84E28 CpuIo2Dxe.efi
InstallProtocolInterface: BC62157E-3E33-4FEC-9920-2D3B36D750DF 7DC8CA18
ProtectUefiImageCommon - 0x7DC8C0C0
  - 0x000000007DC83000 - 0x0000000000002EC0
PROGRESS CODE: V03040002 I0
InstallProtocolInterface: AD61F191-AE5F-4C0E-B9FA-E869D288C64F 7DC85C00
PROGRESS CODE: V03040003 I0
Loading driver 9B680FCE-AD6B-4F3A-B60B-F59899003443
InstallProtocolInterface: 5B1B31A1-9562-11D2-8E3F-00A0C969723B 7DC8C440
Loading driver at 0x0007DC56000 EntryPoint=0x0007DC5EB17 DevicePathDxe.efi
InstallProtocolInterface: BC62157E-3E33-4FEC-9920-2D3B36D750DF 7DC88F98
ProtectUefiImageCommon - 0x7DC8C440
  - 0x000000007DC56000 - 0x000000000000C400
PROGRESS CODE: V03040002 I0
InstallProtocolInterface: 0379BE4E-D706-437D-B037-EDB82FB772A4 7DC61F40
InstallProtocolInterface: 8B843E20-8132-4852-90CC-551A4E4A7F1C 7DC61F20
InstallProtocolInterface: 05C99A21-C70F-4AD2-8A5F-35DF3343F51E 7DC61F00
PROGRESS CODE: V03040003 I0
Loading driver 96B5C032-DF4C-4B6E-8232-438DCF448D0E
InstallProtocolInterface: 5B1B31A1-9562-11D2-8E3F-00A0C969723B 7DC88140
Loading driver at 0x0007DC6D000 EntryPoint=0x0007DC6E9B4 NullMemoryTestDxe.efi
InstallProtocolInterface: BC62157E-3E33-4FEC-9920-2D3B36D750DF 7DC88918
ProtectUefiImageCommon - 0x7DC88140
  - 0x000000007DC6D000 - 0x0000000000002C80
PROGRESS CODE: V03040002 I0
InstallProtocolInterface: 309DE7F1-7F5E-4ACE-B49C-531BE5AA95EF 7DC6F940
PROGRESS CODE: V03040003 I0
Loading driver 79CA4208-BBA1-4A9A-8456-E1E66A81484E
InstallProtocolInterface: 5B1B31A1-9562-11D2-8E3F-00A0C969723B 7DC87B40
Loading driver at 0x0007DC6A000 EntryPoint=0x0007DC6BB00 Legacy8259.efi
InstallProtocolInterface: BC62157E-3E33-4FEC-9920-2D3B36D750DF 7DC88418
ProtectUefiImageCommon - 0x7DC87B40
  - 0x000000007DC6A000 - 0x0000000000002A40
PROGRESS CODE: V03040002 I0
InstallProtocolInterface: 38321DBA-4FE0-4E17-8AEC-413055EAEDC1 7DC6C700
PROGRESS CODE: V03040003 I0
Loading driver 348C4D62-BFBD-4882-9ECE-C80BB1C4783B
InstallProtocolInterface: 5B1B31A1-9562-11D2-8E3F-00A0C969723B 7DC87140
Loading driver at 0x0007DC14000 EntryPoint=0x0007DC2B325 HiiDatabase.efi
InstallProtocolInterface: BC62157E-3E33-4FEC-9920-2D3B36D750DF 7DC87698
ProtectUefiImageCommon - 0x7DC87140
  - 0x000000007DC14000 - 0x00000000000203C0
PROGRESS CODE: V03040002 I0
InstallProtocolInterface: E9CA4775-8657-47FC-97E7-7ED65A084324 7DC33D28
InstallProtocolInterface: 0FD96974-23AA-4CDC-B9CB-98D17750322A 7DC33DA0
InstallProtocolInterface: EF9FC172-A1B2-4693-B327-6D32FC416042 7DC33DC8
InstallProtocolInterface: 587E72D7-CC50-4F79-8209-CA291FC1A10F 7DC33E20
InstallProtocolInterface: 0A8BADD5-03B8-4D19-B128-7B8F0EDAA596 7DC33E50
InstallProtocolInterface: 31A6406A-6BDF-4E46-B2A2-EBAA89C40920 7DC33D48
InstallProtocolInterface: 1A1241E6-8F19-41A9-BC0E-E8EF39E06546 7DC33D70
PROGRESS CODE: V03040003 I0
Loading driver C68DAA4E-7AB5-41E8-A91D-5954421053F3
InstallProtocolInterface: 5B1B31A1-9562-11D2-8E3F-00A0C969723B 7DC861C0
Loading driver at 0x0007DC80000 EntryPoint=0x0007DC819F3 BlSupportDxe.efi
InstallProtocolInterface: BC62157E-3E33-4FEC-9920-2D3B36D750DF 7DC86798
ProtectUefiImageCommon - 0x7DC861C0
  - 0x000000007DC80000 - 0x0000000000003000
PROGRESS CODE: V03040002 I0
Install Acpi Table at 0x7E784000, length 0x24000
Install Smbios Table at 0x7E783000, length 0x800
PROGRESS CODE: V03040003 I0
Loading driver F9D88642-0737-49BC-81B5-6889CD57D9EA
InstallProtocolInterface: 5B1B31A1-9562-11D2-8E3F-00A0C969723B 7DC69CC0
Loading driver at 0x0007DC51000 EntryPoint=0x0007DC53FBD SmbiosDxe.efi
InstallProtocolInterface: BC62157E-3E33-4FEC-9920-2D3B36D750DF 7DC69198
ProtectUefiImageCommon - 0x7DC69CC0
  - 0x000000007DC51000 - 0x0000000000004AC0
PROGRESS CODE: V03040002 I0
InstallProtocolInterface: 03583FF6-CB36-4940-947E-B9B39F4AFAF7 7DC55910
PROGRESS CODE: V03040003 I0
Loading driver D3987D4B-971A-435F-8CAF-4967EB627241
InstallProtocolInterface: 5B1B31A1-9562-11D2-8E3F-00A0C969723B 7DC69640
Loading driver at 0x0007DC63000 EntryPoint=0x0007DC65079 SerialDxe.efi
InstallProtocolInterface: BC62157E-3E33-4FEC-9920-2D3B36D750DF 7DC69998
ProtectUefiImageCommon - 0x7DC69640
  - 0x000000007DC63000 - 0x0000000000002F40
PROGRESS CODE: V03040002 I0
InstallProtocolInterface: BB25CF6F-F1D4-11D2-9A0C-0090273FC1FD 7DC65B80
InstallProtocolInterface: 09576E91-6D3F-11D2-8E39-00A0C969723B 7DC65C00
PROGRESS CODE: V03040003 I0
Loading driver 6D33944A-EC75-4855-A54D-809C75241F6C
InstallProtocolInterface: 5B1B31A1-9562-11D2-8E3F-00A0C969723B 7DC681C0
Loading driver at 0x0007DBE9000 EntryPoint=0x0007DBED2D5 BdsDxe.efi
InstallProtocolInterface: BC62157E-3E33-4FEC-9920-2D3B36D750DF 7DC68B98
ProtectUefiImageCommon - 0x7DC681C0
  - 0x000000007DBE9000 - 0x0000000000016E40
PROGRESS CODE: V03040002 I0
InstallProtocolInterface: 665E3FF6-46CC-11D4-9A38-0090273FC14D 7DBFF1C0
PROGRESS CODE: V03040003 I0
Loading driver 6CE6B0DE-781C-4F6C-B42D-98346C614BEC
InstallProtocolInterface: 5B1B31A1-9562-11D2-8E3F-00A0C969723B 7DC686C0
Loading driver at 0x0007DC47000 EntryPoint=0x0007DC49422 HpetTimerDxe.efi
InstallProtocolInterface: BC62157E-3E33-4FEC-9920-2D3B36D750DF 7DC67F18
ProtectUefiImageCommon - 0x7DC686C0
  - 0x000000007DC47000 - 0x0000000000004600
PROGRESS CODE: V03040002 I0
Init HPET Timer Driver
HPET Base Address = 0xFED00000
  HPET_GENERAL_CAPABILITIES_ID  = 0x009896808086A201
  HPET_GENERAL_CONFIGURATION    = 0x0000000000000000
  HPET_GENERAL_INTERRUPT_STATUS = 0x0000000000000000
  HPET_MAIN_COUNTER             = 0x0000000000000000
  HPET Main Counter Period      = 10000000 (fs)
  HPET_TIMER0_CONFIGURATION     = 0x0000000400000030
  HPET_TIMER0_COMPARATOR        = 0xFFFFFFFFFFFFFFFF
  HPET_TIMER0_MSI_ROUTE         = 0x0000000000000000
  HPET_TIMER1_CONFIGURATION     = 0x0000000400000030
  HPET_TIMER1_COMPARATOR        = 0xFFFFFFFFFFFFFFFF
  HPET_TIMER1_MSI_ROUTE         = 0x0000000000000000
  HPET_TIMER2_CONFIGURATION     = 0x0000000400000030
  HPET_TIMER2_COMPARATOR        = 0xFFFFFFFFFFFFFFFF
  HPET_TIMER2_MSI_ROUTE         = 0x0000000000000000
Choose 64-bit HPET timer.
HPET Interrupt Mode I/O APIC
HPET I/O APIC IRQ         = 0x02
HPET Interrupt Vector     = 0x40
HPET Counter Mask         = 0xFFFFFFFFFFFFFFFF
HPET Timer Period         = 100000
HPET Timer Count          = 0x00000000000F4240
HPET_TIMER0_CONFIGURATION = 0x0000000400000436
HPET_TIMER0_COMPARATOR    = 0x0000000000000001
HPET_TIMER0_MSI_ROUTE     = 0x0000000000000000
InstallProtocolInterface: 26BACCB3-6F42-11D4-BCE7-0080C73C8881 7DC4B260
PROGRESS CODE: V03040003 I0
Loading driver 42857F0A-13F2-4B21-8A23-53D3F714B840
InstallProtocolInterface: 5B1B31A1-9562-11D2-8E3F-00A0C969723B 7DC670C0
!!!!!!!!  InsertImageRecord - Section Alignment(0x40) is not 4K  !!!!!!!!
!!!!!!!!  Image - /home/zaolin/tmp/edk2/Build/UefiPayloadPkgX64/DEBUG_GCC5/X64/MdeModulePkg/Universal/CapsuleRuntimeDxe/CapsuleRuntimeDxe/DEBUG/CapsuleRuntimeDxe.dll  !!!!!!!!
Loading driver at 0x0007DF0E000 EntryPoint=0x0007DF0F981 CapsuleRuntimeDxe.efi
InstallProtocolInterface: BC62157E-3E33-4FEC-9920-2D3B36D750DF 7DC67A98
ProtectUefiImageCommon - 0x7DC670C0
  - 0x000000007DF0E000 - 0x0000000000002C80
PROGRESS CODE: V03040002 I0
InstallProtocolInterface: 5053697E-2CBC-4819-90D9-0580DEEE5754 0
PROGRESS CODE: V03040003 I0
Loading driver AD608272-D07F-4964-801E-7BD3B7888652
InstallProtocolInterface: 5B1B31A1-9562-11D2-8E3F-00A0C969723B 7DC66040
!!!!!!!!  InsertImageRecord - Section Alignment(0x40) is not 4K  !!!!!!!!
!!!!!!!!  Image - /home/zaolin/tmp/edk2/Build/UefiPayloadPkgX64/DEBUG_GCC5/X64/MdeModulePkg/Universal/MonotonicCounterRuntimeDxe/MonotonicCounterRuntimeDxe/DEBUG/MonotonicCounterRuntimeDxe.dll  !!!!!!!!
Loading driver at 0x0007DF0B000 EntryPoint=0x0007DF0C703 MonotonicCounterRuntimeDxe.efi
InstallProtocolInterface: BC62157E-3E33-4FEC-9920-2D3B36D750DF 7DC67698
ProtectUefiImageCommon - 0x7DC66040
  - 0x000000007DF0B000 - 0x0000000000002B00
PROGRESS CODE: V03040002 I0
InstallProtocolInterface: 1DA97072-BDDC-4B30-99F1-72A0B56FFF2A 0
PROGRESS CODE: V03040003 I0
Loading driver 378D7B65-8DA9-4773-B6E4-A47826A833E1
InstallProtocolInterface: 5B1B31A1-9562-11D2-8E3F-00A0C969723B 7DC66440
!!!!!!!!  InsertImageRecord - Section Alignment(0x40) is not 4K  !!!!!!!!
!!!!!!!!  Image - /home/zaolin/tmp/edk2/Build/UefiPayloadPkgX64/DEBUG_GCC5/X64/PcAtChipsetPkg/PcatRealTimeClockRuntimeDxe/PcatRealTimeClockRuntimeDxe/DEBUG/PcRtc.dll  !!!!!!!!
Loading driver at 0x0007DF06000 EntryPoint=0x0007DF08F0E PcRtc.efi
InstallProtocolInterface: BC62157E-3E33-4FEC-9920-2D3B36D750DF 7DC66A18
ProtectUefiImageCommon - 0x7DC66440
  - 0x000000007DF06000 - 0x0000000000004E00
PROGRESS CODE: V03040002 I0
InstallProtocolInterface: 27CFAC87-46CC-11D4-9A38-0090273FC14D 0
PROGRESS CODE: V03040003 I0
Loading driver EBF342FE-B1D3-4EF8-957C-8048606FF671
InstallProtocolInterface: 5B1B31A1-9562-11D2-8E3F-00A0C969723B 7DC501C0
Loading driver at 0x0007DBB3000 EntryPoint=0x0007DBC7A7A SetupBrowser.efi
InstallProtocolInterface: BC62157E-3E33-4FEC-9920-2D3B36D750DF 7DC50B98
ProtectUefiImageCommon - 0x7DC501C0
  - 0x000000007DBB3000 - 0x000000000001AF00
PROGRESS CODE: V03040002 I0
InstallProtocolInterface: B9D4C360-BCFB-4F9B-9298-53C136982258 7DBCD9D0
InstallProtocolInterface: A770C357-B693-4E6D-A6CF-D21C728E550B 7DBCDA00
InstallProtocolInterface: 1F73B18D-4630-43C1-A1DE-6F80855D7DA4 7DBCD9E0
PROGRESS CODE: V03040003 I0
Loading driver 128FB770-5E79-4176-9E51-9BB268A17DD1
InstallProtocolInterface: 5B1B31A1-9562-11D2-8E3F-00A0C969723B 7DC4F0C0
Loading driver at 0x0007DC06000 EntryPoint=0x0007DC0DB3B PciHostBridgeDxe.efi
InstallProtocolInterface: BC62157E-3E33-4FEC-9920-2D3B36D750DF 7DC4FA18
ProtectUefiImageCommon - 0x7DC4F0C0
  - 0x000000007DC06000 - 0x000000000000D580
PROGRESS CODE: V03040002 I0
InitRootBridge: populated root bus 0, with room for 0 subordinate bus(es)
InitRootBridge: populated root bus 1, with room for 0 subordinate bus(es)
InitRootBridge: populated root bus 2, with room for 0 subordinate bus(es)
InitRootBridge: populated root bus 3, with room for 0 subordinate bus(es)
InitRootBridge: populated root bus 4, with room for 0 subordinate bus(es)
InitRootBridge: populated root bus 5, with room for 0 subordinate bus(es)
InitRootBridge: populated root bus 6, with room for 0 subordinate bus(es)
InitRootBridge: populated root bus 7, with room for 0 subordinate bus(es)
InitRootBridge: populated root bus 8, with room for 0 subordinate bus(es)
InitRootBridge: populated root bus 9, with room for 0 subordinate bus(es)
InitRootBridge: populated root bus 10, with room for 0 subordinate bus(es)
InitRootBridge: populated root bus 11, with room for 0 subordinate bus(es)
InitRootBridge: populated root bus 12, with room for 0 subordinate bus(es)
InitRootBridge: populated root bus 13, with room for 0 subordinate bus(es)
InitRootBridge: populated root bus 14, with room for 0 subordinate bus(es)
InitRootBridge: populated root bus 15, with room for 0 subordinate bus(es)
InitRootBridge: populated root bus 16, with room for 0 subordinate bus(es)
InitRootBridge: populated root bus 17, with room for 0 subordinate bus(es)
InitRootBridge: populated root bus 18, with room for 0 subordinate bus(es)
InitRootBridge: populated root bus 19, with room for 0 subordinate bus(es)
InitRootBridge: populated root bus 20, with room for 0 subordinate bus(es)
InitRootBridge: populated root bus 21, with room for 0 subordinate bus(es)
InitRootBridge: populated root bus 22, with room for 0 subordinate bus(es)
InitRootBridge: populated root bus 23, with room for 0 subordinate bus(es)
InitRootBridge: populated root bus 24, with room for 0 subordinate bus(es)
InitRootBridge: populated root bus 25, with room for 0 subordinate bus(es)
InitRootBridge: populated root bus 26, with room for 0 subordinate bus(es)
InitRootBridge: populated root bus 27, with room for 0 subordinate bus(es)
InitRootBridge: populated root bus 28, with room for 0 subordinate bus(es)
InitRootBridge: populated root bus 29, with room for 0 subordinate bus(es)
InitRootBridge: populated root bus 30, with room for 0 subordinate bus(es)
InitRootBridge: populated root bus 31, with room for 0 subordinate bus(es)
InitRootBridge: populated root bus 32, with room for 0 subordinate bus(es)
InitRootBridge: populated root bus 33, with room for 0 subordinate bus(es)
InitRootBridge: populated root bus 34, with room for 0 subordinate bus(es)
InitRootBridge: populated root bus 35, with room for 0 subordinate bus(es)
InitRootBridge: populated root bus 36, with room for 0 subordinate bus(es)
InitRootBridge: populated root bus 37, with room for 0 subordinate bus(es)
InitRootBridge: populated root bus 38, with room for 0 subordinate bus(es)
InitRootBridge: populated root bus 39, with room for 0 subordinate bus(es)
InitRootBridge: populated root bus 40, with room for 0 subordinate bus(es)
InitRootBridge: populated root bus 41, with room for 0 subordinate bus(es)
InitRootBridge: populated root bus 42, with room for 0 subordinate bus(es)
InitRootBridge: populated root bus 43, with room for 0 subordinate bus(es)
InitRootBridge: populated root bus 44, with room for 0 subordinate bus(es)
InitRootBridge: populated root bus 45, with room for 0 subordinate bus(es)
InitRootBridge: populated root bus 46, with room for 0 subordinate bus(es)
InitRootBridge: populated root bus 47, with room for 0 subordinate bus(es)
InitRootBridge: populated root bus 48, with room for 0 subordinate bus(es)
InitRootBridge: populated root bus 49, with room for 0 subordinate bus(es)
InitRootBridge: populated root bus 50, with room for 0 subordinate bus(es)
InitRootBridge: populated root bus 51, with room for 0 subordinate bus(es)
InitRootBridge: populated root bus 52, with room for 0 subordinate bus(es)
InitRootBridge: populated root bus 53, with room for 0 subordinate bus(es)
InitRootBridge: populated root bus 54, with room for 0 subordinate bus(es)
InitRootBridge: populated root bus 55, with room for 0 subordinate bus(es)
InitRootBridge: populated root bus 56, with room for 0 subordinate bus(es)
InitRootBridge: populated root bus 57, with room for 0 subordinate bus(es)
InitRootBridge: populated root bus 58, with room for 0 subordinate bus(es)
InitRootBridge: populated root bus 59, with room for 0 subordinate bus(es)
InitRootBridge: populated root bus 60, with room for 0 subordinate bus(es)
InitRootBridge: populated root bus 61, with room for 0 subordinate bus(es)
InitRootBridge: populated root bus 62, with room for 0 subordinate bus(es)
InitRootBridge: populated root bus 63, with room for 0 subordinate bus(es)
InitRootBridge: populated root bus 64, with room for 0 subordinate bus(es)
InitRootBridge: populated root bus 65, with room for 0 subordinate bus(es)
InitRootBridge: populated root bus 66, with room for 0 subordinate bus(es)
InitRootBridge: populated root bus 67, with room for 0 subordinate bus(es)
InitRootBridge: populated root bus 68, with room for 0 subordinate bus(es)
InitRootBridge: populated root bus 69, with room for 0 subordinate bus(es)
InitRootBridge: populated root bus 70, with room for 0 subordinate bus(es)
InitRootBridge: populated root bus 71, with room for 0 subordinate bus(es)
InitRootBridge: populated root bus 72, with room for 0 subordinate bus(es)
InitRootBridge: populated root bus 73, with room for 0 subordinate bus(es)
InitRootBridge: populated root bus 74, with room for 0 subordinate bus(es)
InitRootBridge: populated root bus 75, with room for 0 subordinate bus(es)
InitRootBridge: populated root bus 76, with room for 0 subordinate bus(es)
InitRootBridge: populated root bus 77, with room for 0 subordinate bus(es)
InitRootBridge: populated root bus 78, with room for 0 subordinate bus(es)
InitRootBridge: populated root bus 79, with room for 0 subordinate bus(es)
InitRootBridge: populated root bus 80, with room for 0 subordinate bus(es)
InitRootBridge: populated root bus 81, with room for 0 subordinate bus(es)
InitRootBridge: populated root bus 82, with room for 0 subordinate bus(es)
InitRootBridge: populated root bus 83, with room for 0 subordinate bus(es)
InitRootBridge: populated root bus 84, with room for 0 subordinate bus(es)
InitRootBridge: populated root bus 85, with room for 0 subordinate bus(es)
InitRootBridge: populated root bus 86, with room for 0 subordinate bus(es)
InitRootBridge: populated root bus 87, with room for 0 subordinate bus(es)
InitRootBridge: populated root bus 88, with room for 0 subordinate bus(es)
InitRootBridge: populated root bus 89, with room for 0 subordinate bus(es)
InitRootBridge: populated root bus 90, with room for 0 subordinate bus(es)
InitRootBridge: populated root bus 91, with room for 0 subordinate bus(es)
InitRootBridge: populated root bus 92, with room for 0 subordinate bus(es)
InitRootBridge: populated root bus 93, with room for 0 subordinate bus(es)
InitRootBridge: populated root bus 94, with room for 0 subordinate bus(es)
InitRootBridge: populated root bus 95, with room for 0 subordinate bus(es)
InitRootBridge: populated root bus 96, with room for 0 subordinate bus(es)
InitRootBridge: populated root bus 97, with room for 0 subordinate bus(es)
InitRootBridge: populated root bus 98, with room for 0 subordinate bus(es)
InitRootBridge: populated root bus 99, with room for 0 subordinate bus(es)
InitRootBridge: populated root bus 100, with room for 0 subordinate bus(es)
InitRootBridge: populated root bus 101, with room for 0 subordinate bus(es)
InitRootBridge: populated root bus 102, with room for 0 subordinate bus(es)
InitRootBridge: populated root bus 103, with room for 0 subordinate bus(es)
InitRootBridge: populated root bus 104, with room for 0 subordinate bus(es)
InitRootBridge: populated root bus 105, with room for 0 subordinate bus(es)
InitRootBridge: populated root bus 106, with room for 0 subordinate bus(es)
InitRootBridge: populated root bus 107, with room for 0 subordinate bus(es)
InitRootBridge: populated root bus 108, with room for 0 subordinate bus(es)
InitRootBridge: populated root bus 109, with room for 0 subordinate bus(es)
InitRootBridge: populated root bus 110, with room for 0 subordinate bus(es)
InitRootBridge: populated root bus 111, with room for 0 subordinate bus(es)
InitRootBridge: populated root bus 112, with room for 0 subordinate bus(es)
InitRootBridge: populated root bus 113, with room for 0 subordinate bus(es)
InitRootBridge: populated root bus 114, with room for 0 subordinate bus(es)
InitRootBridge: populated root bus 115, with room for 0 subordinate bus(es)
InitRootBridge: populated root bus 116, with room for 0 subordinate bus(es)
InitRootBridge: populated root bus 117, with room for 0 subordinate bus(es)
InitRootBridge: populated root bus 118, with room for 0 subordinate bus(es)
InitRootBridge: populated root bus 119, with room for 0 subordinate bus(es)
InitRootBridge: populated root bus 120, with room for 0 subordinate bus(es)
InitRootBridge: populated root bus 121, with room for 0 subordinate bus(es)
InitRootBridge: populated root bus 122, with room for 0 subordinate bus(es)
InitRootBridge: populated root bus 123, with room for 0 subordinate bus(es)
InitRootBridge: populated root bus 124, with room for 0 subordinate bus(es)
InitRootBridge: populated root bus 125, with room for 0 subordinate bus(es)
InitRootBridge: populated root bus 126, with room for 0 subordinate bus(es)
InitRootBridge: populated root bus 127, with room for 0 subordinate bus(es)
InitRootBridge: populated root bus 128, with room for 0 subordinate bus(es)
InitRootBridge: populated root bus 129, with room for 0 subordinate bus(es)
InitRootBridge: populated root bus 130, with room for 0 subordinate bus(es)
InitRootBridge: populated root bus 131, with room for 0 subordinate bus(es)
InitRootBridge: populated root bus 132, with room for 0 subordinate bus(es)
InitRootBridge: populated root bus 133, with room for 0 subordinate bus(es)
InitRootBridge: populated root bus 134, with room for 0 subordinate bus(es)
InitRootBridge: populated root bus 135, with room for 0 subordinate bus(es)
InitRootBridge: populated root bus 136, with room for 0 subordinate bus(es)
InitRootBridge: populated root bus 137, with room for 0 subordinate bus(es)
InitRootBridge: populated root bus 138, with room for 0 subordinate bus(es)
InitRootBridge: populated root bus 139, with room for 0 subordinate bus(es)
InitRootBridge: populated root bus 140, with room for 0 subordinate bus(es)
InitRootBridge: populated root bus 141, with room for 0 subordinate bus(es)
InitRootBridge: populated root bus 142, with room for 0 subordinate bus(es)
InitRootBridge: populated root bus 143, with room for 0 subordinate bus(es)
InitRootBridge: populated root bus 144, with room for 0 subordinate bus(es)
InitRootBridge: populated root bus 145, with room for 0 subordinate bus(es)
InitRootBridge: populated root bus 146, with room for 0 subordinate bus(es)
InitRootBridge: populated root bus 147, with room for 0 subordinate bus(es)
InitRootBridge: populated root bus 148, with room for 0 subordinate bus(es)
InitRootBridge: populated root bus 149, with room for 0 subordinate bus(es)
InitRootBridge: populated root bus 150, with room for 0 subordinate bus(es)
InitRootBridge: populated root bus 151, with room for 0 subordinate bus(es)
InitRootBridge: populated root bus 152, with room for 0 subordinate bus(es)
InitRootBridge: populated root bus 153, with room for 0 subordinate bus(es)
InitRootBridge: populated root bus 154, with room for 0 subordinate bus(es)
InitRootBridge: populated root bus 155, with room for 0 subordinate bus(es)
InitRootBridge: populated root bus 156, with room for 0 subordinate bus(es)
InitRootBridge: populated root bus 157, with room for 0 subordinate bus(es)
InitRootBridge: populated root bus 158, with room for 0 subordinate bus(es)
InitRootBridge: populated root bus 159, with room for 0 subordinate bus(es)
InitRootBridge: populated root bus 160, with room for 0 subordinate bus(es)
InitRootBridge: populated root bus 161, with room for 0 subordinate bus(es)
InitRootBridge: populated root bus 162, with room for 0 subordinate bus(es)
InitRootBridge: populated root bus 163, with room for 0 subordinate bus(es)
InitRootBridge: populated root bus 164, with room for 0 subordinate bus(es)
InitRootBridge: populated root bus 165, with room for 0 subordinate bus(es)
InitRootBridge: populated root bus 166, with room for 0 subordinate bus(es)
InitRootBridge: populated root bus 167, with room for 0 subordinate bus(es)
InitRootBridge: populated root bus 168, with room for 0 subordinate bus(es)
InitRootBridge: populated root bus 169, with room for 0 subordinate bus(es)
InitRootBridge: populated root bus 170, with room for 0 subordinate bus(es)
InitRootBridge: populated root bus 171, with room for 0 subordinate bus(es)
InitRootBridge: populated root bus 172, with room for 0 subordinate bus(es)
InitRootBridge: populated root bus 173, with room for 0 subordinate bus(es)
InitRootBridge: populated root bus 174, with room for 0 subordinate bus(es)
InitRootBridge: populated root bus 175, with room for 0 subordinate bus(es)
InitRootBridge: populated root bus 176, with room for 0 subordinate bus(es)
InitRootBridge: populated root bus 177, with room for 0 subordinate bus(es)
InitRootBridge: populated root bus 178, with room for 0 subordinate bus(es)
InitRootBridge: populated root bus 179, with room for 0 subordinate bus(es)
InitRootBridge: populated root bus 180, with room for 0 subordinate bus(es)
InitRootBridge: populated root bus 181, with room for 0 subordinate bus(es)
InitRootBridge: populated root bus 182, with room for 0 subordinate bus(es)
InitRootBridge: populated root bus 183, with room for 0 subordinate bus(es)
InitRootBridge: populated root bus 184, with room for 0 subordinate bus(es)
InitRootBridge: populated root bus 185, with room for 0 subordinate bus(es)
InitRootBridge: populated root bus 186, with room for 0 subordinate bus(es)
InitRootBridge: populated root bus 187, with room for 0 subordinate bus(es)
InitRootBridge: populated root bus 188, with room for 0 subordinate bus(es)
InitRootBridge: populated root bus 189, with room for 0 subordinate bus(es)
InitRootBridge: populated root bus 190, with room for 0 subordinate bus(es)
InitRootBridge: populated root bus 191, with room for 0 subordinate bus(es)
InitRootBridge: populated root bus 192, with room for 0 subordinate bus(es)
InitRootBridge: populated root bus 193, with room for 0 subordinate bus(es)
InitRootBridge: populated root bus 194, with room for 0 subordinate bus(es)
InitRootBridge: populated root bus 195, with room for 0 subordinate bus(es)
InitRootBridge: populated root bus 196, with room for 0 subordinate bus(es)
InitRootBridge: populated root bus 197, with room for 0 subordinate bus(es)
InitRootBridge: populated root bus 198, with room for 0 subordinate bus(es)
InitRootBridge: populated root bus 199, with room for 0 subordinate bus(es)
InitRootBridge: populated root bus 200, with room for 0 subordinate bus(es)
InitRootBridge: populated root bus 201, with room for 0 subordinate bus(es)
InitRootBridge: populated root bus 202, with room for 0 subordinate bus(es)
InitRootBridge: populated root bus 203, with room for 0 subordinate bus(es)
InitRootBridge: populated root bus 204, with room for 0 subordinate bus(es)
InitRootBridge: populated root bus 205, with room for 0 subordinate bus(es)
InitRootBridge: populated root bus 206, with room for 0 subordinate bus(es)
InitRootBridge: populated root bus 207, with room for 0 subordinate bus(es)
InitRootBridge: populated root bus 208, with room for 0 subordinate bus(es)
InitRootBridge: populated root bus 209, with room for 0 subordinate bus(es)
InitRootBridge: populated root bus 210, with room for 0 subordinate bus(es)
InitRootBridge: populated root bus 211, with room for 0 subordinate bus(es)
InitRootBridge: populated root bus 212, with room for 0 subordinate bus(es)
InitRootBridge: populated root bus 213, with room for 0 subordinate bus(es)
InitRootBridge: populated root bus 214, with room for 0 subordinate bus(es)
InitRootBridge: populated root bus 215, with room for 0 subordinate bus(es)
InitRootBridge: populated root bus 216, with room for 0 subordinate bus(es)
InitRootBridge: populated root bus 217, with room for 0 subordinate bus(es)
InitRootBridge: populated root bus 218, with room for 0 subordinate bus(es)
InitRootBridge: populated root bus 219, with room for 0 subordinate bus(es)
InitRootBridge: populated root bus 220, with room for 0 subordinate bus(es)
InitRootBridge: populated root bus 221, with room for 0 subordinate bus(es)
InitRootBridge: populated root bus 222, with room for 0 subordinate bus(es)
InitRootBridge: populated root bus 223, with room for 0 subordinate bus(es)
InitRootBridge: populated root bus 224, with room for 0 subordinate bus(es)
InitRootBridge: populated root bus 225, with room for 0 subordinate bus(es)
InitRootBridge: populated root bus 226, with room for 0 subordinate bus(es)
InitRootBridge: populated root bus 227, with room for 0 subordinate bus(es)
InitRootBridge: populated root bus 228, with room for 0 subordinate bus(es)
InitRootBridge: populated root bus 229, with room for 0 subordinate bus(es)
InitRootBridge: populated root bus 230, with room for 0 subordinate bus(es)
InitRootBridge: populated root bus 231, with room for 0 subordinate bus(es)
InitRootBridge: populated root bus 232, with room for 0 subordinate bus(es)
InitRootBridge: populated root bus 233, with room for 0 subordinate bus(es)
InitRootBridge: populated root bus 234, with room for 0 subordinate bus(es)
InitRootBridge: populated root bus 235, with room for 0 subordinate bus(es)
InitRootBridge: populated root bus 236, with room for 0 subordinate bus(es)
InitRootBridge: populated root bus 237, with room for 0 subordinate bus(es)
InitRootBridge: populated root bus 238, with room for 0 subordinate bus(es)
InitRootBridge: populated root bus 239, with room for 0 subordinate bus(es)
InitRootBridge: populated root bus 240, with room for 0 subordinate bus(es)
InitRootBridge: populated root bus 241, with room for 0 subordinate bus(es)
InitRootBridge: populated root bus 242, with room for 0 subordinate bus(es)
InitRootBridge: populated root bus 243, with room for 0 subordinate bus(es)
InitRootBridge: populated root bus 244, with room for 0 subordinate bus(es)
InitRootBridge: populated root bus 245, with room for 0 subordinate bus(es)
InitRootBridge: populated root bus 246, with room for 0 subordinate bus(es)
InitRootBridge: populated root bus 247, with room for 0 subordinate bus(es)
InitRootBridge: populated root bus 248, with room for 0 subordinate bus(es)
InitRootBridge: populated root bus 249, with room for 0 subordinate bus(es)
InitRootBridge: populated root bus 250, with room for 0 subordinate bus(es)
InitRootBridge: populated root bus 251, with room for 0 subordinate bus(es)
InitRootBridge: populated root bus 252, with room for 0 subordinate bus(es)
InitRootBridge: populated root bus 253, with room for 0 subordinate bus(es)
InitRootBridge: populated root bus 254, with room for 0 subordinate bus(es)
InitRootBridge: populated root bus 255, with room for 0 subordinate bus(es)
RootBridge: PciRoot(0x0)
  Support/Attr: 0 / 0
    DmaAbove4G: No
NoExtConfSpace: No
     AllocAttr: 0 ()
           Bus: 0 - 0 Translation=0
            Io: FFFFFFFFFFFFFFFF - FFFFFFFFFFFFFFFF Translation=0
           Mem: FFFFFFFFFFFFFFFF - FFFFFFFFFFFFFFFF Translation=0
    MemAbove4G: FFFFFFFFFFFFFFFF - 0 Translation=0
          PMem: FFFFFFFFFFFFFFFF - 0 Translation=0
   PMemAbove4G: FFFFFFFFFFFFFFFF - 0 Translation=0
ASSERT [PciHostBridgeDxe] /home/zaolin/tmp/edk2/MdeModulePkg/Bus/Pci/PciHostBridgeDxe/PciRootBridgeIo.c(120): Bridge->Mem.Limit < 0x0000000100000000ULL
