ALLUSERSPROFILE=C:\ProgramData
APPDATA=C:\Users\uefi\AppData\Roaming
BASETOOLS_PYTHON_SOURCE=C:\FW\edk2-ws\edk2\BaseTools\Source\Python
BASE_TOOLS_PATH=C:\FW\edk2-ws\edk2\BaseTools
CLANG_HOST_BIN=n
CommandPromptType=Native
CommonProgramFiles=C:\Program Files\Common Files
CommonProgramFiles(x86)=C:\Program Files (x86)\Common Files
CommonProgramW6432=C:\Program Files\Common Files
COMPUTERNAME=DESKTOP-COIBNLC
ComSpec=C:\WINDOWS\system32\cmd.exe
CONF_PATH=C:\FW\edk2-ws\edk2\Conf
DevEnvDir=C:\Program Files (x86)\Microsoft Visual Studio\2017\Professional\Common7\IDE\
DNX_HOME=%USERPROFILE%\.dnx
DriverData=C:\Windows\System32\Drivers\DriverData
EDK_BASETOOLS=C:\FW\edk2-ws\BaseTools
EDK_TOOLS_BIN=C:\FW\edk2-ws\edk2\BaseTools\Bin\Win32
EDK_TOOLS_PATH=C:\FW\edk2-ws\edk2\BaseTools
ExtensionSdkDir=C:\Program Files (x86)\Microsoft SDKs\Windows Kits\10\ExtensionSDKs
FPS_BROWSER_APP_PROFILE_STRING=Internet Explorer
FPS_BROWSER_USER_PROFILE_STRING=Default
Framework40Version=v4.0
FrameworkDir=C:\WINDOWS\Microsoft.NET\Framework\
FrameworkDIR32=C:\WINDOWS\Microsoft.NET\Framework\
FrameworkVersion=v4.0.30319
FrameworkVersion32=v4.0.30319
HOMEDRIVE=C:
HOMEPATH=\Users\uefi
IASL_PREFIX=C:\ASL\
INCLUDE=C:\Program Files (x86)\Microsoft Visual Studio\2017\Professional\VC\Tools\MSVC\14.10.25017\ATLMFC\include;C:\Program Files (x86)\Microsoft Visual Studio\2017\Professional\VC\Tools\MSVC\14.10.25017\include;C:\Program Files (x86)\Windows Kits\NETFXSDK\4.6.1\include\um;C:\Program Files (x86)\Windows Kits\10\include\10.0.14393.0\ucrt;C:\Program Files (x86)\Windows Kits\10\include\10.0.14393.0\shared;C:\Program Files (x86)\Windows Kits\10\include\10.0.14393.0\um;C:\Program Files (x86)\Windows Kits\10\include\10.0.14393.0\winrt;
ITS_CLIENT_ROOT=C:\Program Files (x86)\Intel\Intelligent Test System Client\1.4.0
ITS_LDLIB_PATH=C:\Program Files (x86)\Intel\Intelligent Test System Client\1.4.0\lib\win32
ITS_LOCAL_HOME=C:\Users\uefi\Intel\Intelligent Test System Client\1.4.0
LIB=C:\Program Files (x86)\Microsoft Visual Studio\2017\Professional\VC\Tools\MSVC\14.10.25017\ATLMFC\lib\x86;C:\Program Files (x86)\Microsoft Visual Studio\2017\Professional\VC\Tools\MSVC\14.10.25017\lib\x86;C:\Program Files (x86)\Windows Kits\NETFXSDK\4.6.1\lib\um\x86;C:\Program Files (x86)\Windows Kits\10\lib\10.0.14393.0\ucrt\x86;C:\Program Files (x86)\Windows Kits\10\lib\10.0.14393.0\um\x86;
LIBPATH=C:\Program Files (x86)\Microsoft Visual Studio\2017\Professional\VC\Tools\MSVC\14.10.25017\ATLMFC\lib\x86;C:\Program Files (x86)\Microsoft Visual Studio\2017\Professional\VC\Tools\MSVC\14.10.25017\lib\x86;C:\Program Files (x86)\Windows Kits\10\UnionMetadata;C:\Program Files (x86)\Windows Kits\10\References;C:\WINDOWS\Microsoft.NET\Framework\v4.0.30319;
LOCALAPPDATA=C:\Users\uefi\AppData\Local
LOGONSERVER=\\DESKTOP-COIBNLC
NASM_PREFIX=C:\nasm\
NETFXSDKDir=C:\Program Files (x86)\Windows Kits\NETFXSDK\4.6.1\
NUMBER_OF_PROCESSORS=8
OneDrive=C:\Users\uefi\OneDrive
OS=Windows_NT
PACKAGES_PATH=C:\FW\edk2-ws\edk2;C:\FW\edk2-ws\edk2-libc
Path=C:\FW\edk2-ws\edk2\BaseTools\BinWrappers\WindowsLike;C:\FW\edk2-ws\edk2\BaseTools\Bin\Win32;C:\Program Files (x86)\Microsoft Visual Studio\2017\Professional\VC\Tools\MSVC\14.10.25017\bin\HostX86\x86;C:\Program Files (x86)\Microsoft Visual Studio\2017\Professional\Common7\IDE\VC\VCPackages;C:\Program Files (x86)\Microsoft SDKs\TypeScript\2.1;C:\Program Files (x86)\Microsoft Visual Studio\2017\Professional\Common7\IDE\CommonExtensions\Microsoft\TestWindow;C:\Program Files (x86)\Microsoft Visual Studio\2017\Professional\Common7\IDE\CommonExtensions\Microsoft\TeamFoundation\Team Explorer;C:\Program Files (x86)\Microsoft Visual Studio\2017\Professional\MSBuild\15.0\bin\Roslyn;C:\Program Files (x86)\Microsoft Visual Studio\2017\Professional\Team Tools\Performance Tools;C:\Program Files (x86)\Microsoft Visual Studio\Shared\Common\VSPerfCollectionTools\;C:\Program Files (x86)\Microsoft SDKs\Windows\v10.0A\bin\NETFX 4.6.1 Tools\;C:\Program Files (x86)\Windows Kits\10\bin\x86;C:\Program Files (x86)\Windows Kits\10\bin\10.0.14393.0\x86;C:\Program Files (x86)\Microsoft Visual Studio\2017\Professional\\MSBuild\15.0\bin;C:\WINDOWS\Microsoft.NET\Framework\v4.0.30319;C:\Program Files (x86)\Microsoft Visual Studio\2017\Professional\Common7\IDE\;C:\Program Files (x86)\Microsoft Visual Studio\2017\Professional\Common7\Tools\;C:\Program Files (x86)\Intel\iCLS Client\;C:\Program Files\Intel\iCLS Client\;C:\Windows\system32;C:\Windows;C:\Windows\System32\Wbem;C:\Windows\System32\WindowsPowerShell\v1.0\;C:\Program Files (x86)\Intel\Intel(R) Management Engine Components\DAL;C:\Program Files\Intel\Intel(R) Management Engine Components\DAL;C:\Program Files (x86)\Intel\Intel(R) Management Engine Components\IPT;C:\Program Files\Intel\Intel(R) Management Engine Components\IPT;C:\Program Files (x86)\NVIDIA Corporation\PhysX\Common;C:\Program Files\Microsoft SQL Server\110\Tools\Binn\;C:\Program Files\Microsoft SQL Server\120\Tools\Binn\;C:\WINDOWS\system32;C:\WINDOWS;C:\WINDOWS\System32\Wbem;C:\WINDOWS\System32\WindowsPowerShell\v1.0\;C:\Program Files (x86)\Intel\Intelligent Test System Client\1.4.0;C:\Program Files (x86)\Microsoft SDKs\TypeScript\1.0\;C:\WINDOWS\system32\config\systemprofile\.dnx\bin;C:\Program Files\Microsoft DNX\Dnvm\;C:\Program Files\Microsoft SQL Server\130\Tools\Binn\;C:\Program Files\Intel\WiFi\bin\;C:\Program Files\Common Files\Intel\WirelessCommon\;C:\WINDOWS\System32\OpenSSH\;C:\Program Files (x86)\Windows Kits\10\Windows Performance Toolkit\;C:\Users\uefi\.dnx\bin;%USERPROFILE%\AppData\Local\Microsoft\WindowsApps;
PATHEXT=.COM;.EXE;.BAT;.CMD;.VBS;.VBE;.JS;.JSE;.WSF;.WSH;.MSC
PROCESSOR_ARCHITECTURE=AMD64
PROCESSOR_IDENTIFIER=Intel64 Family 6 Model 94 Stepping 3, GenuineIntel
PROCESSOR_LEVEL=6
PROCESSOR_REVISION=5e03
ProgramData=C:\ProgramData
ProgramFiles=C:\Program Files
ProgramFiles(x86)=C:\Program Files (x86)
ProgramW6432=C:\Program Files
PROMPT=$P$G
PSModulePath=C:\WINDOWS\system32\WindowsPowerShell\v1.0\Modules\
PUBLIC=C:\Users\Public
PYTHONHASHSEED=1
PYTHONPATH=C:\FW\edk2-ws\edk2\BaseTools\Source\Python;C:\Python27\DLLs
PYTHON_COMMAND=py -3
SCRIPT_ERROR=0
SESSIONNAME=Console
SystemDrive=C:
SystemRoot=C:\WINDOWS
TEMP=C:\Users\uefi\AppData\Local\Temp
TMP=C:\Users\uefi\AppData\Local\Temp
UCRTVersion=10.0.14393.0
UniversalCRTSdkDir=C:\Program Files (x86)\Windows Kits\10\
USERDOMAIN=DESKTOP-COIBNLC
USERDOMAIN_ROAMINGPROFILE=DESKTOP-COIBNLC
USERNAME=uefi
USERPROFILE=C:\Users\uefi
VCIDEInstallDir=C:\Program Files (x86)\Microsoft Visual Studio\2017\Professional\Common7\IDE\VC\
VCINSTALLDIR=C:\Program Files (x86)\Microsoft Visual Studio\2017\Professional\VC\
VCToolsInstallDir=C:\Program Files (x86)\Microsoft Visual Studio\2017\Professional\VC\Tools\MSVC\14.10.25017\
VCToolsRedistDir=C:\Program Files (x86)\Microsoft Visual Studio\2017\Professional\VC\Redist\MSVC\14.10.25017\
VisualStudioVersion=15.0
VS150COMNTOOLS=C:\Program Files (x86)\Microsoft Visual Studio\2017\Professional\Common7\Tools\
VSCMD_ARG_app_plat=Desktop
VSCMD_ARG_HOST_ARCH=x86
VSCMD_ARG_TGT_ARCH=x86
VSCMD_VER=15.0.26228.98
VSINSTALLDIR=C:\Program Files (x86)\Microsoft Visual Studio\2017\Professional\
WINDDK3790_PREFIX=C:\WINDDK\3790.1830\bin\
windir=C:\WINDOWS
WindowsLibPath=C:\Program Files (x86)\Windows Kits\10\UnionMetadata;C:\Program Files (x86)\Windows Kits\10\References
WindowsSdkBinPath=C:\Program Files (x86)\Windows Kits\10\bin\
WindowsSdkDir=C:\Program Files (x86)\Windows Kits\10\
WindowsSDKLibVersion=10.0.14393.0\
WindowsSdkVerBinPath=C:\Program Files (x86)\Windows Kits\10\bin\10.0.14393.0\
WindowsSDKVersion=10.0.14393.0\
WindowsSDK_ExecutablePath_x64=C:\Program Files (x86)\Microsoft SDKs\Windows\v10.0A\bin\NETFX 4.6.1 Tools\x64\
WindowsSDK_ExecutablePath_x86=C:\Program Files (x86)\Microsoft SDKs\Windows\v10.0A\bin\NETFX 4.6.1 Tools\
WORKSPACE=C:\FW\edk2-ws
WORKSPACE_TOOLS_PATH=C:\FW\edk2-ws\edk2\BaseTools
__DOTNET_ADD_32BIT=1
__DOTNET_PREFERRED_BITNESS=32
__VSCMD_PREINIT_PATH=C:\Program Files (x86)\Intel\iCLS Client\;C:\Program Files\Intel\iCLS Client\;C:\Windows\system32;C:\Windows;C:\Windows\System32\Wbem;C:\Windows\System32\WindowsPowerShell\v1.0\;C:\Program Files (x86)\Intel\Intel(R) Management Engine Components\DAL;C:\Program Files\Intel\Intel(R) Management Engine Components\DAL;C:\Program Files (x86)\Intel\Intel(R) Management Engine Components\IPT;C:\Program Files\Intel\Intel(R) Management Engine Components\IPT;C:\Program Files (x86)\NVIDIA Corporation\PhysX\Common;C:\Program Files\Microsoft SQL Server\110\Tools\Binn\;C:\Program Files\Microsoft SQL Server\120\Tools\Binn\;C:\WINDOWS\system32;C:\WINDOWS;C:\WINDOWS\System32\Wbem;C:\WINDOWS\System32\WindowsPowerShell\v1.0\;C:\Program Files (x86)\Intel\Intelligent Test System Client\1.4.0;C:\Program Files (x86)\Microsoft SDKs\TypeScript\1.0\;C:\WINDOWS\system32\config\systemprofile\.dnx\bin;C:\Program Files\Microsoft DNX\Dnvm\;C:\Program Files\Microsoft SQL Server\130\Tools\Binn\;C:\Program Files\Intel\WiFi\bin\;C:\Program Files\Common Files\Intel\WirelessCommon\;C:\WINDOWS\System32\OpenSSH\;C:\Program Files (x86)\Windows Kits\10\Windows Performance Toolkit\;C:\Users\uefi\.dnx\bin;%USERPROFILE%\AppData\Local\Microsoft\WindowsApps;
