SecCoreStartupWithStack(0xFFFCC000, 0x820000)
Register PPI Notify: DCD0BE23-9586-40F4-B643-06522CED4EDE
Install PPI: 8C8CE578-8A3D-4F1C-9935-896185C32DD3
Install PPI: 5473C07A-3DCB-4DCA-BD6F-1E9689E7349A
The 0th FV start address is 0x00000820000, size is 0x000E0000, handle is 0x820000
Register PPI Notify: 49EDB1C1-BF21-4761-BB12-EB0031AABB39
Register PPI Notify: EA7CA24B-DED5-4DAD-A389-BF827E8F9B38
Install PPI: B9E0ABFE-5979-4914-977F-6DEE78C278A6
Install PPI: DBE23AA9-A345-4B97-85B6-B226F1617389
DiscoverPeimsAndOrderWithApriori(): Found 0x7 PEI FFS files in the 0th FV
Loading PEIM 9B3ADA4F-AE56-4C24-8DEA-F03B7558AE50
Loading PEIM at 0x0000082C1C0 EntryPoint=0x0000082F5B2 PcdPeim.efi
Install PPI: 06E81C58-4AD7-44BC-8390-F10265F72480
Install PPI: 01F34D25-4DE2-23AD-3FF3-36353FF323F1
Install PPI: 4D8B155B-C059-4C8F-8926-06FD4331DB8A
Install PPI: A60C6B59-E459-425D-9C69-0BCC9CB27D81
Register PPI Notify: 605EA650-C65C-42E1-BA80-91A52AB618C6
Loading PEIM A3610442-E69F-4DF3-82CA-2360C4031A23
Loading PEIM at 0x00000830FC0 EntryPoint=0x00000832414 ReportStatusCodeRouterPei.efi
Install PPI: 0065D394-9951-4144-82A3-0AFC8579C251
Install PPI: 229832D3-7A30-4B36-B827-F40CB7D45436
Loading PEIM 9D225237-FA01-464C-A949-BAABC02D31D0
Loading PEIM at 0x00000833040 EntryPoint=0x00000834304 StatusCodeHandlerPei.efi
Loading PEIM F112A6EE-993A-4F0B-8295-E52029D9B4BA
Loading PEIM at 0x00000835040 EntryPoint=0x000008370AE XenPlatformPei.efi
Select Item: 0x0
FW CFG Signature: 0x554D4551
Select Item: 0x1
FW CFG Revision: 0x1
QemuFwCfg interface (IO Port) is supported.
Platform PEIM Loaded
CMOS:
00: 29 00 36 00 20 00 03 07 07 21 26 02 10 80 00 00
10: 00 00 F0 00 06 80 02 FF FF 2F 00 FF 3F 10 FF FF
20: C8 FF 3F 3F 00 00 00 00 00 00 00 00 00 00 00 00
30: FF FF 20 00 CB 7D 00 20 00 01 00 00 00 02 00 00
40: 00 00 00 00 00 00 00 00 00 00 00 00 00 00 00 00
50: 00 00 00 00 00 00 00 00 00 00 00 00 00 00 00 01
60: 00 00 00 00 00 00 00 00 00 00 00 00 00 00 00 00
70: 00 00 00 00 00 00 00 00 00 00 00 00 00 00 00 00
Select Item: 0x19
Select Item: 0x25
S3 support was detected on QEMU
Detected Xen version 4.14
Install PPI: 7408D748-FC8C-4EE6-9288-C4BEC092A410
PublishPeiMemory: mPhysMemAddressWidth=46 PeiMemoryCap=66052 KB
PeiInstallPeiMemory MemoryBegin 0x7AC2F000, MemoryLength 0x4081000
Using memory map provided by Xen
Mapping 1:1 of address 0xFEF00000
APIC Freq  100101696 Hz
Reserved variable store memory: 0x7EC2C000; size: 528kb
Platform PEI Firmware Volume Initialization
Install PPI: 49EDB1C1-BF21-4761-BB12-EB0031AABB39
Notify: PPI Guid: 49EDB1C1-BF21-4761-BB12-EB0031AABB39, Peim notify entry point: 82668C
The 1th FV start address is 0x00000900000, size is 0x00A00000, handle is 0x900000
Register PPI Notify: EE16160A-E8BE-47A6-820A-C6900DB0250A
Temp Stack : BaseAddress=0x818000 Length=0x8000
Temp Heap  : BaseAddress=0x810000 Length=0x8000
Total temporary memory:    65536 bytes.
  temporary memory stack ever used:       4776 bytes.
  temporary memory heap used for HobList: 6464 bytes.
  temporary memory heap occupied by memory pages: 4096 bytes.
Memory Allocation 0x00000004 0x817000 - 0x817FFF
Memory Allocation 0x00000004 0x806000 - 0x806FFF
Memory Allocation 0x00000006 0x7EC2C000 - 0x7ECAFFFF
Memory Allocation 0x00000004 0x820000 - 0x8FFFFF
Memory Allocation 0x00000004 0x900000 - 0x12FFFFF
Old Stack size 32768, New stack size 131072
Stack Hob: BaseAddress=0x7AC2F000 Length=0x20000
Heap Offset = 0x7A43F000 Stack Offset = 0x7A42F000
TemporaryRamMigration(0x810000, 0x7AC47000, 0x10000)
Pages Offset = 0x7E414000
Loading PEIM 52C05B14-0B98-496C-BC3B-04B50211D680
Loading PEIM at 0x0007EC1F000 EntryPoint=0x0007EC27E28 PeiCore.efi
Reinstall PPI: 8C8CE578-8A3D-4F1C-9935-896185C32DD3
Reinstall PPI: 5473C07A-3DCB-4DCA-BD6F-1E9689E7349A
Reinstall PPI: B9E0ABFE-5979-4914-977F-6DEE78C278A6
Install PPI: F894643D-C449-42D1-8EA8-85BDD8C65BDE
Loading PEIM 86D70125-BAA3-4296-A62F-602BEBBB9081
Loading PEIM at 0x0007EC1A000 EntryPoint=0x0007EC1D41B DxeIpl.efi
Install PPI: 1A36E4E7-FAB6-476A-8E75-695A0576FDD7
Install PPI: 0AE8CE5D-E448-4437-A8D7-EBF5F194F731
Loading PEIM 89E549B0-7CFE-449D-9BA3-10D8B2312D71
Loading PEIM at 0x0007EC16000 EntryPoint=0x0007EC18512 S3Resume2Pei.efi
Install PPI: 6D582DBC-DB85-4514-8FCC-5ADF6227B147
Loading PEIM EDADEB9D-DDBA-48BD-9D22-C1C169C8C5C6
Loading PEIM at 0x0007EC0C000 EntryPoint=0x0007EC12B5B CpuMpPei.efi
Register PPI Notify: F894643D-C449-42D1-8EA8-85BDD8C65BDE
Notify: PPI Guid: F894643D-C449-42D1-8EA8-85BDD8C65BDE, Peim notify entry point: 7EC1150F
AP Loop Mode is 1
WakeupBufferStart = 9F000, WakeupBufferSize = 1000
CpuMpPei: 5-Level Paging = 0
APIC MODE is 1
MpInitLib: Find 2 processors in system.
GetMicrocodePatchInfoFromHob: Microcode patch cache HOB is not found.
CpuMpPei: 5-Level Paging = 0
CPU[0000]: Microcode revision = 00000000, expected = 00000000
Register PPI Notify: 8F9D4825-797D-48FC-8471-845025792EF6
Does not find any stored CPU BIST information from PPI!
  APICID - 0x00000000, BIST - 0x00000000
  APICID - 0x00000002, BIST - 0x00000000
Install PPI: 9E9F374B-8F16-4230-9824-5846EE766A97
Install PPI: 5CB9CB3D-31A4-480C-9498-29D269BACFBA
Install PPI: EE16160A-E8BE-47A6-820A-C6900DB0250A
Notify: PPI Guid: EE16160A-E8BE-47A6-820A-C6900DB0250A, Peim notify entry point: 836687
XenPlatformPei: ClearCacheOnMpServicesAvailable
CpuMpPei: 5-Level Paging = 0
DiscoverPeimsAndOrderWithApriori(): Found 0x0 PEI FFS files in the 1th FV
DXE IPL Entry
Loading PEIM D6A2CB7F-6A18-4E2F-B43B-9920A733700A
Loading PEIM at 0x0007E9E2000 EntryPoint=0x0007E9F9E75 DxeCore.efi
Loading DXE CORE at 0x0007E9E2000 EntryPoint=0x0007E9F9E75
AddressBits=46 5LevelPaging=0 1GPage=1
Pml5=1 Pml4=128 Pdp=512 TotalPage=129
Install PPI: 605EA650-C65C-42E1-BA80-91A52AB618C6
Notify: PPI Guid: 605EA650-C65C-42E1-BA80-91A52AB618C6, Peim notify entry point: 82E467
CoreInitializeMemoryServices:
  BaseAddress - 0x7AC52000 Length - 0x39AE000 MinimalMemorySizeNeeded - 0x10F4000
InstallProtocolInterface: 5B1B31A1-9562-11D2-8E3F-00A0C969723B 7EA03688
ProtectUefiImageCommon - 0x7EA03688
  - 0x000000007E9E2000 - 0x0000000000025000
DxeMain: MemoryBaseAddress=0x7AC52000 MemoryLength=0x39AE000
HOBLIST address in DXE = 0x7E416018
Memory Allocation 0x00000004 0x7EC2B000 - 0x7EC2BFFF
Memory Allocation 0x00000004 0x806000 - 0x806FFF
Memory Allocation 0x00000006 0x7EC2C000 - 0x7ECAFFFF
Memory Allocation 0x00000004 0x820000 - 0x8FFFFF
Memory Allocation 0x00000004 0x900000 - 0x12FFFFF
Memory Allocation 0x00000004 0x7E9C2000 - 0x7E9E1FFF
Memory Allocation 0x00000003 0x7EC1F000 - 0x7EC2AFFF
Memory Allocation 0x00000003 0x7EC1A000 - 0x7EC1EFFF
Memory Allocation 0x00000003 0x7EC16000 - 0x7EC19FFF
Memory Allocation 0x00000003 0x7EC0C000 - 0x7EC15FFF
Memory Allocation 0x00000004 0x7EA07000 - 0x7EC0BFFF
Memory Allocation 0x00000003 0x7E9E2000 - 0x7EA06FFF
Memory Allocation 0x00000003 0x7E9E2000 - 0x7EA06FFF
Memory Allocation 0x00000004 0x7E9C2000 - 0x7E9E1FFF
Memory Allocation 0x00000004 0x7E600000 - 0x7E7FFFFF
Memory Allocation 0x00000007 0x7E800000 - 0x7E9C1FFF
Memory Allocation 0x00000004 0x7AC2F000 - 0x7AC4EFFF
FV Hob            0x900000 - 0x12FFFFF
InstallProtocolInterface: D8117CFE-94A6-11D4-9A3A-0090273FC14D 7EA03C50
InstallProtocolInterface: 8F644FA9-E850-4DB1-9CE2-0B44698E8DA4 7E412EB0
InstallProtocolInterface: 09576E91-6D3F-11D2-8E39-00A0C969723B 7E412C18
InstallProtocolInterface: 220E73B6-6BDB-4413-8405-B974B108619A 7E411BB0
InstallProtocolInterface: EE4E5898-3914-4259-9D6E-DC7BD79403CF 7EA038F0
Loading driver 9B680FCE-AD6B-4F3A-B60B-F59899003443
InstallProtocolInterface: 5B1B31A1-9562-11D2-8E3F-00A0C969723B 7E0F30C0
Loading driver at 0x0007E58F000 EntryPoint=0x0007E597016 DevicePathDxe.efi
InstallProtocolInterface: BC62157E-3E33-4FEC-9920-2D3B36D750DF 7E0F3318
ProtectUefiImageCommon - 0x7E0F30C0
  - 0x000000007E58F000 - 0x000000000000B5C0
InstallProtocolInterface: 0379BE4E-D706-437D-B037-EDB82FB772A4 7E59A280
InstallProtocolInterface: 8B843E20-8132-4852-90CC-551A4E4A7F1C 7E59A260
InstallProtocolInterface: 05C99A21-C70F-4AD2-8A5F-35DF3343F51E 7E59A240
Loading driver 80CF7257-87AB-47F9-A3FE-D50B76D89541
InstallProtocolInterface: 5B1B31A1-9562-11D2-8E3F-00A0C969723B 7E0F2B40
Loading driver at 0x0007E589000 EntryPoint=0x0007E58CB15 PcdDxe.efi
InstallProtocolInterface: BC62157E-3E33-4FEC-9920-2D3B36D750DF 7E0F3398
ProtectUefiImageCommon - 0x7E0F2B40
  - 0x000000007E589000 - 0x0000000000005F00
InstallProtocolInterface: 11B34006-D85B-4D0A-A290-D5A571310EF7 7E58EB80
InstallProtocolInterface: 13A3F0F6-264A-3EF0-F2E0-DEC512342F34 7E58EAE0
InstallProtocolInterface: 5BE40F57-FA68-4610-BBBF-E9C5FCDAD365 7E58EAB0
InstallProtocolInterface: FD0F4478-0EFD-461D-BA2D-E58C45FD5F5E 7E58EA90
Loading driver 2EC9DA37-EE35-4DE9-86C5-6D9A81DC38A7
InstallProtocolInterface: 5B1B31A1-9562-11D2-8E3F-00A0C969723B 7E0F1C40
Loading driver at 0x0007E585000 EntryPoint=0x0007E586ADE AmdSevDxe.efi
InstallProtocolInterface: BC62157E-3E33-4FEC-9920-2D3B36D750DF 7E0F1A98
ProtectUefiImageCommon - 0x7E0F1C40
  - 0x000000007E585000 - 0x00000000000030C0
Error: Image at 0007E585000 start failed: Unsupported
Loading driver 733CBAC2-B23F-4B92-BC8E-FB01CE5907B7
InstallProtocolInterface: 5B1B31A1-9562-11D2-8E3F-00A0C969723B 7E0F1C40
Loading driver at 0x0007E5C3000 EntryPoint=0x0007E5C5D05 FvbServicesRuntimeDxe.efi
InstallProtocolInterface: BC62157E-3E33-4FEC-9920-2D3B36D750DF 7E0F1818
ProtectUefiImageCommon - 0x7E0F1C40
  - 0x000000007E5C3000 - 0x0000000000008000
QEMU Flash: Attempting flash detection at FFC00000
QemuFlashDetected => FD behaves as RAM
QemuFlashDetected => No
QEMU flash was not detected. Writable FVB is not being installed.
Error: Image at 0007E5C3000 start failed: Write Protected
Loading driver D93CE3D8-A7EB-4730-8C8E-CC466A9ECC3C
InstallProtocolInterface: 5B1B31A1-9562-11D2-8E3F-00A0C969723B 7E0F1C40
Loading driver at 0x0007E5C5000 EntryPoint=0x0007E5C782A ReportStatusCodeRouterRuntimeDxe.efi
InstallProtocolInterface: BC62157E-3E33-4FEC-9920-2D3B36D750DF 7E0F1898
ProtectUefiImageCommon - 0x7E0F1C40
  - 0x000000007E5C5000 - 0x0000000000006000
InstallProtocolInterface: 86212936-0E76-41C8-A03A-2AF2FC1C39E2 7E5C9050
InstallProtocolInterface: D2B2B828-0826-48A7-B3DF-983C006024F0 7E5C9030
Loading driver B601F8C4-43B7-4784-95B1-F4226CB40CEE
InstallProtocolInterface: 5B1B31A1-9562-11D2-8E3F-00A0C969723B 7E0E7040
Loading driver at 0x0007E5BF000 EntryPoint=0x0007E5C1599 RuntimeDxe.efi
InstallProtocolInterface: BC62157E-3E33-4FEC-9920-2D3B36D750DF 7E0E7F18
ProtectUefiImageCommon - 0x7E0E7040
  - 0x000000007E5BF000 - 0x0000000000006000
InstallProtocolInterface: B7DFB4E1-052F-449F-87BE-9818FC91B733 7E5C3040
Loading driver F80697E9-7FD6-4665-8646-88E33EF71DFC
InstallProtocolInterface: 5B1B31A1-9562-11D2-8E3F-00A0C969723B 7E0E7440
Loading driver at 0x0007E586000 EntryPoint=0x0007E587693 SecurityStubDxe.efi
InstallProtocolInterface: BC62157E-3E33-4FEC-9920-2D3B36D750DF 7E0E7A18
ProtectUefiImageCommon - 0x7E0E7440
  - 0x000000007E586000 - 0x0000000000002E80
InstallProtocolInterface: 94AB2F58-1438-4EF1-9152-18941A3A0E68 7E588CA8
InstallProtocolInterface: A46423E3-4617-49F1-B9FF-D1BFA9115839 7E588CA0
InstallProtocolInterface: 15853D7C-3DDF-43E0-A1CB-EBF85B8F872C 7E588C80
Loading driver 13AC6DD0-73D0-11D4-B06B-00AA00BD6DE7
InstallProtocolInterface: 5B1B31A1-9562-11D2-8E3F-00A0C969723B 7E0EE7C0
Loading driver at 0x0007E580000 EntryPoint=0x0007E582FB3 EbcDxe.efi
InstallProtocolInterface: BC62157E-3E33-4FEC-9920-2D3B36D750DF 7E0EE118
ProtectUefiImageCommon - 0x7E0EE7C0
  - 0x000000007E580000 - 0x0000000000005F00
InstallProtocolInterface: 13AC6DD1-73D0-11D4-B06B-00AA00BD6DE7 7E0EE618
InstallProtocolInterface: 96F46153-97A7-4793-ACC1-FA19BF78EA97 7E585C20
InstallProtocolInterface: 2755590C-6F3C-42FA-9EA4-A3BA543CDA25 7E0EE498
InstallProtocolInterface: AAEACCFD-F27B-4C17-B610-75CA1F2DFB52 7E0EDE98
Loading driver A19B1FE7-C1BC-49F8-875F-54A5D542443F
InstallProtocolInterface: 5B1B31A1-9562-11D2-8E3F-00A0C969723B 7E0ED0C0
Loading driver at 0x0007E57D000 EntryPoint=0x0007E57E515 CpuIo2Dxe.efi
InstallProtocolInterface: BC62157E-3E33-4FEC-9920-2D3B36D750DF 7E0EDA98
ProtectUefiImageCommon - 0x7E0ED0C0
  - 0x000000007E57D000 - 0x0000000000002100
InstallProtocolInterface: AD61F191-AE5F-4C0E-B9FA-E869D288C64F 7E57EF80
Loading driver 1A1E4886-9517-440E-9FDE-3BE44CEE2136
InstallProtocolInterface: 5B1B31A1-9562-11D2-8E3F-00A0C969723B 7E0ED4C0
Loading driver at 0x0007E56E000 EntryPoint=0x0007E577CD9 CpuDxe.efi
InstallProtocolInterface: BC62157E-3E33-4FEC-9920-2D3B36D750DF 7E0ED818
ProtectUefiImageCommon - 0x7E0ED4C0
  - 0x000000007E56E000 - 0x000000000000EF40
Paging: added 512 pages to page table pool
CurrentPagingContext:
  MachineType   - 0x8664
  PageTableBase - 0x7E601000
  Attributes    - 0xC0000006
InstallProtocolInterface: 26BACCB1-6F42-11D4-BCE7-0080C73C8881 7E57CB00
MemoryProtectionCpuArchProtocolNotify:
ProtectUefiImageCommon - 0x7EA03688
  - 0x000000007E9E2000 - 0x0000000000025000
ProtectUefiImageCommon - 0x7E0F30C0
  - 0x000000007E58F000 - 0x000000000000B5C0
ProtectUefiImageCommon - 0x7E0F2B40
  - 0x000000007E589000 - 0x0000000000005F00
ProtectUefiImageCommon - 0x7E0F1C40
  - 0x000000007E5C5000 - 0x0000000000006000
SetUefiImageMemoryAttributes - 0x000000007E5C5000 - 0x0000000000001000 (0x0000000000004000)
SetUefiImageMemoryAttributes - 0x000000007E5C6000 - 0x0000000000003000 (0x0000000000020000)
SetUefiImageMemoryAttributes - 0x000000007E5C9000 - 0x0000000000002000 (0x0000000000004000)
ProtectUefiImageCommon - 0x7E0E7040
  - 0x000000007E5BF000 - 0x0000000000006000
SetUefiImageMemoryAttributes - 0x000000007E5BF000 - 0x0000000000001000 (0x0000000000004000)
SetUefiImageMemoryAttributes - 0x000000007E5C0000 - 0x0000000000003000 (0x0000000000020000)
SetUefiImageMemoryAttributes - 0x000000007E5C3000 - 0x0000000000002000 (0x0000000000004000)
ProtectUefiImageCommon - 0x7E0E7440
  - 0x000000007E586000 - 0x0000000000002E80
ProtectUefiImageCommon - 0x7E0EE7C0
  - 0x000000007E580000 - 0x0000000000005F00
ProtectUefiImageCommon - 0x7E0ED0C0
  - 0x000000007E57D000 - 0x0000000000002100
ProtectUefiImageCommon - 0x7E0ED4C0
  - 0x000000007E56E000 - 0x000000000000EF40
ConvertPages: failed to find range A0000 - BFFFF
ConvertPages: failed to find range C0000 - FFFFF
ConvertPages: failed to find range FC00B000 - FEDFFFFF
ConvertPages: failed to find range FEE00000 - FEEFFFFF
ConvertPages: failed to find range FEF00000 - FFFFFFFF
AP Loop Mode is 1
GetMicrocodePatchInfoFromHob: MicrocodeBase = 0x0, MicrocodeSize = 0x0
WakeupBufferStart = 87000, WakeupBufferSize = 38F
CpuDxe: 5-Level Paging = 0
CPU[0000]: Microcode revision = 00000000, expected = 00000000
Detect CPU count: 2
InstallProtocolInterface: 3FDDA605-A76E-4F46-AD29-12F4531B3D08 7E57CA80
Loading driver F6697AC4-A776-4EE1-B643-1FEFF2B615BB
InstallProtocolInterface: 5B1B31A1-9562-11D2-8E3F-00A0C969723B 7E0E8CC0
Loading driver at 0x0007E563000 EntryPoint=0x0007E5641ED IncompatiblePciDeviceSupportDxe.efi
InstallProtocolInterface: BC62157E-3E33-4FEC-9920-2D3B36D750DF 7E0ECC18
ProtectUefiImageCommon - 0x7E0E8CC0
  - 0x000000007E563000 - 0x0000000000002040
Error: Image at 0007E563000 start failed: Unsupported
Loading driver 11A6EDF6-A9BE-426D-A6CC-B22FE51D9224
InstallProtocolInterface: 5B1B31A1-9562-11D2-8E3F-00A0C969723B 7E0E8CC0
Loading driver at 0x0007E560000 EntryPoint=0x0007E563664 PciHotPlugInitDxe.efi
InstallProtocolInterface: BC62157E-3E33-4FEC-9920-2D3B36D750DF 7E0E8118
ProtectUefiImageCommon - 0x7E0E8CC0
  - 0x000000007E560000 - 0x0000000000005080
InstallProtocolInterface: AA0E8BC1-DABC-46B0-A844-37B8169B2BEA 7E564F80
Loading driver 4B28E4C7-FF36-4E10-93CF-A82159E777C5
InstallProtocolInterface: 5B1B31A1-9562-11D2-8E3F-00A0C969723B 7E0E8340
Loading driver at 0x0007E5B8000 EntryPoint=0x0007E5BAA46 ResetSystemRuntimeDxe.efi
InstallProtocolInterface: BC62157E-3E33-4FEC-9920-2D3B36D750DF 7E0E8218
ProtectUefiImageCommon - 0x7E0E8340
  - 0x000000007E5B8000 - 0x0000000000007000
SetUefiImageMemoryAttributes - 0x000000007E5B8000 - 0x0000000000001000 (0x0000000000004008)
SetUefiImageMemoryAttributes - 0x000000007E5B9000 - 0x0000000000004000 (0x0000000000020008)
SetUefiImageMemoryAttributes - 0x000000007E5BD000 - 0x0000000000002000 (0x0000000000004008)
InstallProtocolInterface: 27CFAC88-46CC-11D4-9A38-0090273FC14D 0
InstallProtocolInterface: 9DA34AE0-EAF9-4BBF-8EC3-FD60226C44BE 7E5BD108
InstallProtocolInterface: 695D7835-8D47-4C11-AB22-FA8ACCE7AE7A 7E5BD0C8
InstallProtocolInterface: 2DF6BA0B-7092-440D-BD04-FB091EC3F3C1 7E5BD088
Loading driver C8339973-A563-4561-B858-D8476F9DEFC4
InstallProtocolInterface: 5B1B31A1-9562-11D2-8E3F-00A0C969723B 7DCCC140
Loading driver at 0x0007E55E000 EntryPoint=0x0007E55F1E4 Metronome.efi
InstallProtocolInterface: BC62157E-3E33-4FEC-9920-2D3B36D750DF 7DCCC698
ProtectUefiImageCommon - 0x7DCCC140
  - 0x000000007E55E000 - 0x0000000000001E40
InstallProtocolInterface: 26BACCB2-6F42-11D4-BCE7-0080C73C8881 7E55FCC0
Loading driver 7A567CC4-0E75-4D7A-A305-C3DB109B53AD
InstallProtocolInterface: 5B1B31A1-9562-11D2-8E3F-00A0C969723B 7DCD4B40
Loading driver at 0x0007E55B000 EntryPoint=0x0007E55C12E XenIoPvhDxe.efi
InstallProtocolInterface: BC62157E-3E33-4FEC-9920-2D3B36D750DF 7DCD4E18
ProtectUefiImageCommon - 0x7DCD4B40
  - 0x000000007E55B000 - 0x00000000000024C0
Error: Image at 0007E55B000 start failed: Unsupported
Loading driver 9A5163E7-5C29-453F-825C-837A46A81E15
InstallProtocolInterface: 5B1B31A1-9562-11D2-8E3F-00A0C969723B 7DCD4B40
Loading driver at 0x0007E55B000 EntryPoint=0x0007E55C57B SerialDxe.efi
InstallProtocolInterface: BC62157E-3E33-4FEC-9920-2D3B36D750DF 7DCD4E98
ProtectUefiImageCommon - 0x7DCD4B40
  - 0x000000007E55B000 - 0x00000000000026C0
InstallProtocolInterface: BB25CF6F-F1D4-11D2-9A0C-0090273FC1FD 7E55D4A0
InstallProtocolInterface: 09576E91-6D3F-11D2-8E39-00A0C969723B 7E55D500
Loading driver 79E4A61C-ED73-4312-94FE-E3E7563362A9
InstallProtocolInterface: 5B1B31A1-9562-11D2-8E3F-00A0C969723B 7DCD41C0
Loading driver at 0x0007E558000 EntryPoint=0x0007E5599BE PrintDxe.efi
InstallProtocolInterface: BC62157E-3E33-4FEC-9920-2D3B36D750DF 7DCD4498
ProtectUefiImageCommon - 0x7DCD41C0
  - 0x000000007E558000 - 0x0000000000002980
InstallProtocolInterface: F05976EF-83F1-4F3D-8619-F7595D41E538 7E55A7E0
InstallProtocolInterface: 0CC252D2-C106-4661-B5BD-3147A4F81F92 7E55A780
Loading driver 348C4D62-BFBD-4882-9ECE-C80BB1C4783B
InstallProtocolInterface: 5B1B31A1-9562-11D2-8E3F-00A0C969723B 7DCD00C0
Loading driver at 0x0007E539000 EntryPoint=0x0007E550871 HiiDatabase.efi
InstallProtocolInterface: BC62157E-3E33-4FEC-9920-2D3B36D750DF 7DCD0A18
ProtectUefiImageCommon - 0x7DCD00C0
  - 0x000000007E539000 - 0x000000000001E200
InstallProtocolInterface: E9CA4775-8657-47FC-97E7-7ED65A084324 7E556E88
InstallProtocolInterface: 0FD96974-23AA-4CDC-B9CB-98D17750322A 7E556F00
InstallProtocolInterface: EF9FC172-A1B2-4693-B327-6D32FC416042 7E556F28
InstallProtocolInterface: 587E72D7-CC50-4F79-8209-CA291FC1A10F 7E556F80
InstallProtocolInterface: 0A8BADD5-03B8-4D19-B128-7B8F0EDAA596 7E556FB0
InstallProtocolInterface: 31A6406A-6BDF-4E46-B2A2-EBAA89C40920 7E556EA8
InstallProtocolInterface: 1A1241E6-8F19-41A9-BC0E-E8EF39E06546 7E556ED0
Loading driver 96B5C032-DF4C-4B6E-8232-438DCF448D0E
InstallProtocolInterface: 5B1B31A1-9562-11D2-8E3F-00A0C969723B 7DCD30C0
Loading driver at 0x0007E536000 EntryPoint=0x0007E537200 NullMemoryTestDxe.efi
InstallProtocolInterface: BC62157E-3E33-4FEC-9920-2D3B36D750DF 7DCD0798
ProtectUefiImageCommon - 0x7DCD30C0
  - 0x000000007E536000 - 0x0000000000002240
InstallProtocolInterface: 309DE7F1-7F5E-4ACE-B49C-531BE5AA95EF 7E5380A0
Loading driver 9622E42C-8E38-4A08-9E8F-54F784652F6B
InstallProtocolInterface: 5B1B31A1-9562-11D2-8E3F-00A0C969723B 7DCD3440
Loading driver at 0x0007E52E000 EntryPoint=0x0007E532035 AcpiTableDxe.efi
InstallProtocolInterface: BC62157E-3E33-4FEC-9920-2D3B36D750DF 7DCD2F18
ProtectUefiImageCommon - 0x7DCD3440
  - 0x000000007E52E000 - 0x0000000000007240
InstallProtocolInterface: FFE06BDD-6107-46A6-7BB2-5A9C7EC5275C 7DCD2120
InstallProtocolInterface: EB97088E-CFDF-49C6-BE4B-D906A5B20E86 7DCD2130
Loading driver A210F973-229D-4F4D-AA37-9895E6C9EABA
InstallProtocolInterface: 5B1B31A1-9562-11D2-8E3F-00A0C969723B 7DCD2240
Loading driver at 0x0007E52B000 EntryPoint=0x0007E52C30E DpcDxe.efi
InstallProtocolInterface: BC62157E-3E33-4FEC-9920-2D3B36D750DF 7DCD2A18
ProtectUefiImageCommon - 0x7DCD2240
  - 0x000000007E52B000 - 0x00000000000020C0
InstallProtocolInterface: 480F8AE9-0C46-4AA9-BC89-DB9FBA619806 7E52CD50
Loading driver 8657015B-EA43-440D-949A-AF3BE365C0FC
InstallProtocolInterface: 5B1B31A1-9562-11D2-8E3F-00A0C969723B 7DCD1B40
Loading driver at 0x0007E527000 EntryPoint=0x0007E52965C IoMmuDxe.efi
InstallProtocolInterface: BC62157E-3E33-4FEC-9920-2D3B36D750DF 7DCD2518
ProtectUefiImageCommon - 0x7DCD1B40
  - 0x000000007E527000 - 0x0000000000003D00
InstallProtocolInterface: F8775D50-8ABD-4ADF-92AC-853E51F6C8DC 0
Loading driver 22DC2B60-FE40-42AC-B01F-3AB1FAD9AAD8
InstallProtocolInterface: 5B1B31A1-9562-11D2-8E3F-00A0C969723B 7DCD1140
Loading driver at 0x0007E5B2000 EntryPoint=0x0007E5B44C4 EmuVariableFvbRuntimeDxe.efi
InstallProtocolInterface: BC62157E-3E33-4FEC-9920-2D3B36D750DF 7DCD1418
ProtectUefiImageCommon - 0x7DCD1140
  - 0x000000007E5B2000 - 0x0000000000006000
SetUefiImageMemoryAttributes - 0x000000007E5B2000 - 0x0000000000001000 (0x0000000000004008)
SetUefiImageMemoryAttributes - 0x000000007E5B3000 - 0x0000000000003000 (0x0000000000020008)
SetUefiImageMemoryAttributes - 0x000000007E5B6000 - 0x0000000000002000 (0x0000000000004008)
EMU Variable FVB Started
EMU Variable FVB: Using pre-reserved block at 7EC2C000
EMU Variable FVB: Basic FV headers were invalid
Installing FVB for EMU Variable support
InstallProtocolInterface: 8F644FA9-E850-4DB1-9CE2-0B44698E8DA4 7E5B6120
InstallProtocolInterface: 09576E91-6D3F-11D2-8E39-00A0C969723B 7E5B60E8
Loading driver CBD2E4D5-7068-4FF5-B462-9822B4AD8D60
InstallProtocolInterface: 5B1B31A1-9562-11D2-8E3F-00A0C969723B 7DCCF1C0
Loading driver at 0x0007E5A2000 EntryPoint=0x0007E5AB45D VariableRuntimeDxe.efi
InstallProtocolInterface: BC62157E-3E33-4FEC-9920-2D3B36D750DF 7DCCF418
ProtectUefiImageCommon - 0x7DCCF1C0
  - 0x000000007E5A2000 - 0x0000000000010000
SetUefiImageMemoryAttributes - 0x000000007E5A2000 - 0x0000000000001000 (0x0000000000004008)
SetUefiImageMemoryAttributes - 0x000000007E5A3000 - 0x000000000000D000 (0x0000000000020008)
SetUefiImageMemoryAttributes - 0x000000007E5B0000 - 0x0000000000002000 (0x0000000000004008)
VarCheckLibRegisterSetVariableCheckHandler - 0x7E5A64D7 Success
Variable driver common space: 0x3FF9C 0x3FF9C 0x3FF9C
Variable driver will work with auth variable format!
InstallProtocolInterface: CD3D0A05-9E24-437C-A891-1EE053DB7638 7E5B0470
InstallProtocolInterface: AF23B340-97B4-4685-8D4F-A3F28169B21D 7E5B0440
InstallProtocolInterface: 1E5668E2-8481-11D4-BCF1-0080C73C8881 0
VarCheckLibRegisterSetVariableCheckHandler - 0x7E5A4F83 Success
InstallProtocolInterface: 81D1675C-86F6-48DF-BD95-9A6E4F0925C3 7E5B03C0
Loading driver 6C2004EF-4E0E-4BE4-B14C-340EB4AA5891
InstallProtocolInterface: 5B1B31A1-9562-11D2-8E3F-00A0C969723B 7DCCE7C0
Loading driver at 0x0007E59D000 EntryPoint=0x0007E59F079 StatusCodeHandlerRuntimeDxe.efi
InstallProtocolInterface: BC62157E-3E33-4FEC-9920-2D3B36D750DF 7DCCE598
ProtectUefiImageCommon - 0x7DCCE7C0
  - 0x000000007E59D000 - 0x0000000000005000
SetUefiImageMemoryAttributes - 0x000000007E59D000 - 0x0000000000001000 (0x0000000000004008)
SetUefiImageMemoryAttributes - 0x000000007E59E000 - 0x0000000000003000 (0x0000000000020008)
SetUefiImageMemoryAttributes - 0x000000007E5A1000 - 0x0000000000001000 (0x0000000000004008)
Loading driver 52FE8196-F9DE-4D07-B22F-51F77A0E7C41
InstallProtocolInterface: 5B1B31A1-9562-11D2-8E3F-00A0C969723B 7DCCDBC0
Loading driver at 0x0007E524000 EntryPoint=0x0007E525402 XenTimerDxe.efi
InstallProtocolInterface: BC62157E-3E33-4FEC-9920-2D3B36D750DF 7DCCE218
ProtectUefiImageCommon - 0x7DCCDBC0
  - 0x000000007E524000 - 0x0000000000002200
InstallProtocolInterface: 26BACCB3-6F42-11D4-BCE7-0080C73C8881 7E526060
Loading driver 128FB770-5E79-4176-9E51-9BB268A17DD1
InstallProtocolInterface: 5B1B31A1-9562-11D2-8E3F-00A0C969723B 7DCCD1C0
Loading driver at 0x0007E519000 EntryPoint=0x0007E51E371 PciHostBridgeDxe.efi
InstallProtocolInterface: BC62157E-3E33-4FEC-9920-2D3B36D750DF 7DCCD418
ProtectUefiImageCommon - 0x7DCCD1C0
  - 0x000000007E519000 - 0x000000000000A0C0
Select Item: 0x0
FW CFG Signature: 0x554D4551
Select Item: 0x1
FW CFG Revision: 0x1
QemuFwCfg interface (IO Port) is supported.
PciHostBridgeUtilityInitRootBridge: populated root bus 0, with room for 0 subordinate bus(es)
RootBridge: PciRoot(0x0)
  Support/Attr: 7007F / 7007F
    DmaAbove4G: No
NoExtConfSpace: Yes
     AllocAttr: 0 ()
           Bus: 0 - 0 Translation=0
            Io: C000 - C22F Translation=0
           Mem: F0000000 - F20510FF Translation=0
    MemAbove4G: FFFFFFFFFFFFFFFF - 0 Translation=0
          PMem: FFFFFFFFFFFFFFFF - 0 Translation=0
   PMemAbove4G: FFFFFFFFFFFFFFFF - 0 Translation=0
Length(0x2051100) is not aligned!
PciHostBridge driver failed to set EFI_MEMORY_UC to MMIO aperture - Unsupported.
InstallProtocolInterface: 09576E91-6D3F-11D2-8E39-00A0C969723B 7DCCBF18
InstallProtocolInterface: 2F707EBB-4A1A-11D4-9A38-0090273FC14D 7DCCB2F0
Loading driver B336F62D-4135-4A55-AE4E-4971BBF0885D
InstallProtocolInterface: 5B1B31A1-9562-11D2-8E3F-00A0C969723B 7DCCAD40
Loading driver at 0x0007D48C000 EntryPoint=0x0007D48DFE7 RealTimeClock.efi
InstallProtocolInterface: BC62157E-3E33-4FEC-9920-2D3B36D750DF 7DCCB718
ProtectUefiImageCommon - 0x7DCCAD40
  - 0x000000007D48C000 - 0x0000000000005000
SetUefiImageMemoryAttributes - 0x000000007D48C000 - 0x0000000000001000 (0x0000000000004008)
SetUefiImageMemoryAttributes - 0x000000007D48D000 - 0x0000000000003000 (0x0000000000020008)
SetUefiImageMemoryAttributes - 0x000000007D490000 - 0x0000000000001000 (0x0000000000004008)
InitializeRealTimeClock: using default timezone/daylight settings
InstallProtocolInterface: 27CFAC87-46CC-11D4-9A38-0090273FC14D 0
Loading driver EBF342FE-B1D3-4EF8-957C-8048606FF671
InstallProtocolInterface: 5B1B31A1-9562-11D2-8E3F-00A0C969723B 7DCCA6C0
Loading driver at 0x0007E4FF000 EntryPoint=0x0007E5132C1 SetupBrowser.efi
InstallProtocolInterface: BC62157E-3E33-4FEC-9920-2D3B36D750DF 7DCCA298
ProtectUefiImageCommon - 0x7DCCA6C0
  - 0x000000007E4FF000 - 0x0000000000019900
InstallProtocolInterface: B9D4C360-BCFB-4F9B-9298-53C136982258 7E518490
InstallProtocolInterface: A770C357-B693-4E6D-A6CF-D21C728E550B 7E5184C0
InstallProtocolInterface: 1F73B18D-4630-43C1-A1DE-6F80855D7DA4 7E5184A0
Loading driver F9D88642-0737-49BC-81B5-6889CD57D9EA
InstallProtocolInterface: 5B1B31A1-9562-11D2-8E3F-00A0C969723B 7DCC90C0
Loading driver at 0x0007E4F9000 EntryPoint=0x0007E4FC281 SmbiosDxe.efi
InstallProtocolInterface: BC62157E-3E33-4FEC-9920-2D3B36D750DF 7DCC9A98
ProtectUefiImageCommon - 0x7DCC90C0
  - 0x000000007E4F9000 - 0x0000000000005640
Select Item: 0x0
FW CFG Signature: 0x554D4551
Select Item: 0x1
FW CFG Revision: 0x1
QemuFwCfg interface (IO Port) is supported.
Select Item: 0x19
Select Item: 0x19
Select Item: 0x23
DetectSmbiosVersion: SMBIOS version from QEMU: 0x0208
InstallProtocolInterface: 03583FF6-CB36-4940-947E-B9B39F4AFAF7 7E4FE4F0
Loading driver 49970331-E3FA-4637-9ABC-3B7868676970
InstallProtocolInterface: 5B1B31A1-9562-11D2-8E3F-00A0C969723B 7DCC0040
Loading driver at 0x0007E4F1000 EntryPoint=0x0007E4F60C1 AcpiPlatform.efi
InstallProtocolInterface: BC62157E-3E33-4FEC-9920-2D3B36D750DF 7DCC9598
ProtectUefiImageCommon - 0x7DCC0040
  - 0x000000007E4F1000 - 0x0000000000007DC0
Select Item: 0x0
FW CFG Signature: 0x554D4551
Select Item: 0x1
FW CFG Revision: 0x1
QemuFwCfg interface (IO Port) is supported.
AcpiPlatformEntryPoint: PCI or its enumeration disabled, installing ACPI tables
Loading driver BDCE85BB-FBAA-4F4E-9264-501A2C249581
InstallProtocolInterface: 5B1B31A1-9562-11D2-8E3F-00A0C969723B 7DCC0440
Loading driver at 0x0007E4EA000 EntryPoint=0x0007E4EE3D9 S3SaveStateDxe.efi
InstallProtocolInterface: BC62157E-3E33-4FEC-9920-2D3B36D750DF 7DCC0998
ProtectUefiImageCommon - 0x7DCC0440
  - 0x000000007E4EA000 - 0x0000000000006A00
Select Item: 0x0
FW CFG Signature: 0x554D4551
Select Item: 0x1
FW CFG Revision: 0x1
QemuFwCfg interface (IO Port) is supported.
Select Item: 0x19
Select Item: 0x25
InstallProtocolInterface: BD445D79-B7AD-4F04-9AD8-29BD2040EB3C 0
InstallProtocolInterface: E857CAF6-C046-45DC-BE3F-EE0765FBA887 7E4F0760
Loading driver A487A478-51EF-48AA-8794-7BEE2A0562F1
InstallProtocolInterface: 5B1B31A1-9562-11D2-8E3F-00A0C969723B 7DCC80C0
Loading driver at 0x0007E4DF000 EntryPoint=0x0007E4E58EE tftpDynamicCommand.efi
InstallProtocolInterface: BC62157E-3E33-4FEC-9920-2D3B36D750DF 7DCC8A18
InstallProtocolInterface: 6A1EE763-D47A-43B4-AABE-EF1DE2AB56FC 7E4E7F30
ProtectUefiImageCommon - 0x7DCC80C0
  - 0x000000007E4DF000 - 0x000000000000AA80
InstallProtocolInterface: 3C7200E9-005F-4EA4-87DE-A3DFAC8A27C3 7E4E7B00
Loading driver 19618BCE-55AE-09C6-37E9-4CE04084C7A1
InstallProtocolInterface: 5B1B31A1-9562-11D2-8E3F-00A0C969723B 7DCC7B40
Loading driver at 0x0007E4D2000 EntryPoint=0x0007E4DA0B2 httpDynamicCommand.efi
InstallProtocolInterface: BC62157E-3E33-4FEC-9920-2D3B36D750DF 7DCC7E98
InstallProtocolInterface: 6A1EE763-D47A-43B4-AABE-EF1DE2AB56FC 7E4DCD30
ProtectUefiImageCommon - 0x7DCC7B40
  - 0x000000007E4D2000 - 0x000000000000CFC0
InstallProtocolInterface: 3C7200E9-005F-4EA4-87DE-A3DFAC8A27C3 7E4DC880
Loading driver 2F30DA26-F51B-4B6F-85C4-31873C281BCA
InstallProtocolInterface: 5B1B31A1-9562-11D2-8E3F-00A0C969723B 7DCC7240
Loading driver at 0x0007E4CA000 EntryPoint=0x0007E4CF29B LinuxInitrdDynamicShellCommand.efi
InstallProtocolInterface: BC62157E-3E33-4FEC-9920-2D3B36D750DF 7DCC1F18
InstallProtocolInterface: 6A1EE763-D47A-43B4-AABE-EF1DE2AB56FC 7E4D14F0
ProtectUefiImageCommon - 0x7DCC7240
  - 0x000000007E4CA000 - 0x0000000000008000
InstallProtocolInterface: 3C7200E9-005F-4EA4-87DE-A3DFAC8A27C3 7E4D11D0
Loading driver F74D20EE-37E7-48FC-97F7-9B1047749C69
InstallProtocolInterface: 5B1B31A1-9562-11D2-8E3F-00A0C969723B 7DCBFAC0
Loading driver at 0x0007E4C5000 EntryPoint=0x0007E4C5FB0 LogoDxe.efi
InstallProtocolInterface: BC62157E-3E33-4FEC-9920-2D3B36D750DF 7DCC1B98
InstallProtocolInterface: 6A1EE763-D47A-43B4-AABE-EF1DE2AB56FC 7E4C6B30
ProtectUefiImageCommon - 0x7DCBFAC0
  - 0x000000007E4C5000 - 0x0000000000004A80
InstallProtocolInterface: 53CD299F-2BC1-40C0-8C07-23F64FDB30E0 7E4C6980
Loading driver DCE1B094-7DC6-45D0-9FDD-D7FC3CC3E4EF
InstallProtocolInterface: 5B1B31A1-9562-11D2-8E3F-00A0C969723B 7DCC1440
Loading driver at 0x0007E4C0000 EntryPoint=0x0007E4C2879 QemuRamfbDxe.efi
InstallProtocolInterface: BC62157E-3E33-4FEC-9920-2D3B36D750DF 7DCBEE18
ProtectUefiImageCommon - 0x7DCC1440
  - 0x000000007E4C0000 - 0x0000000000004880
Select Item: 0x0
FW CFG Signature: 0x554D4551
Select Item: 0x1
FW CFG Revision: 0x1
QemuFwCfg interface (IO Port) is supported.
Select Item: 0x19
Error: Image at 0007E4C0000 start failed: Not Found
Loading driver FE5CEA76-4F72-49E8-986F-2CD899DFFE5D
InstallProtocolInterface: 5B1B31A1-9562-11D2-8E3F-00A0C969723B 7DCC1440
Loading driver at 0x0007E4BF000 EntryPoint=0x0007E4C2D45 FaultTolerantWriteDxe.efi
InstallProtocolInterface: BC62157E-3E33-4FEC-9920-2D3B36D750DF 7DCBEB18
ProtectUefiImageCommon - 0x7DCC1440
  - 0x000000007E4BF000 - 0x0000000000005880
Ftw: FtwWorkSpaceLba - 0x40, WorkBlockSize  - 0x1000, FtwWorkSpaceBase - 0x0
Ftw: FtwSpareLba     - 0x42, SpareBlockSize - 0x1000
Ftw: NumberOfWorkBlock - 0x1, FtwWorkBlockLba - 0x40
Ftw: WorkSpaceLbaInSpare - 0x0, WorkSpaceBaseInSpare - 0x0
Ftw: Remaining work space size - FE0
Ftw: Work block header check mismatch
Ftw: Work block header check mismatch
Ftw: Both working and spare blocks are invalid, init workspace
Ftw: start to reclaim work space
Ftw: reclaim work space successfully
InstallProtocolInterface: 3EBD9E82-2C78-4DE6-9786-8D4BFCB7C881 7DCB9028
NOTICE - AuthVariableLibInitialize() returns Unsupported!
Variable driver will continue to work without auth variable support!
RecordSecureBootPolicyVarData GetVariable SecureBoot Status E
InstallProtocolInterface: 6441F818-6362-4E44-B570-7DBA31DD2453 0
Loading driver F099D67F-71AE-4C36-B2A3-DCEB0EB2B7D8
InstallProtocolInterface: 5B1B31A1-9562-11D2-8E3F-00A0C969723B 7DCBE640
Loading driver at 0x0007E4BD000 EntryPoint=0x0007E4BE076 WatchdogTimer.efi
InstallProtocolInterface: BC62157E-3E33-4FEC-9920-2D3B36D750DF 7DCBE998
ProtectUefiImageCommon - 0x7DCBE640
  - 0x000000007E4BD000 - 0x0000000000001F00
InstallProtocolInterface: 665E3FF5-46CC-11D4-9A38-0090273FC14D 7E4BED30
Loading driver AD608272-D07F-4964-801E-7BD3B7888652
InstallProtocolInterface: 5B1B31A1-9562-11D2-8E3F-00A0C969723B 7DCB60C0
Loading driver at 0x0007D47E000 EntryPoint=0x0007D47FE3D MonotonicCounterRuntimeDxe.efi
InstallProtocolInterface: BC62157E-3E33-4FEC-9920-2D3B36D750DF 7DCB6318
ProtectUefiImageCommon - 0x7DCB60C0
  - 0x000000007D47E000 - 0x0000000000004000
SetUefiImageMemoryAttributes - 0x000000007D47E000 - 0x0000000000001000 (0x0000000000004008)
SetUefiImageMemoryAttributes - 0x000000007D47F000 - 0x0000000000002000 (0x0000000000020008)
SetUefiImageMemoryAttributes - 0x000000007D481000 - 0x0000000000001000 (0x0000000000004008)
InstallProtocolInterface: 1DA97072-BDDC-4B30-99F1-72A0B56FFF2A 0
Loading driver 42857F0A-13F2-4B21-8A23-53D3F714B840
InstallProtocolInterface: 5B1B31A1-9562-11D2-8E3F-00A0C969723B 7DCB8B40
Loading driver at 0x0007D47A000 EntryPoint=0x0007D47C083 CapsuleRuntimeDxe.efi
InstallProtocolInterface: BC62157E-3E33-4FEC-9920-2D3B36D750DF 7DCB6498
ProtectUefiImageCommon - 0x7DCB8B40
  - 0x000000007D47A000 - 0x0000000000004000
SetUefiImageMemoryAttributes - 0x000000007D47A000 - 0x0000000000001000 (0x0000000000004008)
SetUefiImageMemoryAttributes - 0x000000007D47B000 - 0x0000000000002000 (0x0000000000020008)
SetUefiImageMemoryAttributes - 0x000000007D47D000 - 0x0000000000001000 (0x0000000000004008)
InstallProtocolInterface: 5053697E-2CBC-4819-90D9-0580DEEE5754 0
Loading driver EBF8ED7C-0DD1-4787-84F1-F48D537DCACF
InstallProtocolInterface: 5B1B31A1-9562-11D2-8E3F-00A0C969723B 7DCB8240
Loading driver at 0x0007E4B6000 EntryPoint=0x0007E4B9DE2 DriverHealthManagerDxe.efi
InstallProtocolInterface: BC62157E-3E33-4FEC-9920-2D3B36D750DF 7DCB8518
ProtectUefiImageCommon - 0x7DCB8240
  - 0x000000007E4B6000 - 0x0000000000006300
InstallProtocolInterface: 09576E91-6D3F-11D2-8E39-00A0C969723B 7E4BC0A0
InstallProtocolInterface: 330D4706-F2A0-4E4F-A369-B66FA8D54385 7E4BC070
Loading driver 6D33944A-EC75-4855-A54D-809C75241F6C
InstallProtocolInterface: 5B1B31A1-9562-11D2-8E3F-00A0C969723B 7DCB5340
Loading driver at 0x0007E49B000 EntryPoint=0x0007E4AF7A4 BdsDxe.efi
InstallProtocolInterface: BC62157E-3E33-4FEC-9920-2D3B36D750DF 7DCB5E98
ProtectUefiImageCommon - 0x7DCB5340
  - 0x000000007E49B000 - 0x000000000001A540
Select Item: 0x0
FW CFG Signature: 0x554D4551
Select Item: 0x1
FW CFG Revision: 0x1
QemuFwCfg interface (IO Port) is supported.
InstallProtocolInterface: 665E3FF6-46CC-11D4-9A38-0090273FC14D 7E4B5060
Loading driver 28A03FF4-12B3-4305-A417-BB1A4F94081E
InstallProtocolInterface: 5B1B31A1-9562-11D2-8E3F-00A0C969723B 7DCB71C0
Loading driver at 0x0007E490000 EntryPoint=0x0007E496E57 RamDiskDxe.efi
InstallProtocolInterface: BC62157E-3E33-4FEC-9920-2D3B36D750DF 7DCB7598
ProtectUefiImageCommon - 0x7DCB71C0
  - 0x000000007E490000 - 0x000000000000AF80
InstallProtocolInterface: 09576E91-6D3F-11D2-8E39-00A0C969723B 7DCB4F18
InstallProtocolInterface: 330D4706-F2A0-4E4F-A369-B66FA8D54385 7E49ACD8
InstallProtocolInterface: 09576E91-6D3F-11D2-8E39-00A0C969723B 7E49ABC0
InstallProtocolInterface: 330D4706-F2A0-4E4F-A369-B66FA8D54385 7DCB38B0
InstallProtocolInterface: AB38A0DF-6873-44A9-87E6-D4EB56148449 7E49AC00
InstallProtocolInterface: 28A03FF4-12B3-4305-A417-BB1A4F94081E 7DCB3898
Loading driver E660EA85-058E-4B55-A54B-F02F83A24707
InstallProtocolInterface: 5B1B31A1-9562-11D2-8E3F-00A0C969723B 7DCB40C0
Loading driver at 0x0007E47C000 EntryPoint=0x0007E48ACAE DisplayEngine.efi
InstallProtocolInterface: BC62157E-3E33-4FEC-9920-2D3B36D750DF 7DCB4A98
ProtectUefiImageCommon - 0x7DCB40C0
  - 0x000000007E47C000 - 0x0000000000013EC0
InstallProtocolInterface: 9BBE29E9-FDA1-41EC-AD52-452213742D2E 7E48E310
InstallProtocolInterface: 4311EDC0-6054-46D4-9E40-893EA952FCCC 7E48E328
Loading driver 4110465D-5FF3-4F4B-B580-24ED0D06747A
InstallProtocolInterface: 5B1B31A1-9562-11D2-8E3F-00A0C969723B 7DCAE240
Loading driver at 0x0007E478000 EntryPoint=0x0007E479903 SmbiosPlatformDxe.efi
InstallProtocolInterface: BC62157E-3E33-4FEC-9920-2D3B36D750DF 7DCA7018
ProtectUefiImageCommon - 0x7DCAE240
  - 0x000000007E478000 - 0x0000000000003300
Select Item: 0x0
FW CFG Signature: 0x554D4551
Select Item: 0x1
FW CFG Revision: 0x1
QemuFwCfg interface (IO Port) is supported.
SmbiosAdd: Smbios type 0 with size 0x34 is added to 32-bit table
SmbiosCreateTable: Initialize 32-bit entry point structure
SmbiosCreateTable() re-allocate SMBIOS 32-bit table
SmbiosAdd: Smbios type 1 with size 0x5A is added to 32-bit table
SmbiosAdd: Smbios type 3 with size 0x1A is added to 32-bit table
SmbiosAdd: Smbios type 4 with size 0x30 is added to 32-bit table
SmbiosAdd: Smbios type 4 with size 0x30 is added to 32-bit table
SmbiosAdd: Smbios type 11 with size 0xA is added to 32-bit table
SmbiosAdd: Smbios type 16 with size 0x11 is added to 32-bit table
SmbiosAdd: Smbios type 17 with size 0x23 is added to 32-bit table
SmbiosAdd: Smbios type 19 with size 0x11 is added to 32-bit table
SmbiosAdd: Smbios type 20 with size 0x15 is added to 32-bit table
SmbiosAdd: Smbios type 32 with size 0xD is added to 32-bit table
Loading driver FA20568B-548B-4B2B-81EF-1BA08D4A3CEC
InstallProtocolInterface: 5B1B31A1-9562-11D2-8E3F-00A0C969723B 7DCAB140
Loading driver at 0x0007E469000 EntryPoint=0x0007E4712C9 BootScriptExecutorDxe.efi
InstallProtocolInterface: BC62157E-3E33-4FEC-9920-2D3B36D750DF 7DCABB18
ProtectUefiImageCommon - 0x7DCAB140
  - 0x000000007E469000 - 0x000000000000E200
Select Item: 0x0
FW CFG Signature: 0x554D4551
Select Item: 0x1
FW CFG Revision: 0x1
QemuFwCfg interface (IO Port) is supported.
Select Item: 0x19
Select Item: 0x25
Loading driver D9DCC5DF-4007-435E-9098-8970935504B2
InstallProtocolInterface: 5B1B31A1-9562-11D2-8E3F-00A0C969723B 7DCAB5C0
Loading driver at 0x0007E464000 EntryPoint=0x0007E46697E PlatformDxe.efi
InstallProtocolInterface: BC62157E-3E33-4FEC-9920-2D3B36D750DF 7DCAAF18
ProtectUefiImageCommon - 0x7DCAB5C0
  - 0x000000007E464000 - 0x0000000000004A80
InstallProtocolInterface: 09576E91-6D3F-11D2-8E39-00A0C969723B 7E4688C0
InstallProtocolInterface: 330D4706-F2A0-4E4F-A369-B66FA8D54385 7E468990
Loading driver 93B80004-9FB3-11D4-9A3A-0090273FC14D
InstallProtocolInterface: 5B1B31A1-9562-11D2-8E3F-00A0C969723B 7DCA9BC0
Loading driver at 0x0007E454000 EntryPoint=0x0007E460F35 PciBusDxe.efi
InstallProtocolInterface: BC62157E-3E33-4FEC-9920-2D3B36D750DF 7DCAA698
ProtectUefiImageCommon - 0x7DCA9BC0
  - 0x000000007E454000 - 0x000000000000F800
InstallProtocolInterface: 18A031AB-B443-4D1A-A5C0-0C09261E9F71 7E4634C0
InstallProtocolInterface: 107A772C-D5E1-11D4-9A46-0090273FC14D 7E463490
InstallProtocolInterface: 6A7A5CFF-E8D9-4F70-BADA-75AB3025CE14 7E463470
InstallProtocolInterface: 19CB87AB-2CB9-4665-8360-DDCF6054F79D 7E463450
Loading driver CF569F50-DE44-4F54-B4D7-F4AE25CDA599
InstallProtocolInterface: 5B1B31A1-9562-11D2-8E3F-00A0C969723B 7DCA94C0
Loading driver at 0x0007E451000 EntryPoint=0x0007E452574 XenIoPciDxe.efi
InstallProtocolInterface: BC62157E-3E33-4FEC-9920-2D3B36D750DF 7DCA9818
ProtectUefiImageCommon - 0x7DCA94C0
  - 0x000000007E451000 - 0x0000000000002700
InstallProtocolInterface: 18A031AB-B443-4D1A-A5C0-0C09261E9F71 7E453580
InstallProtocolInterface: 107A772C-D5E1-11D4-9A46-0090273FC14D 7E453560
InstallProtocolInterface: 6A7A5CFF-E8D9-4F70-BADA-75AB3025CE14 7E453540
Loading driver 565EC8BA-A484-11E3-802B-B8AC6F7D65E6
InstallProtocolInterface: 5B1B31A1-9562-11D2-8E3F-00A0C969723B 7DCA80C0
Loading driver at 0x0007E448000 EntryPoint=0x0007E44C7FD XenBusDxe.efi
InstallProtocolInterface: BC62157E-3E33-4FEC-9920-2D3B36D750DF 7DCA8A98
ProtectUefiImageCommon - 0x7DCA80C0
  - 0x000000007E448000 - 0x0000000000008D00
InstallProtocolInterface: 18A031AB-B443-4D1A-A5C0-0C09261E9F71 7E44EA60
InstallProtocolInterface: 107A772C-D5E1-11D4-9A46-0090273FC14D 7E44EA30
InstallProtocolInterface: 6A7A5CFF-E8D9-4F70-BADA-75AB3025CE14 7E44EA10
Loading driver 8C2487EA-9AF3-11E3-B966-B8AC6F7D65E6
InstallProtocolInterface: 5B1B31A1-9562-11D2-8E3F-00A0C969723B 7DCA8540
Loading driver at 0x0007E443000 EntryPoint=0x0007E446040 XenPvBlkDxe.efi
InstallProtocolInterface: BC62157E-3E33-4FEC-9920-2D3B36D750DF 7DCA1018
ProtectUefiImageCommon - 0x7DCA8540
  - 0x000000007E443000 - 0x0000000000004E40
InstallProtocolInterface: 18A031AB-B443-4D1A-A5C0-0C09261E9F71 7E447CA0
InstallProtocolInterface: 107A772C-D5E1-11D4-9A46-0090273FC14D 7E447C70
InstallProtocolInterface: 6A7A5CFF-E8D9-4F70-BADA-75AB3025CE14 7E447C50
Loading driver 51CCF399-4FDF-4E55-A45B-E123F84D456A
InstallProtocolInterface: 5B1B31A1-9562-11D2-8E3F-00A0C969723B 7DCA10C0
Loading driver at 0x0007E43E000 EntryPoint=0x0007E440831 ConPlatformDxe.efi
InstallProtocolInterface: BC62157E-3E33-4FEC-9920-2D3B36D750DF 7DCA1A18
ProtectUefiImageCommon - 0x7DCA10C0
  - 0x000000007E43E000 - 0x0000000000004200
InstallProtocolInterface: 18A031AB-B443-4D1A-A5C0-0C09261E9F71 7E441FA0
InstallProtocolInterface: 107A772C-D5E1-11D4-9A46-0090273FC14D 7E442010
InstallProtocolInterface: 6A7A5CFF-E8D9-4F70-BADA-75AB3025CE14 7E441FF0
InstallProtocolInterface: 18A031AB-B443-4D1A-A5C0-0C09261E9F71 7E441F60
InstallProtocolInterface: 107A772C-D5E1-11D4-9A46-0090273FC14D 7E442010
InstallProtocolInterface: 6A7A5CFF-E8D9-4F70-BADA-75AB3025CE14 7E441FF0
Loading driver 408EDCEC-CF6D-477C-A5A8-B4844E3DE281
InstallProtocolInterface: 5B1B31A1-9562-11D2-8E3F-00A0C969723B 7DCA6B40
Loading driver at 0x0007E436000 EntryPoint=0x0007E43B19C ConSplitterDxe.efi
InstallProtocolInterface: BC62157E-3E33-4FEC-9920-2D3B36D750DF 7DCA6D98
ProtectUefiImageCommon - 0x7DCA6B40
  - 0x000000007E436000 - 0x0000000000007700
InstallProtocolInterface: 18A031AB-B443-4D1A-A5C0-0C09261E9F71 7E43D360
InstallProtocolInterface: 107A772C-D5E1-11D4-9A46-0090273FC14D 7E43D330
InstallProtocolInterface: 6A7A5CFF-E8D9-4F70-BADA-75AB3025CE14 7E43D310
InstallProtocolInterface: 18A031AB-B443-4D1A-A5C0-0C09261E9F71 7E43D2E0
InstallProtocolInterface: 107A772C-D5E1-11D4-9A46-0090273FC14D 7E43D2B0
InstallProtocolInterface: 6A7A5CFF-E8D9-4F70-BADA-75AB3025CE14 7E43D290
InstallProtocolInterface: 18A031AB-B443-4D1A-A5C0-0C09261E9F71 7E43D260
InstallProtocolInterface: 107A772C-D5E1-11D4-9A46-0090273FC14D 7E43D230
InstallProtocolInterface: 6A7A5CFF-E8D9-4F70-BADA-75AB3025CE14 7E43D210
InstallProtocolInterface: 18A031AB-B443-4D1A-A5C0-0C09261E9F71 7E43D1E0
InstallProtocolInterface: 107A772C-D5E1-11D4-9A46-0090273FC14D 7E43D1B0
InstallProtocolInterface: 6A7A5CFF-E8D9-4F70-BADA-75AB3025CE14 7E43D190
InstallProtocolInterface: 18A031AB-B443-4D1A-A5C0-0C09261E9F71 7E43D160
InstallProtocolInterface: 107A772C-D5E1-11D4-9A46-0090273FC14D 7E43D130
InstallProtocolInterface: 6A7A5CFF-E8D9-4F70-BADA-75AB3025CE14 7E43D110
InstallProtocolInterface: 387477C1-69C7-11D2-8E39-00A0C969723B 7E43CF90
InstallProtocolInterface: DD9E7534-7762-4698-8C14-F58517A625AA 7E43CFC0
InstallProtocolInterface: 31878C87-0B75-11D5-9A4F-0090273FC14D 7E43D030
InstallProtocolInterface: 8D59D32B-C655-4AE9-9B15-F25904992A43 7E43D088
InstallProtocolInterface: 387477C2-69C7-11D2-8E39-00A0C969723B 7E43D3D0
InstallProtocolInterface: 387477C2-69C7-11D2-8E39-00A0C969723B 7E43CE30
Loading driver CCCB0C28-4B24-11D5-9A5A-0090273FC14D
InstallProtocolInterface: 5B1B31A1-9562-11D2-8E3F-00A0C969723B 7DCA36C0
Loading driver at 0x0007E430000 EntryPoint=0x0007E433113 GraphicsConsoleDxe.efi
InstallProtocolInterface: BC62157E-3E33-4FEC-9920-2D3B36D750DF 7DCA3C98
ProtectUefiImageCommon - 0x7DCA36C0
  - 0x000000007E430000 - 0x0000000000006000
InstallProtocolInterface: 18A031AB-B443-4D1A-A5C0-0C09261E9F71 7E435E00
InstallProtocolInterface: 107A772C-D5E1-11D4-9A46-0090273FC14D 7E435DE0
InstallProtocolInterface: 6A7A5CFF-E8D9-4F70-BADA-75AB3025CE14 7E435DC0
Loading driver 9E863906-A40F-4875-977F-5B93FF237FC6
InstallProtocolInterface: 5B1B31A1-9562-11D2-8E3F-00A0C969723B 7DCA2140
Loading driver at 0x0007E427000 EntryPoint=0x0007E42CCE4 TerminalDxe.efi
InstallProtocolInterface: BC62157E-3E33-4FEC-9920-2D3B36D750DF 7DCA2398
ProtectUefiImageCommon - 0x7DCA2140
  - 0x000000007E427000 - 0x0000000000008040
InstallProtocolInterface: 18A031AB-B443-4D1A-A5C0-0C09261E9F71 7E42EE20
InstallProtocolInterface: 107A772C-D5E1-11D4-9A46-0090273FC14D 7E42EDF0
InstallProtocolInterface: 6A7A5CFF-E8D9-4F70-BADA-75AB3025CE14 7E42EDD0
Loading driver 6B38F7B4-AD98-40E9-9093-ACA2B5A253C4
InstallProtocolInterface: 5B1B31A1-9562-11D2-8E3F-00A0C969723B 7DCA0040
Loading driver at 0x0007E422000 EntryPoint=0x0007E4251CE DiskIoDxe.efi
InstallProtocolInterface: BC62157E-3E33-4FEC-9920-2D3B36D750DF 7DCA2598
ProtectUefiImageCommon - 0x7DCA0040
  - 0x000000007E422000 - 0x0000000000004C00
InstallProtocolInterface: 18A031AB-B443-4D1A-A5C0-0C09261E9F71 7E426A80
InstallProtocolInterface: 107A772C-D5E1-11D4-9A46-0090273FC14D 7E426A50
InstallProtocolInterface: 6A7A5CFF-E8D9-4F70-BADA-75AB3025CE14 7E426A30
Loading driver 1FA1F39E-FEFF-4AAE-BD7B-38A070A3B609
InstallProtocolInterface: 5B1B31A1-9562-11D2-8E3F-00A0C969723B 7DCA09C0
Loading driver at 0x0007E41B000 EntryPoint=0x0007E41FBEC PartitionDxe.efi
InstallProtocolInterface: BC62157E-3E33-4FEC-9920-2D3B36D750DF 7DCA0818
ProtectUefiImageCommon - 0x7DCA09C0
  - 0x000000007E41B000 - 0x00000000000067C0
InstallProtocolInterface: 18A031AB-B443-4D1A-A5C0-0C09261E9F71 7E421620
InstallProtocolInterface: 107A772C-D5E1-11D4-9A46-0090273FC14D 7E421600
InstallProtocolInterface: 6A7A5CFF-E8D9-4F70-BADA-75AB3025CE14 7E4215E0
Loading driver CD3BAFB6-50FB-4FE8-8E4E-AB74D2C1A600
InstallProtocolInterface: 5B1B31A1-9562-11D2-8E3F-00A0C969723B 7DC9A040
Loading driver at 0x0007D476000 EntryPoint=0x0007D477250 EnglishDxe.efi
InstallProtocolInterface: BC62157E-3E33-4FEC-9920-2D3B36D750DF 7DC9AD18
ProtectUefiImageCommon - 0x7DC9A040
  - 0x000000007D476000 - 0x0000000000002100
InstallProtocolInterface: 1D85CD7F-F43D-11D2-9A0C-0090273FC14D 7D477C60
InstallProtocolInterface: A4C751FC-23AE-4C3E-92E9-4964CF63F349 7D477C00
Loading driver 0167CCC4-D0F7-4F21-A3EF-9E64B7CDCE8B
InstallProtocolInterface: 5B1B31A1-9562-11D2-8E3F-00A0C969723B 7DC9A540
Loading driver at 0x0007D471000 EntryPoint=0x0007D473BF3 ScsiBus.efi
InstallProtocolInterface: BC62157E-3E33-4FEC-9920-2D3B36D750DF 7DC9A898
ProtectUefiImageCommon - 0x7DC9A540
  - 0x000000007D471000 - 0x0000000000004180
InstallProtocolInterface: 18A031AB-B443-4D1A-A5C0-0C09261E9F71 7D474FE0
InstallProtocolInterface: 107A772C-D5E1-11D4-9A46-0090273FC14D 7D474FC0
InstallProtocolInterface: 6A7A5CFF-E8D9-4F70-BADA-75AB3025CE14 7D474FA0
Loading driver 0A66E322-3740-4CCE-AD62-BD172CECCA35
InstallProtocolInterface: 5B1B31A1-9562-11D2-8E3F-00A0C969723B 7DC9FB40
Loading driver at 0x0007D467000 EntryPoint=0x0007D46F1FF ScsiDisk.efi
InstallProtocolInterface: BC62157E-3E33-4FEC-9920-2D3B36D750DF 7DC9AA18
ProtectUefiImageCommon - 0x7DC9FB40
  - 0x000000007D467000 - 0x0000000000009DC0
InstallProtocolInterface: 18A031AB-B443-4D1A-A5C0-0C09261E9F71 7D470C20
InstallProtocolInterface: 107A772C-D5E1-11D4-9A46-0090273FC14D 7D470BF0
InstallProtocolInterface: 6A7A5CFF-E8D9-4F70-BADA-75AB3025CE14 7D470BD0
Loading driver 021722D8-522B-4079-852A-FE44C2C13F49
InstallProtocolInterface: 5B1B31A1-9562-11D2-8E3F-00A0C969723B 7DC9F1C0
Loading driver at 0x0007D463000 EntryPoint=0x0007D464F79 SataController.efi
InstallProtocolInterface: BC62157E-3E33-4FEC-9920-2D3B36D750DF 7DC9F518
ProtectUefiImageCommon - 0x7DC9F1C0
  - 0x000000007D463000 - 0x0000000000003480
InstallProtocolInterface: 18A031AB-B443-4D1A-A5C0-0C09261E9F71 7D4662E0
InstallProtocolInterface: 107A772C-D5E1-11D4-9A46-0090273FC14D 7D4662C0
InstallProtocolInterface: 6A7A5CFF-E8D9-4F70-BADA-75AB3025CE14 7D4662A0
Loading driver 5E523CB4-D397-4986-87BD-A6DD8B22F455
InstallProtocolInterface: 5B1B31A1-9562-11D2-8E3F-00A0C969723B 7DC9EB40
Loading driver at 0x0007D457000 EntryPoint=0x0007D45FBC3 AtaAtapiPassThruDxe.efi
InstallProtocolInterface: BC62157E-3E33-4FEC-9920-2D3B36D750DF 7DC9E098
ProtectUefiImageCommon - 0x7DC9EB40
  - 0x000000007D457000 - 0x000000000000B580
InstallProtocolInterface: 18A031AB-B443-4D1A-A5C0-0C09261E9F71 7D462360
InstallProtocolInterface: 107A772C-D5E1-11D4-9A46-0090273FC14D 7D462340
InstallProtocolInterface: 6A7A5CFF-E8D9-4F70-BADA-75AB3025CE14 7D462320
Loading driver 19DF145A-B1D4-453F-8507-38816676D7F6
InstallProtocolInterface: 5B1B31A1-9562-11D2-8E3F-00A0C969723B 7DC9E240
Loading driver at 0x0007D450000 EntryPoint=0x0007D4547C6 AtaBusDxe.efi
InstallProtocolInterface: BC62157E-3E33-4FEC-9920-2D3B36D750DF 7DC9E598
ProtectUefiImageCommon - 0x7DC9E240
  - 0x000000007D450000 - 0x00000000000067C0
InstallProtocolInterface: 18A031AB-B443-4D1A-A5C0-0C09261E9F71 7D456600
InstallProtocolInterface: 107A772C-D5E1-11D4-9A46-0090273FC14D 7D4565E0
InstallProtocolInterface: 6A7A5CFF-E8D9-4F70-BADA-75AB3025CE14 7D4565C0
Loading driver 5BE3BDF4-53CF-46A3-A6A9-73C34A6E5EE3
InstallProtocolInterface: 5B1B31A1-9562-11D2-8E3F-00A0C969723B 7DC9DCC0
Loading driver at 0x0007D445000 EntryPoint=0x0007D44C7C5 NvmExpressDxe.efi
InstallProtocolInterface: BC62157E-3E33-4FEC-9920-2D3B36D750DF 7DC9D918
ProtectUefiImageCommon - 0x7DC9DCC0
  - 0x000000007D445000 - 0x000000000000A080
InstallProtocolInterface: 18A031AB-B443-4D1A-A5C0-0C09261E9F71 7D44EEA0
InstallProtocolInterface: 107A772C-D5E1-11D4-9A46-0090273FC14D 7D44EE80
InstallProtocolInterface: 6A7A5CFF-E8D9-4F70-BADA-75AB3025CE14 7D44EE60
InstallProtocolInterface: 5C198761-16A8-4E69-972C-89D67954F81D 7D44EE50
Loading driver 864E1CA8-85EB-4D63-9DCC-6E0FC90FFD55
InstallProtocolInterface: 5B1B31A1-9562-11D2-8E3F-00A0C969723B 7DC9D340
Loading driver at 0x0007D441000 EntryPoint=0x0007D442EF2 SioBusDxe.efi
InstallProtocolInterface: BC62157E-3E33-4FEC-9920-2D3B36D750DF 7DC95018
ProtectUefiImageCommon - 0x7DC9D340
  - 0x000000007D441000 - 0x00000000000033C0
InstallProtocolInterface: 18A031AB-B443-4D1A-A5C0-0C09261E9F71 7D444220
InstallProtocolInterface: 107A772C-D5E1-11D4-9A46-0090273FC14D 7D444200
InstallProtocolInterface: 6A7A5CFF-E8D9-4F70-BADA-75AB3025CE14 7D4441E0
Loading driver E2775B47-D453-4EE3-ADA7-391A1B05AC17
InstallProtocolInterface: 5B1B31A1-9562-11D2-8E3F-00A0C969723B 7DC95140
Loading driver at 0x0007D43A000 EntryPoint=0x0007D43EBBB PciSioSerialDxe.efi
InstallProtocolInterface: BC62157E-3E33-4FEC-9920-2D3B36D750DF 7DC95B18
ProtectUefiImageCommon - 0x7DC95140
  - 0x000000007D43A000 - 0x0000000000006800
InstallProtocolInterface: 18A031AB-B443-4D1A-A5C0-0C09261E9F71 7D440640
InstallProtocolInterface: 107A772C-D5E1-11D4-9A46-0090273FC14D 7D440620
InstallProtocolInterface: 6A7A5CFF-E8D9-4F70-BADA-75AB3025CE14 7D440600
Loading driver C4D1F932-821F-4744-BF06-6D30F7730F8D
InstallProtocolInterface: 5B1B31A1-9562-11D2-8E3F-00A0C969723B 7DC95540
Loading driver at 0x0007D434000 EntryPoint=0x0007D437F4F Ps2KeyboardDxe.efi
InstallProtocolInterface: BC62157E-3E33-4FEC-9920-2D3B36D750DF 7DC99F98
ProtectUefiImageCommon - 0x7DC95540
  - 0x000000007D434000 - 0x0000000000005B80
InstallProtocolInterface: 18A031AB-B443-4D1A-A5C0-0C09261E9F71 7D4399C0
InstallProtocolInterface: 107A772C-D5E1-11D4-9A46-0090273FC14D 7D4399A0
InstallProtocolInterface: 6A7A5CFF-E8D9-4F70-BADA-75AB3025CE14 7D439980
Loading driver B8E62775-BB0A-43F0-A843-5BE8B14F8CCD
InstallProtocolInterface: 5B1B31A1-9562-11D2-8E3F-00A0C969723B 7DC99140
Loading driver at 0x0007D431000 EntryPoint=0x0007D432668 BootGraphicsResourceTableDxe.efi
InstallProtocolInterface: BC62157E-3E33-4FEC-9920-2D3B36D750DF 7DC99398
ProtectUefiImageCommon - 0x7DC99140
  - 0x000000007D431000 - 0x0000000000002A40
InstallProtocolInterface: CDEA2BD3-FC25-4C1C-B97C-B31186064990 7D433810
InstallProtocolInterface: 4B5DC1DF-1EAA-48B2-A7E9-EAC489A00B5C 7D4337F0
Loading driver 961578FE-B6B7-44C3-AF35-6BC705CD2B1F
InstallProtocolInterface: 5B1B31A1-9562-11D2-8E3F-00A0C969723B 7DC98040
Loading driver at 0x0007D426000 EntryPoint=0x0007D42DF98 Fat.efi
InstallProtocolInterface: BC62157E-3E33-4FEC-9920-2D3B36D750DF 7DC98F18
ProtectUefiImageCommon - 0x7DC98040
  - 0x000000007D426000 - 0x000000000000A440
InstallProtocolInterface: 18A031AB-B443-4D1A-A5C0-0C09261E9F71 7D430280
InstallProtocolInterface: 107A772C-D5E1-11D4-9A46-0090273FC14D 7D430250
InstallProtocolInterface: 6A7A5CFF-E8D9-4F70-BADA-75AB3025CE14 7D430230
Loading driver 905F13B0-8F91-4B0A-BD76-E1E78F9422E4
InstallProtocolInterface: 5B1B31A1-9562-11D2-8E3F-00A0C969723B 7DC98440
Loading driver at 0x0007D41F000 EntryPoint=0x0007D423B08 UdfDxe.efi
InstallProtocolInterface: BC62157E-3E33-4FEC-9920-2D3B36D750DF 7DC98698
ProtectUefiImageCommon - 0x7DC98440
  - 0x000000007D41F000 - 0x00000000000064C0
InstallProtocolInterface: 18A031AB-B443-4D1A-A5C0-0C09261E9F71 7D425340
InstallProtocolInterface: 107A772C-D5E1-11D4-9A46-0090273FC14D 7D425310
InstallProtocolInterface: 6A7A5CFF-E8D9-4F70-BADA-75AB3025CE14 7D4252F0
Loading driver A2F436EA-A127-4EF8-957C-8048606FF670
InstallProtocolInterface: 5B1B31A1-9562-11D2-8E3F-00A0C969723B 7DC97B40
Loading driver at 0x0007D417000 EntryPoint=0x0007D41C385 SnpDxe.efi
InstallProtocolInterface: BC62157E-3E33-4FEC-9920-2D3B36D750DF 7DC98898
ProtectUefiImageCommon - 0x7DC97B40
  - 0x000000007D417000 - 0x0000000000007840
InstallProtocolInterface: 18A031AB-B443-4D1A-A5C0-0C09261E9F71 7D41E6C0
InstallProtocolInterface: 107A772C-D5E1-11D4-9A46-0090273FC14D 7D41E690
InstallProtocolInterface: 6A7A5CFF-E8D9-4F70-BADA-75AB3025CE14 7D41E670
Loading driver E4F61863-FE2C-4B56-A8F4-08519BC439DF
InstallProtocolInterface: 5B1B31A1-9562-11D2-8E3F-00A0C969723B 7DC971C0
Loading driver at 0x0007D410000 EntryPoint=0x0007D41477F VlanConfigDxe.efi
InstallProtocolInterface: BC62157E-3E33-4FEC-9920-2D3B36D750DF 7DC97518
ProtectUefiImageCommon - 0x7DC971C0
  - 0x000000007D410000 - 0x0000000000006FC0
InstallProtocolInterface: 18A031AB-B443-4D1A-A5C0-0C09261E9F71 7D416DA0
InstallProtocolInterface: 107A772C-D5E1-11D4-9A46-0090273FC14D 7D416D70
InstallProtocolInterface: 6A7A5CFF-E8D9-4F70-BADA-75AB3025CE14 7D416D50
Loading driver 025BBFC7-E6A9-4B8B-82AD-6815A1AEAF4A
InstallProtocolInterface: 5B1B31A1-9562-11D2-8E3F-00A0C969723B 7DC96B40
Loading driver at 0x0007D405000 EntryPoint=0x0007D40CCBB MnpDxe.efi
InstallProtocolInterface: BC62157E-3E33-4FEC-9920-2D3B36D750DF 7DC96A98
ProtectUefiImageCommon - 0x7DC96B40
  - 0x000000007D405000 - 0x000000000000ACC0
InstallProtocolInterface: 18A031AB-B443-4D1A-A5C0-0C09261E9F71 7D40FAE0
InstallProtocolInterface: 107A772C-D5E1-11D4-9A46-0090273FC14D 7D40FAC0
InstallProtocolInterface: 6A7A5CFF-E8D9-4F70-BADA-75AB3025CE14 7D40FAA0
Loading driver 529D3F93-E8E9-4E73-B1E1-BDF6A9D50113
InstallProtocolInterface: 5B1B31A1-9562-11D2-8E3F-00A0C969723B 7DC962C0
Loading driver at 0x0007D3FE000 EntryPoint=0x0007D4022A8 ArpDxe.efi
InstallProtocolInterface: BC62157E-3E33-4FEC-9920-2D3B36D750DF 7DC8DF18
ProtectUefiImageCommon - 0x7DC962C0
  - 0x000000007D3FE000 - 0x00000000000060C0
InstallProtocolInterface: 18A031AB-B443-4D1A-A5C0-0C09261E9F71 7D403F60
InstallProtocolInterface: 107A772C-D5E1-11D4-9A46-0090273FC14D 7D403F30
InstallProtocolInterface: 6A7A5CFF-E8D9-4F70-BADA-75AB3025CE14 7D403F10
Loading driver 94734718-0BBC-47FB-96A5-EE7A5AE6A2AD
InstallProtocolInterface: 5B1B31A1-9562-11D2-8E3F-00A0C969723B 7DC8DBC0
Loading driver at 0x0007D3F3000 EntryPoint=0x0007D3FAA52 Dhcp4Dxe.efi
InstallProtocolInterface: BC62157E-3E33-4FEC-9920-2D3B36D750DF 7DC8DA98
ProtectUefiImageCommon - 0x7DC8DBC0
  - 0x000000007D3F3000 - 0x000000000000AA80
InstallProtocolInterface: 18A031AB-B443-4D1A-A5C0-0C09261E9F71 7D3FD860
InstallProtocolInterface: 107A772C-D5E1-11D4-9A46-0090273FC14D 7D3FD830
InstallProtocolInterface: 6A7A5CFF-E8D9-4F70-BADA-75AB3025CE14 7D3FD810
Loading driver 9FB1A1F3-3B71-4324-B39A-745CBB015FFF
InstallProtocolInterface: 5B1B31A1-9562-11D2-8E3F-00A0C969723B 7DC8D2C0
Loading driver at 0x0007D3DF000 EntryPoint=0x0007D3EEF67 Ip4Dxe.efi
InstallProtocolInterface: BC62157E-3E33-4FEC-9920-2D3B36D750DF 7DC8D098
ProtectUefiImageCommon - 0x7DC8D2C0
  - 0x000000007D3DF000 - 0x0000000000013D40
InstallProtocolInterface: 18A031AB-B443-4D1A-A5C0-0C09261E9F71 7D3F2AE0
InstallProtocolInterface: 107A772C-D5E1-11D4-9A46-0090273FC14D 7D3F2AC0
InstallProtocolInterface: 6A7A5CFF-E8D9-4F70-BADA-75AB3025CE14 7D3F2AA0
Loading driver 6D6963AB-906D-4A65-A7CA-BD40E5D6AF2B
InstallProtocolInterface: 5B1B31A1-9562-11D2-8E3F-00A0C969723B 7DC940C0
Loading driver at 0x0007D3D5000 EntryPoint=0x0007D3DBABF Udp4Dxe.efi
InstallProtocolInterface: BC62157E-3E33-4FEC-9920-2D3B36D750DF 7DC94918
ProtectUefiImageCommon - 0x7DC940C0
  - 0x000000007D3D5000 - 0x0000000000009080
InstallProtocolInterface: 18A031AB-B443-4D1A-A5C0-0C09261E9F71 7D3DDEA0
InstallProtocolInterface: 107A772C-D5E1-11D4-9A46-0090273FC14D 7D3DDE80
InstallProtocolInterface: 6A7A5CFF-E8D9-4F70-BADA-75AB3025CE14 7D3DDE60
Loading driver DC3641B8-2FA8-4ED3-BC1F-F9962A03454B
InstallProtocolInterface: 5B1B31A1-9562-11D2-8E3F-00A0C969723B 7DC93040
Loading driver at 0x0007D3CB000 EntryPoint=0x0007D3D218A Mtftp4Dxe.efi
InstallProtocolInterface: BC62157E-3E33-4FEC-9920-2D3B36D750DF 7DC93E98
ProtectUefiImageCommon - 0x7DC93040
  - 0x000000007D3CB000 - 0x0000000000009640
InstallProtocolInterface: 18A031AB-B443-4D1A-A5C0-0C09261E9F71 7D3D4460
InstallProtocolInterface: 107A772C-D5E1-11D4-9A46-0090273FC14D 7D3D4440
InstallProtocolInterface: 6A7A5CFF-E8D9-4F70-BADA-75AB3025CE14 7D3D4420
Loading driver 1A7E4468-2F55-4A56-903C-01265EB7622B
InstallProtocolInterface: 5B1B31A1-9562-11D2-8E3F-00A0C969723B 7DC939C0
Loading driver at 0x0007D3B8000 EntryPoint=0x0007D3C5B27 TcpDxe.efi
InstallProtocolInterface: BC62157E-3E33-4FEC-9920-2D3B36D750DF 7DC93918
ProtectUefiImageCommon - 0x7DC939C0
  - 0x000000007D3B8000 - 0x0000000000012900
InstallProtocolInterface: 18A031AB-B443-4D1A-A5C0-0C09261E9F71 7D3CA620
InstallProtocolInterface: 107A772C-D5E1-11D4-9A46-0090273FC14D 7D3CA6D0
InstallProtocolInterface: 6A7A5CFF-E8D9-4F70-BADA-75AB3025CE14 7D3CA6B0
InstallProtocolInterface: 18A031AB-B443-4D1A-A5C0-0C09261E9F71 7D3CA5E0
InstallProtocolInterface: 107A772C-D5E1-11D4-9A46-0090273FC14D 7D3CA6D0
InstallProtocolInterface: 6A7A5CFF-E8D9-4F70-BADA-75AB3025CE14 7D3CA6B0
Loading driver B95E9FDA-26DE-48D2-8807-1F9107AC5E3A
InstallProtocolInterface: 5B1B31A1-9562-11D2-8E3F-00A0C969723B 7DC920C0
Loading driver at 0x0007D3A7000 EntryPoint=0x0007D3B4D86 UefiPxeBcDxe.efi
InstallProtocolInterface: BC62157E-3E33-4FEC-9920-2D3B36D750DF 7DC93318
ProtectUefiImageCommon - 0x7DC920C0
  - 0x000000007D3A7000 - 0x00000000000108C0
InstallProtocolInterface: 18A031AB-B443-4D1A-A5C0-0C09261E9F71 7D3B7640
InstallProtocolInterface: 107A772C-D5E1-11D4-9A46-0090273FC14D 7D3B76E0
InstallProtocolInterface: 6A7A5CFF-E8D9-4F70-BADA-75AB3025CE14 7D3B76C0
InstallProtocolInterface: 18A031AB-B443-4D1A-A5C0-0C09261E9F71 7D3B7600
InstallProtocolInterface: 107A772C-D5E1-11D4-9A46-0090273FC14D 7D3B76E0
InstallProtocolInterface: 6A7A5CFF-E8D9-4F70-BADA-75AB3025CE14 7D3B76C0
Loading driver 86CDDF93-4872-4597-8AF9-A35AE4D3725F
InstallProtocolInterface: 5B1B31A1-9562-11D2-8E3F-00A0C969723B 7DC91040
Loading driver at 0x0007D389000 EntryPoint=0x0007D39DEA4 IScsiDxe.efi
InstallProtocolInterface: BC62157E-3E33-4FEC-9920-2D3B36D750DF 7DC92398
ProtectUefiImageCommon - 0x7DC91040
  - 0x000000007D389000 - 0x000000000001DDC0
InstallProtocolInterface: 18A031AB-B443-4D1A-A5C0-0C09261E9F71 7D3A6A60
InstallProtocolInterface: 107A772C-D5E1-11D4-9A46-0090273FC14D 7D3A6AC0
InstallProtocolInterface: 6A7A5CFF-E8D9-4F70-BADA-75AB3025CE14 7D3A6AA0
InstallProtocolInterface: 18A031AB-B443-4D1A-A5C0-0C09261E9F71 7D3A6A20
InstallProtocolInterface: 107A772C-D5E1-11D4-9A46-0090273FC14D 7D3A6AC0
InstallProtocolInterface: 6A7A5CFF-E8D9-4F70-BADA-75AB3025CE14 7D3A6AA0
InstallProtocolInterface: 59324945-EC44-4C0D-B1CD-9DB139DF070C 7D3A6A10
InstallProtocolInterface: 09576E91-6D3F-11D2-8E39-00A0C969723B 7D3A6B20
InstallProtocolInterface: 330D4706-F2A0-4E4F-A369-B66FA8D54385 7DC91A28
InstallProtocolInterface: 7671D9D0-53DB-4173-AA69-2327F21F0BC7 7D3A69F0
Loading driver 2FB92EFA-2EE0-4BAE-9EB6-7464125E1EF7
InstallProtocolInterface: 5B1B31A1-9562-11D2-8E3F-00A0C969723B 7DC8E240
Loading driver at 0x0007D381000 EntryPoint=0x0007D3865C9 UhciDxe.efi
InstallProtocolInterface: BC62157E-3E33-4FEC-9920-2D3B36D750DF 7DC8E498
ProtectUefiImageCommon - 0x7DC8E240
  - 0x000000007D381000 - 0x0000000000007380
InstallProtocolInterface: 18A031AB-B443-4D1A-A5C0-0C09261E9F71 7D3881E0
InstallProtocolInterface: 107A772C-D5E1-11D4-9A46-0090273FC14D 7D3881C0
InstallProtocolInterface: 6A7A5CFF-E8D9-4F70-BADA-75AB3025CE14 7D3881A0
Loading driver BDFE430E-8F2A-4DB0-9991-6F856594777E
InstallProtocolInterface: 5B1B31A1-9562-11D2-8E3F-00A0C969723B 7DC90040
Loading driver at 0x0007D378000 EntryPoint=0x0007D37E643 EhciDxe.efi
InstallProtocolInterface: BC62157E-3E33-4FEC-9920-2D3B36D750DF 7DC90E98
ProtectUefiImageCommon - 0x7DC90040
  - 0x000000007D378000 - 0x0000000000008C80
InstallProtocolInterface: 18A031AB-B443-4D1A-A5C0-0C09261E9F71 7D380AE0
InstallProtocolInterface: 107A772C-D5E1-11D4-9A46-0090273FC14D 7D380AC0
InstallProtocolInterface: 6A7A5CFF-E8D9-4F70-BADA-75AB3025CE14 7D380AA0
Loading driver B7F50E91-A759-412C-ADE4-DCD03E7F7C28
InstallProtocolInterface: 5B1B31A1-9562-11D2-8E3F-00A0C969723B 7DC90440
Loading driver at 0x0007D36A000 EntryPoint=0x0007D3740D4 XhciDxe.efi
InstallProtocolInterface: BC62157E-3E33-4FEC-9920-2D3B36D750DF 7DC90A18
ProtectUefiImageCommon - 0x7DC90440
  - 0x000000007D36A000 - 0x000000000000D480
InstallProtocolInterface: 18A031AB-B443-4D1A-A5C0-0C09261E9F71 7D3772E0
InstallProtocolInterface: 107A772C-D5E1-11D4-9A46-0090273FC14D 7D3772C0
InstallProtocolInterface: 6A7A5CFF-E8D9-4F70-BADA-75AB3025CE14 7D3772A0
Loading driver 240612B7-A063-11D4-9A3A-0090273FC14D
InstallProtocolInterface: 5B1B31A1-9562-11D2-8E3F-00A0C969723B 7DC8FB40
Loading driver at 0x0007D360000 EntryPoint=0x0007D366AD1 UsbBusDxe.efi
InstallProtocolInterface: BC62157E-3E33-4FEC-9920-2D3B36D750DF 7DC8F098
ProtectUefiImageCommon - 0x7DC8FB40
  - 0x000000007D360000 - 0x0000000000009900
InstallProtocolInterface: 18A031AB-B443-4D1A-A5C0-0C09261E9F71 7D369700
InstallProtocolInterface: 107A772C-D5E1-11D4-9A46-0090273FC14D 7D3696D0
InstallProtocolInterface: 6A7A5CFF-E8D9-4F70-BADA-75AB3025CE14 7D3696B0
Loading driver 2D2E62CF-9ECF-43B7-8219-94E7FC713DFE
InstallProtocolInterface: 5B1B31A1-9562-11D2-8E3F-00A0C969723B 7DC8F240
Loading driver at 0x0007D359000 EntryPoint=0x0007D35D41F UsbKbDxe.efi
InstallProtocolInterface: BC62157E-3E33-4FEC-9920-2D3B36D750DF 7DC8F718
ProtectUefiImageCommon - 0x7DC8F240
  - 0x000000007D359000 - 0x0000000000006780
InstallProtocolInterface: 18A031AB-B443-4D1A-A5C0-0C09261E9F71 7D35F5A0
InstallProtocolInterface: 107A772C-D5E1-11D4-9A46-0090273FC14D 7D35F570
InstallProtocolInterface: 6A7A5CFF-E8D9-4F70-BADA-75AB3025CE14 7D35F550
Loading driver 9FB4B4A7-42C0-4BCD-8540-9BCC6711F83E
InstallProtocolInterface: 5B1B31A1-9562-11D2-8E3F-00A0C969723B 7DC8AD40
Loading driver at 0x0007D353000 EntryPoint=0x0007D356DE4 UsbMassStorageDxe.efi
InstallProtocolInterface: BC62157E-3E33-4FEC-9920-2D3B36D750DF 7DC8F618
ProtectUefiImageCommon - 0x7DC8AD40
  - 0x000000007D353000 - 0x0000000000005CC0
InstallProtocolInterface: 18A031AB-B443-4D1A-A5C0-0C09261E9F71 7D358B20
InstallProtocolInterface: 107A772C-D5E1-11D4-9A46-0090273FC14D 7D358AF0
InstallProtocolInterface: 6A7A5CFF-E8D9-4F70-BADA-75AB3025CE14 7D358AD0
Loading driver E3752948-B9A1-4770-90C4-DF41C38986BE
InstallProtocolInterface: 5B1B31A1-9562-11D2-8E3F-00A0C969723B 7DC8A7C0
Loading driver at 0x0007D34C000 EntryPoint=0x0007D34FD22 QemuVideoDxe.efi
InstallProtocolInterface: BC62157E-3E33-4FEC-9920-2D3B36D750DF 7DC8AA18
ProtectUefiImageCommon - 0x7DC8A7C0
  - 0x000000007D34C000 - 0x0000000000006300
InstallProtocolInterface: 18A031AB-B443-4D1A-A5C0-0C09261E9F71 7D352140
InstallProtocolInterface: 107A772C-D5E1-11D4-9A46-0090273FC14D 7D352110
InstallProtocolInterface: 6A7A5CFF-E8D9-4F70-BADA-75AB3025CE14 7D3520F0
[Bds] Entry...
[BdsDxe] Locate Variable Lock protocol - Success
!!! DEPRECATED INTERFACE !!! VariableLockRequestToLock() will go away soon!
!!! DEPRECATED INTERFACE !!! Please move to use Variable Policy!
!!! DEPRECATED INTERFACE !!! Variable: 8BE4DF61-93CA-11D2-AA0D-00E098032B8C PlatformLangCodes
!!! DEPRECATED INTERFACE !!! VariableLockRequestToLock() will go away soon!
!!! DEPRECATED INTERFACE !!! Please move to use Variable Policy!
!!! DEPRECATED INTERFACE !!! Variable: 8BE4DF61-93CA-11D2-AA0D-00E098032B8C LangCodes
!!! DEPRECATED INTERFACE !!! VariableLockRequestToLock() will go away soon!
!!! DEPRECATED INTERFACE !!! Please move to use Variable Policy!
!!! DEPRECATED INTERFACE !!! Variable: 8BE4DF61-93CA-11D2-AA0D-00E098032B8C BootOptionSupport
!!! DEPRECATED INTERFACE !!! VariableLockRequestToLock() will go away soon!
!!! DEPRECATED INTERFACE !!! Please move to use Variable Policy!
!!! DEPRECATED INTERFACE !!! Variable: 8BE4DF61-93CA-11D2-AA0D-00E098032B8C HwErrRecSupport
!!! DEPRECATED INTERFACE !!! VariableLockRequestToLock() will go away soon!
!!! DEPRECATED INTERFACE !!! Please move to use Variable Policy!
!!! DEPRECATED INTERFACE !!! Variable: 8BE4DF61-93CA-11D2-AA0D-00E098032B8C OsIndicationsSupported
Variable Driver Auto Update Lang, Lang:eng, PlatformLang:en Status: Success
!!! DEPRECATED INTERFACE !!! VariableLockRequestToLock() will go away soon!
!!! DEPRECATED INTERFACE !!! Please move to use Variable Policy!
!!! DEPRECATED INTERFACE !!! Variable: 8BE4DF61-93CA-11D2-AA0D-00E098032B8C PlatformRecovery0000
PlatformBootManagerBeforeConsole
Registered NotifyDevPath Event
PciBus: Discovered PCI @ [00|00|00]

PciBus: Discovered PCI @ [00|01|00]

PciBus: Discovered PCI @ [00|01|01]
   BAR[4]: Type =   Io32; Alignment = 0xF;	Length = 0x10;	Offset = 0x20

PciBus: Discovered PCI @ [00|01|02]
   BAR[4]: Type =   Io32; Alignment = 0x1F;	Length = 0x20;	Offset = 0x20

PciBus: Discovered PCI @ [00|01|03]

PciBus: Discovered PCI @ [00|02|00]
   BAR[0]: Type =   Io32; Alignment = 0xFF;	Length = 0x100;	Offset = 0x10
   BAR[1]: Type = PMem32; Alignment = 0xFFFFFF;	Length = 0x1000000;	Offset = 0x14

PciBus: Discovered PCI @ [00|03|00]
   BAR[0]: Type = PMem32; Alignment = 0xFFFFFF;	Length = 0x1000000;	Offset = 0x10
   BAR[2]: Type =  Mem32; Alignment = 0xFFF;	Length = 0x1000;	Offset = 0x18

PciBus: Discovered PCI @ [00|04|00]
   BAR[0]: Type =   Io32; Alignment = 0xFF;	Length = 0x100;	Offset = 0x10
   BAR[1]: Type =  Mem32; Alignment = 0xFFF;	Length = 0x100;	Offset = 0x14

InstallProtocolInterface: 09576E91-6D3F-11D2-8E39-00A0C969723B 7DC88F98
InstallProtocolInterface: 4CF5B200-68B8-4CA5-9EEC-B23E3F50029A 7DC88B28
InstallProtocolInterface: 09576E91-6D3F-11D2-8E39-00A0C969723B 7DC88498
InstallProtocolInterface: 4CF5B200-68B8-4CA5-9EEC-B23E3F50029A 7DC880A8
InstallProtocolInterface: 09576E91-6D3F-11D2-8E39-00A0C969723B 7DC88A98
InstallProtocolInterface: 4CF5B200-68B8-4CA5-9EEC-B23E3F50029A 7DC88528
InstallProtocolInterface: 09576E91-6D3F-11D2-8E39-00A0C969723B 7DC87E98
InstallProtocolInterface: 4CF5B200-68B8-4CA5-9EEC-B23E3F50029A 7DC87028
InstallProtocolInterface: 09576E91-6D3F-11D2-8E39-00A0C969723B 7DC87F18
InstallProtocolInterface: 4CF5B200-68B8-4CA5-9EEC-B23E3F50029A 7DC87428
InstallProtocolInterface: 09576E91-6D3F-11D2-8E39-00A0C969723B 7DC87F98
InstallProtocolInterface: 4CF5B200-68B8-4CA5-9EEC-B23E3F50029A 7DC87828
InstallProtocolInterface: 09576E91-6D3F-11D2-8E39-00A0C969723B 7DC86E98
InstallProtocolInterface: 4CF5B200-68B8-4CA5-9EEC-B23E3F50029A 7DC86028
InstallProtocolInterface: 09576E91-6D3F-11D2-8E39-00A0C969723B 7DC86F18
InstallProtocolInterface: 4CF5B200-68B8-4CA5-9EEC-B23E3F50029A 7DC86428
AcpiS3ContextSave!
AcpiS3Context: AcpiFacsTable is 0x7E5FE000
AcpiS3Context: IdtrProfile is 0x7D349000
AcpiS3Context: S3NvsPageTableAddress is 0x       0
AcpiS3Context: S3DebugBufferAddress is 0x7D33F000
AcpiS3Context: BootScriptStackBase is 0x7D340000
AcpiS3Context: BootScriptStackSize is 0x    8000
[Variable]END_OF_DXE is signaled
Initialize variable error flag (FF)
Select Item: 0x19
Select Item: 0x25
InstallProtocolInterface: 60FF8964-E906-41D0-AFED-F241E974E08E 0
InstallProtocolInterface: FA20568B-548B-4B2B-81EF-1BA08D4A3CEC 0
Select Item: 0x0
FW CFG Signature: 0x554D4551
Select Item: 0x1
FW CFG Revision: 0x1
QemuFwCfg interface (IO Port) is supported.
Select Item: 0x19
Select Item: 0x25
Found LPC Bridge device
BdsPlatform.c+621: COM1 DevPath: PciRoot(0x0)/Pci(0x1,0x0)/Serial(0x0)/Uart(115200,8,N,1)/VenMsg(E0C14753-F9BE-11D2-9A0C-0090273FC14D)
BdsPlatform.c+653: COM2 DevPath: PciRoot(0x0)/Pci(0x1,0x0)/Serial(0x1)/Uart(115200,8,N,1)/VenMsg(E0C14753-F9BE-11D2-9A0C-0090273FC14D)
Found PCI display device
QemuVideo: QEMU Standard VGA detected
QemuVideo: Using mmio bar @ 0xF2050000
InstallProtocolInterface: 09576E91-6D3F-11D2-8E39-00A0C969723B 7DC80E98
QemuVideoBochsModeSetup: AvailableFbSize=0x1000000
Adding Mode 0 as Bochs Internal Mode 0: 640x480, 32-bit
Adding Mode 1 as Bochs Internal Mode 1: 800x480, 32-bit
Adding Mode 2 as Bochs Internal Mode 2: 800x600, 32-bit
Adding Mode 3 as Bochs Internal Mode 3: 832x624, 32-bit
Adding Mode 4 as Bochs Internal Mode 4: 960x640, 32-bit
Adding Mode 5 as Bochs Internal Mode 5: 1024x600, 32-bit
Adding Mode 6 as Bochs Internal Mode 6: 1024x768, 32-bit
Adding Mode 7 as Bochs Internal Mode 7: 1152x864, 32-bit
Adding Mode 8 as Bochs Internal Mode 8: 1152x870, 32-bit
Adding Mode 9 as Bochs Internal Mode 9: 1280x720, 32-bit
Adding Mode 10 as Bochs Internal Mode 10: 1280x760, 32-bit
Adding Mode 11 as Bochs Internal Mode 11: 1280x768, 32-bit
Adding Mode 12 as Bochs Internal Mode 12: 1280x800, 32-bit
Adding Mode 13 as Bochs Internal Mode 13: 1280x960, 32-bit
Adding Mode 14 as Bochs Internal Mode 14: 1280x1024, 32-bit
Adding Mode 15 as Bochs Internal Mode 15: 1360x768, 32-bit
Adding Mode 16 as Bochs Internal Mode 16: 1366x768, 32-bit
Adding Mode 17 as Bochs Internal Mode 17: 1400x1050, 32-bit
Adding Mode 18 as Bochs Internal Mode 18: 1440x900, 32-bit
Adding Mode 19 as Bochs Internal Mode 19: 1600x900, 32-bit
Adding Mode 20 as Bochs Internal Mode 20: 1600x1200, 32-bit
Adding Mode 21 as Bochs Internal Mode 21: 1680x1050, 32-bit
Adding Mode 22 as Bochs Internal Mode 22: 1920x1080, 32-bit
Adding Mode 23 as Bochs Internal Mode 23: 1920x1200, 32-bit
Adding Mode 24 as Bochs Internal Mode 24: 1920x1440, 32-bit
Adding Mode 25 as Bochs Internal Mode 25: 2000x2000, 32-bit
Adding Mode 26 as Bochs Internal Mode 26: 2048x1536, 32-bit
Adding Mode 27 as Bochs Internal Mode 27: 2048x2048, 32-bit
Adding Mode 28 as Bochs Internal Mode 28: 2560x1440, 32-bit
Adding Mode 29 as Bochs Internal Mode 29: 2560x1600, 32-bit
InitializeBochsGraphicsMode: 640x480 @ 32
PixelBlueGreenRedReserved8BitPerColor
FrameBufferBase: 0xF1000000, FrameBufferSize: 0x12C000
0: shl:0 shr:0 mask:FF0000
1: shl:0 shr:0 mask:FF00
2: shl:0 shr:0 mask:FF
Bytes per pixel: 4
0: shl:0 shr:0 mask:FF0000
1: shl:0 shr:0 mask:FF00
2: shl:0 shr:0 mask:FF
Bytes per pixel: 4
InstallProtocolInterface: 9042A9DE-23DC-4A38-96FB-7ADED080516A 7DC809B8
InstallVbeShim: VBE shim installed
PixelBlueGreenRedReserved8BitPerColor
PixelBlueGreenRedReserved8BitPerColor
PixelBlueGreenRedReserved8BitPerColor
PixelBlueGreenRedReserved8BitPerColor
PixelBlueGreenRedReserved8BitPerColor
PixelBlueGreenRedReserved8BitPerColor
PixelBlueGreenRedReserved8BitPerColor
PixelBlueGreenRedReserved8BitPerColor
PixelBlueGreenRedReserved8BitPerColor
PixelBlueGreenRedReserved8BitPerColor
PixelBlueGreenRedReserved8BitPerColor
PixelBlueGreenRedReserved8BitPerColor
PixelBlueGreenRedReserved8BitPerColor
PixelBlueGreenRedReserved8BitPerColor
PixelBlueGreenRedReserved8BitPerColor
PixelBlueGreenRedReserved8BitPerColor
PixelBlueGreenRedReserved8BitPerColor
PixelBlueGreenRedReserved8BitPerColor
PixelBlueGreenRedReserved8BitPerColor
PixelBlueGreenRedReserved8BitPerColor
PixelBlueGreenRedReserved8BitPerColor
PixelBlueGreenRedReserved8BitPerColor
PixelBlueGreenRedReserved8BitPerColor
PixelBlueGreenRedReserved8BitPerColor
PixelBlueGreenRedReserved8BitPerColor
PixelBlueGreenRedReserved8BitPerColor
PixelBlueGreenRedReserved8BitPerColor
PixelBlueGreenRedReserved8BitPerColor
PixelBlueGreenRedReserved8BitPerColor
PixelBlueGreenRedReserved8BitPerColor
Select Item: 0xE
[Bds]RegisterKeyNotify: 000C/0000 80000000/00 Success
[Bds]RegisterKeyNotify: 0017/0000 80000000/00 Success
[Bds]RegisterKeyNotify: 0000/000D 80000000/00 Success
InstallProtocolInterface: 864E1CA8-85EB-4D63-9DCC-6E0FC90FFD55 7DC7FE18
InstallProtocolInterface: 09576E91-6D3F-11D2-8E39-00A0C969723B 7DCA9218
InstallProtocolInterface: 215FDD18-BD50-4FEB-890B-58CA0B4739E9 7DCA93B8
InstallProtocolInterface: 09576E91-6D3F-11D2-8E39-00A0C969723B 7DC7EB98
InstallProtocolInterface: 215FDD18-BD50-4FEB-890B-58CA0B4739E9 7DC7ECB8
InstallProtocolInterface: 09576E91-6D3F-11D2-8E39-00A0C969723B 7DC7B718
InstallProtocolInterface: 215FDD18-BD50-4FEB-890B-58CA0B4739E9 7DC7B9B8
ClockRate = 1843200
Divisor   = 1
BaudRate/Actual (115200/115200) = 100%
ClockRate = 1843200
Divisor   = 1
BaudRate/Actual (115200/115200) = 100%
InstallProtocolInterface: 09576E91-6D3F-11D2-8E39-00A0C969723B 7DC7B118
InstallProtocolInterface: BB25CF6F-F1D4-11D2-9A0C-0090273FC1FD 7DC7E7A8
PciSioSerial: Create SIO child serial device - Success
ClockRate = 1843200
Divisor   = 1
BaudRate/Actual (115200/115200) = 100%
Terminal - Mode 0, Column = 80, Row = 25
Terminal - Mode 1, Column = 80, Row = 50
Terminal - Mode 2, Column = 100, Row = 31
ClockRate = 1843200
Divisor   = 1
BaudRate/Actual (115200/115200) = 100%
InstallProtocolInterface: 387477C1-69C7-11D2-8E39-00A0C969723B 7DC7D540
InstallProtocolInterface: DD9E7534-7762-4698-8C14-F58517A625AA 7DC7D628
InstallProtocolInterface: 387477C2-69C7-11D2-8E39-00A0C969723B 7DC7D558
InstallProtocolInterface: 09576E91-6D3F-11D2-8E39-00A0C969723B 7DC7D698
InstallProtocolInterface: D3B36F2B-D551-11D4-9A46-0090273FC14D 0
InstallProtocolInterface: D3B36F2C-D551-11D4-9A46-0090273FC14D 0
InstallProtocolInterface: D3B36F2D-D551-11D4-9A46-0090273FC14D 0
ClockRate = 1843200
Divisor   = 1
BaudRate/Actual (115200/115200) = 100%
PciSioSerial: Create SIO child serial device - Device Error
PixelBlueGreenRedReserved8BitPerColor
PixelBlueGreenRedReserved8BitPerColor
PixelBlueGreenRedReserved8BitPerColor
InitializeBochsGraphicsMode: 800x600 @ 32
PixelBlueGreenRedReserved8BitPerColor
FrameBufferBase: 0xF1000000, FrameBufferSize: 0x1D5000
0: shl:0 shr:0 mask:FF0000
1: shl:0 shr:0 mask:FF00
2: shl:0 shr:0 mask:FF
Bytes per pixel: 4
0: shl:0 shr:0 mask:FF0000
1: shl:0 shr:0 mask:FF00
2: shl:0 shr:0 mask:FF
Bytes per pixel: 4
GraphicsConsole video resolution 800 x 600
Graphics - Mode 0, Column = 80, Row = 25
Graphics - Mode 1, Column = 0, Row = 0
Graphics - Mode 2, Column = 100, Row = 31
Graphics Console Started, Mode: 0
InstallProtocolInterface: 387477C2-69C7-11D2-8E39-00A0C969723B 7DC7A7B0
InstallProtocolInterface: D3B36F2C-D551-11D4-9A46-0090273FC14D 0
PixelBlueGreenRedReserved8BitPerColor
PixelBlueGreenRedReserved8BitPerColor
PixelBlueGreenRedReserved8BitPerColor
PixelBlueGreenRedReserved8BitPerColor
PixelBlueGreenRedReserved8BitPerColor
PixelBlueGreenRedReserved8BitPerColor
PixelBlueGreenRedReserved8BitPerColor
PixelBlueGreenRedReserved8BitPerColor
PixelBlueGreenRedReserved8BitPerColor
PixelBlueGreenRedReserved8BitPerColor
PixelBlueGreenRedReserved8BitPerColor
PixelBlueGreenRedReserved8BitPerColor
PixelBlueGreenRedReserved8BitPerColor
PixelBlueGreenRedReserved8BitPerColor
PixelBlueGreenRedReserved8BitPerColor
PixelBlueGreenRedReserved8BitPerColor
PixelBlueGreenRedReserved8BitPerColor
PixelBlueGreenRedReserved8BitPerColor
PixelBlueGreenRedReserved8BitPerColor
PixelBlueGreenRedReserved8BitPerColor
PixelBlueGreenRedReserved8BitPerColor
PixelBlueGreenRedReserved8BitPerColor
PixelBlueGreenRedReserved8BitPerColor
PixelBlueGreenRedReserved8BitPerColor
PixelBlueGreenRedReserved8BitPerColor
PixelBlueGreenRedReserved8BitPerColor
PixelBlueGreenRedReserved8BitPerColor
PixelBlueGreenRedReserved8BitPerColor
PixelBlueGreenRedReserved8BitPerColor
PixelBlueGreenRedReserved8BitPerColor
InstallProtocolInterface: 9042A9DE-23DC-4A38-96FB-7ADED080516A 7E43D460
Terminal - Mode 0, Column = 80, Row = 25
Terminal - Mode 1, Column = 80, Row = 50
Terminal - Mode 2, Column = 100, Row = 31
InstallProtocolInterface: 387477C1-69C7-11D2-8E39-00A0C969723B 7DC7F0C0
InstallProtocolInterface: DD9E7534-7762-4698-8C14-F58517A625AA 7DC7F1A8
InstallProtocolInterface: 387477C2-69C7-11D2-8E39-00A0C969723B 7DC7F0D8
InstallProtocolInterface: 09576E91-6D3F-11D2-8E39-00A0C969723B 7DC7F318
InstallProtocolInterface: D3B36F2B-D551-11D4-9A46-0090273FC14D 0
InstallProtocolInterface: D3B36F2C-D551-11D4-9A46-0090273FC14D 0
InstallProtocolInterface: D3B36F2D-D551-11D4-9A46-0090273FC14D 0
InstallProtocolInterface: 387477C1-69C7-11D2-8E39-00A0C969723B 7DC48028
InstallProtocolInterface: DD9E7534-7762-4698-8C14-F58517A625AA 7DC48040
InstallProtocolInterface: D3B36F2B-D551-11D4-9A46-0090273FC14D 0
ClockRate = 1843200
Divisor   = 1
BaudRate/Actual (115200/115200) = 100%
PciSioSerial: Create SIO child serial device - Device Error
ClockRate = 1843200
Divisor   = 1
BaudRate/Actual (115200/115200) = 100%
PciSioSerial: Create SIO child serial device - Device Error
PlatformBootManagerAfterConsole
Found Mass Storage device: PciRoot(0x0)/Pci(0x1,0x1)
SataControllerStart START
InstallProtocolInterface: A1E37052-80D9-4E65-A317-3E9A55C43EC9 7DC47120
SataControllerStart END status = Success
==AtaAtapiPassThru Start== Controller = 7DC86C98
[primary  ] channel [master] [harddisk] device
Enabled S.M.A.R.T feature at [primary] channel [master] device!
CalculateBestPioMode: AdvancedPioMode = 3
IdeInitCalculateMode: PioMode = 4
CalculateBestUdmaMode: DeviceUDmaMode = 203F
IdeInitCalculateMode: UdmaMode = 5
InstallProtocolInterface: 1D3DE7F0-0807-424F-AA69-11A54E19A46F 7DC47340
InstallProtocolInterface: 143B7632-B81B-4CB7-ABD3-B625A5B9BFFE 7DC47390
InstallProtocolInterface: 19DF145A-B1D4-453F-8507-38816676D7F6 7DC45B18
AtaBus - Identify Device: Port 0 PortMultiplierPort 0
InstallProtocolInterface: 09576E91-6D3F-11D2-8E39-00A0C969723B 7DC45C18
InstallProtocolInterface: 964E5B21-6459-11D2-8E39-00A0C969723B 7DC450A8
InstallProtocolInterface: A77B2472-E282-4E9F-A245-C2C0E27BBCC1 7DC450D8
InstallProtocolInterface: D432A67F-14DC-484B-B3BB-3F0291849327 7DC45130
Found TCG support in Port 0 PortMultiplierPort 0
InstallProtocolInterface: C88B0B6D-0DFC-49A7-9CB4-49074B4C3A78 7DC45168
Successfully Install Storage Security Protocol on the ATA device
InstallProtocolInterface: 0167CCC4-D0F7-4F21-A3EF-9E64B7CDCE8B 7DC45620
InstallProtocolInterface: CE345171-BA0B-11D2-8E4F-00A0C969723B 7DC42A20
InstallProtocolInterface: 151C8EAE-7F2C-472C-9E54-9828194F6A88 7DC42A38
 BlockSize : 512 
 LastBlock : 77FFFFF 
Found Xen device: PciRoot(0x0)/Pci(0x2,0x0)
XenIoPci: BAR at F0000000
InstallProtocolInterface: 6EFAC84F-0AB0-4747-81BE-855562590449 7DC39F98
XenBusInit: XenBus rings @FEFFC000, event channel 1
XenBus: Device device/suspend/event-channel ignored. State 6
InstallProtocolInterface: 09576E91-6D3F-11D2-8E39-00A0C969723B 7DC39F18
InstallProtocolInterface: 3D3CA290-B9A5-11E3-B75D-B8AC6F7D65E6 7DC39D38
InstallProtocolInterface: 09576E91-6D3F-11D2-8E39-00A0C969723B 7DC39918
InstallProtocolInterface: 3D3CA290-B9A5-11E3-B75D-B8AC6F7D65E6 7DC393B8
XenBus: Set state to 4
XenBus: Set state to 4, done
XenStore: Watch event 7DC39218
XenPvBlk: New disk with 125829120 sectors of 512 bytes
InstallProtocolInterface: 964E5B21-6459-11D2-8E39-00A0C969723B 7DC39020
InstallProtocolInterface: CE345171-BA0B-11D2-8E4F-00A0C969723B 7DC382A0
 BlockSize : 512 
 LastBlock : 77FFFFF 
Boot Mode:0
QemuLoadKernelImage: LoadImage(): Not Found
PlatformBdsConnectSequence
Select Item: 0x19
Select Item: 0x21
EfiBootManagerConnectAll
ClockRate = 1843200
Divisor   = 1
BaudRate/Actual (115200/115200) = 100%
PciSioSerial: Create SIO child serial device - Device Error
SataControllerStart START
SataControllerStart error return status = Already started
 BlockSize : 512 
 LastBlock : 77FFFFF 
InstallProtocolInterface: 3E745226-9818-45B6-A2AC-D7CD0E8BA2BC 7DC2E920
InstallProtocolInterface: 240612B7-A063-11D4-9A3A-0090273FC14D 7DC29020
Uhci2GetCapability: 2 ports
UsbRootHubInit: root hub 7DC2D318 - max speed 0, 2 ports
UsbEnumeratePort: port 0 state - 2001, change - 01 on 7DC2D318
UsbEnumeratePort: Device Connect/Disconnect Normally
UsbEnumeratePort: new device connected at port 0
UsbEnumerateNewDev: hub port 0 is reset
UsbEnumerateNewDev: device is of 0 speed
UsbEnumerateNewDev: device uses translator (0, 0)
UsbEnumerateNewDev: device is now ADDRESSED at 1
UsbEnumerateNewDev: max packet size for EP 0 is 8
UsbBuildDescTable: device has 1 configures
UsbGetOneConfig: total length is 34
UsbParseConfigDesc: config 1 has 1 interfaces
UsbParseInterfaceDesc: interface 0(setting 0) has 1 endpoints
UsbEnumerateNewDev: device 1 is now in CONFIGED state
UsbSelectConfig: config 1 selected for device 1
UsbSelectSetting: setting 0 selected for interface 0
InstallProtocolInterface: 09576E91-6D3F-11D2-8E39-00A0C969723B 7DC29D18
InstallProtocolInterface: 2B2F68D6-0CD2-44CF-8E8B-BBA20B1B5B75 7DC2D640
UsbConnectDriver: TPL before connect is 8, 7DC2D718
UsbConnectDriver: TPL after connect is 8
UsbSelectConfig: failed to connect driver Not Found, ignored
UsbBusStart: usb bus started on 7DC86C18, root hub 7DC2D318
 BlockSize : 512 
 LastBlock : 77FFFFF 
ClockRate = 1843200
Divisor   = 1
BaudRate/Actual (115200/115200) = 100%
PciSioSerial: Create SIO child serial device - Device Error
SataControllerStart START
SataControllerStart error return status = Already started
 BlockSize : 512 
 LastBlock : 77FFFFF 
UsbBusRecursivelyConnectWantedUsbIo: TPL before connect is 4
UsbBusRecursivelyConnectWantedUsbIo: TPL after connect is 4
 BlockSize : 512 
 LastBlock : 77FFFFF 
ClockRate = 1843200
Divisor   = 1
BaudRate/Actual (115200/115200) = 100%
PciSioSerial: Create SIO child serial device - Device Error
 BlockSize : 512 
 LastBlock : 77FFFFF 
 BlockSize : 512 
 LastBlock : 77FFFFF 
Select Item: 0x19
Select Item: 0x21
[Bds]OsIndication: 0000000000000000
[Bds]=============Begin Load Options Dumping ...=============
  Driver Options:
  SysPrep Options:
  Boot Options:
    Boot0000: UiApp 		 0x0109
    Boot0001: UEFI QEMU HARDDISK QM00001  		 0x0001
    Boot0002: UEFI Misc Device 		 0x0001
    Boot0003: EFI Internal Shell 		 0x0001
  PlatformRecovery Options:
    PlatformRecovery0000: Default PlatformRecovery 		 0x0001
[Bds]=============End Load Options Dumping=============
[Bds]BdsWait ...Zzzzzzzzzzzz...
[Bds]Exit the waiting!
[Bds]Stop Hotkey Service!
[Bds]UnregisterKeyNotify: 000C/0000 Success
[Bds]UnregisterKeyNotify: 0017/0000 Success
[Bds]UnregisterKeyNotify: 0000/000D Success
Memory  Previous  Current    Next   
 Type    Pages     Pages     Pages  
======  ========  ========  ========
  0A    00000004  00000015  0000001A
  09    00000008  00000013  00000017
  00    00000004  00000024  0000002D
  06    00000024  000000B1  000000DD
  05    00000030  0000003B  00000049
  03    00000180  000002AD  00000358
  04    00000F00  00000B30  00000F00
Memory Type Information settings change.
[Bds]Booting UEFI QEMU HARDDISK QM00001 
 BlockSize : 512 
 LastBlock : 77FFFFF 
[Bds] Expand PciRoot(0x0)/Pci(0x1,0x1)/Ata(Primary,Master,0x0) -> <null string>
Memory  Previous  Current    Next   
 Type    Pages     Pages     Pages  
======  ========  ========  ========
  0A    00000004  00000015  0000001A
  09    00000008  00000013  00000017
  00    00000004  00000024  0000002D
  06    00000024  000000B1  000000DD
  05    00000030  0000003B  00000049
  03    00000180  000002AD  00000358
  04    00000F00  00000B30  00000F00
Memory Type Information settings change.
[Bds]Booting UEFI Misc Device
 BlockSize : 512 
 LastBlock : 77FFFFF 
[Bds] Expand PciRoot(0x0)/Pci(0x2,0x0)/VenHw(3D3CA290-B9A5-11E3-B75D-B8AC6F7D65E6,01000003) -> <null string>
Memory  Previous  Current    Next   
 Type    Pages     Pages     Pages  
======  ========  ========  ========
  0A    00000004  00000015  0000001A
  09    00000008  00000013  00000017
  00    00000004  00000024  0000002D
  06    00000024  000000B1  000000DD
  05    00000030  0000003B  00000049
  03    00000180  000002AD  00000358
  04    00000F00  00000B30  00000F00
Memory Type Information settings change.
[Bds]Booting EFI Internal Shell
[Bds] Expand Fv(7CB8BDC9-F8EB-4F34-AAEA-3EE4AF6516A1)/FvFile(7C04A583-9E3E-4F1C-AD65-E05268D0B4D1) -> Fv(7CB8BDC9-F8EB-4F34-AAEA-3EE4AF6516A1)/FvFile(7C04A583-9E3E-4F1C-AD65-E05268D0B4D1)
InstallProtocolInterface: 5B1B31A1-9562-11D2-8E3F-00A0C969723B 7DC216C0
Loading driver at 0x0007D233000 EntryPoint=0x0007D28A659 Shell.efi
InstallProtocolInterface: BC62157E-3E33-4FEC-9920-2D3B36D750DF 7DC47A98
ProtectUefiImageCommon - 0x7DC216C0
  - 0x000000007D233000 - 0x00000000000E2B80
InstallProtocolInterface: 387477C2-69C7-11D2-8E39-00A0C969723B 7DC1E0A0
InstallProtocolInterface: 752F3136-4E16-4FDC-A22A-E5F46812F4CA 7DC19F18
InstallProtocolInterface: 6302D008-7F9B-4F30-87AC-60C9FEF5DA4E 7D2AF800
