SecCoreStartupWithStack(0xFFFCC000, 0x820000)
Register PPI Notify: DCD0BE23-9586-40F4-B643-06522CED4EDE
Install PPI: 8C8CE578-8A3D-4F1C-9935-896185C32DD3
Install PPI: 5473C07A-3DCB-4DCA-BD6F-1E9689E7349A
The 0th FV start address is 0x00000820000, size is 0x000E0000, handle is 0x820000
Register PPI Notify: 49EDB1C1-BF21-4761-BB12-EB0031AABB39
Register PPI Notify: EA7CA24B-DED5-4DAD-A389-BF827E8F9B38
Install PPI: B9E0ABFE-5979-4914-977F-6DEE78C278A6
Install PPI: DBE23AA9-A345-4B97-85B6-B226F1617389
DiscoverPeimsAndOrderWithApriori(): Found 0xA PEI FFS files in the 0th FV
Loading PEIM 9B3ADA4F-AE56-4C24-8DEA-F03B7558AE50
Loading PEIM at 0x0000082B6C0 EntryPoint=0x0000082E6ED PcdPeim.efi
Install PPI: 06E81C58-4AD7-44BC-8390-F10265F72480
Install PPI: 01F34D25-4DE2-23AD-3FF3-36353FF323F1
Install PPI: 4D8B155B-C059-4C8F-8926-06FD4331DB8A
Install PPI: A60C6B59-E459-425D-9C69-0BCC9CB27D81
Register PPI Notify: 605EA650-C65C-42E1-BA80-91A52AB618C6
Loading PEIM A3610442-E69F-4DF3-82CA-2360C4031A23
Loading PEIM at 0x00000830340 EntryPoint=0x000008315BE ReportStatusCodeRouterPei.efi
Install PPI: 0065D394-9951-4144-82A3-0AFC8579C251
Install PPI: 229832D3-7A30-4B36-B827-F40CB7D45436
Loading PEIM 9D225237-FA01-464C-A949-BAABC02D31D0
Loading PEIM at 0x00000832240 EntryPoint=0x0000083338C StatusCodeHandlerPei.efi
Loading PEIM 222C386D-5ABC-4FB4-B124-FBB82488ACF4
Loading PEIM at 0x00000834040 EntryPoint=0x0000083A4C5 PlatformPei.efi
Select Item: 0x0
FW CFG Signature: 0x554D4551
Select Item: 0x1
FW CFG Revision: 0x3
QemuFwCfg interface (DMA) is supported.
Platform PEIM Loaded
CMOS:
00: 54 00 33 00 22 00 02 14 02 22 26 02 10 80 00 00
10: 00 00 00 00 06 80 02 FF FF 00 00 00 00 00 00 00
20: 00 00 00 00 00 00 00 00 00 00 00 00 00 00 00 00
30: FF FF 20 00 00 0F 00 20 30 00 00 00 00 12 00 00
40: 00 00 00 00 00 00 00 00 00 00 00 00 00 00 00 00
50: 00 00 00 00 00 00 00 00 00 00 00 00 00 00 00 01
60: 00 00 00 00 00 00 00 00 00 00 00 00 00 00 00 00
70: 00 00 00 00 00 00 00 00 00 00 00 00 00 00 00 00
Select Item: 0x19
Select Item: 0x2B
Install PPI: 7408D748-FC8C-4EE6-9288-C4BEC092A410
Select Item: 0x19
Select Item: 0x25
Select Item: 0x19
Select Item: 0x19
GetFirstNonAddress: Pci64Base=0x800000000 Pci64Size=0x800000000
Select Item: 0x5
MaxCpuCountInitialization: QEMU v2.7 reset bug: BootCpuCount=2 Present=0
MaxCpuCountInitialization: BootCpuCount=0 mMaxCpuCount=1
Q35TsegMbytesInitialization: QEMU offers an extended TSEG (16 MB)
Q35SmramAtDefaultSmbaseInitialization: SMRAM at default SMBASE found
Select Item: 0x19
Select Item: 0x25
PublishPeiMemory: mPhysMemAddressWidth=36 PeiMemoryCap=65800 KB
PeiInstallPeiMemory MemoryBegin 0xAFBE000, MemoryLength 0x4042000
QemuInitializeRam called
Select Item: 0x19
Select Item: 0x25
Select Item: 0x19
Select Item: 0x25
Select Item: 0x19
Select Item: 0x25
Platform PEI Firmware Volume Initialization
Install PPI: 49EDB1C1-BF21-4761-BB12-EB0031AABB39
Notify: PPI Guid: 49EDB1C1-BF21-4761-BB12-EB0031AABB39, Peim notify entry point: 82521A
The 1th FV start address is 0x00000900000, size is 0x00C00000, handle is 0x900000
Register PPI Notify: 2AB86EF5-ECB5-4134-B556-3854CA1FE1B4
Select Item: 0x19
Select Item: 0x25
Select Item: 0x19
Register PPI Notify: EE16160A-E8BE-47A6-820A-C6900DB0250A
Select Item: 0x19
Temp Stack : BaseAddress=0x818000 Length=0x8000
Temp Heap  : BaseAddress=0x810000 Length=0x8000
Total temporary memory:    65536 bytes.
  temporary memory stack ever used:       29736 bytes.
  temporary memory heap used for HobList: 6864 bytes.
  temporary memory heap occupied by memory pages: 0 bytes.
Memory Allocation 0x00000000 0xF000000 - 0xFFFFFFF
Memory Allocation 0x00000000 0x30000 - 0x4FFFF
Memory Allocation 0x00000004 0x80B000 - 0x80BFFF
Memory Allocation 0x00000004 0x820000 - 0x8FFFFF
Memory Allocation 0x00000004 0x900000 - 0x14FFFFF
Memory Allocation 0x00000000 0xB0000000 - 0xBFFFFFFF
Old Stack size 32768, New stack size 131072
Stack Hob: BaseAddress=0xAFBE000 Length=0x20000
Heap Offset = 0xA7CE000 Stack Offset = 0xA7BE000
TemporaryRamMigration(0x810000, 0xAFD6000, 0x10000)
Loading PEIM 52C05B14-0B98-496C-BC3B-04B50211D680
Loading PEIM at 0x0000EFF4000 EntryPoint=0x0000EFFBD58 PeiCore.efi
Reinstall PPI: 8C8CE578-8A3D-4F1C-9935-896185C32DD3
Reinstall PPI: 5473C07A-3DCB-4DCA-BD6F-1E9689E7349A
Reinstall PPI: B9E0ABFE-5979-4914-977F-6DEE78C278A6
Install PPI: F894643D-C449-42D1-8EA8-85BDD8C65BDE
Loading PEIM 9B3ADA4F-AE56-4C24-8DEA-F03B7558AE50
Loading PEIM at 0x0000EFEF000 EntryPoint=0x0000EFF202D PcdPeim.efi
Reinstall PPI: 06E81C58-4AD7-44BC-8390-F10265F72480
Reinstall PPI: 4D8B155B-C059-4C8F-8926-06FD4331DB8A
Reinstall PPI: 01F34D25-4DE2-23AD-3FF3-36353FF323F1
Reinstall PPI: A60C6B59-E459-425D-9C69-0BCC9CB27D81
Loading PEIM 86D70125-BAA3-4296-A62F-602BEBBB9081
Loading PEIM at 0x0000EFEA000 EntryPoint=0x0000EFECE72 DxeIpl.efi
Install PPI: 1A36E4E7-FAB6-476A-8E75-695A0576FDD7
Install PPI: 0AE8CE5D-E448-4437-A8D7-EBF5F194F731
Loading PEIM 89E549B0-7CFE-449D-9BA3-10D8B2312D71
Loading PEIM at 0x0000EFE5000 EntryPoint=0x0000EFE772A S3Resume2Pei.efi
Install PPI: 6D582DBC-DB85-4514-8FCC-5ADF6227B147
Loading PEIM AAC33064-9ED0-4B89-A5AD-3EA767960B22
Loading PEIM at 0x0000EFE3000 EntryPoint=0x0000EFE4133 FaultTolerantWritePei.efi
Install PPI: 1D3E9CB8-43AF-490B-830A-3516AA532047
Loading PEIM 34C8C28F-B61C-45A2-8F2E-89E46BECC63B
Loading PEIM at 0x0000EFE0000 EntryPoint=0x0000EFE212E PeiVariable.efi
Install PPI: 2AB86EF5-ECB5-4134-B556-3854CA1FE1B4
Notify: PPI Guid: 2AB86EF5-ECB5-4134-B556-3854CA1FE1B4, Peim notify entry point: 8367CA
Loading PEIM 6C0E75B4-B0B9-44D1-8210-3377D7B4E066
Loading PEIM at 0x0000EFDD000 EntryPoint=0x0000EFDE3AA SmmAccessPei.efi
Install PPI: 268F33A9-CCCD-48BE-8817-86053AC32ED6
Loading PEIM EDADEB9D-DDBA-48BD-9D22-C1C169C8C5C6
Loading PEIM at 0x0000EFD0000 EntryPoint=0x0000EFD81F7 CpuMpPei.efi
Register PPI Notify: F894643D-C449-42D1-8EA8-85BDD8C65BDE
Notify: PPI Guid: F894643D-C449-42D1-8EA8-85BDD8C65BDE, Peim notify entry point: EFD6380
AP Loop Mode is 1
GetMicrocodePatchInfoFromHob: Microcode patch cache HOB is not found.
CPU[0000]: Microcode revision = 00000000, expected = 00000000
Register PPI Notify: 8F9D4825-797D-48FC-8471-845025792EF6
Does not find any stored CPU BIST information from PPI!
  APICID - 0x00000000, BIST - 0x00000000
Install PPI: 9E9F374B-8F16-4230-9824-5846EE766A97
Install PPI: 5CB9CB3D-31A4-480C-9498-29D269BACFBA
Install PPI: EE16160A-E8BE-47A6-820A-C6900DB0250A
Notify: PPI Guid: EE16160A-E8BE-47A6-820A-C6900DB0250A, Peim notify entry point: 83638F
PlatformPei: ClearCacheOnMpServicesAvailable
DiscoverPeimsAndOrderWithApriori(): Found 0x0 PEI FFS files in the 1th FV
DXE IPL Entry
Loading PEIM D6A2CB7F-6A18-4E2F-B43B-9920A733700A
Loading PEIM at 0x0000EFA1000 EntryPoint=0x0000EFB86EE DxeCore.efi
Loading DXE CORE at 0x0000EFA1000 EntryPoint=0x0000EFB86EE
AddressBits=36 5LevelPaging=0 1GPage=0
Pml5=1 Pml4=1 Pdp=64 TotalPage=66
Install PPI: 605EA650-C65C-42E1-BA80-91A52AB618C6
Notify: PPI Guid: 605EA650-C65C-42E1-BA80-91A52AB618C6, Peim notify entry point: 82E275
CoreInitializeMemoryServices:
  BaseAddress - 0xAFE1000 Length - 0x3C1F000 MinimalMemorySizeNeeded - 0x420000
InstallProtocolInterface: 5B1B31A1-9562-11D2-8E3F-00A0C969723B EFC2FE8
ProtectUefiImageCommon - 0xEFC2FE8
  - 0x000000000EFA1000 - 0x0000000000026000
DxeMain: MemoryBaseAddress=0xAFE1000 MemoryLength=0x3C1F000
HOBLIST address in DXE = 0xE7E9018
Memory Allocation 0x00000000 0xF000000 - 0xFFFFFFF
Memory Allocation 0x00000000 0x30000 - 0x4FFFF
Memory Allocation 0x00000004 0x80B000 - 0x80BFFF
Memory Allocation 0x00000004 0x820000 - 0x8FFFFF
Memory Allocation 0x00000004 0x900000 - 0x14FFFFF
Memory Allocation 0x00000000 0xB0000000 - 0xBFFFFFFF
Memory Allocation 0x00000004 0xEF81000 - 0xEFA0FFF
Memory Allocation 0x00000003 0xEFF4000 - 0xEFFFFFF
Memory Allocation 0x00000003 0xEFEF000 - 0xEFF3FFF
Memory Allocation 0x00000003 0xEFEA000 - 0xEFEEFFF
Memory Allocation 0x00000003 0xEFE5000 - 0xEFE9FFF
Memory Allocation 0x00000003 0xEFE3000 - 0xEFE4FFF
Memory Allocation 0x00000003 0xEFE0000 - 0xEFE2FFF
Memory Allocation 0x00000003 0xEFDD000 - 0xEFDFFFF
Memory Allocation 0x00000003 0xEFD0000 - 0xEFDCFFF
Memory Allocation 0x00000004 0xEFC7000 - 0xEFCFFFF
Memory Allocation 0x00000003 0xEFA1000 - 0xEFC6FFF
Memory Allocation 0x00000003 0xEFA1000 - 0xEFC6FFF
Memory Allocation 0x00000004 0xEF81000 - 0xEFA0FFF
Memory Allocation 0x00000004 0xEC00000 - 0xEDFFFFF
Memory Allocation 0x00000007 0xEE00000 - 0xEF80FFF
Memory Allocation 0x00000004 0xAFBE000 - 0xAFDDFFF
FV Hob            0x900000 - 0x14FFFFF
InstallProtocolInterface: D8117CFE-94A6-11D4-9A3A-0090273FC14D EFC42C0
InstallProtocolInterface: 8F644FA9-E850-4DB1-9CE2-0B44698E8DA4 E7E5830
InstallProtocolInterface: 09576E91-6D3F-11D2-8E39-00A0C969723B E7E5918
InstallProtocolInterface: 220E73B6-6BDB-4413-8405-B974B108619A E7E52B0
InstallProtocolInterface: EE4E5898-3914-4259-9D6E-DC7BD79403CF EFC41D8
Loading driver 9B680FCE-AD6B-4F3A-B60B-F59899003443
InstallProtocolInterface: 5B1B31A1-9562-11D2-8E3F-00A0C969723B E3F5C40
Loading driver at 0x0000E3DD000 EntryPoint=0x0000E3E4ABA DevicePathDxe.efi
InstallProtocolInterface: BC62157E-3E33-4FEC-9920-2D3B36D750DF E3F5B18
ProtectUefiImageCommon - 0xE3F5C40
  - 0x000000000E3DD000 - 0x000000000000B040
InstallProtocolInterface: 0379BE4E-D706-437D-B037-EDB82FB772A4 E3E7340
InstallProtocolInterface: 8B843E20-8132-4852-90CC-551A4E4A7F1C E3E7320
InstallProtocolInterface: 05C99A21-C70F-4AD2-8A5F-35DF3343F51E E3E7300
Loading driver 80CF7257-87AB-47F9-A3FE-D50B76D89541
InstallProtocolInterface: 5B1B31A1-9562-11D2-8E3F-00A0C969723B E3F53C0
Loading driver at 0x0000E3D7000 EntryPoint=0x0000E3DA7ED PcdDxe.efi
InstallProtocolInterface: BC62157E-3E33-4FEC-9920-2D3B36D750DF E3EEF98
ProtectUefiImageCommon - 0xE3F53C0
  - 0x000000000E3D7000 - 0x0000000000005A40
InstallProtocolInterface: 11B34006-D85B-4D0A-A290-D5A571310EF7 E3DC740
InstallProtocolInterface: 13A3F0F6-264A-3EF0-F2E0-DEC512342F34 E3DC6A0
InstallProtocolInterface: 5BE40F57-FA68-4610-BBBF-E9C5FCDAD365 E3DC670
InstallProtocolInterface: FD0F4478-0EFD-461D-BA2D-E58C45FD5F5E E3DC650
Loading driver 2EC9DA37-EE35-4DE9-86C5-6D9A81DC38A7
InstallProtocolInterface: 5B1B31A1-9562-11D2-8E3F-00A0C969723B E3F4C40
Loading driver at 0x0000E3EA000 EntryPoint=0x0000E3EBD8F AmdSevDxe.efi
InstallProtocolInterface: BC62157E-3E33-4FEC-9920-2D3B36D750DF E3F4118
ProtectUefiImageCommon - 0xE3F4C40
  - 0x000000000E3EA000 - 0x0000000000003780
Error: Image at 0000E3EA000 start failed: Unsupported
Loading driver D93CE3D8-A7EB-4730-8C8E-CC466A9ECC3C
InstallProtocolInterface: 5B1B31A1-9562-11D2-8E3F-00A0C969723B E3F4C40
Loading driver at 0x0000EAE9000 EntryPoint=0x0000EAEB6DF ReportStatusCodeRouterRuntimeDxe.efi
InstallProtocolInterface: BC62157E-3E33-4FEC-9920-2D3B36D750DF E3F4998
ProtectUefiImageCommon - 0xE3F4C40
  - 0x000000000EAE9000 - 0x0000000000006000
InstallProtocolInterface: 86212936-0E76-41C8-A03A-2AF2FC1C39E2 EAED060
InstallProtocolInterface: D2B2B828-0826-48A7-B3DF-983C006024F0 EAED040
Loading driver B601F8C4-43B7-4784-95B1-F4226CB40CEE
InstallProtocolInterface: 5B1B31A1-9562-11D2-8E3F-00A0C969723B E3F43C0
Loading driver at 0x0000EAE3000 EntryPoint=0x0000EAE546F RuntimeDxe.efi
InstallProtocolInterface: BC62157E-3E33-4FEC-9920-2D3B36D750DF E3F1E18
ProtectUefiImageCommon - 0xE3F43C0
  - 0x000000000EAE3000 - 0x0000000000006000
InstallProtocolInterface: B7DFB4E1-052F-449F-87BE-9818FC91B733 EAE7080
Loading driver F80697E9-7FD6-4665-8646-88E33EF71DFC
InstallProtocolInterface: 5B1B31A1-9562-11D2-8E3F-00A0C969723B E3F11C0
Loading driver at 0x0000E2F3000 EntryPoint=0x0000E32F4C7 SecurityStubDxe.efi
InstallProtocolInterface: BC62157E-3E33-4FEC-9920-2D3B36D750DF E3F1A18
ProtectUefiImageCommon - 0xE3F11C0
  - 0x000000000E2F3000 - 0x0000000000071680
InstallProtocolInterface: 94AB2F58-1438-4EF1-9152-18941A3A0E68 E3611F8
InstallProtocolInterface: A46423E3-4617-49F1-B9FF-D1BFA9115839 E3611F0
InstallProtocolInterface: 15853D7C-3DDF-43E0-A1CB-EBF85B8F872C E3611D0
Loading driver 13AC6DD0-73D0-11D4-B06B-00AA00BD6DE7
InstallProtocolInterface: 5B1B31A1-9562-11D2-8E3F-00A0C969723B E3F0940
Loading driver at 0x0000E3CB000 EntryPoint=0x0000E3CF2CA EbcDxe.efi
InstallProtocolInterface: BC62157E-3E33-4FEC-9920-2D3B36D750DF E3F0718
ProtectUefiImageCommon - 0xE3F0940
  - 0x000000000E3CB000 - 0x0000000000005D00
InstallProtocolInterface: 13AC6DD1-73D0-11D4-B06B-00AA00BD6DE7 E3F0498
InstallProtocolInterface: 96F46153-97A7-4793-ACC1-FA19BF78EA97 E3D0720
InstallProtocolInterface: 2755590C-6F3C-42FA-9EA4-A3BA543CDA25 E3EFF18
InstallProtocolInterface: AAEACCFD-F27B-4C17-B610-75CA1F2DFB52 E3EFB98
Loading driver 245CB4DA-8E15-4A1B-87E3-9878FFA07520
InstallProtocolInterface: 5B1B31A1-9562-11D2-8E3F-00A0C969723B E3EF0C0
Loading driver at 0x0000E3EA000 EntryPoint=0x0000E3EB221 Legacy8259.efi
InstallProtocolInterface: BC62157E-3E33-4FEC-9920-2D3B36D750DF E3EFA18
ProtectUefiImageCommon - 0xE3EF0C0
  - 0x000000000E3EA000 - 0x0000000000001CC0
InstallProtocolInterface: 38321DBA-4FE0-4E17-8AEC-413055EAEDC1 E3EBB20
Loading driver A19B1FE7-C1BC-49F8-875F-54A5D542443F
InstallProtocolInterface: 5B1B31A1-9562-11D2-8E3F-00A0C969723B E3EF440
Loading driver at 0x0000E3D5000 EntryPoint=0x0000E3D63C6 CpuIo2Dxe.efi
InstallProtocolInterface: BC62157E-3E33-4FEC-9920-2D3B36D750DF E3E9F18
ProtectUefiImageCommon - 0xE3EF440
  - 0x000000000E3D5000 - 0x0000000000001FC0
InstallProtocolInterface: AD61F191-AE5F-4C0E-B9FA-E869D288C64F E3D6E80
Loading driver 1A1E4886-9517-440E-9FDE-3BE44CEE2136
InstallProtocolInterface: 5B1B31A1-9562-11D2-8E3F-00A0C969723B E3E90C0
Loading driver at 0x0000E3A7000 EntryPoint=0x0000E3AFBE3 CpuDxe.efi
InstallProtocolInterface: BC62157E-3E33-4FEC-9920-2D3B36D750DF E3E9A18
ProtectUefiImageCommon - 0xE3E90C0
  - 0x000000000E3A7000 - 0x0000000000011180
Paging: added 512 pages to page table pool
CurrentPagingContext:
  MachineType   - 0x8664
  PageTableBase - 0xEC01000
  Attributes    - 0xC0000002
InstallProtocolInterface: 26BACCB1-6F42-11D4-BCE7-0080C73C8881 E3B7D80
MemoryProtectionCpuArchProtocolNotify:
ProtectUefiImageCommon - 0xEFC2FE8
  - 0x000000000EFA1000 - 0x0000000000026000
ProtectUefiImageCommon - 0xE3F5C40
  - 0x000000000E3DD000 - 0x000000000000B040
ProtectUefiImageCommon - 0xE3F53C0
  - 0x000000000E3D7000 - 0x0000000000005A40
ProtectUefiImageCommon - 0xE3F4C40
  - 0x000000000EAE9000 - 0x0000000000006000
SetUefiImageMemoryAttributes - 0x000000000EAE9000 - 0x0000000000001000 (0x0000000000004000)
SetUefiImageMemoryAttributes - 0x000000000EAEA000 - 0x0000000000003000 (0x0000000000020000)
SetUefiImageMemoryAttributes - 0x000000000EAED000 - 0x0000000000002000 (0x0000000000004000)
ProtectUefiImageCommon - 0xE3F43C0
  - 0x000000000EAE3000 - 0x0000000000006000
SetUefiImageMemoryAttributes - 0x000000000EAE3000 - 0x0000000000001000 (0x0000000000004000)
SetUefiImageMemoryAttributes - 0x000000000EAE4000 - 0x0000000000003000 (0x0000000000020000)
SetUefiImageMemoryAttributes - 0x000000000EAE7000 - 0x0000000000002000 (0x0000000000004000)
ProtectUefiImageCommon - 0xE3F11C0
  - 0x000000000E2F3000 - 0x0000000000071680
ProtectUefiImageCommon - 0xE3F0940
  - 0x000000000E3CB000 - 0x0000000000005D00
ProtectUefiImageCommon - 0xE3EF0C0
  - 0x000000000E3EA000 - 0x0000000000001CC0
ProtectUefiImageCommon - 0xE3EF440
  - 0x000000000E3D5000 - 0x0000000000001FC0
ProtectUefiImageCommon - 0xE3E90C0
  - 0x000000000E3A7000 - 0x0000000000011180
ConvertPages: failed to find range 30000 - 4FFFF
ConvertPages: failed to find range A0000 - FFFFF
ConvertPages: failed to find range F000000 - FFFFFFF
ConvertPages: failed to find range B0000000 - BFFFFFFF
ConvertPages: failed to find range C0000000 - FBFFFFFF
ConvertPages: failed to find range FEC00000 - FEC00FFF
Failed to update capability: [12] 00000000FED00000 - 00000000FED003FF (C700000000000001 -> C700000000026001)
ConvertPages: failed to find range FED1C000 - FED1FFFF
ConvertPages: failed to find range FEE00000 - FEEFFFFF
AP Loop Mode is 1
GetMicrocodePatchInfoFromHob: MicrocodeBase = 0x0, MicrocodeSize = 0x0
CPU[0000]: Microcode revision = 00000000, expected = 00000000
Detect CPU count: 1
InstallProtocolInterface: 3FDDA605-A76E-4F46-AD29-12F4531B3D08 E3B7E80
Loading driver F6697AC4-A776-4EE1-B643-1FEFF2B615BB
InstallProtocolInterface: 5B1B31A1-9562-11D2-8E3F-00A0C969723B E3D20C0
Loading driver at 0x0000E3A5000 EntryPoint=0x0000E3A6033 IncompatiblePciDeviceSupportDxe.efi
InstallProtocolInterface: BC62157E-3E33-4FEC-9920-2D3B36D750DF E3D2918
ProtectUefiImageCommon - 0xE3D20C0
  - 0x000000000E3A5000 - 0x0000000000001F40
InstallProtocolInterface: EB23F55A-7863-4AC2-8D3D-956535DE0375 E3A6E40
Loading driver 11A6EDF6-A9BE-426D-A6CC-B22FE51D9224
InstallProtocolInterface: 5B1B31A1-9562-11D2-8E3F-00A0C969723B E3D1BC0
Loading driver at 0x0000E39B000 EntryPoint=0x0000E39E205 PciHotPlugInitDxe.efi
InstallProtocolInterface: BC62157E-3E33-4FEC-9920-2D3B36D750DF E3D1098
ProtectUefiImageCommon - 0xE3D1BC0
  - 0x000000000E39B000 - 0x0000000000004A80
InstallProtocolInterface: AA0E8BC1-DABC-46B0-A844-37B8169B2BEA E39F9A0
Loading driver 4B28E4C7-FF36-4E10-93CF-A82159E777C5
InstallProtocolInterface: 5B1B31A1-9562-11D2-8E3F-00A0C969723B E3D11C0
Loading driver at 0x0000EADD000 EntryPoint=0x0000EADF70B ResetSystemRuntimeDxe.efi
InstallProtocolInterface: BC62157E-3E33-4FEC-9920-2D3B36D750DF E3D1598
ProtectUefiImageCommon - 0xE3D11C0
  - 0x000000000EADD000 - 0x0000000000006000
SetUefiImageMemoryAttributes - 0x000000000EADD000 - 0x0000000000001000 (0x0000000000004008)
SetUefiImageMemoryAttributes - 0x000000000EADE000 - 0x0000000000003000 (0x0000000000020008)
SetUefiImageMemoryAttributes - 0x000000000EAE1000 - 0x0000000000002000 (0x0000000000004008)
InstallProtocolInterface: 27CFAC88-46CC-11D4-9A38-0090273FC14D 0
InstallProtocolInterface: 9DA34AE0-EAF9-4BBF-8EC3-FD60226C44BE EAE10E8
InstallProtocolInterface: 695D7835-8D47-4C11-AB22-FA8ACCE7AE7A EAE1128
InstallProtocolInterface: 2DF6BA0B-7092-440D-BD04-FB091EC3F3C1 EAE10A8
Loading driver C8339973-A563-4561-B858-D8476F9DEFC4
InstallProtocolInterface: 5B1B31A1-9562-11D2-8E3F-00A0C969723B E3BA140
Loading driver at 0x0000E3A1000 EntryPoint=0x0000E3A1FBA Metronome.efi
InstallProtocolInterface: BC62157E-3E33-4FEC-9920-2D3B36D750DF E3BA398
ProtectUefiImageCommon - 0xE3BA140
  - 0x000000000E3A1000 - 0x0000000000001E00
InstallProtocolInterface: 26BACCB2-6F42-11D4-BCE7-0080C73C8881 E3A2C90
Loading driver 348C4D62-BFBD-4882-9ECE-C80BB1C4783B
InstallProtocolInterface: 5B1B31A1-9562-11D2-8E3F-00A0C969723B E3B9B40
Loading driver at 0x0000DED6000 EntryPoint=0x0000DEEE4AD HiiDatabase.efi
InstallProtocolInterface: BC62157E-3E33-4FEC-9920-2D3B36D750DF E3BA498
ProtectUefiImageCommon - 0xE3B9B40
  - 0x000000000DED6000 - 0x000000000001CC80
InstallProtocolInterface: E9CA4775-8657-47FC-97E7-7ED65A084324 DEF2848
InstallProtocolInterface: 0FD96974-23AA-4CDC-B9CB-98D17750322A DEF28C0
InstallProtocolInterface: EF9FC172-A1B2-4693-B327-6D32FC416042 DEF28E8
InstallProtocolInterface: 587E72D7-CC50-4F79-8209-CA291FC1A10F DEF2940
InstallProtocolInterface: 0A8BADD5-03B8-4D19-B128-7B8F0EDAA596 DEF2970
InstallProtocolInterface: 31A6406A-6BDF-4E46-B2A2-EBAA89C40920 DEF2868
InstallProtocolInterface: 1A1241E6-8F19-41A9-BC0E-E8EF39E06546 DEF2890
Loading driver 96B5C032-DF4C-4B6E-8232-438DCF448D0E
InstallProtocolInterface: 5B1B31A1-9562-11D2-8E3F-00A0C969723B E3A4040
Loading driver at 0x0000E395000 EntryPoint=0x0000E3960EB NullMemoryTestDxe.efi
InstallProtocolInterface: BC62157E-3E33-4FEC-9920-2D3B36D750DF E3A4F18
ProtectUefiImageCommon - 0xE3A4040
  - 0x000000000E395000 - 0x0000000000002080
InstallProtocolInterface: 309DE7F1-7F5E-4ACE-B49C-531BE5AA95EF E396EE0
Loading driver 9622E42C-8E38-4A08-9E8F-54F784652F6B
InstallProtocolInterface: 5B1B31A1-9562-11D2-8E3F-00A0C969723B E3A4440
Loading driver at 0x0000E385000 EntryPoint=0x0000E389071 AcpiTableDxe.efi
InstallProtocolInterface: BC62157E-3E33-4FEC-9920-2D3B36D750DF E3A4698
ProtectUefiImageCommon - 0xE3A4440
  - 0x000000000E385000 - 0x0000000000007500
InstallProtocolInterface: FFE06BDD-6107-46A6-7BB2-5A9C7EC5275C E3A30A0
InstallProtocolInterface: EB97088E-CFDF-49C6-BE4B-D906A5B20E86 E3A30B0
Loading driver BDCE85BB-FBAA-4F4E-9264-501A2C249581
InstallProtocolInterface: 5B1B31A1-9562-11D2-8E3F-00A0C969723B E3A31C0
Loading driver at 0x0000E37F000 EntryPoint=0x0000E382D19 S3SaveStateDxe.efi
InstallProtocolInterface: BC62157E-3E33-4FEC-9920-2D3B36D750DF E3A3B18
ProtectUefiImageCommon - 0xE3A31C0
  - 0x000000000E37F000 - 0x0000000000005D00
S3SaveStateDxe: Skip S3BootScript because ACPI S3 disabled.
Error: Image at 0000E37F000 start failed: Unsupported
Loading driver A210F973-229D-4F4D-AA37-9895E6C9EABA
InstallProtocolInterface: 5B1B31A1-9562-11D2-8E3F-00A0C969723B E3A31C0
Loading driver at 0x0000E393000 EntryPoint=0x0000E3941E4 DpcDxe.efi
InstallProtocolInterface: BC62157E-3E33-4FEC-9920-2D3B36D750DF E3A3B98
ProtectUefiImageCommon - 0xE3A31C0
  - 0x000000000E393000 - 0x0000000000001FC0
InstallProtocolInterface: 480F8AE9-0C46-4AA9-BC89-DB9FBA619806 E394C80
Loading driver 8657015B-EA43-440D-949A-AF3BE365C0FC
InstallProtocolInterface: 5B1B31A1-9562-11D2-8E3F-00A0C969723B E3A3640
Loading driver at 0x0000E380000 EntryPoint=0x0000E3829BC IoMmuDxe.efi
InstallProtocolInterface: BC62157E-3E33-4FEC-9920-2D3B36D750DF E3A0F18
ProtectUefiImageCommon - 0xE3A3640
  - 0x000000000E380000 - 0x0000000000004440
InstallProtocolInterface: F8775D50-8ABD-4ADF-92AC-853E51F6C8DC 0
Loading driver AC95AD3D-4366-44BF-9A62-E4B29D7A2206
InstallProtocolInterface: 5B1B31A1-9562-11D2-8E3F-00A0C969723B E3A00C0
Loading driver at 0x0000E391000 EntryPoint=0x0000E3922BE SmmAccess2Dxe.efi
InstallProtocolInterface: BC62157E-3E33-4FEC-9920-2D3B36D750DF E3A0A98
ProtectUefiImageCommon - 0xE3A00C0
  - 0x000000000E391000 - 0x0000000000001DC0
InstallProtocolInterface: C2702B74-800C-4131-8746-8FB5B89CE4AC E392C60
Loading driver 6C2004EF-4E0E-4BE4-B14C-340EB4AA5891
InstallProtocolInterface: 5B1B31A1-9562-11D2-8E3F-00A0C969723B E3A0540
Loading driver at 0x0000EAD8000 EntryPoint=0x0000EAD9F7F StatusCodeHandlerRuntimeDxe.efi
InstallProtocolInterface: BC62157E-3E33-4FEC-9920-2D3B36D750DF E39AE18
ProtectUefiImageCommon - 0xE3A0540
  - 0x000000000EAD8000 - 0x0000000000005000
SetUefiImageMemoryAttributes - 0x000000000EAD8000 - 0x0000000000001000 (0x0000000000004008)
SetUefiImageMemoryAttributes - 0x000000000EAD9000 - 0x0000000000003000 (0x0000000000020008)
SetUefiImageMemoryAttributes - 0x000000000EADC000 - 0x0000000000001000 (0x0000000000004008)
Loading driver C190FE35-44AA-41A1-8AEA-4947BC60E09D
InstallProtocolInterface: 5B1B31A1-9562-11D2-8E3F-00A0C969723B E39A240
Loading driver at 0x0000E38F000 EntryPoint=0x0000E390023 Timer.efi
InstallProtocolInterface: BC62157E-3E33-4FEC-9920-2D3B36D750DF E39AA98
ProtectUefiImageCommon - 0xE39A240
  - 0x000000000E38F000 - 0x0000000000001D40
InstallProtocolInterface: 26BACCB3-6F42-11D4-BCE7-0080C73C8881 E390BC0
Loading driver 128FB770-5E79-4176-9E51-9BB268A17DD1
InstallProtocolInterface: 5B1B31A1-9562-11D2-8E3F-00A0C969723B E399040
Loading driver at 0x0000E36E000 EntryPoint=0x0000E372CE3 PciHostBridgeDxe.efi
InstallProtocolInterface: BC62157E-3E33-4FEC-9920-2D3B36D750DF E399F18
ProtectUefiImageCommon - 0xE399040
  - 0x000000000E36E000 - 0x0000000000008F00
Select Item: 0x0
FW CFG Signature: 0x554D4551
Select Item: 0x1
FW CFG Revision: 0x3
QemuFwCfg interface (DMA) is supported.
Select Item: 0x19
PciHostBridgeUtilityInitRootBridge: populated root bus 0, with room for 255 subordinate bus(es)
RootBridge: PciRoot(0x0)
  Support/Attr: 70069 / 70069
    DmaAbove4G: No
NoExtConfSpace: No
     AllocAttr: 3 (CombineMemPMem Mem64Decode)
           Bus: 0 - FF Translation=0
            Io: 6000 - FFFF Translation=0
           Mem: C0000000 - FBFFFFFF Translation=0
    MemAbove4G: 800000000 - FFFFFFFFF Translation=0
          PMem: FFFFFFFFFFFFFFFF - 0 Translation=0
   PMemAbove4G: FFFFFFFFFFFFFFFF - 0 Translation=0
InstallProtocolInterface: CF8034BE-6768-4D8B-B739-7CCE683A9FBE E399C40
InstallProtocolInterface: 09576E91-6D3F-11D2-8E39-00A0C969723B E399418
InstallProtocolInterface: 2F707EBB-4A1A-11D4-9A38-0090273FC14D E399670
Loading driver EBF342FE-B1D3-4EF8-957C-8048606FF671
InstallProtocolInterface: 5B1B31A1-9562-11D2-8E3F-00A0C969723B E3980C0
Loading driver at 0x0000DEA4000 EntryPoint=0x0000DEB3BEB SetupBrowser.efi
InstallProtocolInterface: BC62157E-3E33-4FEC-9920-2D3B36D750DF E398398
ProtectUefiImageCommon - 0xE3980C0
  - 0x000000000DEA4000 - 0x0000000000018280
InstallProtocolInterface: B9D4C360-BCFB-4F9B-9298-53C136982258 DEBBDB0
InstallProtocolInterface: A770C357-B693-4E6D-A6CF-D21C728E550B DEBBDE0
InstallProtocolInterface: 1F73B18D-4630-43C1-A1DE-6F80855D7DA4 DEBBDC0
Loading driver F9D88642-0737-49BC-81B5-6889CD57D9EA
InstallProtocolInterface: 5B1B31A1-9562-11D2-8E3F-00A0C969723B E38ECC0
Loading driver at 0x0000E368000 EntryPoint=0x0000E36B2DD SmbiosDxe.efi
InstallProtocolInterface: BC62157E-3E33-4FEC-9920-2D3B36D750DF E38EB18
ProtectUefiImageCommon - 0xE38ECC0
  - 0x000000000E368000 - 0x0000000000005A40
Select Item: 0x0
FW CFG Signature: 0x554D4551
Select Item: 0x1
FW CFG Revision: 0x3
QemuFwCfg interface (DMA) is supported.
Select Item: 0x19
Select Item: 0x19
Select Item: 0x26
DetectSmbiosVersion: SMBIOS version from QEMU: 0x0208
InstallProtocolInterface: 03583FF6-CB36-4940-947E-B9B39F4AFAF7 E36D8D0
Loading driver 17985E6F-E778-4D94-AEFA-C5DD2B77E186
InstallProtocolInterface: 5B1B31A1-9562-11D2-8E3F-00A0C969723B E38E340
Loading driver at 0x0000DECF000 EntryPoint=0x0000DED3104 QemuFwCfgAcpiPlatform.efi
InstallProtocolInterface: BC62157E-3E33-4FEC-9920-2D3B36D750DF E38E618
ProtectUefiImageCommon - 0xE38E340
  - 0x000000000DECF000 - 0x0000000000006600
Select Item: 0x0
FW CFG Signature: 0x554D4551
Select Item: 0x1
FW CFG Revision: 0x3
QemuFwCfg interface (DMA) is supported.
AcpiPlatformEntryPoint: waiting for root bridges to be connected, registered callback
Loading driver A487A478-51EF-48AA-8794-7BEE2A0562F1
InstallProtocolInterface: 5B1B31A1-9562-11D2-8E3F-00A0C969723B E38D0C0
Loading driver at 0x0000DE99000 EntryPoint=0x0000DE9F530 tftpDynamicCommand.efi
InstallProtocolInterface: BC62157E-3E33-4FEC-9920-2D3B36D750DF E38DA18
InstallProtocolInterface: 6A1EE763-D47A-43B4-AABE-EF1DE2AB56FC DEA19B0
ProtectUefiImageCommon - 0xE38D0C0
  - 0x000000000DE99000 - 0x000000000000A500
InstallProtocolInterface: 3C7200E9-005F-4EA4-87DE-A3DFAC8A27C3 DEA16E0
Loading driver 19618BCE-55AE-09C6-37E9-4CE04084C7A1
InstallProtocolInterface: 5B1B31A1-9562-11D2-8E3F-00A0C969723B E37D040
Loading driver at 0x0000DE8C000 EntryPoint=0x0000DE93C87 httpDynamicCommand.efi
InstallProtocolInterface: BC62157E-3E33-4FEC-9920-2D3B36D750DF E37DF18
InstallProtocolInterface: 6A1EE763-D47A-43B4-AABE-EF1DE2AB56FC DE96730
ProtectUefiImageCommon - 0xE37D040
  - 0x000000000DE8C000 - 0x000000000000C9C0
InstallProtocolInterface: 3C7200E9-005F-4EA4-87DE-A3DFAC8A27C3 DE96430
Loading driver 2F30DA26-F51B-4B6F-85C4-31873C281BCA
InstallProtocolInterface: 5B1B31A1-9562-11D2-8E3F-00A0C969723B E37D3C0
Loading driver at 0x0000DEBF000 EntryPoint=0x0000DEC3EB1 LinuxInitrdDynamicShellCommand.efi
InstallProtocolInterface: BC62157E-3E33-4FEC-9920-2D3B36D750DF E37D698
InstallProtocolInterface: 6A1EE763-D47A-43B4-AABE-EF1DE2AB56FC DEC5F30
ProtectUefiImageCommon - 0xE37D3C0
  - 0x000000000DEBF000 - 0x0000000000007A40
InstallProtocolInterface: 3C7200E9-005F-4EA4-87DE-A3DFAC8A27C3 DEC5BE0
Loading driver F74D20EE-37E7-48FC-97F7-9B1047749C69
InstallProtocolInterface: 5B1B31A1-9562-11D2-8E3F-00A0C969723B E3797C0
Loading driver at 0x0000DE87000 EntryPoint=0x0000DE87ECB LogoDxe.efi
InstallProtocolInterface: BC62157E-3E33-4FEC-9920-2D3B36D750DF E378F98
InstallProtocolInterface: 6A1EE763-D47A-43B4-AABE-EF1DE2AB56FC DE88AB0
ProtectUefiImageCommon - 0xE3797C0
  - 0x000000000DE87000 - 0x0000000000004A00
InstallProtocolInterface: 53CD299F-2BC1-40C0-8C07-23F64FDB30E0 DE88900
Loading driver DCE1B094-7DC6-45D0-9FDD-D7FC3CC3E4EF
InstallProtocolInterface: 5B1B31A1-9562-11D2-8E3F-00A0C969723B E377B40
Loading driver at 0x0000DE82000 EntryPoint=0x0000DE8462B QemuRamfbDxe.efi
InstallProtocolInterface: BC62157E-3E33-4FEC-9920-2D3B36D750DF E377E98
ProtectUefiImageCommon - 0xE377B40
  - 0x000000000DE82000 - 0x0000000000004700
Select Item: 0x0
FW CFG Signature: 0x554D4551
Select Item: 0x1
FW CFG Revision: 0x3
QemuFwCfg interface (DMA) is supported.
Select Item: 0x19
Error: Image at 0000DE82000 start failed: Not Found
Loading driver 1206F7CA-A475-4624-A83E-E6FC9BB38E49
InstallProtocolInterface: 5B1B31A1-9562-11D2-8E3F-00A0C969723B E377B40
Loading driver at 0x0000EAD1000 EntryPoint=0x0000EAD4149 SmmControl2Dxe.efi
InstallProtocolInterface: BC62157E-3E33-4FEC-9920-2D3B36D750DF E377918
ProtectUefiImageCommon - 0xE377B40
  - 0x000000000EAD1000 - 0x0000000000007000
SetUefiImageMemoryAttributes - 0x000000000EAD1000 - 0x0000000000001000 (0x0000000000004008)
SetUefiImageMemoryAttributes - 0x000000000EAD2000 - 0x0000000000004000 (0x0000000000020008)
SetUefiImageMemoryAttributes - 0x000000000EAD6000 - 0x0000000000002000 (0x0000000000004008)
Select Item: 0x0
FW CFG Signature: 0x554D4551
Select Item: 0x1
FW CFG Revision: 0x3
QemuFwCfg interface (DMA) is supported.
Select Item: 0x19
Select Item: 0x19
Select Item: 0x19
Select Item: 0x2A
Select Item: 0x29
Select Item: 0x28
NegotiateSmiFeatures: using SMI broadcast
NegotiateSmiFeatures: CPU hotplug with SMI negotiated
NegotiateSmiFeatures: CPU hot-unplug with SMI negotiated
InstallProtocolInterface: 843DC720-AB1E-42CB-9357-8A0078F3561B EAD6010
Loading driver 229B7EFD-DA02-46B9-93F4-E20C009F94E9
InstallProtocolInterface: 5B1B31A1-9562-11D2-8E3F-00A0C969723B E3773C0
Loading driver at 0x0000DEC9000 EntryPoint=0x0000DECA1F8 CpuS3DataDxe.efi
InstallProtocolInterface: BC62157E-3E33-4FEC-9920-2D3B36D750DF E377718
ProtectUefiImageCommon - 0xE3773C0
  - 0x000000000DEC9000 - 0x0000000000002340
Error: Image at 0000DEC9000 start failed: Unsupported
Loading driver F099D67F-71AE-4C36-B2A3-DCEB0EB2B7D8
InstallProtocolInterface: 5B1B31A1-9562-11D2-8E3F-00A0C969723B E3773C0
Loading driver at 0x0000DECB000 EntryPoint=0x0000DECBF8D WatchdogTimer.efi
InstallProtocolInterface: BC62157E-3E33-4FEC-9920-2D3B36D750DF DEC8018
ProtectUefiImageCommon - 0xE3773C0
  - 0x000000000DECB000 - 0x0000000000001E00
InstallProtocolInterface: 665E3FF5-46CC-11D4-9A38-0090273FC14D DECCC50
Loading driver EBF8ED7C-0DD1-4787-84F1-F48D537DCACF
InstallProtocolInterface: 5B1B31A1-9562-11D2-8E3F-00A0C969723B DEC87C0
Loading driver at 0x0000DE7B000 EntryPoint=0x0000DE7EA38 DriverHealthManagerDxe.efi
InstallProtocolInterface: BC62157E-3E33-4FEC-9920-2D3B36D750DF DEC8718
ProtectUefiImageCommon - 0xDEC87C0
  - 0x000000000DE7B000 - 0x0000000000005C80
InstallProtocolInterface: 09576E91-6D3F-11D2-8E39-00A0C969723B DE806A0
InstallProtocolInterface: 330D4706-F2A0-4E4F-A369-B66FA8D54385 DE80670
Loading driver 28A03FF4-12B3-4305-A417-BB1A4F94081E
InstallProtocolInterface: 5B1B31A1-9562-11D2-8E3F-00A0C969723B DECDD40
Loading driver at 0x0000DE65000 EntryPoint=0x0000DE6B9C6 RamDiskDxe.efi
InstallProtocolInterface: BC62157E-3E33-4FEC-9920-2D3B36D750DF DECE518
ProtectUefiImageCommon - 0xDECDD40
  - 0x000000000DE65000 - 0x000000000000A7C0
InstallProtocolInterface: 09576E91-6D3F-11D2-8E39-00A0C969723B DECE418
InstallProtocolInterface: 330D4706-F2A0-4E4F-A369-B66FA8D54385 DE6F498
InstallProtocolInterface: 09576E91-6D3F-11D2-8E39-00A0C969723B DE6F530
InstallProtocolInterface: 330D4706-F2A0-4E4F-A369-B66FA8D54385 DEC9F30
InstallProtocolInterface: AB38A0DF-6873-44A9-87E6-D4EB56148449 DE6F220
InstallProtocolInterface: 28A03FF4-12B3-4305-A417-BB1A4F94081E DEC9F18
Loading driver E660EA85-058E-4B55-A54B-F02F83A24707
InstallProtocolInterface: 5B1B31A1-9562-11D2-8E3F-00A0C969723B DECA740
Loading driver at 0x0000DE3D000 EntryPoint=0x0000DE4B1D6 DisplayEngine.efi
InstallProtocolInterface: BC62157E-3E33-4FEC-9920-2D3B36D750DF DECA598
ProtectUefiImageCommon - 0xDECA740
  - 0x000000000DE3D000 - 0x00000000000132C0
InstallProtocolInterface: 9BBE29E9-FDA1-41EC-AD52-452213742D2E DE4E730
InstallProtocolInterface: 4311EDC0-6054-46D4-9E40-893EA952FCCC DE4E748
Loading driver 4110465D-5FF3-4F4B-B580-24ED0D06747A
InstallProtocolInterface: 5B1B31A1-9562-11D2-8E3F-00A0C969723B DE85040
Loading driver at 0x0000DE75000 EntryPoint=0x0000DE76756 SmbiosPlatformDxe.efi
InstallProtocolInterface: BC62157E-3E33-4FEC-9920-2D3B36D750DF DECA218
ProtectUefiImageCommon - 0xDE85040
  - 0x000000000DE75000 - 0x0000000000002DC0
Select Item: 0x0
FW CFG Signature: 0x554D4551
Select Item: 0x1
FW CFG Revision: 0x3
QemuFwCfg interface (DMA) is supported.
Select Item: 0x19
Select Item: 0x27
SmbiosAdd: Smbios type 1 with size 0x4B is added to 32-bit table
SmbiosCreateTable: Initialize 32-bit entry point structure
SmbiosCreateTable() re-allocate SMBIOS 32-bit table
SmbiosAdd: Smbios type 3 with size 0x27 is added to 32-bit table
SmbiosAdd: Smbios type 4 with size 0x41 is added to 32-bit table
SmbiosAdd: Smbios type 4 with size 0x41 is added to 32-bit table
SmbiosAdd: Smbios type 16 with size 0x19 is added to 32-bit table
SmbiosAdd: Smbios type 17 with size 0x35 is added to 32-bit table
SmbiosAdd: Smbios type 19 with size 0x21 is added to 32-bit table
SmbiosAdd: Smbios type 32 with size 0xD is added to 32-bit table
SmbiosAdd: Smbios type 0 with size 0x4A is added to 32-bit table
Loading driver 2FA2A6DA-11D5-4DC3-999A-749648B03C56
InstallProtocolInterface: 5B1B31A1-9562-11D2-8E3F-00A0C969723B DE852C0
Loading driver at 0x0000EAC8000 EntryPoint=0x0000EACBB37 PiSmmIpl.efi
InstallProtocolInterface: BC62157E-3E33-4FEC-9920-2D3B36D750DF DE82A18
ProtectUefiImageCommon - 0xDE852C0
  - 0x000000000EAC8000 - 0x0000000000009000
SetUefiImageMemoryAttributes - 0x000000000EAC8000 - 0x0000000000001000 (0x0000000000004008)
SetUefiImageMemoryAttributes - 0x000000000EAC9000 - 0x0000000000006000 (0x0000000000020008)
SetUefiImageMemoryAttributes - 0x000000000EACF000 - 0x0000000000002000 (0x0000000000004008)
SMM IPL opened SMRAM window
SMM IPL found SMRAM window F001000 - FFFFFFF
SMRAM attributes: 0000000000000008
SMM IPL loading SMM Core at SMRAM address FFEF000
SMM IPL calling SMM Core at SMRAM address FFF97B8
PiSmmCoreImageBase - 0x000000000FFEF000
PiSmmCoreImageSize - 0x0000000000010000
SmmAddMemoryRegion
  MemBase    - 0xF001000
  MemLength  - 0xFEE000
  Type       - 0x7
  Attributes - 0xA
SmmAddMemoryRegion
  MemBase    - 0xF000000
  MemLength  - 0x1000
  Type       - 0x6
  Attributes - 0x1A
SmmAddMemoryRegion
  MemBase    - 0xFFEF000
  MemLength  - 0x11000
  Type       - 0x6
  Attributes - 0x1A
mSmmMemLibInternalMaximumSupportAddress = 0xFFFFFFFFF
InstallProtocolInterface: 5B1B31A1-9562-11D2-8E3F-00A0C969723B DE81018
SmmInstallProtocolInterface: 5B1B31A1-9562-11D2-8E3F-00A0C969723B FFED2C0
InstallProtocolInterface: F4CCBFB7-F6E0-47FD-9DD4-10A8F150C191 EACF0E0
InstallProtocolInterface: C68ED8E2-9DC6-4CBD-9D94-DB65ACC5C332 EACF400
InstallProtocolInterface: 378DAEDC-F06B-4446-8314-40AB933C87A3 EACF0B0
InstallProtocolInterface: 5B1B31A1-9562-11D2-8E3F-00A0C969723B DE7A398
SmmInstallProtocolInterface: 5B1B31A1-9562-11D2-8E3F-00A0C969723B FFECCC0
Loading SMM driver at 0x0000FFE3000 EntryPoint=0x0000FFE520B CpuIo2Smm.efi
SmmInstallProtocolInterface: 3242A9D8-CE70-4AA0-955D-5E7B140DE4D2 FFE7020
InstallProtocolInterface: 5B1B31A1-9562-11D2-8E3F-00A0C969723B DE79B18
SmmInstallProtocolInterface: 5B1B31A1-9562-11D2-8E3F-00A0C969723B FFECAC0
Loading SMM driver at 0x0000FFDA000 EntryPoint=0x0000FFDD6DD SmmLockBox.efi
SmmLockBoxSmmLib SmmLockBoxMmConstructor - Enter
SmmLockBoxSmmLib SmmLockBoxContext - FFE0160
SmmLockBoxSmmLib LockBoxDataAddress - FFE0060
SmmLockBoxSmmLib SmmLockBoxMmConstructor - Exit
mSmmMemLibInternalMaximumSupportAddress = 0xFFFFFFFFF
InstallProtocolInterface: BD445D79-B7AD-4F04-9AD8-29BD2040EB3C 0
InstallProtocolInterface: 5B1B31A1-9562-11D2-8E3F-00A0C969723B DE79A18
SmmInstallProtocolInterface: 5B1B31A1-9562-11D2-8E3F-00A0C969723B FFEC8C0
Loading SMM driver at 0x0000FFC0000 EntryPoint=0x0000FFCE6A7 PiSmmCpuDxeSmm.efi
SMRR Base: 0xF000000, SMRR Size: 0x1000000
PcdCpuSmmCodeAccessCheckEnable = 1
mAddressEncMask = 0x0
PcdControlFlowEnforcementPropertyMask = 0
SMRAM TileSize = 0x00002000 (0x00001000, 0x00001000)
SMRAM SaveState Buffer (0x0FFB8000, 0x00008000)
CPU[000]  APIC ID=0000  SMBASE=0FFB0000  SaveState=0FFBFC00  Size=00000400
Stacks                   - 0xFFB2000
mSmmStackSize            - 0x6000
PcdCpuSmmStackGuard      - 0x1
mXdSupported - 0x1
One Semaphore Size    = 0x40
Total Semaphores Size = 0x240
PhysicalAddressBits = 40, 5LPageTable = 0.
5LevelPaging Needed             - 0
1GPageTable Support             - 0
PcdCpuSmmRestrictedMemoryAccess - 1
PhysicalAddressBits             - 36
Initialize IDT IST field for SMM Stack Guard
InstallProtocolInterface: 26EEB3DE-B689-492E-80F0-BE8BD7DA4BA7 FFD5070
SMM IPL registered SMM Entry Point address FFF0D18
SmmInstallProtocolInterface: EB346B97-975F-4A9F-8B22-F8E92BB3D569 FFD50A0
SmmInstallProtocolInterface: 69B792EA-39CE-402D-A2A6-F721DE351DFE FFD5370
CpuSmm: SpinLock Size = 0x40, PcdCpuSmmMpTokenCountPerChunk = 0x40
SmmInstallProtocolInterface: 5D5450D7-990C-4180-A803-8E63F0608307 FFD5120
SmmInstallProtocolInterface: 1D202CAB-C8AB-4D5C-94F7-3CFCC0D3D335 FFD50E0
SMM CPU Module exit from SMRAM with EFI_SUCCESS
SMM IPL closed SMRAM window
InstallProtocolInterface: 5B1B31A1-9562-11D2-8E3F-00A0C969723B DE79598
SmmInstallProtocolInterface: 5B1B31A1-9562-11D2-8E3F-00A0C969723B FFEC6C0
Loading SMM driver at 0x0000FF5E000 EntryPoint=0x0000FF6188F FvbServicesSmm.efi
